<?xml version="1.0" encoding="UTF-8"?>
<testsuite xmlns:xsi="http://www.w3.org/2001/XMLSchema-instance" xsi:noNamespaceSchemaLocation="https://maven.apache.org/surefire/maven-surefire-plugin/xsd/surefire-test-report.xsd" name="TestSuite" time="4,430.025" tests="1415" errors="0" skipped="0" failures="54">
  <properties>
    <property name="java.specification.version" value="18"/>
    <property name="sun.jnu.encoding" value="UTF-8"/>
    <property name="java.class.path" value="/home/iramtech/Documents/testNg/parking/extent/target/test-classes:/home/iramtech/Documents/testNg/parking/extent/target/classes:/home/iramtech/.m2/repository/org/testng/testng/7.7.1/testng-7.7.1.jar:/home/iramtech/.m2/repository/org/slf4j/slf4j-api/1.7.36/slf4j-api-1.7.36.jar:/home/iramtech/.m2/repository/com/beust/jcommander/1.82/jcommander-1.82.jar:/home/iramtech/.m2/repository/org/webjars/jquery/3.6.1/jquery-3.6.1.jar:/home/iramtech/.m2/repository/org/seleniumhq/selenium/selenium-java/4.10.0/selenium-java-4.10.0.jar:/home/iramtech/.m2/repository/org/seleniumhq/selenium/selenium-api/4.10.0/selenium-api-4.10.0.jar:/home/iramtech/.m2/repository/org/seleniumhq/selenium/selenium-chrome-driver/4.10.0/selenium-chrome-driver-4.10.0.jar:/home/iramtech/.m2/repository/com/google/auto/service/auto-service-annotations/1.0.1/auto-service-annotations-1.0.1.jar:/home/iramtech/.m2/repository/com/google/auto/service/auto-service/1.0.1/auto-service-1.0.1.jar:/home/iramtech/.m2/repository/com/google/auto/auto-common/1.2/auto-common-1.2.jar:/home/iramtech/.m2/repository/com/google/guava/guava/31.1-jre/guava-31.1-jre.jar:/home/iramtech/.m2/repository/com/google/guava/failureaccess/1.0.1/failureaccess-1.0.1.jar:/home/iramtech/.m2/repository/com/google/guava/listenablefuture/9999.0-empty-to-avoid-conflict-with-guava/listenablefuture-9999.0-empty-to-avoid-conflict-with-guava.jar:/home/iramtech/.m2/repository/com/google/code/findbugs/jsr305/3.0.2/jsr305-3.0.2.jar:/home/iramtech/.m2/repository/org/checkerframework/checker-qual/3.12.0/checker-qual-3.12.0.jar:/home/iramtech/.m2/repository/com/google/errorprone/error_prone_annotations/2.11.0/error_prone_annotations-2.11.0.jar:/home/iramtech/.m2/repository/com/google/j2objc/j2objc-annotations/1.3/j2objc-annotations-1.3.jar:/home/iramtech/.m2/repository/org/seleniumhq/selenium/selenium-chromium-driver/4.10.0/selenium-chromium-driver-4.10.0.jar:/home/iramtech/.m2/repository/org/seleniumhq/selenium/selenium-json/4.10.0/selenium-json-4.10.0.jar:/home/iramtech/.m2/repository/org/seleniumhq/selenium/selenium-manager/4.10.0/selenium-manager-4.10.0.jar:/home/iramtech/.m2/repository/org/seleniumhq/selenium/selenium-devtools-v112/4.10.0/selenium-devtools-v112-4.10.0.jar:/home/iramtech/.m2/repository/org/seleniumhq/selenium/selenium-devtools-v113/4.10.0/selenium-devtools-v113-4.10.0.jar:/home/iramtech/.m2/repository/org/seleniumhq/selenium/selenium-devtools-v114/4.10.0/selenium-devtools-v114-4.10.0.jar:/home/iramtech/.m2/repository/org/seleniumhq/selenium/selenium-devtools-v85/4.10.0/selenium-devtools-v85-4.10.0.jar:/home/iramtech/.m2/repository/org/seleniumhq/selenium/selenium-edge-driver/4.10.0/selenium-edge-driver-4.10.0.jar:/home/iramtech/.m2/repository/org/seleniumhq/selenium/selenium-firefox-driver/4.10.0/selenium-firefox-driver-4.10.0.jar:/home/iramtech/.m2/repository/org/seleniumhq/selenium/selenium-http/4.10.0/selenium-http-4.10.0.jar:/home/iramtech/.m2/repository/dev/failsafe/failsafe/3.3.1/failsafe-3.3.1.jar:/home/iramtech/.m2/repository/org/seleniumhq/selenium/selenium-ie-driver/4.10.0/selenium-ie-driver-4.10.0.jar:/home/iramtech/.m2/repository/org/seleniumhq/selenium/selenium-remote-driver/4.10.0/selenium-remote-driver-4.10.0.jar:/home/iramtech/.m2/repository/io/netty/netty-buffer/4.1.92.Final/netty-buffer-4.1.92.Final.jar:/home/iramtech/.m2/repository/io/netty/netty-codec-http/4.1.92.Final/netty-codec-http-4.1.92.Final.jar:/home/iramtech/.m2/repository/io/netty/netty-codec/4.1.92.Final/netty-codec-4.1.92.Final.jar:/home/iramtech/.m2/repository/io/netty/netty-handler/4.1.92.Final/netty-handler-4.1.92.Final.jar:/home/iramtech/.m2/repository/io/netty/netty-common/4.1.92.Final/netty-common-4.1.92.Final.jar:/home/iramtech/.m2/repository/io/netty/netty-transport-classes-epoll/4.1.92.Final/netty-transport-classes-epoll-4.1.92.Final.jar:/home/iramtech/.m2/repository/io/netty/netty-transport-classes-kqueue/4.1.92.Final/netty-transport-classes-kqueue-4.1.92.Final.jar:/home/iramtech/.m2/repository/io/netty/netty-transport-native-epoll/4.1.92.Final/netty-transport-native-epoll-4.1.92.Final.jar:/home/iramtech/.m2/repository/io/netty/netty-transport-native-kqueue/4.1.92.Final/netty-transport-native-kqueue-4.1.92.Final.jar:/home/iramtech/.m2/repository/io/netty/netty-transport-native-unix-common/4.1.92.Final/netty-transport-native-unix-common-4.1.92.Final.jar:/home/iramtech/.m2/repository/io/netty/netty-transport/4.1.92.Final/netty-transport-4.1.92.Final.jar:/home/iramtech/.m2/repository/io/netty/netty-resolver/4.1.92.Final/netty-resolver-4.1.92.Final.jar:/home/iramtech/.m2/repository/io/opentelemetry/opentelemetry-api/1.26.0/opentelemetry-api-1.26.0.jar:/home/iramtech/.m2/repository/io/opentelemetry/opentelemetry-context/1.26.0/opentelemetry-context-1.26.0.jar:/home/iramtech/.m2/repository/io/opentelemetry/opentelemetry-exporter-logging/1.26.0/opentelemetry-exporter-logging-1.26.0.jar:/home/iramtech/.m2/repository/io/opentelemetry/opentelemetry-sdk-metrics/1.26.0/opentelemetry-sdk-metrics-1.26.0.jar:/home/iramtech/.m2/repository/io/opentelemetry/opentelemetry-extension-incubator/1.26.0-alpha/opentelemetry-extension-incubator-1.26.0-alpha.jar:/home/iramtech/.m2/repository/io/opentelemetry/opentelemetry-sdk-logs/1.26.0-alpha/opentelemetry-sdk-logs-1.26.0-alpha.jar:/home/iramtech/.m2/repository/io/opentelemetry/opentelemetry-api-logs/1.26.0-alpha/opentelemetry-api-logs-1.26.0-alpha.jar:/home/iramtech/.m2/repository/io/opentelemetry/opentelemetry-api-events/1.26.0-alpha/opentelemetry-api-events-1.26.0-alpha.jar:/home/iramtech/.m2/repository/io/opentelemetry/opentelemetry-sdk-common/1.26.0/opentelemetry-sdk-common-1.26.0.jar:/home/iramtech/.m2/repository/io/opentelemetry/opentelemetry-sdk-extension-autoconfigure-spi/1.26.0/opentelemetry-sdk-extension-autoconfigure-spi-1.26.0.jar:/home/iramtech/.m2/repository/io/opentelemetry/opentelemetry-sdk-extension-autoconfigure/1.26.0-alpha/opentelemetry-sdk-extension-autoconfigure-1.26.0-alpha.jar:/home/iramtech/.m2/repository/io/opentelemetry/opentelemetry-sdk-trace/1.26.0/opentelemetry-sdk-trace-1.26.0.jar:/home/iramtech/.m2/repository/io/opentelemetry/opentelemetry-sdk/1.26.0/opentelemetry-sdk-1.26.0.jar:/home/iramtech/.m2/repository/io/opentelemetry/opentelemetry-semconv/1.26.0-alpha/opentelemetry-semconv-1.26.0-alpha.jar:/home/iramtech/.m2/repository/net/bytebuddy/byte-buddy/1.14.4/byte-buddy-1.14.4.jar:/home/iramtech/.m2/repository/org/apache/commons/commons-exec/1.3/commons-exec-1.3.jar:/home/iramtech/.m2/repository/org/asynchttpclient/async-http-client/2.12.3/async-http-client-2.12.3.jar:/home/iramtech/.m2/repository/org/asynchttpclient/async-http-client-netty-utils/2.12.3/async-http-client-netty-utils-2.12.3.jar:/home/iramtech/.m2/repository/io/netty/netty-codec-socks/4.1.60.Final/netty-codec-socks-4.1.60.Final.jar:/home/iramtech/.m2/repository/io/netty/netty-handler-proxy/4.1.60.Final/netty-handler-proxy-4.1.60.Final.jar:/home/iramtech/.m2/repository/io/netty/netty-transport-native-epoll/4.1.60.Final/netty-transport-native-epoll-4.1.60.Final-linux-x86_64.jar:/home/iramtech/.m2/repository/io/netty/netty-transport-native-kqueue/4.1.60.Final/netty-transport-native-kqueue-4.1.60.Final-osx-x86_64.jar:/home/iramtech/.m2/repository/com/typesafe/netty/netty-reactive-streams/2.0.4/netty-reactive-streams-2.0.4.jar:/home/iramtech/.m2/repository/com/sun/activation/jakarta.activation/1.2.2/jakarta.activation-1.2.2.jar:/home/iramtech/.m2/repository/org/seleniumhq/selenium/selenium-safari-driver/4.10.0/selenium-safari-driver-4.10.0.jar:/home/iramtech/.m2/repository/org/seleniumhq/selenium/selenium-support/4.10.0/selenium-support-4.10.0.jar:/home/iramtech/.m2/repository/com/aventstack/extentreports/5.0.8/extentreports-5.0.8.jar:/home/iramtech/.m2/repository/io/reactivex/rxjava3/rxjava/3.0.4/rxjava-3.0.4.jar:/home/iramtech/.m2/repository/org/reactivestreams/reactive-streams/1.0.3/reactive-streams-1.0.3.jar:/home/iramtech/.m2/repository/org/freemarker/freemarker/2.3.30/freemarker-2.3.30.jar:/home/iramtech/.m2/repository/com/google/code/gson/gson/2.8.6/gson-2.8.6.jar:/home/iramtech/.m2/repository/org/projectlombok/lombok/1.18.26/lombok-1.18.26.jar:/home/iramtech/.m2/repository/org/apache/httpcomponents/httpclient/4.5.13/httpclient-4.5.13.jar:/home/iramtech/.m2/repository/org/apache/httpcomponents/httpcore/4.4.13/httpcore-4.4.13.jar:/home/iramtech/.m2/repository/commons-logging/commons-logging/1.2/commons-logging-1.2.jar:/home/iramtech/.m2/repository/commons-codec/commons-codec/1.11/commons-codec-1.11.jar:/home/iramtech/.m2/repository/io/rest-assured/rest-assured/4.4.0/rest-assured-4.4.0.jar:/home/iramtech/.m2/repository/org/codehaus/groovy/groovy/3.0.8/groovy-3.0.8.jar:/home/iramtech/.m2/repository/org/codehaus/groovy/groovy-xml/3.0.8/groovy-xml-3.0.8.jar:/home/iramtech/.m2/repository/org/apache/httpcomponents/httpmime/4.5.13/httpmime-4.5.13.jar:/home/iramtech/.m2/repository/org/hamcrest/hamcrest/2.1/hamcrest-2.1.jar:/home/iramtech/.m2/repository/org/ccil/cowan/tagsoup/tagsoup/1.2.1/tagsoup-1.2.1.jar:/home/iramtech/.m2/repository/io/rest-assured/json-path/4.4.0/json-path-4.4.0.jar:/home/iramtech/.m2/repository/org/codehaus/groovy/groovy-json/3.0.8/groovy-json-3.0.8.jar:/home/iramtech/.m2/repository/io/rest-assured/rest-assured-common/4.4.0/rest-assured-common-4.4.0.jar:/home/iramtech/.m2/repository/io/rest-assured/xml-path/4.4.0/xml-path-4.4.0.jar:/home/iramtech/.m2/repository/org/apache/commons/commons-lang3/3.11/commons-lang3-3.11.jar:/home/iramtech/.m2/repository/jakarta/xml/bind/jakarta.xml.bind-api/2.3.3/jakarta.xml.bind-api-2.3.3.jar:/home/iramtech/.m2/repository/jakarta/activation/jakarta.activation-api/1.2.2/jakarta.activation-api-1.2.2.jar:/home/iramtech/.m2/repository/com/sun/xml/bind/jaxb-impl/2.3.3/jaxb-impl-2.3.3.jar:"/>
    <property name="java.vm.vendor" value="Private Build"/>
    <property name="sun.arch.data.model" value="64"/>
    <property name="java.vendor.url" value="Unknown"/>
    <property name="suiteXmlFile" value="test-suite.xml"/>
    <property name="os.name" value="Linux"/>
    <property name="java.vm.specification.version" value="18"/>
    <property name="sun.java.launcher" value="SUN_STANDARD"/>
    <property name="user.country" value="US"/>
    <property name="sun.boot.library.path" value="/usr/lib/jvm/java-18-openjdk-amd64/lib"/>
    <property name="sun.java.command" value="/home/iramtech/Documents/testNg/parking/extent/target/surefire/surefirebooter14895010020966464347.jar /home/iramtech/Documents/testNg/parking/extent/target/surefire 2024-02-01T14-08-25_397-jvmRun1 surefire13314116052560641127tmp surefire_010549316135815436985tmp"/>
    <property name="jdk.debug" value="release"/>
    <property name="surefire.test.class.path" value="/home/iramtech/Documents/testNg/parking/extent/target/test-classes:/home/iramtech/Documents/testNg/parking/extent/target/classes:/home/iramtech/.m2/repository/org/testng/testng/7.7.1/testng-7.7.1.jar:/home/iramtech/.m2/repository/org/slf4j/slf4j-api/1.7.36/slf4j-api-1.7.36.jar:/home/iramtech/.m2/repository/com/beust/jcommander/1.82/jcommander-1.82.jar:/home/iramtech/.m2/repository/org/webjars/jquery/3.6.1/jquery-3.6.1.jar:/home/iramtech/.m2/repository/org/seleniumhq/selenium/selenium-java/4.10.0/selenium-java-4.10.0.jar:/home/iramtech/.m2/repository/org/seleniumhq/selenium/selenium-api/4.10.0/selenium-api-4.10.0.jar:/home/iramtech/.m2/repository/org/seleniumhq/selenium/selenium-chrome-driver/4.10.0/selenium-chrome-driver-4.10.0.jar:/home/iramtech/.m2/repository/com/google/auto/service/auto-service-annotations/1.0.1/auto-service-annotations-1.0.1.jar:/home/iramtech/.m2/repository/com/google/auto/service/auto-service/1.0.1/auto-service-1.0.1.jar:/home/iramtech/.m2/repository/com/google/auto/auto-common/1.2/auto-common-1.2.jar:/home/iramtech/.m2/repository/com/google/guava/guava/31.1-jre/guava-31.1-jre.jar:/home/iramtech/.m2/repository/com/google/guava/failureaccess/1.0.1/failureaccess-1.0.1.jar:/home/iramtech/.m2/repository/com/google/guava/listenablefuture/9999.0-empty-to-avoid-conflict-with-guava/listenablefuture-9999.0-empty-to-avoid-conflict-with-guava.jar:/home/iramtech/.m2/repository/com/google/code/findbugs/jsr305/3.0.2/jsr305-3.0.2.jar:/home/iramtech/.m2/repository/org/checkerframework/checker-qual/3.12.0/checker-qual-3.12.0.jar:/home/iramtech/.m2/repository/com/google/errorprone/error_prone_annotations/2.11.0/error_prone_annotations-2.11.0.jar:/home/iramtech/.m2/repository/com/google/j2objc/j2objc-annotations/1.3/j2objc-annotations-1.3.jar:/home/iramtech/.m2/repository/org/seleniumhq/selenium/selenium-chromium-driver/4.10.0/selenium-chromium-driver-4.10.0.jar:/home/iramtech/.m2/repository/org/seleniumhq/selenium/selenium-json/4.10.0/selenium-json-4.10.0.jar:/home/iramtech/.m2/repository/org/seleniumhq/selenium/selenium-manager/4.10.0/selenium-manager-4.10.0.jar:/home/iramtech/.m2/repository/org/seleniumhq/selenium/selenium-devtools-v112/4.10.0/selenium-devtools-v112-4.10.0.jar:/home/iramtech/.m2/repository/org/seleniumhq/selenium/selenium-devtools-v113/4.10.0/selenium-devtools-v113-4.10.0.jar:/home/iramtech/.m2/repository/org/seleniumhq/selenium/selenium-devtools-v114/4.10.0/selenium-devtools-v114-4.10.0.jar:/home/iramtech/.m2/repository/org/seleniumhq/selenium/selenium-devtools-v85/4.10.0/selenium-devtools-v85-4.10.0.jar:/home/iramtech/.m2/repository/org/seleniumhq/selenium/selenium-edge-driver/4.10.0/selenium-edge-driver-4.10.0.jar:/home/iramtech/.m2/repository/org/seleniumhq/selenium/selenium-firefox-driver/4.10.0/selenium-firefox-driver-4.10.0.jar:/home/iramtech/.m2/repository/org/seleniumhq/selenium/selenium-http/4.10.0/selenium-http-4.10.0.jar:/home/iramtech/.m2/repository/dev/failsafe/failsafe/3.3.1/failsafe-3.3.1.jar:/home/iramtech/.m2/repository/org/seleniumhq/selenium/selenium-ie-driver/4.10.0/selenium-ie-driver-4.10.0.jar:/home/iramtech/.m2/repository/org/seleniumhq/selenium/selenium-remote-driver/4.10.0/selenium-remote-driver-4.10.0.jar:/home/iramtech/.m2/repository/io/netty/netty-buffer/4.1.92.Final/netty-buffer-4.1.92.Final.jar:/home/iramtech/.m2/repository/io/netty/netty-codec-http/4.1.92.Final/netty-codec-http-4.1.92.Final.jar:/home/iramtech/.m2/repository/io/netty/netty-codec/4.1.92.Final/netty-codec-4.1.92.Final.jar:/home/iramtech/.m2/repository/io/netty/netty-handler/4.1.92.Final/netty-handler-4.1.92.Final.jar:/home/iramtech/.m2/repository/io/netty/netty-common/4.1.92.Final/netty-common-4.1.92.Final.jar:/home/iramtech/.m2/repository/io/netty/netty-transport-classes-epoll/4.1.92.Final/netty-transport-classes-epoll-4.1.92.Final.jar:/home/iramtech/.m2/repository/io/netty/netty-transport-classes-kqueue/4.1.92.Final/netty-transport-classes-kqueue-4.1.92.Final.jar:/home/iramtech/.m2/repository/io/netty/netty-transport-native-epoll/4.1.92.Final/netty-transport-native-epoll-4.1.92.Final.jar:/home/iramtech/.m2/repository/io/netty/netty-transport-native-kqueue/4.1.92.Final/netty-transport-native-kqueue-4.1.92.Final.jar:/home/iramtech/.m2/repository/io/netty/netty-transport-native-unix-common/4.1.92.Final/netty-transport-native-unix-common-4.1.92.Final.jar:/home/iramtech/.m2/repository/io/netty/netty-transport/4.1.92.Final/netty-transport-4.1.92.Final.jar:/home/iramtech/.m2/repository/io/netty/netty-resolver/4.1.92.Final/netty-resolver-4.1.92.Final.jar:/home/iramtech/.m2/repository/io/opentelemetry/opentelemetry-api/1.26.0/opentelemetry-api-1.26.0.jar:/home/iramtech/.m2/repository/io/opentelemetry/opentelemetry-context/1.26.0/opentelemetry-context-1.26.0.jar:/home/iramtech/.m2/repository/io/opentelemetry/opentelemetry-exporter-logging/1.26.0/opentelemetry-exporter-logging-1.26.0.jar:/home/iramtech/.m2/repository/io/opentelemetry/opentelemetry-sdk-metrics/1.26.0/opentelemetry-sdk-metrics-1.26.0.jar:/home/iramtech/.m2/repository/io/opentelemetry/opentelemetry-extension-incubator/1.26.0-alpha/opentelemetry-extension-incubator-1.26.0-alpha.jar:/home/iramtech/.m2/repository/io/opentelemetry/opentelemetry-sdk-logs/1.26.0-alpha/opentelemetry-sdk-logs-1.26.0-alpha.jar:/home/iramtech/.m2/repository/io/opentelemetry/opentelemetry-api-logs/1.26.0-alpha/opentelemetry-api-logs-1.26.0-alpha.jar:/home/iramtech/.m2/repository/io/opentelemetry/opentelemetry-api-events/1.26.0-alpha/opentelemetry-api-events-1.26.0-alpha.jar:/home/iramtech/.m2/repository/io/opentelemetry/opentelemetry-sdk-common/1.26.0/opentelemetry-sdk-common-1.26.0.jar:/home/iramtech/.m2/repository/io/opentelemetry/opentelemetry-sdk-extension-autoconfigure-spi/1.26.0/opentelemetry-sdk-extension-autoconfigure-spi-1.26.0.jar:/home/iramtech/.m2/repository/io/opentelemetry/opentelemetry-sdk-extension-autoconfigure/1.26.0-alpha/opentelemetry-sdk-extension-autoconfigure-1.26.0-alpha.jar:/home/iramtech/.m2/repository/io/opentelemetry/opentelemetry-sdk-trace/1.26.0/opentelemetry-sdk-trace-1.26.0.jar:/home/iramtech/.m2/repository/io/opentelemetry/opentelemetry-sdk/1.26.0/opentelemetry-sdk-1.26.0.jar:/home/iramtech/.m2/repository/io/opentelemetry/opentelemetry-semconv/1.26.0-alpha/opentelemetry-semconv-1.26.0-alpha.jar:/home/iramtech/.m2/repository/net/bytebuddy/byte-buddy/1.14.4/byte-buddy-1.14.4.jar:/home/iramtech/.m2/repository/org/apache/commons/commons-exec/1.3/commons-exec-1.3.jar:/home/iramtech/.m2/repository/org/asynchttpclient/async-http-client/2.12.3/async-http-client-2.12.3.jar:/home/iramtech/.m2/repository/org/asynchttpclient/async-http-client-netty-utils/2.12.3/async-http-client-netty-utils-2.12.3.jar:/home/iramtech/.m2/repository/io/netty/netty-codec-socks/4.1.60.Final/netty-codec-socks-4.1.60.Final.jar:/home/iramtech/.m2/repository/io/netty/netty-handler-proxy/4.1.60.Final/netty-handler-proxy-4.1.60.Final.jar:/home/iramtech/.m2/repository/io/netty/netty-transport-native-epoll/4.1.60.Final/netty-transport-native-epoll-4.1.60.Final-linux-x86_64.jar:/home/iramtech/.m2/repository/io/netty/netty-transport-native-kqueue/4.1.60.Final/netty-transport-native-kqueue-4.1.60.Final-osx-x86_64.jar:/home/iramtech/.m2/repository/com/typesafe/netty/netty-reactive-streams/2.0.4/netty-reactive-streams-2.0.4.jar:/home/iramtech/.m2/repository/com/sun/activation/jakarta.activation/1.2.2/jakarta.activation-1.2.2.jar:/home/iramtech/.m2/repository/org/seleniumhq/selenium/selenium-safari-driver/4.10.0/selenium-safari-driver-4.10.0.jar:/home/iramtech/.m2/repository/org/seleniumhq/selenium/selenium-support/4.10.0/selenium-support-4.10.0.jar:/home/iramtech/.m2/repository/com/aventstack/extentreports/5.0.8/extentreports-5.0.8.jar:/home/iramtech/.m2/repository/io/reactivex/rxjava3/rxjava/3.0.4/rxjava-3.0.4.jar:/home/iramtech/.m2/repository/org/reactivestreams/reactive-streams/1.0.3/reactive-streams-1.0.3.jar:/home/iramtech/.m2/repository/org/freemarker/freemarker/2.3.30/freemarker-2.3.30.jar:/home/iramtech/.m2/repository/com/google/code/gson/gson/2.8.6/gson-2.8.6.jar:/home/iramtech/.m2/repository/org/projectlombok/lombok/1.18.26/lombok-1.18.26.jar:/home/iramtech/.m2/repository/org/apache/httpcomponents/httpclient/4.5.13/httpclient-4.5.13.jar:/home/iramtech/.m2/repository/org/apache/httpcomponents/httpcore/4.4.13/httpcore-4.4.13.jar:/home/iramtech/.m2/repository/commons-logging/commons-logging/1.2/commons-logging-1.2.jar:/home/iramtech/.m2/repository/commons-codec/commons-codec/1.11/commons-codec-1.11.jar:/home/iramtech/.m2/repository/io/rest-assured/rest-assured/4.4.0/rest-assured-4.4.0.jar:/home/iramtech/.m2/repository/org/codehaus/groovy/groovy/3.0.8/groovy-3.0.8.jar:/home/iramtech/.m2/repository/org/codehaus/groovy/groovy-xml/3.0.8/groovy-xml-3.0.8.jar:/home/iramtech/.m2/repository/org/apache/httpcomponents/httpmime/4.5.13/httpmime-4.5.13.jar:/home/iramtech/.m2/repository/org/hamcrest/hamcrest/2.1/hamcrest-2.1.jar:/home/iramtech/.m2/repository/org/ccil/cowan/tagsoup/tagsoup/1.2.1/tagsoup-1.2.1.jar:/home/iramtech/.m2/repository/io/rest-assured/json-path/4.4.0/json-path-4.4.0.jar:/home/iramtech/.m2/repository/org/codehaus/groovy/groovy-json/3.0.8/groovy-json-3.0.8.jar:/home/iramtech/.m2/repository/io/rest-assured/rest-assured-common/4.4.0/rest-assured-common-4.4.0.jar:/home/iramtech/.m2/repository/io/rest-assured/xml-path/4.4.0/xml-path-4.4.0.jar:/home/iramtech/.m2/repository/org/apache/commons/commons-lang3/3.11/commons-lang3-3.11.jar:/home/iramtech/.m2/repository/jakarta/xml/bind/jakarta.xml.bind-api/2.3.3/jakarta.xml.bind-api-2.3.3.jar:/home/iramtech/.m2/repository/jakarta/activation/jakarta.activation-api/1.2.2/jakarta.activation-api-1.2.2.jar:/home/iramtech/.m2/repository/com/sun/xml/bind/jaxb-impl/2.3.3/jaxb-impl-2.3.3.jar:"/>
    <property name="sun.cpu.endian" value="little"/>
    <property name="user.home" value="/home/iramtech"/>
    <property name="user.language" value="en"/>
    <property name="java.specification.vendor" value="Oracle Corporation"/>
    <property name="java.version.date" value="2022-07-19"/>
    <property name="java.home" value="/usr/lib/jvm/java-18-openjdk-amd64"/>
    <property name="file.separator" value="/"/>
    <property name="basedir" value="/home/iramtech/Documents/testNg/parking/extent"/>
    <property name="java.vm.compressedOopsMode" value="Zero based"/>
    <property name="line.separator" value="&#10;"/>
    <property name="java.vm.specification.vendor" value="Oracle Corporation"/>
    <property name="java.specification.name" value="Java Platform API Specification"/>
    <property name="surefire.real.class.path" value="/home/iramtech/Documents/testNg/parking/extent/target/surefire/surefirebooter14895010020966464347.jar"/>
    <property name="sun.management.compiler" value="HotSpot 64-Bit Tiered Compilers"/>
    <property name="java.runtime.version" value="18.0.2-ea+9-Ubuntu-222.04"/>
    <property name="user.name" value="iramtech"/>
    <property name="path.separator" value=":"/>
    <property name="os.version" value="6.2.0-39-generic"/>
    <property name="java.runtime.name" value="OpenJDK Runtime Environment"/>
    <property name="file.encoding" value="UTF-8"/>
    <property name="java.vm.name" value="OpenJDK 64-Bit Server VM"/>
    <property name="localRepository" value="/home/iramtech/.m2/repository"/>
    <property name="java.vendor.url.bug" value="Unknown"/>
    <property name="java.io.tmpdir" value="/tmp"/>
    <property name="java.version" value="18.0.2-ea"/>
    <property name="user.dir" value="/home/iramtech/Documents/testNg/parking/extent"/>
    <property name="os.arch" value="amd64"/>
    <property name="java.vm.specification.name" value="Java Virtual Machine Specification"/>
    <property name="native.encoding" value="UTF-8"/>
    <property name="java.library.path" value="/usr/java/packages/lib:/usr/lib/x86_64-linux-gnu/jni:/lib/x86_64-linux-gnu:/usr/lib/x86_64-linux-gnu:/usr/lib/jni:/lib:/usr/lib"/>
    <property name="java.vm.info" value="mixed mode, sharing"/>
    <property name="java.vendor" value="Private Build"/>
    <property name="java.vm.version" value="18.0.2-ea+9-Ubuntu-222.04"/>
    <property name="sun.io.unicode.encoding" value="UnicodeLittle"/>
    <property name="java.class.version" value="62.0"/>
  </properties>
  <testcase name="login" classname="com.selenium.Dashboard" time="7.979"/>
  <testcase name="revenueDashboardOpen" classname="com.selenium.Dashboard" time="5.229"/>
  <testcase name="getSummaryCards" classname="com.selenium.Dashboard" time="0.05"/>
  <testcase name="revenueDatesEnabled" classname="com.selenium.Dashboard" time="1.038"/>
  <testcase name="getMonthRevenue" classname="com.selenium.Dashboard" time="4.269"/>
  <testcase name="getWeekRevenue" classname="com.selenium.Dashboard" time="3.317"/>
  <testcase name="getDayRevenue" classname="com.selenium.Dashboard" time="4.271"/>
  <testcase name="selectCountDashboard" classname="com.selenium.Dashboard" time="8.352"/>
  <testcase name="selectDashboardStartDate" classname="com.selenium.Dashboard" time="8.89"/>
  <testcase name="selectDashboardEndDate" classname="com.selenium.Dashboard" time="11.628"/>
  <testcase name="sitenamesDashboard" classname="com.selenium.Dashboard" time="0.708"/>
  <testcase name="validateRevenue" classname="com.selenium.Dashboard" time="0.458"/>
  <testcase name="searchSiteName" classname="com.selenium.Dashboard" time="8.181"/>
  <testcase name="cityRevenueViewButton" classname="com.selenium.Dashboard" time="2.546"/>
  <testcase name="count_InViewDetails" classname="com.selenium.Dashboard" time="8.237"/>
  <testcase name="searchSiteName_InVieDetails" classname="com.selenium.Dashboard" time="8.135"/>
  <testcase name="cityRevenueCSVButton" classname="com.selenium.Dashboard" time="2.27"/>
  <testcase name="cityRevenuePDFButton" classname="com.selenium.Dashboard" time="2.455"/>
  <testcase name="cityRevenuePopUpClose" classname="com.selenium.Dashboard" time="2.245"/>
  <testcase name="cityRevenueColumnFilterBtn" classname="com.selenium.Dashboard" time="2.243"/>
  <testcase name="columnFilterSelectVehicleTypes" classname="com.selenium.Dashboard" time="35.448"/>
  <testcase name="columnFilterPopUpClose" classname="com.selenium.Dashboard" time="2.241"/>
  <testcase name="occupancyTabDashboard" classname="com.selenium.Dashboard" time="2.131"/>
  <testcase name="getOccupancyPercentage" classname="com.selenium.Dashboard" time="0.003"/>
  <testcase name="getOperatingSitesPercentage" classname="com.selenium.Dashboard" time="0.236"/>
  <testcase name="operatingsSitesSelectCount" classname="com.selenium.Dashboard" time="4.275"/>
  <testcase name="searchSiteStatus_OperationalTab" classname="com.selenium.Dashboard" time="8.153"/>
  <testcase name="operatingsitesList" classname="com.selenium.Dashboard" time="2.277"/>
  <testcase name="deviceStatusTab" classname="com.selenium.Dashboard" time="0.242"/>
  <testcase name="selectCountDeviceStatus" classname="com.selenium.Dashboard" time="4.285"/>
  <testcase name="deviceStatusPercentage" classname="com.selenium.Dashboard" time="3.048"/>
  <testcase name="devicesStatusTable" classname="com.selenium.Dashboard" time="0.285"/>
  <testcase name="alertsTab" classname="com.selenium.Dashboard" time="0.487"/>
  <testcase name="alertsCount" classname="com.selenium.Dashboard" time="5.025"/>
  <testcase name="logout" classname="com.selenium.Dashboard" time="2.292"/>
  <testcase name="login" classname="com.selenium.ReservationReports" time="6.485"/>
  <testcase name="revenueDashboardOpen" classname="com.selenium.ReservationReports" time="5.212"/>
  <testcase name="redirectReservationReportsPage" classname="com.selenium.ReservationReports" time="4.352"/>
  <testcase name="selectReservationSitesList" classname="com.selenium.ReservationReports" time="0.017"/>
  <testcase name="reservationReportDateEnabled" classname="com.selenium.ReservationReports" time="4.86"/>
  <testcase name="selectReservationStartDate" classname="com.selenium.ReservationReports" time="8.79"/>
  <testcase name="selectReservationEndDate" classname="com.selenium.ReservationReports" time="11.495"/>
  <testcase name="selectCountReservations" classname="com.selenium.ReservationReports" time="2.266"/>
  <testcase name="selectReservations" classname="com.selenium.ReservationReports" time="2.027"/>
  <testcase name="getreservationsList" classname="com.selenium.ReservationReports" time="0.146"/>
  <testcase name="compareRerservationsReserveExpiryTime" classname="com.selenium.ReservationReports" time="0.064"/>
  <testcase name="selectPasses" classname="com.selenium.ReservationReports" time="4.073"/>
  <testcase name="getPassesList" classname="com.selenium.ReservationReports" time="1.335"/>
  <testcase name="comparePassesReserveExpiryTime" classname="com.selenium.ReservationReports" time="0.44"/>
  <testcase name="selectGuestpasses" classname="com.selenium.ReservationReports" time="4.043"/>
  <testcase name="getGuestPassesList" classname="com.selenium.ReservationReports" time="5.024"/>
  <testcase name="compareEntryExitDateTime" classname="com.selenium.ReservationReports" time="5.025"/>
  <testcase name="guestPassesViewButton" classname="com.selenium.ReservationReports" time="2.01"/>
  <testcase name="guestPassPopUpClose" classname="com.selenium.ReservationReports" time="2.011"/>
  <testcase name="logout" classname="com.selenium.ReservationReports" time="5.302"/>
  <testcase name="login" classname="com.selenium.PosHourlyReport" time="5.648"/>
  <testcase name="revenueDashboardOpen" classname="com.selenium.PosHourlyReport" time="5.176"/>
  <testcase name="redirectPosHourlyReportPage" classname="com.selenium.PosHourlyReport" time="4.583"/>
  <testcase name="selectSite" classname="com.selenium.PosHourlyReport" time="6.693"/>
  <testcase name="selectPOSNumber" classname="com.selenium.PosHourlyReport" time="6.602"/>
  <testcase name="hourlyReportVehicleType" classname="com.selenium.PosHourlyReport" time="2.012"/>
  <testcase name="selectDateRange" classname="com.selenium.PosHourlyReport" time="5.236"/>
  <testcase name="selectStartDate" classname="com.selenium.PosHourlyReport" time="5.009"/>
  <testcase name="selectEndDate" classname="com.selenium.PosHourlyReport" time="5.712"/>
  <testcase name="selectStartHour" classname="com.selenium.PosHourlyReport" time="5.276"/>
  <testcase name="selectStartMinutes" classname="com.selenium.PosHourlyReport" time="5.283"/>
  <testcase name="selectStartHourAM" classname="com.selenium.PosHourlyReport" time="2.289"/>
  <testcase name="selectEndHour" classname="com.selenium.PosHourlyReport" time="2.004"/>
  <testcase name="selectEndMinutes" classname="com.selenium.PosHourlyReport" time="2.009"/>
  <testcase name="selectEndHourPM" classname="com.selenium.PosHourlyReport" time="2.009"/>
  <testcase name="clickApplyDatesButton" classname="com.selenium.PosHourlyReport" time="3.008"/>
  <testcase name="submitHourlyReportTwoW" classname="com.selenium.PosHourlyReport" time="2.242"/>
  <testcase name="downloadPosHourlyTwoWCSV" classname="com.selenium.PosHourlyReport" time="2.268"/>
  <testcase name="downloadPosHourlyTwoWPDF" classname="com.selenium.PosHourlyReport" time="2.037"/>
  <testcase name="searchTwoWTimeRange" classname="com.selenium.PosHourlyReport" time="7.067"/>
  <testcase name="hourlyReportCount" classname="com.selenium.PosHourlyReport" time="4.067"/>
  <testcase name="posHourlyReportTwoWTable" classname="com.selenium.PosHourlyReport" time="0.012"/>
  <testcase name="validateTwoWDateFormat" classname="com.selenium.PosHourlyReport" time="0.017">
    <failure message="Unparseable date: &quot;No User data available&quot;" type="java.text.ParseException">java.text.ParseException: Unparseable date: "No User data available"
	at com.selenium.PosHourlyReport.validateTwoWDateFormat(PosHourlyReport.java:513)
</failure>
  </testcase>
  <testcase name="validateAmountsTwoW" classname="com.selenium.PosHourlyReport" time="0.013"/>
  <testcase name="hourlyReportVehicleTypeFourW" classname="com.selenium.PosHourlyReport" time="2.041"/>
  <testcase name="submitHourlyReportFourW" classname="com.selenium.PosHourlyReport" time="2.007"/>
  <testcase name="downloadPosHourlyFourWCSV" classname="com.selenium.PosHourlyReport" time="2.012"/>
  <testcase name="downloadPosHourlyFourWPDF" classname="com.selenium.PosHourlyReport" time="2.03"/>
  <testcase name="searchFourWTimeRange" classname="com.selenium.PosHourlyReport" time="7.037"/>
  <testcase name="posHourlyReportFourWTable" classname="com.selenium.PosHourlyReport" time="0.013"/>
  <testcase name="validateFourWDateFormat" classname="com.selenium.PosHourlyReport" time="0.019">
    <failure message="Unparseable date: &quot;No User data available&quot;" type="java.text.ParseException">java.text.ParseException: Unparseable date: "No User data available"
	at com.selenium.PosHourlyReport.validateTwoWDateFormat(PosHourlyReport.java:513)
	at com.selenium.PosHourlyReport.validateFourWDateFormat(PosHourlyReport.java:632)
</failure>
  </testcase>
  <testcase name="validateAmountsFourW" classname="com.selenium.PosHourlyReport" time="0.013"/>
  <testcase name="logout" classname="com.selenium.PosHourlyReport" time="5.009"/>
  <testcase name="login" classname="com.selenium.MobileReports" time="5.536"/>
  <testcase name="revenueDashboardOpen" classname="com.selenium.MobileReports" time="5.198"/>
  <testcase name="reportsAnalyticsPage" classname="com.selenium.MobileReports" time="2.036"/>
  <testcase name="mobileReportsPage" classname="com.selenium.MobileReports" time="2.01"/>
  <testcase name="mobileReportsOneDay" classname="com.selenium.MobileReports" time="1.218"/>
  <testcase name="selectAndroid" classname="com.selenium.MobileReports" time="2.004"/>
  <testcase name="selectOneDayVehicleTypeAll" classname="com.selenium.MobileReports" time="5.077"/>
  <testcase name="dayRSubmitButton" classname="com.selenium.MobileReports" time="0.007"/>
  <testcase name="mobileDayRViewDetails" classname="com.selenium.MobileReports" time="0.007"/>
  <testcase name="dayRPopUPClose" classname="com.selenium.MobileReports" time="2.018"/>
  <testcase name="getDayMobileRevenue" classname="com.selenium.MobileReports" time="0.004"/>
  <testcase name="selectVehicleTypeTwo" classname="com.selenium.MobileReports" time="5.058"/>
  <testcase name="dayRSubmitButtonTwo" classname="com.selenium.MobileReports" time="0.005"/>
  <testcase name="dayRevenueViewDetailsTWO" classname="com.selenium.MobileReports" time="0.002"/>
  <testcase name="dayRPopUPCloseTWO" classname="com.selenium.MobileReports" time="2.016"/>
  <testcase name="getDayRevenueTWO" classname="com.selenium.MobileReports" time="0.007"/>
  <testcase name="selectVehicleTypeFOUR" classname="com.selenium.MobileReports" time="5.038"/>
  <testcase name="dayRSubmitButtonFOUR" classname="com.selenium.MobileReports" time="0.007"/>
  <testcase name="dayRViewDetailsFOUR" classname="com.selenium.MobileReports" time="0.009"/>
  <testcase name="dayRevenuePopUPCloseFOUR" classname="com.selenium.MobileReports" time="2.017"/>
  <testcase name="getDayRevenueFOUR" classname="com.selenium.MobileReports" time="0.007"/>
  <testcase name="selectIOS" classname="com.selenium.MobileReports" time="2.003"/>
  <testcase name="selectIOSAll" classname="com.selenium.MobileReports" time="5.054"/>
  <testcase name="dayRSubmitButtonIOS" classname="com.selenium.MobileReports" time="0.003"/>
  <testcase name="dayRViewDetailsIOS" classname="com.selenium.MobileReports" time="0.003"/>
  <testcase name="dayRevenuePopUPCloseIOS" classname="com.selenium.MobileReports" time="2.006"/>
  <testcase name="getDayMobileRevenueIOS" classname="com.selenium.MobileReports" time="0.002"/>
  <testcase name="selectOneDayTypeTwoIOS" classname="com.selenium.MobileReports" time="5.061"/>
  <testcase name="dayRSubmitButtonTwoIOS" classname="com.selenium.MobileReports" time="0.007"/>
  <testcase name="dayRViewDetailsTWOIOS" classname="com.selenium.MobileReports" time="0.007"/>
  <testcase name="dayRPopUPCloseTWOIOS" classname="com.selenium.MobileReports" time="2.018"/>
  <testcase name="getDayRevenueTWOIOS" classname="com.selenium.MobileReports" time="0.007"/>
  <testcase name="selectOneDayTypeFOURIOS" classname="com.selenium.MobileReports" time="5.082"/>
  <testcase name="dayRSubmitButtonFOURIOS" classname="com.selenium.MobileReports" time="0.007"/>
  <testcase name="dayViewDetailsFOURIOS" classname="com.selenium.MobileReports" time="0.007"/>
  <testcase name="dayRPopUPCloseFOURIOS" classname="com.selenium.MobileReports" time="2.006"/>
  <testcase name="getDayRevenueFOURIOS" classname="com.selenium.MobileReports" time="0.003"/>
  <testcase name="mobileReportsWEEK" classname="com.selenium.MobileReports" time="1.237"/>
  <testcase name="selectAndroidWEEK" classname="com.selenium.MobileReports" time="2.006"/>
  <testcase name="selectAllWEEK" classname="com.selenium.MobileReports" time="5.06"/>
  <testcase name="weekRSubmitButton" classname="com.selenium.MobileReports" time="0.007"/>
  <testcase name="weekRViewDetails" classname="com.selenium.MobileReports" time="0.013"/>
  <testcase name="weekRPopUPClose" classname="com.selenium.MobileReports" time="2.027"/>
  <testcase name="getWEEKMobileRevenueALL" classname="com.selenium.MobileReports" time="0.009"/>
  <testcase name="weeklyAndroidTypeTwo" classname="com.selenium.MobileReports" time="5.076"/>
  <testcase name="weekAndroidSubmitButtonTwo" classname="com.selenium.MobileReports" time="0.002"/>
  <testcase name="weeklyAndroidViewDetailsTWO" classname="com.selenium.MobileReports" time="0.004"/>
  <testcase name="weekRPopUPCloseTWO" classname="com.selenium.MobileReports" time="2.023"/>
  <testcase name="getWeekRevenueTWO" classname="com.selenium.MobileReports" time="0.008"/>
  <testcase name="weeklyAndroidTypeFour" classname="com.selenium.MobileReports" time="5.072"/>
  <testcase name="weeklyAndroidSubmitButtonFOUR" classname="com.selenium.MobileReports" time="0.002"/>
  <testcase name="weeklyAndroidViewDetailsFOUR" classname="com.selenium.MobileReports" time="0.004"/>
  <testcase name="weeklyAndroidPopUPCloseFOUR" classname="com.selenium.MobileReports" time="2.008"/>
  <testcase name="getWeekRevenueFOUR" classname="com.selenium.MobileReports" time="0.002"/>
  <testcase name="selectIOSWEEK" classname="com.selenium.MobileReports" time="2.007"/>
  <testcase name="weekyIOSTypeAll" classname="com.selenium.MobileReports" time="5.068"/>
  <testcase name="weeklyIOSSubmitButtonAll" classname="com.selenium.MobileReports" time="0.007"/>
  <testcase name="weeklyIOSViewDetailsAll" classname="com.selenium.MobileReports" time="0.006"/>
  <testcase name="weeklyIOSPopUPCloseAll" classname="com.selenium.MobileReports" time="2.007"/>
  <testcase name="getWeekMobileRevenueIOS" classname="com.selenium.MobileReports" time="0.003"/>
  <testcase name="selectWEEKTypeTwoIOS" classname="com.selenium.MobileReports" time="5.043"/>
  <testcase name="weeklyIOSSubmitButtonTwo" classname="com.selenium.MobileReports" time="0.004"/>
  <testcase name="weeklyIOSViewDetailsTwo" classname="com.selenium.MobileReports" time="0.004"/>
  <testcase name="weeklyIOSPopUPCloseTwo" classname="com.selenium.MobileReports" time="2.005"/>
  <testcase name="getWeekRevenueTwoIOS" classname="com.selenium.MobileReports" time="0.003"/>
  <testcase name="selectWEEKTypeFOURIOS" classname="com.selenium.MobileReports" time="5.05"/>
  <testcase name="weeklyIOSSubmitButtonFOUR" classname="com.selenium.MobileReports" time="0.007"/>
  <testcase name="weeklyIOSViewDetailsFOUR" classname="com.selenium.MobileReports" time="0.007"/>
  <testcase name="weeklyIOSPopUPCloseFOUR" classname="com.selenium.MobileReports" time="2.016"/>
  <testcase name="getWeekRevenueFOURIOS" classname="com.selenium.MobileReports" time="0.007"/>
  <testcase name="mobileReportsMonth" classname="com.selenium.MobileReports" time="1.231"/>
  <testcase name="selectMonthAndroid" classname="com.selenium.MobileReports" time="2.007"/>
  <testcase name="monthlyAndroidTypeAll" classname="com.selenium.MobileReports" time="5.059"/>
  <testcase name="monthlyAndroidSubmitButtonAll" classname="com.selenium.MobileReports" time="0.007"/>
  <testcase name="monthlyAndroidViewDetailsAll" classname="com.selenium.MobileReports" time="0.007"/>
  <testcase name="monthlyAndroidPopUPCloseAll" classname="com.selenium.MobileReports" time="2.015"/>
  <testcase name="getMonthMobileRevenue" classname="com.selenium.MobileReports" time="0.007"/>
  <testcase name="monthlyAndroidTypeTwo" classname="com.selenium.MobileReports" time="5.064"/>
  <testcase name="monthlyAndroidSubmitButtonTwo" classname="com.selenium.MobileReports" time="0.007"/>
  <testcase name="monthlyAndroidViewDetailsTwo" classname="com.selenium.MobileReports" time="0.01"/>
  <testcase name="monthlyAndroidPopUPCloseTwo" classname="com.selenium.MobileReports" time="2.015"/>
  <testcase name="getMonthRevenueTWO" classname="com.selenium.MobileReports" time="0.005"/>
  <testcase name="selectMonthTypeFOUR" classname="com.selenium.MobileReports" time="5.061"/>
  <testcase name="monthlyAndroidSubmitButtonFOUR" classname="com.selenium.MobileReports" time="0.01"/>
  <testcase name="monthlyAndroidViewDetailsFOUR" classname="com.selenium.MobileReports" time="0.006"/>
  <testcase name="monthlyAndroidPopUPCloseFOUR" classname="com.selenium.MobileReports" time="2.017"/>
  <testcase name="getMonthRevenueFOUR" classname="com.selenium.MobileReports" time="0.007"/>
  <testcase name="selectMonthIOS" classname="com.selenium.MobileReports" time="2.005"/>
  <testcase name="monthlyIOSTypeAll" classname="com.selenium.MobileReports" time="5.07"/>
  <testcase name="monthlyIOSSubmitButtonAll" classname="com.selenium.MobileReports" time="0.007"/>
  <testcase name="monthlyIOSViewDetailsAll" classname="com.selenium.MobileReports" time="0.006"/>
  <testcase name="monthlyIOSPopUPCloseAll" classname="com.selenium.MobileReports" time="2.023"/>
  <testcase name="getMonthMobileRevenueIOS" classname="com.selenium.MobileReports" time="0.008"/>
  <testcase name="selectMonthTypeTwoIOS" classname="com.selenium.MobileReports" time="5.065"/>
  <testcase name="monthlyIOSSubmitButtonTwo" classname="com.selenium.MobileReports" time="0.007"/>
  <testcase name="monthlyIOSViewDetailsTwo" classname="com.selenium.MobileReports" time="0.007"/>
  <testcase name="monthlyIOSPopUPCloseTwo" classname="com.selenium.MobileReports" time="2.018"/>
  <testcase name="getMonthRevenueTWOIOS" classname="com.selenium.MobileReports" time="0.004"/>
  <testcase name="selectMonthTypeFOURIOS" classname="com.selenium.MobileReports" time="5.056"/>
  <testcase name="monthlyIOSSubmitButtonFOUR" classname="com.selenium.MobileReports" time="0.008"/>
  <testcase name="monthlyIOSViewDetailsFOUR" classname="com.selenium.MobileReports" time="0"/>
  <testcase name="monthlyIOSPopUPCloseFOUR" classname="com.selenium.MobileReports" time="2.021"/>
  <testcase name="getMonthRevenueFOURIOS" classname="com.selenium.MobileReports" time="0.007"/>
  <testcase name="selectMobileRevenueStartDate" classname="com.selenium.MobileReports" time="8.713"/>
  <testcase name="selectMobileRevenueEndDate" classname="com.selenium.MobileReports" time="11.492"/>
  <testcase name="mobileTransactions" classname="com.selenium.MobileReports" time="2.007"/>
  <testcase name="mobileTransactionDates" classname="com.selenium.MobileReports" time="2.008"/>
  <testcase name="selectTransactionsAndroid" classname="com.selenium.MobileReports" time="2.006"/>
  <testcase name="selectTransactionsVehicleTypeTwo" classname="com.selenium.MobileReports" time="5.074"/>
  <testcase name="transSubmitBtnTwo" classname="com.selenium.MobileReports" time="0.007"/>
  <testcase name="transViewDetailsTWO" classname="com.selenium.MobileReports" time="0.01"/>
  <testcase name="dayTransPopUPCloseTWO" classname="com.selenium.MobileReports" time="2.005"/>
  <testcase name="selectTransactionsTypeFOUR" classname="com.selenium.MobileReports" time="5.065"/>
  <testcase name="dayTransSubmitBtnFOUR" classname="com.selenium.MobileReports" time="0.007"/>
  <testcase name="dayTransViewDetailsFOUR" classname="com.selenium.MobileReports" time="0.009"/>
  <testcase name="dayTransPopUPCloseFOUR" classname="com.selenium.MobileReports" time="2.008"/>
  <testcase name="selectTransIOS" classname="com.selenium.MobileReports" time="2.007"/>
  <testcase name="selectTransactionsTypeTwoIOS" classname="com.selenium.MobileReports" time="5.072"/>
  <testcase name="transSubmitBtnTwoIOS" classname="com.selenium.MobileReports" time="0.006"/>
  <testcase name="transViewDetailsTWOIOS" classname="com.selenium.MobileReports" time="0.006"/>
  <testcase name="transPopUPCloseTWOIOS" classname="com.selenium.MobileReports" time="2.01"/>
  <testcase name="selectTransactionsTypeFourIOS" classname="com.selenium.MobileReports" time="5.065"/>
  <testcase name="transSubmitBtnFourIOS" classname="com.selenium.MobileReports" time="0.007"/>
  <testcase name="transViewDetailsFourIOS" classname="com.selenium.MobileReports" time="0.007"/>
  <testcase name="transPopUPCloseFourIOS" classname="com.selenium.MobileReports" time="2.008"/>
  <testcase name="logout" classname="com.selenium.MobileReports" time="2.329"/>
  <testcase name="login" classname="com.selenium.MobileNumberSearch" time="5.553"/>
  <testcase name="revenueDashboardOpen" classname="com.selenium.MobileNumberSearch" time="5.112"/>
  <testcase name="redirectMobileNumberSearchPage" classname="com.selenium.MobileNumberSearch" time="5.436"/>
  <testcase name="mobileNumberEnter" classname="com.selenium.MobileNumberSearch" time="2.066"/>
  <testcase name="mobileNumberSubmit" classname="com.selenium.MobileNumberSearch" time="2.274"/>
  <testcase name="mobileNumberTransactions" classname="com.selenium.MobileNumberSearch" time="0.976"/>
  <testcase name="mobileNumberTransactionsDates" classname="com.selenium.MobileNumberSearch" time="4.737"/>
  <testcase name="selectStartDateTransactions" classname="com.selenium.MobileNumberSearch" time="6.42"/>
  <testcase name="selectEndDateTransactions" classname="com.selenium.MobileNumberSearch" time="7.215"/>
  <testcase name="selectTransactionCount" classname="com.selenium.MobileNumberSearch" time="4.296"/>
  <testcase name="mobileNumberTransactionsTable" classname="com.selenium.MobileNumberSearch" time="6.026"/>
  <testcase name="validateTransactionSiteName" classname="com.selenium.MobileNumberSearch" time="0.037"/>
  <testcase name="validateTransactionVehicleNumber" classname="com.selenium.MobileNumberSearch" time="0.023">
    <failure message="Index 1 out of bounds for length 1" type="java.lang.IndexOutOfBoundsException">java.lang.IndexOutOfBoundsException: Index 1 out of bounds for length 1
	at com.selenium.MobileNumberSearch.validateTransactionVehicleNumber(MobileNumberSearch.java:290)
</failure>
  </testcase>
  <testcase name="validateTransactionVehicleType" classname="com.selenium.MobileNumberSearch" time="0.023">
    <failure message="Index 2 out of bounds for length 1" type="java.lang.IndexOutOfBoundsException">java.lang.IndexOutOfBoundsException: Index 2 out of bounds for length 1
	at com.selenium.MobileNumberSearch.validateTransactionVehicleType(MobileNumberSearch.java:321)
</failure>
  </testcase>
  <testcase name="validateTransactionType" classname="com.selenium.MobileNumberSearch" time="0.022">
    <failure message="Index 3 out of bounds for length 1" type="java.lang.IndexOutOfBoundsException">java.lang.IndexOutOfBoundsException: Index 3 out of bounds for length 1
	at com.selenium.MobileNumberSearch.validateTransactionType(MobileNumberSearch.java:351)
</failure>
  </testcase>
  <testcase name="validateCreatedDateTimeHeader" classname="com.selenium.MobileNumberSearch" time="0.029"/>
  <testcase name="validateTransactionCreatedDate" classname="com.selenium.MobileNumberSearch" time="0.025">
    <failure message="Index 4 out of bounds for length 1" type="java.lang.IndexOutOfBoundsException">java.lang.IndexOutOfBoundsException: Index 4 out of bounds for length 1
	at com.selenium.MobileNumberSearch.validateTransactionCreatedDate(MobileNumberSearch.java:399)
</failure>
  </testcase>
  <testcase name="validateStartDateTimeHeader" classname="com.selenium.MobileNumberSearch" time="0.029"/>
  <testcase name="validateTransactionStartDate" classname="com.selenium.MobileNumberSearch" time="0.023">
    <failure message="Index 5 out of bounds for length 1" type="java.lang.IndexOutOfBoundsException">java.lang.IndexOutOfBoundsException: Index 5 out of bounds for length 1
	at com.selenium.MobileNumberSearch.validateTransactionStartDate(MobileNumberSearch.java:447)
</failure>
  </testcase>
  <testcase name="validateEndDateTimeHeader" classname="com.selenium.MobileNumberSearch" time="0.033"/>
  <testcase name="validateTransactionEndDate" classname="com.selenium.MobileNumberSearch" time="0.02">
    <failure message="Index 6 out of bounds for length 1" type="java.lang.IndexOutOfBoundsException">java.lang.IndexOutOfBoundsException: Index 6 out of bounds for length 1
	at com.selenium.MobileNumberSearch.validateTransactionEndDate(MobileNumberSearch.java:495)
</failure>
  </testcase>
  <testcase name="validateTransactionPayU_reference" classname="com.selenium.MobileNumberSearch" time="0.014">
    <failure message="Index 7 out of bounds for length 1" type="java.lang.IndexOutOfBoundsException">java.lang.IndexOutOfBoundsException: Index 7 out of bounds for length 1
	at com.selenium.MobileNumberSearch.validateTransactionPayU_reference(MobileNumberSearch.java:527)
</failure>
  </testcase>
  <testcase name="validateTransactionId" classname="com.selenium.MobileNumberSearch" time="0.012">
    <failure message="Index 8 out of bounds for length 1" type="java.lang.IndexOutOfBoundsException">java.lang.IndexOutOfBoundsException: Index 8 out of bounds for length 1
	at com.selenium.MobileNumberSearch.validateTransactionId(MobileNumberSearch.java:560)
</failure>
  </testcase>
  <testcase name="validateTransactionAmount" classname="com.selenium.MobileNumberSearch" time="0.009">
    <failure message="Index 9 out of bounds for length 1" type="java.lang.IndexOutOfBoundsException">java.lang.IndexOutOfBoundsException: Index 9 out of bounds for length 1
	at com.selenium.MobileNumberSearch.validateTransactionAmount(MobileNumberSearch.java:593)
</failure>
  </testcase>
  <testcase name="validateTransactionStatus" classname="com.selenium.MobileNumberSearch" time="0.008">
    <failure message="Index 10 out of bounds for length 1" type="java.lang.IndexOutOfBoundsException">java.lang.IndexOutOfBoundsException: Index 10 out of bounds for length 1
	at com.selenium.MobileNumberSearch.validateTransactionStatus(MobileNumberSearch.java:624)
</failure>
  </testcase>
  <testcase name="mobileNumberPass" classname="com.selenium.MobileNumberSearch" time="2.263"/>
  <testcase name="mobileNumberPassDates" classname="com.selenium.MobileNumberSearch" time="6.702"/>
  <testcase name="selectPassCount" classname="com.selenium.MobileNumberSearch" time="4.026"/>
  <testcase name="passTable" classname="com.selenium.MobileNumberSearch" time="6.013"/>
  <testcase name="validatePassesSiteName" classname="com.selenium.MobileNumberSearch" time="0.019"/>
  <testcase name="validatePassesVehicleNumber" classname="com.selenium.MobileNumberSearch" time="0.014"/>
  <testcase name="validatePassesVehicleType" classname="com.selenium.MobileNumberSearch" time="0.011"/>
  <testcase name="validatePassesType" classname="com.selenium.MobileNumberSearch" time="0.008"/>
  <testcase name="validatePassCreatedDateTimeHeader" classname="com.selenium.MobileNumberSearch" time="0.009"/>
  <testcase name="validatePassesCreatedDate" classname="com.selenium.MobileNumberSearch" time="0.007"/>
  <testcase name="validatePassStartDateTimeHeader" classname="com.selenium.MobileNumberSearch" time="0.009"/>
  <testcase name="validatePassesStartDate" classname="com.selenium.MobileNumberSearch" time="0.007"/>
  <testcase name="validatePassEndDateTimeHeader" classname="com.selenium.MobileNumberSearch" time="0.009"/>
  <testcase name="validatePassesEndDate" classname="com.selenium.MobileNumberSearch" time="0.007"/>
  <testcase name="validatePassesPayU_reference" classname="com.selenium.MobileNumberSearch" time="0.007"/>
  <testcase name="validatePassesTransactionId" classname="com.selenium.MobileNumberSearch" time="0.008"/>
  <testcase name="validatePassesAmount" classname="com.selenium.MobileNumberSearch" time="0.008"/>
  <testcase name="validatePassesStatus" classname="com.selenium.MobileNumberSearch" time="0.008"/>
  <testcase name="mobileNumberReservation" classname="com.selenium.MobileNumberSearch" time="2.211"/>
  <testcase name="mobileReservationDates" classname="com.selenium.MobileNumberSearch" time="4.697"/>
  <testcase name="selectReservationsCount" classname="com.selenium.MobileNumberSearch" time="4.256"/>
  <testcase name="reservationsTable" classname="com.selenium.MobileNumberSearch" time="6.027"/>
  <testcase name="validateReservationsSiteName" classname="com.selenium.MobileNumberSearch" time="0.046"/>
  <testcase name="validateReservationsVehicleNumber" classname="com.selenium.MobileNumberSearch" time="0.025"/>
  <testcase name="validateReservationsVehicleType" classname="com.selenium.MobileNumberSearch" time="0.022"/>
  <testcase name="validateReservationsType" classname="com.selenium.MobileNumberSearch" time="0.022"/>
  <testcase name="validateReserveCreatedDateTimeHeader" classname="com.selenium.MobileNumberSearch" time="0.028"/>
  <testcase name="validateReservationsCreatedDate" classname="com.selenium.MobileNumberSearch" time="0.021"/>
  <testcase name="validateReserveStartDateTimeHeader" classname="com.selenium.MobileNumberSearch" time="0.026"/>
  <testcase name="validateReservationsStartDate" classname="com.selenium.MobileNumberSearch" time="0.021"/>
  <testcase name="validateReserveEndDateTimeHeader" classname="com.selenium.MobileNumberSearch" time="0.026"/>
  <testcase name="validateReservationsEndDate" classname="com.selenium.MobileNumberSearch" time="0.011"/>
  <testcase name="validateReservationsPayU_reference" classname="com.selenium.MobileNumberSearch" time="0.009"/>
  <testcase name="validateReservationsTransactionId" classname="com.selenium.MobileNumberSearch" time="0.007"/>
  <testcase name="validateReservationsAmount" classname="com.selenium.MobileNumberSearch" time="0.007"/>
  <testcase name="validateReservationsStatus" classname="com.selenium.MobileNumberSearch" time="0.007"/>
  <testcase name="mobileNumberCheckInOut" classname="com.selenium.MobileNumberSearch" time="3.216"/>
  <testcase name="mobileNumberCheckInOutDates" classname="com.selenium.MobileNumberSearch" time="4.661"/>
  <testcase name="selectCountCheckInOut" classname="com.selenium.MobileNumberSearch" time="2.257"/>
  <testcase name="checkInOutTable" classname="com.selenium.MobileNumberSearch" time="6.021"/>
  <testcase name="validateCheckInOutSiteName" classname="com.selenium.MobileNumberSearch" time="0.032"/>
  <testcase name="validateCheckInOutVehicleType" classname="com.selenium.MobileNumberSearch" time="0.013"/>
  <testcase name="validateCheckInOutVehicleNumber" classname="com.selenium.MobileNumberSearch" time="0.009"/>
  <testcase name="validateCheckInDateTimeHeader" classname="com.selenium.MobileNumberSearch" time="0.01"/>
  <testcase name="validateCheckInRow" classname="com.selenium.MobileNumberSearch" time="0.008"/>
  <testcase name="validateCheckOutDateTimeHeader" classname="com.selenium.MobileNumberSearch" time="0.008"/>
  <testcase name="validateCheckOutRow" classname="com.selenium.MobileNumberSearch" time="0.007"/>
  <testcase name="validateCheckInOutType" classname="com.selenium.MobileNumberSearch" time="0.007"/>
  <testcase name="validateCheckInOutPayU_reference" classname="com.selenium.MobileNumberSearch" time="0.007"/>
  <testcase name="validateCheckInOutTransactionId" classname="com.selenium.MobileNumberSearch" time="0.008"/>
  <testcase name="validateCheckInOutAmount" classname="com.selenium.MobileNumberSearch" time="0.007"/>
  <testcase name="validateCheckInOutDueAmount" classname="com.selenium.MobileNumberSearch" time="0.007"/>
  <testcase name="validateCheckInOutStatus" classname="com.selenium.MobileNumberSearch" time="0.006"/>
  <testcase name="mobileNumberDueAmount" classname="com.selenium.MobileNumberSearch" time="2.211"/>
  <testcase name="mobileNumberDueAmountDates" classname="com.selenium.MobileNumberSearch" time="4.684"/>
  <testcase name="selectDueAmountCount" classname="com.selenium.MobileNumberSearch" time="4.263"/>
  <testcase name="dueAmountTable" classname="com.selenium.MobileNumberSearch" time="6.021"/>
  <testcase name="validateDueAmountSiteName" classname="com.selenium.MobileNumberSearch" time="0.026"/>
  <testcase name="validateDueAmountVehicleNumber" classname="com.selenium.MobileNumberSearch" time="0.009"/>
  <testcase name="validateDueAmountVehicleType" classname="com.selenium.MobileNumberSearch" time="0.008"/>
  <testcase name="validateRDueAmountPayU_reference" classname="com.selenium.MobileNumberSearch" time="0.007"/>
  <testcase name="validateDueAmountCreatedDateTimeHeader" classname="com.selenium.MobileNumberSearch" time="0.009"/>
  <testcase name="validateDueAmountCreatedDate" classname="com.selenium.MobileNumberSearch" time="0.007"/>
  <testcase name="validateDueAmountsTransactionId" classname="com.selenium.MobileNumberSearch" time="0.008"/>
  <testcase name="validateDueAmountAmount" classname="com.selenium.MobileNumberSearch" time="0.007"/>
  <testcase name="validateDueAmountStatus" classname="com.selenium.MobileNumberSearch" time="0.007"/>
  <testcase name="mobileNumberFeedback" classname="com.selenium.MobileNumberSearch" time="2.211"/>
  <testcase name="mobileNumberFeedbackDates" classname="com.selenium.MobileNumberSearch" time="4.679"/>
  <testcase name="selectPassFeedback" classname="com.selenium.MobileNumberSearch" time="2.262"/>
  <testcase name="FeedbackTable" classname="com.selenium.MobileNumberSearch" time="6.012"/>
  <testcase name="validateFeedbackSiteName" classname="com.selenium.MobileNumberSearch" time="0.031"/>
  <testcase name="validateFeedbackCategory" classname="com.selenium.MobileNumberSearch" time="0.022"/>
  <testcase name="validateFeedbackId" classname="com.selenium.MobileNumberSearch" time="0.022"/>
  <testcase name="validateFeedbackType" classname="com.selenium.MobileNumberSearch" time="0.018"/>
  <testcase name="validateFeedBackCreatedDateTimeHeader" classname="com.selenium.MobileNumberSearch" time="0.013"/>
  <testcase name="validateFeedbackCreatedDate" classname="com.selenium.MobileNumberSearch" time="0.011"/>
  <testcase name="validateFeedbackStatus" classname="com.selenium.MobileNumberSearch" time="0.013"/>
  <testcase name="validateFeedbackDescription" classname="com.selenium.MobileNumberSearch" time="0.012"/>
  <testcase name="mobileNumberBlockListClick" classname="com.selenium.MobileNumberSearch" time="2.251"/>
  <testcase name="mobileNumberBlockListDates" classname="com.selenium.MobileNumberSearch" time="6.716"/>
  <testcase name="selectBlockListCount" classname="com.selenium.MobileNumberSearch" time="2.229"/>
  <testcase name="BlockListTable" classname="com.selenium.MobileNumberSearch" time="6.014"/>
  <testcase name="validateBlockListSiteName" classname="com.selenium.MobileNumberSearch" time="0.021"/>
  <testcase name="validateBlockListVehicleNumber" classname="com.selenium.MobileNumberSearch" time="0.012"/>
  <testcase name="validateBlockListVehicleType" classname="com.selenium.MobileNumberSearch" time="0.009"/>
  <testcase name="validateBlockListCreatedDateTimeHeader" classname="com.selenium.MobileNumberSearch" time="0.011"/>
  <testcase name="validateBlockListnCreatedDate" classname="com.selenium.MobileNumberSearch" time="0.009"/>
  <testcase name="validateBlockListAmount" classname="com.selenium.MobileNumberSearch" time="0.01"/>
  <testcase name="validateBlockListStatus" classname="com.selenium.MobileNumberSearch" time="0.008"/>
  <testcase name="mobileNumberUnAccountedClick" classname="com.selenium.MobileNumberSearch" time="2.217"/>
  <testcase name="mobileNumberUnAccountedDates" classname="com.selenium.MobileNumberSearch" time="4.71"/>
  <testcase name="selectUnAccountedCount" classname="com.selenium.MobileNumberSearch" time="4.286"/>
  <testcase name="unAccountedTable" classname="com.selenium.MobileNumberSearch" time="6.021"/>
  <testcase name="validateUnAccountedSiteName" classname="com.selenium.MobileNumberSearch" time="0.013"/>
  <testcase name="validateUnAccountedVehicleNumber" classname="com.selenium.MobileNumberSearch" time="0.014"/>
  <testcase name="validateUnAccountedDateTimeHeader" classname="com.selenium.MobileNumberSearch" time="0.018"/>
  <testcase name="validateUnAccountedVehicleType" classname="com.selenium.MobileNumberSearch" time="0.009"/>
  <testcase name="validateUnAccountedType" classname="com.selenium.MobileNumberSearch" time="0.009"/>
  <testcase name="validateUnAccountedBankrefNo" classname="com.selenium.MobileNumberSearch" time="0.009"/>
  <testcase name="validateUnAccountedAmount" classname="com.selenium.MobileNumberSearch" time="0.017"/>
  <testcase name="validateUnAccountedMode" classname="com.selenium.MobileNumberSearch" time="0.01"/>
  <testcase name="validateUnAccountedStatus" classname="com.selenium.MobileNumberSearch" time="0.011"/>
  <testcase name="validateVehicleNumber" classname="com.selenium.MobileNumberSearch" time="0.44"/>
  <testcase name="validateVehicleType" classname="com.selenium.MobileNumberSearch" time="0.492"/>
  <testcase name="mobileNumberGuestPasses" classname="com.selenium.MobileNumberSearch" time="2.215"/>
  <testcase name="mobileNumberGuestPassesDates" classname="com.selenium.MobileNumberSearch" time="2.004"/>
  <testcase name="logout" classname="com.selenium.MobileNumberSearch" time="5.279"/>
  <testcase name="login" classname="com.selenium.VehicleNumberSearch" time="6.563"/>
  <testcase name="revenueDashboardOpen" classname="com.selenium.VehicleNumberSearch" time="5.207"/>
  <testcase name="redirectVehicleNumberSearchPage" classname="com.selenium.VehicleNumberSearch" time="2.439"/>
  <testcase name="vehicleNumberEnter" classname="com.selenium.VehicleNumberSearch" time="2.081"/>
  <testcase name="vehicleNumberSubmit" classname="com.selenium.VehicleNumberSearch" time="2.219"/>
  <testcase name="vehicleNumberTransactions" classname="com.selenium.VehicleNumberSearch" time="1.026"/>
  <testcase name="vehicleNumberTransactionsDates" classname="com.selenium.VehicleNumberSearch" time="4.679"/>
  <testcase name="selectVNStartDateTransactions" classname="com.selenium.VehicleNumberSearch" time="6.501"/>
  <testcase name="selectVNEndDateTransactions" classname="com.selenium.VehicleNumberSearch" time="7.19"/>
  <testcase name="selectVNTransactionCount" classname="com.selenium.VehicleNumberSearch" time="2.252"/>
  <testcase name="vehicleNumberTransactionsTable" classname="com.selenium.VehicleNumberSearch" time="6.013"/>
  <testcase name="validateVNTransactionSiteName" classname="com.selenium.VehicleNumberSearch" time="0.035"/>
  <testcase name="validateVTransactionVehicleNumber" classname="com.selenium.VehicleNumberSearch" time="0.021"/>
  <testcase name="validateVTransactionVehicleType" classname="com.selenium.VehicleNumberSearch" time="0.013"/>
  <testcase name="validateVTransactionType" classname="com.selenium.VehicleNumberSearch" time="0.01"/>
  <testcase name="validateVTransactionCreatedDate" classname="com.selenium.VehicleNumberSearch" time="0.009"/>
  <testcase name="validateVTransactionStartDate" classname="com.selenium.VehicleNumberSearch" time="0.009"/>
  <testcase name="validateVTransactionEndDate" classname="com.selenium.VehicleNumberSearch" time="0.008"/>
  <testcase name="validateVTransactionPayU_reference" classname="com.selenium.VehicleNumberSearch" time="0.008"/>
  <testcase name="validateVTransactionId" classname="com.selenium.VehicleNumberSearch" time="0.01"/>
  <testcase name="validateVTransactionAmount" classname="com.selenium.VehicleNumberSearch" time="0.009"/>
  <testcase name="validateVTransactionStatus" classname="com.selenium.VehicleNumberSearch" time="0.008"/>
  <testcase name="vehicleNumberPass" classname="com.selenium.VehicleNumberSearch" time="0.449"/>
  <testcase name="vehicleNumberPassDates" classname="com.selenium.VehicleNumberSearch" time="6.659"/>
  <testcase name="selectVStartDatePasses" classname="com.selenium.VehicleNumberSearch" time="2.257"/>
  <testcase name="selectVEndDatePasses" classname="com.selenium.VehicleNumberSearch" time="2.007"/>
  <testcase name="selectVPassCount" classname="com.selenium.VehicleNumberSearch" time="0.049"/>
  <testcase name="passTable" classname="com.selenium.VehicleNumberSearch" time="6.029"/>
  <testcase name="validatePassesSiteName" classname="com.selenium.VehicleNumberSearch" time="0.032"/>
  <testcase name="validatePassesVehicleNumber" classname="com.selenium.VehicleNumberSearch" time="0.021"/>
  <testcase name="validatePassesVehicleType" classname="com.selenium.VehicleNumberSearch" time="0.019"/>
  <testcase name="validatePassesType" classname="com.selenium.VehicleNumberSearch" time="0.012"/>
  <testcase name="validatePassCreatedDateTimeHeader" classname="com.selenium.VehicleNumberSearch" time="0.01"/>
  <testcase name="validatePassesCreatedDate" classname="com.selenium.VehicleNumberSearch" time="0.007"/>
  <testcase name="validatePassStartDateTimeHeader" classname="com.selenium.VehicleNumberSearch" time="0.01"/>
  <testcase name="validatePassesStartDate" classname="com.selenium.VehicleNumberSearch" time="0.008"/>
  <testcase name="validatePassEndDateTimeHeader" classname="com.selenium.VehicleNumberSearch" time="0.009"/>
  <testcase name="validatePassesEndDate" classname="com.selenium.VehicleNumberSearch" time="0.007"/>
  <testcase name="validatePassesPayU_reference" classname="com.selenium.VehicleNumberSearch" time="0.007"/>
  <testcase name="validatePassesTransactionId" classname="com.selenium.VehicleNumberSearch" time="0.007"/>
  <testcase name="validatePassesAmount" classname="com.selenium.VehicleNumberSearch" time="0.007"/>
  <testcase name="validatePassesStatus" classname="com.selenium.VehicleNumberSearch" time="0.007"/>
  <testcase name="mobileNumberReservation" classname="com.selenium.VehicleNumberSearch" time="2.211"/>
  <testcase name="vehicleNumberReservationDates" classname="com.selenium.VehicleNumberSearch" time="4.704"/>
  <testcase name="selectReservationsCount" classname="com.selenium.VehicleNumberSearch" time="4.267"/>
  <testcase name="reservationsTable" classname="com.selenium.VehicleNumberSearch" time="6.042"/>
  <testcase name="validateReservationsSiteName" classname="com.selenium.VehicleNumberSearch" time="0.035"/>
  <testcase name="validateReservationsVehicleNumber" classname="com.selenium.VehicleNumberSearch" time="0.011"/>
  <testcase name="validateReservationsVehicleType" classname="com.selenium.VehicleNumberSearch" time="0.012"/>
  <testcase name="validateReservationsType" classname="com.selenium.VehicleNumberSearch" time="0.01"/>
  <testcase name="validateReserveCreatedDateTimeHeader" classname="com.selenium.VehicleNumberSearch" time="0.013"/>
  <testcase name="validateReservationsCreatedDate" classname="com.selenium.VehicleNumberSearch" time="0.009"/>
  <testcase name="validateReserveStartDateTimeHeader" classname="com.selenium.VehicleNumberSearch" time="0.011"/>
  <testcase name="validateReservationsStartDate" classname="com.selenium.VehicleNumberSearch" time="0.009"/>
  <testcase name="validateReserveEndDateTimeHeader" classname="com.selenium.VehicleNumberSearch" time="0.011"/>
  <testcase name="validateReservationsEndDate" classname="com.selenium.VehicleNumberSearch" time="0.01"/>
  <testcase name="validateReservationsPayU_reference" classname="com.selenium.VehicleNumberSearch" time="0.01"/>
  <testcase name="validateReservationsTransactionId" classname="com.selenium.VehicleNumberSearch" time="0.01"/>
  <testcase name="validateReservationsAmount" classname="com.selenium.VehicleNumberSearch" time="0.01"/>
  <testcase name="validateReservationsStatus" classname="com.selenium.VehicleNumberSearch" time="0.014"/>
  <testcase name="vehicleNumberCheckInOut" classname="com.selenium.VehicleNumberSearch" time="3.231"/>
  <testcase name="vehicleNumberCheckInOutDates" classname="com.selenium.VehicleNumberSearch" time="4.701"/>
  <testcase name="selectVPassCheckInOut" classname="com.selenium.VehicleNumberSearch" time="2.271"/>
  <testcase name="checkInOutVTable" classname="com.selenium.VehicleNumberSearch" time="6.023"/>
  <testcase name="validateVCheckInOutSiteName" classname="com.selenium.VehicleNumberSearch" time="0.012"/>
  <testcase name="validateVCheckInOutVehicleType" classname="com.selenium.VehicleNumberSearch" time="0.008"/>
  <testcase name="validateVCheckInOutVehicleNumber" classname="com.selenium.VehicleNumberSearch" time="0.008"/>
  <testcase name="validateCheckInDateTimeHeader" classname="com.selenium.VehicleNumberSearch" time="0.01"/>
  <testcase name="validateVCheckInRow" classname="com.selenium.VehicleNumberSearch" time="0.009"/>
  <testcase name="validateCheckOutDateTimeHeader" classname="com.selenium.VehicleNumberSearch" time="0.009"/>
  <testcase name="validateVCheckOutRow" classname="com.selenium.VehicleNumberSearch" time="0.007"/>
  <testcase name="validateVCheckInOutType" classname="com.selenium.VehicleNumberSearch" time="0.007"/>
  <testcase name="validateVCheckInOutPayU_reference" classname="com.selenium.VehicleNumberSearch" time="0.007"/>
  <testcase name="validateVCheckInOutTransactionId" classname="com.selenium.VehicleNumberSearch" time="0.007"/>
  <testcase name="validateVCheckInOutAmount" classname="com.selenium.VehicleNumberSearch" time="0.007"/>
  <testcase name="validateVCheckInOutDueAmount" classname="com.selenium.VehicleNumberSearch" time="0.006"/>
  <testcase name="validateVCheckInOutStatus" classname="com.selenium.VehicleNumberSearch" time="0.006"/>
  <testcase name="vehicleNumberDueAmount" classname="com.selenium.VehicleNumberSearch" time="2.212"/>
  <testcase name="vehicleNumberDueAmountDates" classname="com.selenium.VehicleNumberSearch" time="4.672"/>
  <testcase name="selectVDueAmountCount" classname="com.selenium.VehicleNumberSearch" time="4.265"/>
  <testcase name="dueAmountVTable" classname="com.selenium.VehicleNumberSearch" time="6.009"/>
  <testcase name="validateVDueAmountSiteName" classname="com.selenium.VehicleNumberSearch" time="0.011"/>
  <testcase name="validateVDueAmountVehicleNumber" classname="com.selenium.VehicleNumberSearch" time="0.008"/>
  <testcase name="validateVDueAmountVehicleType" classname="com.selenium.VehicleNumberSearch" time="0.008"/>
  <testcase name="validateVDueAmountPayU_reference" classname="com.selenium.VehicleNumberSearch" time="0.013"/>
  <testcase name="validateDueAmountCreatedDateTimeHeader" classname="com.selenium.VehicleNumberSearch" time="0.009"/>
  <testcase name="validateVDueAmountCreatedDate" classname="com.selenium.VehicleNumberSearch" time="0.008"/>
  <testcase name="validateVDueAmountsTransactionId" classname="com.selenium.VehicleNumberSearch" time="0.007"/>
  <testcase name="validateVDueAmountAmount" classname="com.selenium.VehicleNumberSearch" time="0.008"/>
  <testcase name="validateVDueAmountStatus" classname="com.selenium.VehicleNumberSearch" time="0.008"/>
  <testcase name="vehicleNumberBlockListClick" classname="com.selenium.VehicleNumberSearch" time="2.216"/>
  <testcase name="vehicleNumberBlockListDates" classname="com.selenium.VehicleNumberSearch" time="4.723"/>
  <testcase name="selectVBlockListCount" classname="com.selenium.VehicleNumberSearch" time="2.224"/>
  <testcase name="vBlockListTable" classname="com.selenium.VehicleNumberSearch" time="6.019"/>
  <testcase name="validateVBlockListSiteName" classname="com.selenium.VehicleNumberSearch" time="0.012"/>
  <testcase name="validateVBlockListVehicleNumber" classname="com.selenium.VehicleNumberSearch" time="0.006"/>
  <testcase name="validateVBlockListVehicleType" classname="com.selenium.VehicleNumberSearch" time="0.007"/>
  <testcase name="validateBlockListCreatedDateTimeHeader" classname="com.selenium.VehicleNumberSearch" time="0.008"/>
  <testcase name="validateVBlockListnCreatedDate" classname="com.selenium.VehicleNumberSearch" time="0.007"/>
  <testcase name="validateVBlockListAmount" classname="com.selenium.VehicleNumberSearch" time="0.006"/>
  <testcase name="validateVBlockListStatus" classname="com.selenium.VehicleNumberSearch" time="0.007"/>
  <testcase name="vehicleNumberGuestPasses" classname="com.selenium.VehicleNumberSearch" time="2.209"/>
  <testcase name="vehicleNumberGuestPassesDates" classname="com.selenium.VehicleNumberSearch" time="2.008"/>
  <testcase name="logout" classname="com.selenium.VehicleNumberSearch" time="2.287"/>
  <testcase name="login" classname="com.selenium.TicketNumberSearch" time="6.125"/>
  <testcase name="revenueDashboardOpen" classname="com.selenium.TicketNumberSearch" time="5.182"/>
  <testcase name="clickReportsAnalyticsPage" classname="com.selenium.TicketNumberSearch" time="2.221"/>
  <testcase name="ticketNumberSearchPage" classname="com.selenium.TicketNumberSearch" time="4.094"/>
  <testcase name="ticketNumberEnterInvalid" classname="com.selenium.TicketNumberSearch" time="2.034"/>
  <testcase name="ticketNumberSubmit" classname="com.selenium.TicketNumberSearch" time="2.274"/>
  <testcase name="selectTicketNumberSearchCount" classname="com.selenium.TicketNumberSearch" time="2.256"/>
  <testcase name="ticketNumberTransactionsTable" classname="com.selenium.TicketNumberSearch" time="6.05"/>
  <testcase name="ticketNumberSearchPageAgain" classname="com.selenium.TicketNumberSearch" time="4.214"/>
  <testcase name="ticketNumberEnterValid" classname="com.selenium.TicketNumberSearch" time="2.042"/>
  <testcase name="ticketNumberSubmitAgain" classname="com.selenium.TicketNumberSearch" time="2.23"/>
  <testcase name="selectTicketNumberSearchCountAgain" classname="com.selenium.TicketNumberSearch" time="2.264"/>
  <testcase name="ticketNumberTableValid" classname="com.selenium.TicketNumberSearch" time="6.08"/>
  <testcase name="validateTicketTransactionId" classname="com.selenium.TicketNumberSearch" time="0.026"/>
  <testcase name="validateTicketTransactionType" classname="com.selenium.TicketNumberSearch" time="0.014"/>
  <testcase name="validateTicketVehicleNumber" classname="com.selenium.TicketNumberSearch" time="0.014"/>
  <testcase name="validateTicketDateTime" classname="com.selenium.TicketNumberSearch" time="0.014"/>
  <testcase name="validateTicketStartDate" classname="com.selenium.TicketNumberSearch" time="0.017"/>
  <testcase name="validateTicketEndDate" classname="com.selenium.TicketNumberSearch" time="0.014"/>
  <testcase name="validateTicketAmount" classname="com.selenium.TicketNumberSearch" time="0.011"/>
  <testcase name="validateTicketStatus" classname="com.selenium.TicketNumberSearch" time="0.018"/>
  <testcase name="logout" classname="com.selenium.TicketNumberSearch" time="2.258"/>
  <testcase name="login" classname="com.selenium.SiteReports" time="6.461"/>
  <testcase name="revenueDashboardOpen" classname="com.selenium.SiteReports" time="5.194"/>
  <testcase name="reportsAnalyticsPage" classname="com.selenium.SiteReports" time="2.245"/>
  <testcase name="siteReportPage" classname="com.selenium.SiteReports" time="4.145"/>
  <testcase name="siteReportsDatesEnabled" classname="com.selenium.SiteReports" time="8.602"/>
  <testcase name="getMonthRevenue" classname="com.selenium.SiteReports" time="10.262"/>
  <testcase name="getWeekSiteRevenue" classname="com.selenium.SiteReports" time="4.007"/>
  <testcase name="getDaySiteRevenue" classname="com.selenium.SiteReports" time="4.02"/>
  <testcase name="selectSiteRevenueCount" classname="com.selenium.SiteReports" time="2.05"/>
  <testcase name="siteRevenueTable" classname="com.selenium.SiteReports" time="17.207"/>
  <testcase name="validateVehicleType" classname="com.selenium.SiteReports" time="0.026"/>
  <testcase name="validateSiteReportsCashAmount" classname="com.selenium.SiteReports" time="0.027"/>
  <testcase name="validateSiteReportsCardAmount" classname="com.selenium.SiteReports" time="0.028"/>
  <testcase name="validateSiteReportsUPIAmount" classname="com.selenium.SiteReports" time="0.043"/>
  <testcase name="validateSiteReportsPassAmount" classname="com.selenium.SiteReports" time="0.026"/>
  <testcase name="validateSiteReports_ReservationAmount" classname="com.selenium.SiteReports" time="0.023"/>
  <testcase name="validateSiteReports_DueAmount" classname="com.selenium.SiteReports" time="0.023"/>
  <testcase name="validateSiteReports_ReservationCount" classname="com.selenium.SiteReports" time="0.024"/>
  <testcase name="validateSiteReports_PassCount" classname="com.selenium.SiteReports" time="0.023"/>
  <testcase name="validateSiteReports_DueCount" classname="com.selenium.SiteReports" time="0.022"/>
  <testcase name="validateSiteReports_VehicleCount" classname="com.selenium.SiteReports" time="0.014"/>
  <testcase name="siteRevenueViewDetailsDay" classname="com.selenium.SiteReports" time="5.018"/>
  <testcase name="siteRevenueDayCSV" classname="com.selenium.SiteReports" time="4.008"/>
  <testcase name="siteRevenueDayPDF" classname="com.selenium.SiteReports" time="4.025"/>
  <testcase name="siteRevenueDayPopUPClose" classname="com.selenium.SiteReports" time="3.023"/>
  <testcase name="siteRevenueViewDetailsWeek" classname="com.selenium.SiteReports" time="5.015"/>
  <testcase name="siteRevenueWeekCSV" classname="com.selenium.SiteReports" time="4.022"/>
  <testcase name="siteRevenueWeekPDF" classname="com.selenium.SiteReports" time="4.007"/>
  <testcase name="siteRevenueWeekPopUPClose" classname="com.selenium.SiteReports" time="3.018"/>
  <testcase name="siteRevenueMonthViewDetails" classname="com.selenium.SiteReports" time="7.484"/>
  <testcase name="siteRevenueMonthCSV" classname="com.selenium.SiteReports" time="9.707"/>
  <testcase name="siteRevenueMonthPDF" classname="com.selenium.SiteReports" time="9.74"/>
  <testcase name="siteRevenueMonthPopUPClose" classname="com.selenium.SiteReports" time="3.236"/>
  <testcase name="selectRevenueStartDate" classname="com.selenium.SiteReports" time="5.705"/>
  <testcase name="selectRevenueEndDate" classname="com.selenium.SiteReports" time="5.402"/>
  <testcase name="siteRevenueSelectedViewDetails" classname="com.selenium.SiteReports" time="20.021"/>
  <testcase name="siteRevenueSelectedDateCSV" classname="com.selenium.SiteReports" time="4.018"/>
  <testcase name="siteRevenueSelectedPDF" classname="com.selenium.SiteReports" time="4.021"/>
  <testcase name="siteRevenueSelectedPopUPClose" classname="com.selenium.SiteReports" time="3.019"/>
  <testcase name="searchSiteRevenueFilter" classname="com.selenium.SiteReports" time="9.066"/>
  <testcase name="viewSitesList" classname="com.selenium.SiteReports" time="3.024"/>
  <testcase name="siteDeviceStatus" classname="com.selenium.SiteReports" time="2.018"/>
  <testcase name="siteReportDeviceStatusCount" classname="com.selenium.SiteReports" time="2.023"/>
  <testcase name="siteRevenueDeviceStatusTable" classname="com.selenium.SiteReports" time="12.076"/>
  <testcase name="searchSiteReportsDeviceGateway" classname="com.selenium.SiteReports" time="4.012"/>
  <testcase name="searchSiteReportsDevicePOS" classname="com.selenium.SiteReports" time="4.006"/>
  <testcase name="searchSiteReportsDeviceSensor" classname="com.selenium.SiteReports" time="4.008"/>
  <testcase name="alertsCount" classname="com.selenium.SiteReports" time="3.007"/>
  <testcase name="siteAlerts" classname="com.selenium.SiteReports" time="2.223"/>
  <testcase name="siteReportAlertsCount" classname="com.selenium.SiteReports" time="2.29"/>
  <testcase name="devicesStatusTable" classname="com.selenium.SiteReports" time="36.512"/>
  <testcase name="validateAlertId" classname="com.selenium.SiteReports" time="0.094"/>
  <testcase name="validateDeviceSlNo" classname="com.selenium.SiteReports" time="0.084"/>
  <testcase name="validateDeviceType" classname="com.selenium.SiteReports" time="0.084"/>
  <testcase name="validateAlertType" classname="com.selenium.SiteReports" time="0.083"/>
  <testcase name="validateAction" classname="com.selenium.SiteReports" time="0.084"/>
  <testcase name="validateActionAsComplete" classname="com.selenium.SiteReports" time="0.094"/>
  <testcase name="siteUnChargedTab" classname="com.selenium.SiteReports" time="3.221"/>
  <testcase name="siteListUnCharged" classname="com.selenium.SiteReports" time="6.528"/>
  <testcase name="UnChargedVehiclesCount" classname="com.selenium.SiteReports" time="5.022"/>
  <testcase name="UnChargedVehiclesCountDatesEnabled" classname="com.selenium.SiteReports" time="4.881"/>
  <testcase name="getMonthUnChargedVehicles" classname="com.selenium.SiteReports" time="4.244"/>
  <testcase name="getWeekUnChargedVehicles" classname="com.selenium.SiteReports" time="4.237"/>
  <testcase name="getDayUnChargedVehicles" classname="com.selenium.SiteReports" time="4.237"/>
  <testcase name="selectUnChargedStartDate" classname="com.selenium.SiteReports" time="4.292"/>
  <testcase name="selectUnChargedEndDate" classname="com.selenium.SiteReports" time="2.014"/>
  <testcase name="selectUnChargedVehicleCount" classname="com.selenium.SiteReports" time="2.044"/>
  <testcase name="nextPage" classname="com.selenium.SiteReports" time="3.273"/>
  <testcase name="unChargedVehiclesTable" classname="com.selenium.SiteReports" time="15.041"/>
  <testcase name="validateVehicleNumber" classname="com.selenium.SiteReports" time="0.071"/>
  <testcase name="validateUnchargedVehicleType" classname="com.selenium.SiteReports" time="0.069"/>
  <testcase name="validateTicketNo" classname="com.selenium.SiteReports" time="0.069"/>
  <testcase name="compareEntryExitDateTime" classname="com.selenium.SiteReports" time="0.058"/>
  <testcase name="searchUnChargedVehicle" classname="com.selenium.SiteReports" time="11.133"/>
  <testcase name="verifyUnChargedTransactionTypeENTRY" classname="com.selenium.SiteReports" time="0.023"/>
  <testcase name="searchUnChargedTransNormal" classname="com.selenium.SiteReports" time="11.13"/>
  <testcase name="verifyTransactionTypeNormal" classname="com.selenium.SiteReports" time="0.02"/>
  <testcase name="logout" classname="com.selenium.SiteReports" time="2.277"/>
  <testcase name="login" classname="com.selenium.Site_Analysis" time="7.077"/>
  <testcase name="revenueDashboardOpen" classname="com.selenium.Site_Analysis" time="5.293"/>
  <testcase name="reportsAnalyticsPage" classname="com.selenium.Site_Analysis" time="2.025"/>
  <testcase name="redirectSiteAnalysis" classname="com.selenium.Site_Analysis" time="2.023">
    <failure message="Site Analysis Page not found" type="java.lang.AssertionError">java.lang.AssertionError: Site Analysis Page not found
	at com.selenium.Site_Analysis.redirectSiteAnalysis(Site_Analysis.java:83)
</failure>
  </testcase>
  <testcase name="siteAnalysis_selectSite" classname="com.selenium.Site_Analysis" time="3.009"/>
  <testcase name="getSite_AnalysisTab" classname="com.selenium.Site_Analysis" time="0.014"/>
  <testcase name="select_AvgDuration_TwoWheeler" classname="com.selenium.Site_Analysis" time="2.009"/>
  <testcase name="avgDuration_2WDates" classname="com.selenium.Site_Analysis" time="0.007"/>
  <testcase name="avgDuration_ViewDetails" classname="com.selenium.Site_Analysis" time="2.003"/>
  <testcase name="avgDuration_2WCsv" classname="com.selenium.Site_Analysis" time="2.007"/>
  <testcase name="avgDuration_2WPdf" classname="com.selenium.Site_Analysis" time="3.007"/>
  <testcase name="avgDuration_2WSelectCount_25" classname="com.selenium.Site_Analysis" time="0.012"/>
  <testcase name="avgDuration_2WSearch" classname="com.selenium.Site_Analysis" time="4.002"/>
  <testcase name="avgDuration_2WPoPup_Close" classname="com.selenium.Site_Analysis" time="2.007"/>
  <testcase name="select_AvgDuration_FourWheeler" classname="com.selenium.Site_Analysis" time="2.005"/>
  <testcase name="avgDuration_ViewDetails_4W" classname="com.selenium.Site_Analysis" time="2.006"/>
  <testcase name="avgDuration_4WCsv" classname="com.selenium.Site_Analysis" time="2.006"/>
  <testcase name="avgDuration_4WPdf" classname="com.selenium.Site_Analysis" time="3.002"/>
  <testcase name="avgDuration_4WSelectCount_25" classname="com.selenium.Site_Analysis" time="0.002"/>
  <testcase name="avgDuration_4WSearch" classname="com.selenium.Site_Analysis" time="4.004"/>
  <testcase name="avgDuration_4WPoPup_Close" classname="com.selenium.Site_Analysis" time="2.007"/>
  <testcase name="transaction_FrequencyTab" classname="com.selenium.Site_Analysis" time="2.065"/>
  <testcase name="transFrequency_Dates" classname="com.selenium.Site_Analysis" time="1.007"/>
  <testcase name="transFrequency_ViewDetails" classname="com.selenium.Site_Analysis" time="2.007"/>
  <testcase name="transFrequency_Csv" classname="com.selenium.Site_Analysis" time="2.005"/>
  <testcase name="transFrequency_Pdf" classname="com.selenium.Site_Analysis" time="3.006"/>
  <testcase name="transFrequency_SelectCount_25" classname="com.selenium.Site_Analysis" time="0.006"/>
  <testcase name="transFrequency_Search" classname="com.selenium.Site_Analysis" time="4.003"/>
  <testcase name="transFrequency_PoPup_Close" classname="com.selenium.Site_Analysis" time="2.007"/>
  <testcase name="occupancyMinutes_Tab" classname="com.selenium.Site_Analysis" time="2.141"/>
  <testcase name="occupancyMinutes_Dates" classname="com.selenium.Site_Analysis" time="1.007"/>
  <testcase name="occupancyMinutes_ViewDetails" classname="com.selenium.Site_Analysis" time="2.007"/>
  <testcase name="occupancyMinutes_Csv" classname="com.selenium.Site_Analysis" time="2.012"/>
  <testcase name="occupancyMinutes_Pdf" classname="com.selenium.Site_Analysis" time="3.004"/>
  <testcase name="occupancyMinutes_SelectCount_25" classname="com.selenium.Site_Analysis" time="0.003"/>
  <testcase name="occupancyMinutes_Search" classname="com.selenium.Site_Analysis" time="4.01"/>
  <testcase name="occpancyMinutes_PoPup_Close" classname="com.selenium.Site_Analysis" time="2.009"/>
  <testcase name="logout" classname="com.selenium.Site_Analysis" time="5.295"/>
  <testcase name="login" classname="com.selenium.Slot_Analysis" time="7.773"/>
  <testcase name="revenueDashboardOpen" classname="com.selenium.Slot_Analysis" time="5.192"/>
  <testcase name="reportsAnalyticsPage" classname="com.selenium.Slot_Analysis" time="2.299"/>
  <testcase name="redirectSlotAnalysis" classname="com.selenium.Slot_Analysis" time="2.01"/>
  <testcase name="SlotAnalysis_selectSite" classname="com.selenium.Slot_Analysis" time="3.008"/>
  <testcase name="getSlot_AnalysisTab" classname="com.selenium.Slot_Analysis" time="0.015"/>
  <testcase name="dayHour_Occupancy_Dates" classname="com.selenium.Slot_Analysis" time="0.008"/>
  <testcase name="dayHour_Occupancy_Menu_ToClickSgv" classname="com.selenium.Slot_Analysis" time="2.006"/>
  <testcase name="dayHour_Occupancy_Sgv" classname="com.selenium.Slot_Analysis" time="2.008"/>
  <testcase name="dayHour_Occupancy_Menu_ToClickPng" classname="com.selenium.Slot_Analysis" time="2.008"/>
  <testcase name="dayHour_Occupancy_Png" classname="com.selenium.Slot_Analysis" time="3.007"/>
  <testcase name="peakHoursTab" classname="com.selenium.Slot_Analysis" time="2.087"/>
  <testcase name="select_PeakHours_TwoWheeler" classname="com.selenium.Slot_Analysis" time="2.003"/>
  <testcase name="peakHour_Dates_2W" classname="com.selenium.Slot_Analysis" time="1.008"/>
  <testcase name="select_PeakHours_FourWheeler" classname="com.selenium.Slot_Analysis" time="2.008"/>
  <testcase name="peakHour_Dates_4W" classname="com.selenium.Slot_Analysis" time="1.007"/>
  <testcase name="slotAvgDuration_Tab" classname="com.selenium.Slot_Analysis" time="2.205"/>
  <testcase name="slotAvgDuration_Dates" classname="com.selenium.Slot_Analysis" time="1.007"/>
  <testcase name="slotRotation_Tab" classname="com.selenium.Slot_Analysis" time="2.082"/>
  <testcase name="slotRotation_Dates" classname="com.selenium.Slot_Analysis" time="1.004"/>
  <testcase name="slotRotation_Menu_ToClickSgv" classname="com.selenium.Slot_Analysis" time="2.007"/>
  <testcase name="slotRotation_Sgv" classname="com.selenium.Slot_Analysis" time="2.007"/>
  <testcase name="slotRotation_Menu_ToClickPng" classname="com.selenium.Slot_Analysis" time="2.007"/>
  <testcase name="slotRotation_Png" classname="com.selenium.Slot_Analysis" time="3.002"/>
  <testcase name="logout" classname="com.selenium.Slot_Analysis" time="5.296"/>
  <testcase name="login" classname="com.selenium.Audit_Reservations" time="9.373"/>
  <testcase name="revenueDashboardOpen" classname="com.selenium.Audit_Reservations" time="5.028"/>
  <testcase name="redirectAudiTrailPage" classname="com.selenium.Audit_Reservations" time="4.468"/>
  <testcase name="getSitesList" classname="com.selenium.Audit_Reservations" time="6.595"/>
  <testcase name="typeReservations" classname="com.selenium.Audit_Reservations" time="5.241"/>
  <testcase name="reserveDatesEnabled" classname="com.selenium.Audit_Reservations" time="4.894"/>
  <testcase name="selectReserveStartDate" classname="com.selenium.Audit_Reservations" time="8.71"/>
  <testcase name="selectReserveEndDate" classname="com.selenium.Audit_Reservations" time="11.473"/>
  <testcase name="selectCountReservations25" classname="com.selenium.Audit_Reservations" time="2.268"/>
  <testcase name="selectCountReservations10" classname="com.selenium.Audit_Reservations" time="2.237"/>
  <testcase name="reservationTable" classname="com.selenium.Audit_Reservations" time="18.391"/>
  <testcase name="compareReserveExpiryTime" classname="com.selenium.Audit_Reservations" time="0.183"/>
  <testcase name="reservationsCsv" classname="com.selenium.Audit_Reservations" time="2.274"/>
  <testcase name="reservationsPdf" classname="com.selenium.Audit_Reservations" time="3.378"/>
  <testcase name="reserveTypePass" classname="com.selenium.Audit_Reservations" time="5.93"/>
  <testcase name="passesDatesEnabled" classname="com.selenium.Audit_Reservations" time="9.817"/>
  <testcase name="selectStartDatePasses" classname="com.selenium.Audit_Reservations" time="8.673"/>
  <testcase name="selectEndDatePasses" classname="com.selenium.Audit_Reservations" time="11.58"/>
  <testcase name="selectCountPasses25" classname="com.selenium.Audit_Reservations" time="2.284"/>
  <testcase name="selectCountPasses10" classname="com.selenium.Audit_Reservations" time="2.278"/>
  <testcase name="passesCsv" classname="com.selenium.Audit_Reservations" time="2.241"/>
  <testcase name="passesPdf" classname="com.selenium.Audit_Reservations" time="3.519"/>
  <testcase name="passesTable" classname="com.selenium.Audit_Reservations" time="33.951"/>
  <testcase name="comparePassReserveExpiryDate" classname="com.selenium.Audit_Reservations" time="0.301"/>
  <testcase name="clickPOSdevice" classname="com.selenium.Audit_Reservations" time="2.225"/>
  <testcase name="logout" classname="com.selenium.Audit_Reservations" time="5.277"/>
  <testcase name="login" classname="com.selenium.AudiTrail_PosDevice" time="7.511"/>
  <testcase name="revenueDashboardOpen" classname="com.selenium.AudiTrail_PosDevice" time="5.023"/>
  <testcase name="redirectAudiTrailPage" classname="com.selenium.AudiTrail_PosDevice" time="4.425"/>
  <testcase name="typeReservations" classname="com.selenium.AudiTrail_PosDevice" time="5.286"/>
  <testcase name="clickPOSdevice" classname="com.selenium.AudiTrail_PosDevice" time="2.236"/>
  <testcase name="statusTypeALL" classname="com.selenium.AudiTrail_PosDevice" time="0.199"/>
  <testcase name="allPOSDatesEnabled" classname="com.selenium.AudiTrail_PosDevice" time="6.785"/>
  <testcase name="selectPosDevice_AllTrans_StartDate" classname="com.selenium.AudiTrail_PosDevice" time="9.626"/>
  <testcase name="selectPosDevice_AllTrans_EndDate" classname="com.selenium.AudiTrail_PosDevice" time="11.49"/>
  <testcase name="selectAttachment" classname="com.selenium.AudiTrail_PosDevice" time="10.227"/>
  <testcase name="selectedImage1Details" classname="com.selenium.AudiTrail_PosDevice" time="6.053"/>
  <testcase name="imagePopUpClose" classname="com.selenium.AudiTrail_PosDevice" time="2.229"/>
  <testcase name="selectCountAllDevice50" classname="com.selenium.AudiTrail_PosDevice" time="2.323"/>
  <testcase name="selectCountAllDevice10" classname="com.selenium.AudiTrail_PosDevice" time="2.315"/>
  <testcase name="selectCountAllDevice25" classname="com.selenium.AudiTrail_PosDevice" time="2.308"/>
  <testcase name="viewDetails1All" classname="com.selenium.AudiTrail_PosDevice" time="2.254"/>
  <testcase name="viewDetailPopUpClose" classname="com.selenium.AudiTrail_PosDevice" time="2.268"/>
  <testcase name="getSitesList" classname="com.selenium.AudiTrail_PosDevice" time="6.529"/>
  <testcase name="allTransactionsTable" classname="com.selenium.AudiTrail_PosDevice" time="3.029"/>
  <testcase name="compareEntryExitDateTime" classname="com.selenium.AudiTrail_PosDevice" time="0.462"/>
  <testcase name="viewDetails2All" classname="com.selenium.AudiTrail_PosDevice" time="2.002"/>
  <testcase name="allCsv" classname="com.selenium.AudiTrail_PosDevice" time="3.271"/>
  <testcase name="allPdf" classname="com.selenium.AudiTrail_PosDevice" time="3.378"/>
  <testcase name="statusTypeEntry" classname="com.selenium.AudiTrail_PosDevice" time="0.23"/>
  <testcase name="activeStatusDatesEnabled" classname="com.selenium.AudiTrail_PosDevice" time="6.764"/>
  <testcase name="selectStartDateActive" classname="com.selenium.AudiTrail_PosDevice" time="8.773"/>
  <testcase name="selectEndDateActive" classname="com.selenium.AudiTrail_PosDevice" time="11.519"/>
  <testcase name="selectCountActive50" classname="com.selenium.AudiTrail_PosDevice" time="2.286"/>
  <testcase name="selectCountActive25" classname="com.selenium.AudiTrail_PosDevice" time="2.27"/>
  <testcase name="selectCountActive10" classname="com.selenium.AudiTrail_PosDevice" time="2.274"/>
  <testcase name="activeCsv" classname="com.selenium.AudiTrail_PosDevice" time="3.279"/>
  <testcase name="activePdf" classname="com.selenium.AudiTrail_PosDevice" time="3.414"/>
  <testcase name="statusTypeExit" classname="com.selenium.AudiTrail_PosDevice" time="0.236"/>
  <testcase name="inActiveStatusDatesEnabled" classname="com.selenium.AudiTrail_PosDevice" time="6.737"/>
  <testcase name="selectStartDateInActive" classname="com.selenium.AudiTrail_PosDevice" time="9.59"/>
  <testcase name="selectEndDateInActive" classname="com.selenium.AudiTrail_PosDevice" time="12.408"/>
  <testcase name="inActiveCsv" classname="com.selenium.AudiTrail_PosDevice" time="3.229"/>
  <testcase name="inActivePdf" classname="com.selenium.AudiTrail_PosDevice" time="4.507"/>
  <testcase name="typeMaintenance" classname="com.selenium.AudiTrail_PosDevice" time="0.23"/>
  <testcase name="maintenanceDatesEnabled" classname="com.selenium.AudiTrail_PosDevice" time="6.718"/>
  <testcase name="selectStartDateMaintenance" classname="com.selenium.AudiTrail_PosDevice" time="8.753"/>
  <testcase name="selectEndDateMaintenance" classname="com.selenium.AudiTrail_PosDevice" time="11.526"/>
  <testcase name="maintenanceCsv" classname="com.selenium.AudiTrail_PosDevice" time="3.288"/>
  <testcase name="maintenancePdf" classname="com.selenium.AudiTrail_PosDevice" time="8.392"/>
  <testcase name="statusTypeForceExit" classname="com.selenium.AudiTrail_PosDevice" time="0.244"/>
  <testcase name="forceExitStatusDatesEnabled" classname="com.selenium.AudiTrail_PosDevice" time="6.815"/>
  <testcase name="selectStartDateForceExit" classname="com.selenium.AudiTrail_PosDevice" time="8.795"/>
  <testcase name="selectEndDateForceExit" classname="com.selenium.AudiTrail_PosDevice" time="11.526"/>
  <testcase name="forceExitCsv" classname="com.selenium.AudiTrail_PosDevice" time="3.268"/>
  <testcase name="forceExitPdf" classname="com.selenium.AudiTrail_PosDevice" time="3.9"/>
  <testcase name="logout" classname="com.selenium.AudiTrail_PosDevice" time="5.322"/>
  <testcase name="login" classname="com.selenium.VehicleBlockList" time="6.386"/>
  <testcase name="revenueDashboardOpen" classname="com.selenium.VehicleBlockList" time="5.318"/>
  <testcase name="redirectVehicleBlockListPage" classname="com.selenium.VehicleBlockList" time="4.516"/>
  <testcase name="viewBlocklistSiteList" classname="com.selenium.VehicleBlockList" time="6.623"/>
  <testcase name="vehicleBlockListDates" classname="com.selenium.VehicleBlockList" time="4.885"/>
  <testcase name="selectBlocklistStartDate" classname="com.selenium.VehicleBlockList" time="8.658"/>
  <testcase name="selectBlockListEndDate" classname="com.selenium.VehicleBlockList" time="11.51"/>
  <testcase name="vehicleBlockDayCsv" classname="com.selenium.VehicleBlockList" time="1.017"/>
  <testcase name="vehicleBlockDayPdf" classname="com.selenium.VehicleBlockList" time="2.018"/>
  <testcase name="vehicleBlockWeekCsv" classname="com.selenium.VehicleBlockList" time="0.02">
    <failure message="Element &lt;label class=&quot;btn btn-outline-primary&quot;&gt; is not clickable at point (544,237) because another element &lt;div id=&quot;loading&quot;&gt; obscures it&#10;Build info: version: &apos;4.10.0&apos;, revision: &apos;c14d967899&apos;&#10;System info: os.name: &apos;Linux&apos;, os.arch: &apos;amd64&apos;, os.version: &apos;6.2.0-39-generic&apos;, java.version: &apos;18.0.2-ea&apos;&#10;Driver info: org.openqa.selenium.firefox.FirefoxDriver&#10;Command: [54d9f8ed-48e2-44bc-af4e-7f50889fce0b, clickElement {id=1373f203-8301-4270-ac02-e9b4535300f6}]&#10;Capabilities {acceptInsecureCerts: true, browserName: firefox, browserVersion: 121.0, moz:accessibilityChecks: false, moz:buildID: 20231220184444, moz:debuggerAddress: 127.0.0.1:7361, moz:geckodriverVersion: 0.33.0, moz:headless: false, moz:platformVersion: 6.2.0-39-generic, moz:processID: 1194151, moz:profile: /tmp/rust_mozprofile7B9yaV, moz:shutdownTimeout: 60000, moz:webdriverClick: true, moz:windowless: false, pageLoadStrategy: normal, platformName: linux, proxy: Proxy(), se:cdp: ws://127.0.0.1:7361/devtool..., se:cdpVersion: 85.0, setWindowRect: true, strictFileInteractability: false, timeouts: {implicit: 0, pageLoad: 300000, script: 30000}, unhandledPromptBehavior: dismiss and notify}&#10;Element: [[FirefoxDriver: firefox on linux (54d9f8ed-48e2-44bc-af4e-7f50889fce0b)] -&gt; xpath: //*[@id=&apos;dayRangeFilter&apos;]/label[3]]&#10;Session ID: 54d9f8ed-48e2-44bc-af4e-7f50889fce0b" type="org.openqa.selenium.ElementClickInterceptedException"><![CDATA[org.openqa.selenium.ElementClickInterceptedException: 
Element <label class="btn btn-outline-primary"> is not clickable at point (544,237) because another element <div id="loading"> obscures it
Build info: version: '4.10.0', revision: 'c14d967899'
System info: os.name: 'Linux', os.arch: 'amd64', os.version: '6.2.0-39-generic', java.version: '18.0.2-ea'
Driver info: org.openqa.selenium.firefox.FirefoxDriver
Command: [54d9f8ed-48e2-44bc-af4e-7f50889fce0b, clickElement {id=1373f203-8301-4270-ac02-e9b4535300f6}]
Capabilities {acceptInsecureCerts: true, browserName: firefox, browserVersion: 121.0, moz:accessibilityChecks: false, moz:buildID: 20231220184444, moz:debuggerAddress: 127.0.0.1:7361, moz:geckodriverVersion: 0.33.0, moz:headless: false, moz:platformVersion: 6.2.0-39-generic, moz:processID: 1194151, moz:profile: /tmp/rust_mozprofile7B9yaV, moz:shutdownTimeout: 60000, moz:webdriverClick: true, moz:windowless: false, pageLoadStrategy: normal, platformName: linux, proxy: Proxy(), se:cdp: ws://127.0.0.1:7361/devtool..., se:cdpVersion: 85.0, setWindowRect: true, strictFileInteractability: false, timeouts: {implicit: 0, pageLoad: 300000, script: 30000}, unhandledPromptBehavior: dismiss and notify}
Element: [[FirefoxDriver: firefox on linux (54d9f8ed-48e2-44bc-af4e-7f50889fce0b)] -> xpath: //*[@id='dayRangeFilter']/label[3]]
Session ID: 54d9f8ed-48e2-44bc-af4e-7f50889fce0b
	at com.selenium.VehicleBlockList.vehicleBlockWeekCsv(VehicleBlockList.java:135)
]]></failure>
  </testcase>
  <testcase name="vehicleBlockWeekPdf" classname="com.selenium.VehicleBlockList" time="2.02"/>
  <testcase name="vehicleBlockMonthCsv" classname="com.selenium.VehicleBlockList" time="0.022">
    <failure message="Element &lt;label class=&quot;btn btn-outline-primary active&quot;&gt; is not clickable at point (588,237) because another element &lt;div id=&quot;loading&quot;&gt; obscures it&#10;Build info: version: &apos;4.10.0&apos;, revision: &apos;c14d967899&apos;&#10;System info: os.name: &apos;Linux&apos;, os.arch: &apos;amd64&apos;, os.version: &apos;6.2.0-39-generic&apos;, java.version: &apos;18.0.2-ea&apos;&#10;Driver info: org.openqa.selenium.firefox.FirefoxDriver&#10;Command: [54d9f8ed-48e2-44bc-af4e-7f50889fce0b, clickElement {id=3322e0fc-9beb-46e3-9c39-0d757ae33425}]&#10;Capabilities {acceptInsecureCerts: true, browserName: firefox, browserVersion: 121.0, moz:accessibilityChecks: false, moz:buildID: 20231220184444, moz:debuggerAddress: 127.0.0.1:7361, moz:geckodriverVersion: 0.33.0, moz:headless: false, moz:platformVersion: 6.2.0-39-generic, moz:processID: 1194151, moz:profile: /tmp/rust_mozprofile7B9yaV, moz:shutdownTimeout: 60000, moz:webdriverClick: true, moz:windowless: false, pageLoadStrategy: normal, platformName: linux, proxy: Proxy(), se:cdp: ws://127.0.0.1:7361/devtool..., se:cdpVersion: 85.0, setWindowRect: true, strictFileInteractability: false, timeouts: {implicit: 0, pageLoad: 300000, script: 30000}, unhandledPromptBehavior: dismiss and notify}&#10;Element: [[FirefoxDriver: firefox on linux (54d9f8ed-48e2-44bc-af4e-7f50889fce0b)] -&gt; xpath: //*[@id=&apos;dayRangeFilter&apos;]/label[4]]&#10;Session ID: 54d9f8ed-48e2-44bc-af4e-7f50889fce0b" type="org.openqa.selenium.ElementClickInterceptedException"><![CDATA[org.openqa.selenium.ElementClickInterceptedException: 
Element <label class="btn btn-outline-primary active"> is not clickable at point (588,237) because another element <div id="loading"> obscures it
Build info: version: '4.10.0', revision: 'c14d967899'
System info: os.name: 'Linux', os.arch: 'amd64', os.version: '6.2.0-39-generic', java.version: '18.0.2-ea'
Driver info: org.openqa.selenium.firefox.FirefoxDriver
Command: [54d9f8ed-48e2-44bc-af4e-7f50889fce0b, clickElement {id=3322e0fc-9beb-46e3-9c39-0d757ae33425}]
Capabilities {acceptInsecureCerts: true, browserName: firefox, browserVersion: 121.0, moz:accessibilityChecks: false, moz:buildID: 20231220184444, moz:debuggerAddress: 127.0.0.1:7361, moz:geckodriverVersion: 0.33.0, moz:headless: false, moz:platformVersion: 6.2.0-39-generic, moz:processID: 1194151, moz:profile: /tmp/rust_mozprofile7B9yaV, moz:shutdownTimeout: 60000, moz:webdriverClick: true, moz:windowless: false, pageLoadStrategy: normal, platformName: linux, proxy: Proxy(), se:cdp: ws://127.0.0.1:7361/devtool..., se:cdpVersion: 85.0, setWindowRect: true, strictFileInteractability: false, timeouts: {implicit: 0, pageLoad: 300000, script: 30000}, unhandledPromptBehavior: dismiss and notify}
Element: [[FirefoxDriver: firefox on linux (54d9f8ed-48e2-44bc-af4e-7f50889fce0b)] -> xpath: //*[@id='dayRangeFilter']/label[4]]
Session ID: 54d9f8ed-48e2-44bc-af4e-7f50889fce0b
	at com.selenium.VehicleBlockList.vehicleBlockMonthCsv(VehicleBlockList.java:146)
]]></failure>
  </testcase>
  <testcase name="vehicleBlockMonthPdf" classname="com.selenium.VehicleBlockList" time="2.017"/>
  <testcase name="selectListCount" classname="com.selenium.VehicleBlockList" time="2.299"/>
  <testcase name="vehicleBlockListTable" classname="com.selenium.VehicleBlockList" time="61.074"/>
  <testcase name="searchVehicleNumber" classname="com.selenium.VehicleBlockList" time="8.044"/>
  <testcase name="searchBlockListMobileNumber" classname="com.selenium.VehicleBlockList" time="8.082"/>
  <testcase name="validateBlockListDate" classname="com.selenium.VehicleBlockList" time="0.033"/>
  <testcase name="validateBlockListUser" classname="com.selenium.VehicleBlockList" time="0.018"/>
  <testcase name="validateBlockListMobileNum" classname="com.selenium.VehicleBlockList" time="0.01"/>
  <testcase name="validateBlockListVehicleNum" classname="com.selenium.VehicleBlockList" time="0.01"/>
  <testcase name="validateBlockListAmount" classname="com.selenium.VehicleBlockList" time="0.007"/>
  <testcase name="validateBlockListStatus" classname="com.selenium.VehicleBlockList" time="0.007"/>
  <testcase name="selectAction" classname="com.selenium.VehicleBlockList" time="5.009"/>
  <testcase name="logout" classname="com.selenium.VehicleBlockList" time="2.309"/>
  <testcase name="login" classname="com.selenium.CouponReports" time="5.382"/>
  <testcase name="revenueDashboardOpen" classname="com.selenium.CouponReports" time="5.232"/>
  <testcase name="redirectCouponReportsPage" classname="com.selenium.CouponReports" time="4.435"/>
  <testcase name="viewCouponSiteList" classname="com.selenium.CouponReports" time="3.606"/>
  <testcase name="vehicleBlockListDates" classname="com.selenium.CouponReports" time="4.854"/>
  <testcase name="selectCouponStartDate" classname="com.selenium.CouponReports" time="8.709"/>
  <testcase name="selectCouponEndDate" classname="com.selenium.CouponReports" time="11.505"/>
  <testcase name="selectListCount" classname="com.selenium.CouponReports" time="2.295"/>
  <testcase name="getCouponsTable" classname="com.selenium.CouponReports" time="6.025"/>
  <testcase name="searchVehicleNumber" classname="com.selenium.CouponReports" time="7.071"/>
  <testcase name="searchCouponMobileNumber" classname="com.selenium.CouponReports" time="7.107"/>
  <testcase name="searchCouponCode" classname="com.selenium.CouponReports" time="7.122"/>
  <testcase name="searchCouponStatus" classname="com.selenium.CouponReports" time="7.097"/>
  <testcase name="searchCouponCreatedTime" classname="com.selenium.CouponReports" time="7.137"/>
  <testcase name="validateCouponVehicleNumber" classname="com.selenium.CouponReports" time="0.012"/>
  <testcase name="validateCouponMobileNumber" classname="com.selenium.CouponReports" time="0.008"/>
  <testcase name="validateCouponCode" classname="com.selenium.CouponReports" time="0.007"/>
  <testcase name="validateCouponAmount" classname="com.selenium.CouponReports" time="0.007"/>
  <testcase name="validateCouponStatusNull" classname="com.selenium.CouponReports" time="0.007"/>
  <testcase name="validateCouponStatusInvalid" classname="com.selenium.CouponReports" time="0.007"/>
  <testcase name="validateCouponCreatedTime" classname="com.selenium.CouponReports" time="0.007"/>
  <testcase name="validateCouponStartTime" classname="com.selenium.CouponReports" time="0.007"/>
  <testcase name="validateCouponEndDate" classname="com.selenium.CouponReports" time="0.007"/>
  <testcase name="logout" classname="com.selenium.CouponReports" time="5.288"/>
  <testcase name="login" classname="com.selenium.UnAccountedReports" time="6.248"/>
  <testcase name="revenueDashboardOpen" classname="com.selenium.UnAccountedReports" time="5.312"/>
  <testcase name="redirectUnAccountedReportsPage" classname="com.selenium.UnAccountedReports" time="4.458"/>
  <testcase name="viewUnAccountedSiteList" classname="com.selenium.UnAccountedReports" time="3.001"/>
  <testcase name="selectDevicemPOS" classname="com.selenium.UnAccountedReports" time="2.062"/>
  <testcase name="mPOSDatesEnabled" classname="com.selenium.UnAccountedReports" time="4.844"/>
  <testcase name="selectMPOSStartDate" classname="com.selenium.UnAccountedReports" time="4.054"/>
  <testcase name="selectMPOSEndDate" classname="com.selenium.UnAccountedReports" time="2.003"/>
  <testcase name="selectMPOSListCount" classname="com.selenium.UnAccountedReports" time="2.054"/>
  <testcase name="getUnAccountedTableDataMPOS" classname="com.selenium.UnAccountedReports" time="6.029"/>
  <testcase name="searchMPOSVehicleNumber" classname="com.selenium.UnAccountedReports" time="4.08"/>
  <testcase name="validateMPOSTicketNo" classname="com.selenium.UnAccountedReports" time="0.033"/>
  <testcase name="validateMPOSVehicleNumber" classname="com.selenium.UnAccountedReports" time="0.022"/>
  <testcase name="validateMPOSMobileNumber" classname="com.selenium.UnAccountedReports" time="0.017"/>
  <testcase name="validateMPOSVehicleType" classname="com.selenium.UnAccountedReports" time="0.01"/>
  <testcase name="validateMPOSAmount" classname="com.selenium.UnAccountedReports" time="0.008"/>
  <testcase name="validateMPOSDisCountedAmount" classname="com.selenium.UnAccountedReports" time="0.007"/>
  <testcase name="validateMPOSPaymentType" classname="com.selenium.UnAccountedReports" time="0.007"/>
  <testcase name="validateMPOSStatus" classname="com.selenium.UnAccountedReports" time="0.008"/>
  <testcase name="validateMPOSType" classname="com.selenium.UnAccountedReports" time="0.007"/>
  <testcase name="selectDeviceAndroid" classname="com.selenium.UnAccountedReports" time="2.049"/>
  <testcase name="androidDatesEnabled" classname="com.selenium.UnAccountedReports" time="4.88"/>
  <testcase name="selectANDROIDStartDate" classname="com.selenium.UnAccountedReports" time="8.726"/>
  <testcase name="selectANDROIDEndDate" classname="com.selenium.UnAccountedReports" time="11.484"/>
  <testcase name="selectANDROIDListCount" classname="com.selenium.UnAccountedReports" time="2.299"/>
  <testcase name="unAccountedTableANDROID" classname="com.selenium.UnAccountedReports" time="6.03"/>
  <testcase name="searchANDROIDVehicleNumber" classname="com.selenium.UnAccountedReports" time="4.1"/>
  <testcase name="validateANDROIDTicketNo" classname="com.selenium.UnAccountedReports" time="0.018"/>
  <testcase name="validateANDROIDVehicleNumber" classname="com.selenium.UnAccountedReports" time="0.011"/>
  <testcase name="validateANDROIDMobileNumber" classname="com.selenium.UnAccountedReports" time="0.011"/>
  <testcase name="validateANDROIDVehicleType" classname="com.selenium.UnAccountedReports" time="0.01"/>
  <testcase name="validateANDROIDAmount" classname="com.selenium.UnAccountedReports" time="0.01"/>
  <testcase name="validateANDROIDDisCountedAmount" classname="com.selenium.UnAccountedReports" time="0.011"/>
  <testcase name="validateANDROIDPaymentType" classname="com.selenium.UnAccountedReports" time="0.012"/>
  <testcase name="validateANDROIDStatus" classname="com.selenium.UnAccountedReports" time="0.011"/>
  <testcase name="validateANDROIDType" classname="com.selenium.UnAccountedReports" time="0.008"/>
  <testcase name="selectDeviceiOS" classname="com.selenium.UnAccountedReports" time="2.043"/>
  <testcase name="iOSDatesEnabled" classname="com.selenium.UnAccountedReports" time="1.051"/>
  <testcase name="selectiOSStartDate" classname="com.selenium.UnAccountedReports" time="8.73"/>
  <testcase name="selectiOSEndDate" classname="com.selenium.UnAccountedReports" time="11.513"/>
  <testcase name="selectiOSListCount" classname="com.selenium.UnAccountedReports" time="2.035"/>
  <testcase name="unAccountedTableiOS" classname="com.selenium.UnAccountedReports" time="6.023"/>
  <testcase name="searchiOSVehicleNumber" classname="com.selenium.UnAccountedReports" time="4.046"/>
  <testcase name="validateiOSTicketNo" classname="com.selenium.UnAccountedReports" time="0.01"/>
  <testcase name="validateiOSVehicleNumber" classname="com.selenium.UnAccountedReports" time="0.006"/>
  <testcase name="validateiOSMobileNumber" classname="com.selenium.UnAccountedReports" time="0.006"/>
  <testcase name="validateiOSVehicleType" classname="com.selenium.UnAccountedReports" time="0.007"/>
  <testcase name="validateiOSAmount" classname="com.selenium.UnAccountedReports" time="0.007"/>
  <testcase name="validateiOSDisCountedAmount" classname="com.selenium.UnAccountedReports" time="0.007"/>
  <testcase name="validateiOSPaymentType" classname="com.selenium.UnAccountedReports" time="0.007"/>
  <testcase name="validateiOSStatus" classname="com.selenium.UnAccountedReports" time="0.007"/>
  <testcase name="validateiOSType" classname="com.selenium.UnAccountedReports" time="0.007"/>
  <testcase name="selectDeviceMobileMPOS" classname="com.selenium.UnAccountedReports" time="2.018"/>
  <testcase name="mobileMPOSDatesEnabled" classname="com.selenium.UnAccountedReports" time="4.776"/>
  <testcase name="selectMobileMOSStartDate" classname="com.selenium.UnAccountedReports" time="8.731"/>
  <testcase name="selectMobileMPOSEndDate" classname="com.selenium.UnAccountedReports" time="11.551"/>
  <testcase name="selectMobileMPOSListCount" classname="com.selenium.UnAccountedReports" time="2.037"/>
  <testcase name="unAccountedTableMobileMPOS" classname="com.selenium.UnAccountedReports" time="6.021"/>
  <testcase name="searchVehicleNumber" classname="com.selenium.UnAccountedReports" time="4.051"/>
  <testcase name="validateMmPOSTicketNo" classname="com.selenium.UnAccountedReports" time="0.031"/>
  <testcase name="validateMmPOSVehicleNumber" classname="com.selenium.UnAccountedReports" time="0.018"/>
  <testcase name="validateMmPOSMobileNumber" classname="com.selenium.UnAccountedReports" time="0.02"/>
  <testcase name="validateMmPOSVehicleType" classname="com.selenium.UnAccountedReports" time="0.02"/>
  <testcase name="validateMmPOSAmount" classname="com.selenium.UnAccountedReports" time="0.019"/>
  <testcase name="validateMmPOSDisCountedAmount" classname="com.selenium.UnAccountedReports" time="0.019"/>
  <testcase name="validateMmPOSPaymentType" classname="com.selenium.UnAccountedReports" time="0.018"/>
  <testcase name="validateMmPOSStatus" classname="com.selenium.UnAccountedReports" time="0.018"/>
  <testcase name="validateMmPOSType" classname="com.selenium.UnAccountedReports" time="0.019"/>
  <testcase name="logout" classname="com.selenium.UnAccountedReports" time="2.266"/>
  <testcase name="login" classname="com.selenium.PayUReports" time="5.525"/>
  <testcase name="redirectRevenueDashboard" classname="com.selenium.PayUReports" time="5.205"/>
  <testcase name="redirectPayUReportsPage" classname="com.selenium.PayUReports" time="6.442"/>
  <testcase name="payUDatesEnabled" classname="com.selenium.PayUReports" time="1.061"/>
  <testcase name="payUReportCount" classname="com.selenium.PayUReports" time="5.278"/>
  <testcase name="selectPayUStartDate" classname="com.selenium.PayUReports" time="8.753"/>
  <testcase name="selectPayUEndDate" classname="com.selenium.PayUReports" time="16.862"/>
  <testcase name="downloadPayUReportCSVfile" classname="com.selenium.PayUReports" time="2.272"/>
  <testcase name="downloadPayUReportPDFfile" classname="com.selenium.PayUReports" time="7.037"/>
  <testcase name="nextPage" classname="com.selenium.PayUReports" time="5.045"/>
  <testcase name="payUReportsTable" classname="com.selenium.PayUReports" time="82.883"/>
  <testcase name="validatePayUAmount" classname="com.selenium.PayUReports" time="0.18"/>
  <testcase name="validatePayUStatus" classname="com.selenium.PayUReports" time="0.142"/>
  <testcase name="againDownloadCsv" classname="com.selenium.PayUReports" time="2.241"/>
  <testcase name="againDownloadPdf" classname="com.selenium.PayUReports" time="7.749"/>
  <testcase name="login" classname="com.selenium.LiveInfo" time="5.906"/>
  <testcase name="revenueDashboardOpen" classname="com.selenium.LiveInfo" time="5.153"/>
  <testcase name="liveInfoPage" classname="com.selenium.LiveInfo" time="2.213"/>
  <testcase name="siteStatusPage" classname="com.selenium.LiveInfo" time="4.197"/>
  <testcase name="siteStatusZoomOut" classname="com.selenium.LiveInfo" time="7.222"/>
  <testcase name="siteStatusZoomIn" classname="com.selenium.LiveInfo" time="5.539"/>
  <testcase name="hoverParkingLocationAndRightClick" classname="com.selenium.LiveInfo" time="9.139"/>
  <testcase name="deviceStatusPage" classname="com.selenium.LiveInfo" time="4.116"/>
  <testcase name="deviceStatusZoomOut" classname="com.selenium.LiveInfo" time="7.227"/>
  <testcase name="deviceStatusZoomIn" classname="com.selenium.LiveInfo" time="5.716"/>
  <testcase name="selectDeviceLocation" classname="com.selenium.LiveInfo" time="5.17"/>
  <testcase name="transactionsPage" classname="com.selenium.LiveInfo" time="4.095"/>
  <testcase name="transactionsCSV" classname="com.selenium.LiveInfo" time="10.063"/>
  <testcase name="transactionsPDF" classname="com.selenium.LiveInfo" time="2.25"/>
  <testcase name="nextPageTransactions" classname="com.selenium.LiveInfo" time="3.01"/>
  <testcase name="getSiteNamesTransactions" classname="com.selenium.LiveInfo" time="2.024"/>
  <testcase name="searchSiteName" classname="com.selenium.LiveInfo" time="4.149"/>
  <testcase name="logout" classname="com.selenium.LiveInfo" time="2.287"/>
  <testcase name="login" classname="com.selenium.AlarmsNotifications" time="6.58"/>
  <testcase name="revenueDashboardOpen" classname="com.selenium.AlarmsNotifications" time="5.288"/>
  <testcase name="alarmsNotificationsPage" classname="com.selenium.AlarmsNotifications" time="2.103"/>
  <testcase name="clickManualAlert" classname="com.selenium.AlarmsNotifications" time="5.018"/>
  <testcase name="createManualTask" classname="com.selenium.AlarmsNotifications" time="2.009"/>
  <testcase name="createMsgSelectSite" classname="com.selenium.AlarmsNotifications" time="0.007"/>
  <testcase name="selectManualServiceUser" classname="com.selenium.AlarmsNotifications" time="3.011"/>
  <testcase name="selectAlertType" classname="com.selenium.AlarmsNotifications" time="0.004"/>
  <testcase name="alertDescription" classname="com.selenium.AlarmsNotifications" time="0.003"/>
  <testcase name="manualTaskSubmit" classname="com.selenium.AlarmsNotifications" time="2.006"/>
  <testcase name="manualTaskAlertStatus" classname="com.selenium.AlarmsNotifications" time="3.008"/>
  <testcase name="clickManualAlertOKButton" classname="com.selenium.AlarmsNotifications" time="0.006"/>
  <testcase name="manualTaskCsv" classname="com.selenium.AlarmsNotifications" time="5.046"/>
  <testcase name="manualTaskPdf" classname="com.selenium.AlarmsNotifications" time="3.005"/>
  <testcase name="clickOverTime" classname="com.selenium.AlarmsNotifications" time="5.006"/>
  <testcase name="selectSiteOverTimeVehicle" classname="com.selenium.AlarmsNotifications" time="0.005"/>
  <testcase name="downloadOTCSVFiles" classname="com.selenium.AlarmsNotifications" time="0.007"/>
  <testcase name="downloadOTPDFFiles" classname="com.selenium.AlarmsNotifications" time="3.007"/>
  <testcase name="selectOTFourWheeler" classname="com.selenium.AlarmsNotifications" time="3.007"/>
  <testcase name="selectOTTwoWheeler" classname="com.selenium.AlarmsNotifications" time="0.007"/>
  <testcase name="clickTransactionAlert" classname="com.selenium.AlarmsNotifications" time="2.006"/>
  <testcase name="trasnactionCsv" classname="com.selenium.AlarmsNotifications" time="5.065"/>
  <testcase name="transactionPdf" classname="com.selenium.AlarmsNotifications" time="0.006"/>
  <testcase name="clickPOSAlert" classname="com.selenium.AlarmsNotifications" time="2.006"/>
  <testcase name="posAlertsDatesEnabled" classname="com.selenium.AlarmsNotifications" time="3.041"/>
  <testcase name="posCsv" classname="com.selenium.AlarmsNotifications" time="5.067"/>
  <testcase name="posPdf" classname="com.selenium.AlarmsNotifications" time="3.006"/>
  <testcase name="clickDeviceAlert" classname="com.selenium.AlarmsNotifications" time="5.003"/>
  <testcase name="devcieAlertsCsv" classname="com.selenium.AlarmsNotifications" time="5.074"/>
  <testcase name="deviceAlertsPdf" classname="com.selenium.AlarmsNotifications" time="3.008"/>
  <testcase name="deviceAlertsNextPage" classname="com.selenium.AlarmsNotifications" time="3.008"/>
  <testcase name="editTaskDeviceAlerts" classname="com.selenium.AlarmsNotifications" time="2.007"/>
  <testcase name="selectServiceUser" classname="com.selenium.AlarmsNotifications" time="5.057"/>
  <testcase name="taskSubmitBtn" classname="com.selenium.AlarmsNotifications" time="2.003"/>
  <testcase name="taskAlertStatus" classname="com.selenium.AlarmsNotifications" time="3.006"/>
  <testcase name="clickSweetAlertOKButton" classname="com.selenium.AlarmsNotifications" time="0.006"/>
  <testcase name="taskPopUPClose" classname="com.selenium.AlarmsNotifications" time="3.019"/>
  <testcase name="clickTaskViewButton" classname="com.selenium.AlarmsNotifications" time="3.002"/>
  <testcase name="viewTaskCsv" classname="com.selenium.AlarmsNotifications" time="2.004"/>
  <testcase name="viewTaskPdf" classname="com.selenium.AlarmsNotifications" time="3.006"/>
  <testcase name="logAlertDetails" classname="com.selenium.AlarmsNotifications" time="0.247"/>
  <testcase name="clickCompleteStatusButton" classname="com.selenium.AlarmsNotifications" time="3.008"/>
  <testcase name="completedStatusSweetAlert" classname="com.selenium.AlarmsNotifications" time="3.005"/>
  <testcase name="clickCompleteSweetAlertOKButton" classname="com.selenium.AlarmsNotifications" time="0.006"/>
  <testcase name="deviceDetailsPopUPClose" classname="com.selenium.AlarmsNotifications" time="4.006"/>
  <testcase name="unAssignAlert" classname="com.selenium.AlarmsNotifications" time="2.003"/>
  <testcase name="unAssignAlertStatus" classname="com.selenium.AlarmsNotifications" time="3.007"/>
  <testcase name="unAssignSweetAlertOKButton" classname="com.selenium.AlarmsNotifications" time="0.005"/>
  <testcase name="validateActionStatus" classname="com.selenium.AlarmsNotifications" time="0.007">
    <failure message="Unable to locate element: #alertsPageDeviceAlertTable&#10;For documentation on this error, please visit: https://www.selenium.dev/documentation/webdriver/troubleshooting/errors#no-such-element-exception&#10;Build info: version: &apos;4.10.0&apos;, revision: &apos;c14d967899&apos;&#10;System info: os.name: &apos;Linux&apos;, os.arch: &apos;amd64&apos;, os.version: &apos;6.2.0-39-generic&apos;, java.version: &apos;18.0.2-ea&apos;&#10;Driver info: org.openqa.selenium.firefox.FirefoxDriver&#10;Command: [a4b072d7-04d6-4593-9244-25383160ea4c, findElement {using=id, value=alertsPageDeviceAlertTable}]&#10;Capabilities {acceptInsecureCerts: true, browserName: firefox, browserVersion: 121.0, moz:accessibilityChecks: false, moz:buildID: 20231220184444, moz:debuggerAddress: 127.0.0.1:18201, moz:geckodriverVersion: 0.33.0, moz:headless: false, moz:platformVersion: 6.2.0-39-generic, moz:processID: 1209640, moz:profile: /tmp/rust_mozprofilejuL0Sc, moz:shutdownTimeout: 60000, moz:webdriverClick: true, moz:windowless: false, pageLoadStrategy: normal, platformName: linux, proxy: Proxy(), se:cdp: ws://127.0.0.1:18201/devtoo..., se:cdpVersion: 85.0, setWindowRect: true, strictFileInteractability: false, timeouts: {implicit: 0, pageLoad: 300000, script: 30000}, unhandledPromptBehavior: dismiss and notify}&#10;Session ID: a4b072d7-04d6-4593-9244-25383160ea4c" type="org.openqa.selenium.NoSuchElementException">org.openqa.selenium.NoSuchElementException: 
Unable to locate element: #alertsPageDeviceAlertTable
For documentation on this error, please visit: https://www.selenium.dev/documentation/webdriver/troubleshooting/errors#no-such-element-exception
Build info: version: '4.10.0', revision: 'c14d967899'
System info: os.name: 'Linux', os.arch: 'amd64', os.version: '6.2.0-39-generic', java.version: '18.0.2-ea'
Driver info: org.openqa.selenium.firefox.FirefoxDriver
Command: [a4b072d7-04d6-4593-9244-25383160ea4c, findElement {using=id, value=alertsPageDeviceAlertTable}]
Capabilities {acceptInsecureCerts: true, browserName: firefox, browserVersion: 121.0, moz:accessibilityChecks: false, moz:buildID: 20231220184444, moz:debuggerAddress: 127.0.0.1:18201, moz:geckodriverVersion: 0.33.0, moz:headless: false, moz:platformVersion: 6.2.0-39-generic, moz:processID: 1209640, moz:profile: /tmp/rust_mozprofilejuL0Sc, moz:shutdownTimeout: 60000, moz:webdriverClick: true, moz:windowless: false, pageLoadStrategy: normal, platformName: linux, proxy: Proxy(), se:cdp: ws://127.0.0.1:18201/devtoo..., se:cdpVersion: 85.0, setWindowRect: true, strictFileInteractability: false, timeouts: {implicit: 0, pageLoad: 300000, script: 30000}, unhandledPromptBehavior: dismiss and notify}
Session ID: a4b072d7-04d6-4593-9244-25383160ea4c
	at com.selenium.AlarmsNotifications.validateActionStatus(AlarmsNotifications.java:962)
</failure>
  </testcase>
  <testcase name="logout" classname="com.selenium.AlarmsNotifications" time="5.24"/>
  <testcase name="login" classname="com.selenium.AlertMessages" time="6.747"/>
  <testcase name="revenueDashboardOpen" classname="com.selenium.AlertMessages" time="5.091"/>
  <testcase name="siteConfigurationPage" classname="com.selenium.AlertMessages" time="2.494"/>
  <testcase name="jstreeOrg" classname="com.selenium.AlertMessages" time="3.258"/>
  <testcase name="applicationMsgs" classname="com.selenium.AlertMessages" time="2.228"/>
  <testcase name="applicationMsgsAnchor" classname="com.selenium.AlertMessages" time="5.259"/>
  <testcase name="selectEng" classname="com.selenium.AlertMessages" time="3.342"/>
  <testcase name="createMessage_English" classname="com.selenium.AlertMessages" time="0.045"/>
  <testcase name="msgSubmit" classname="com.selenium.AlertMessages" time="3.214"/>
  <testcase name="alertStatus" classname="com.selenium.AlertMessages" time="3.03"/>
  <testcase name="engStatusOk" classname="com.selenium.AlertMessages" time="3.237"/>
  <testcase name="messagesToView" classname="com.selenium.AlertMessages" time="5.282"/>
  <testcase name="getAlertMessagesTableDetails" classname="com.selenium.AlertMessages" time="0.208"/>
  <testcase name="engMsgDeleteRow" classname="com.selenium.AlertMessages" time="5.064"/>
  <testcase name="engMsgDeleteBtn" classname="com.selenium.AlertMessages" time="2.249"/>
  <testcase name="alertDelStatus" classname="com.selenium.AlertMessages" time="3.01"/>
  <testcase name="engDeleteOK" classname="com.selenium.AlertMessages" time="3.236"/>
  <testcase name="applicationMsgs_ToCreate_Hindi" classname="com.selenium.AlertMessages" time="5.289"/>
  <testcase name="selectHindi" classname="com.selenium.AlertMessages" time="3.315"/>
  <testcase name="createMessageHindi" classname="com.selenium.AlertMessages" time="0.096"/>
  <testcase name="hindiSubmit" classname="com.selenium.AlertMessages" time="3.221"/>
  <testcase name="alertHindiStatus" classname="com.selenium.AlertMessages" time="6.032"/>
  <testcase name="hindiOK" classname="com.selenium.AlertMessages" time="3.3"/>
  <testcase name="messagesToView_AfterCreate_Hindi" classname="com.selenium.AlertMessages" time="5.288"/>
  <testcase name="messsgesAnchorHindi" classname="com.selenium.AlertMessages" time="0.143"/>
  <testcase name="hindiMsgDeleteRow" classname="com.selenium.AlertMessages" time="0.007"/>
  <testcase name="deleteAlertMsgHindi" classname="com.selenium.AlertMessages" time="2.225"/>
  <testcase name="alertHindiDelStatus" classname="com.selenium.AlertMessages" time="6.01"/>
  <testcase name="hindiDeleteOK" classname="com.selenium.AlertMessages" time="3.213"/>
  <testcase name="applicationMsgs_ToCreate_TwiceEnglish" classname="com.selenium.AlertMessages" time="5.251"/>
  <testcase name="secondSelectEng" classname="com.selenium.AlertMessages" time="3.335"/>
  <testcase name="secondCreateEng" classname="com.selenium.AlertMessages" time="0.06"/>
  <testcase name="secondMsgSubmit" classname="com.selenium.AlertMessages" time="3.237"/>
  <testcase name="secondStatus" classname="com.selenium.AlertMessages" time="6.019"/>
  <testcase name="secondStatusOk" classname="com.selenium.AlertMessages" time="3.219"/>
  <testcase name="messagesToView_AfterCreate_TwiceEnglish" classname="com.selenium.AlertMessages" time="5.286"/>
  <testcase name="applicationMsgs_ToCreate_Marathi" classname="com.selenium.AlertMessages" time="5.285"/>
  <testcase name="selectMarathi" classname="com.selenium.AlertMessages" time="3.344"/>
  <testcase name="createMessageMarathi" classname="com.selenium.AlertMessages" time="2.021"/>
  <testcase name="MarathiSubmit" classname="com.selenium.AlertMessages" time="3.233"/>
  <testcase name="alertMarathiStatus" classname="com.selenium.AlertMessages" time="6.022"/>
  <testcase name="marathiOK" classname="com.selenium.AlertMessages" time="3.279"/>
  <testcase name="messagesToView_AfterCreate_Marathi" classname="com.selenium.AlertMessages" time="5.255"/>
  <testcase name="messsgesAnchorMarathi" classname="com.selenium.AlertMessages" time="0.173"/>
  <testcase name="marathiMsgDeleteRow" classname="com.selenium.AlertMessages" time="0.006"/>
  <testcase name="deleteAlertMsgMarathi" classname="com.selenium.AlertMessages" time="2.278"/>
  <testcase name="alertMarathiDelStatus" classname="com.selenium.AlertMessages" time="6.009"/>
  <testcase name="marathiDeleteOK" classname="com.selenium.AlertMessages" time="0.213"/>
  <testcase name="logout" classname="com.selenium.AlertMessages" time="5.251"/>
  <testcase name="login" classname="com.selenium.ApplicationImages" time="6.865"/>
  <testcase name="revenueDashboardOpen" classname="com.selenium.ApplicationImages" time="5.164"/>
  <testcase name="siteConfigurationPage" classname="com.selenium.ApplicationImages" time="2.031"/>
  <testcase name="jstreeOrg" classname="com.selenium.ApplicationImages" time="1.006"/>
  <testcase name="applicationImages" classname="com.selenium.ApplicationImages" time="3.014"/>
  <testcase name="applicationImagesTreeOpen" classname="com.selenium.ApplicationImages" time="3.007"/>
  <testcase name="androidTreeOpen" classname="com.selenium.ApplicationImages" time="3.01"/>
  <testcase name="iOSTreeOpen" classname="com.selenium.ApplicationImages" time="3.003"/>
  <testcase name="mPOSTreeOpen" classname="com.selenium.ApplicationImages" time="3.009"/>
  <testcase name="selectAndroid" classname="com.selenium.ApplicationImages" time="3.008"/>
  <testcase name="getAndroidHeading" classname="com.selenium.ApplicationImages" time="0.007">
    <failure message="Unable to locate element: #lblAndroidTitle&#10;For documentation on this error, please visit: https://www.selenium.dev/documentation/webdriver/troubleshooting/errors#no-such-element-exception&#10;Build info: version: &apos;4.10.0&apos;, revision: &apos;c14d967899&apos;&#10;System info: os.name: &apos;Linux&apos;, os.arch: &apos;amd64&apos;, os.version: &apos;6.2.0-39-generic&apos;, java.version: &apos;18.0.2-ea&apos;&#10;Driver info: org.openqa.selenium.firefox.FirefoxDriver&#10;Command: [6eb82aac-bf52-4ea2-b5e3-9de78f91ce3f, findElement {using=id, value=lblAndroidTitle}]&#10;Capabilities {acceptInsecureCerts: true, browserName: firefox, browserVersion: 121.0, moz:accessibilityChecks: false, moz:buildID: 20231220184444, moz:debuggerAddress: 127.0.0.1:4565, moz:geckodriverVersion: 0.33.0, moz:headless: false, moz:platformVersion: 6.2.0-39-generic, moz:processID: 1216341, moz:profile: /tmp/rust_mozprofileTN8bZh, moz:shutdownTimeout: 60000, moz:webdriverClick: true, moz:windowless: false, pageLoadStrategy: normal, platformName: linux, proxy: Proxy(), se:cdp: ws://127.0.0.1:4565/devtool..., se:cdpVersion: 85.0, setWindowRect: true, strictFileInteractability: false, timeouts: {implicit: 0, pageLoad: 300000, script: 30000}, unhandledPromptBehavior: dismiss and notify}&#10;Session ID: 6eb82aac-bf52-4ea2-b5e3-9de78f91ce3f" type="org.openqa.selenium.NoSuchElementException">org.openqa.selenium.NoSuchElementException: 
Unable to locate element: #lblAndroidTitle
For documentation on this error, please visit: https://www.selenium.dev/documentation/webdriver/troubleshooting/errors#no-such-element-exception
Build info: version: '4.10.0', revision: 'c14d967899'
System info: os.name: 'Linux', os.arch: 'amd64', os.version: '6.2.0-39-generic', java.version: '18.0.2-ea'
Driver info: org.openqa.selenium.firefox.FirefoxDriver
Command: [6eb82aac-bf52-4ea2-b5e3-9de78f91ce3f, findElement {using=id, value=lblAndroidTitle}]
Capabilities {acceptInsecureCerts: true, browserName: firefox, browserVersion: 121.0, moz:accessibilityChecks: false, moz:buildID: 20231220184444, moz:debuggerAddress: 127.0.0.1:4565, moz:geckodriverVersion: 0.33.0, moz:headless: false, moz:platformVersion: 6.2.0-39-generic, moz:processID: 1216341, moz:profile: /tmp/rust_mozprofileTN8bZh, moz:shutdownTimeout: 60000, moz:webdriverClick: true, moz:windowless: false, pageLoadStrategy: normal, platformName: linux, proxy: Proxy(), se:cdp: ws://127.0.0.1:4565/devtool..., se:cdpVersion: 85.0, setWindowRect: true, strictFileInteractability: false, timeouts: {implicit: 0, pageLoad: 300000, script: 30000}, unhandledPromptBehavior: dismiss and notify}
Session ID: 6eb82aac-bf52-4ea2-b5e3-9de78f91ce3f
	at com.selenium.ApplicationImages.getAndroidHeading(ApplicationImages.java:170)
</failure>
  </testcase>
  <testcase name="androidDetails_Editable_Or_Not" classname="com.selenium.ApplicationImages" time="0.007"/>
  <testcase name="getAndroidInfo" classname="com.selenium.ApplicationImages" time="0.007"/>
  <testcase name="selectAndroidVersion" classname="com.selenium.ApplicationImages" time="3.005"/>
  <testcase name="getAndroidVersionDetails_Heading" classname="com.selenium.ApplicationImages" time="0.005">
    <failure message="Unable to locate element: #lblandroidVersionTitle&#10;For documentation on this error, please visit: https://www.selenium.dev/documentation/webdriver/troubleshooting/errors#no-such-element-exception&#10;Build info: version: &apos;4.10.0&apos;, revision: &apos;c14d967899&apos;&#10;System info: os.name: &apos;Linux&apos;, os.arch: &apos;amd64&apos;, os.version: &apos;6.2.0-39-generic&apos;, java.version: &apos;18.0.2-ea&apos;&#10;Driver info: org.openqa.selenium.firefox.FirefoxDriver&#10;Command: [6eb82aac-bf52-4ea2-b5e3-9de78f91ce3f, findElement {using=id, value=lblandroidVersionTitle}]&#10;Capabilities {acceptInsecureCerts: true, browserName: firefox, browserVersion: 121.0, moz:accessibilityChecks: false, moz:buildID: 20231220184444, moz:debuggerAddress: 127.0.0.1:4565, moz:geckodriverVersion: 0.33.0, moz:headless: false, moz:platformVersion: 6.2.0-39-generic, moz:processID: 1216341, moz:profile: /tmp/rust_mozprofileTN8bZh, moz:shutdownTimeout: 60000, moz:webdriverClick: true, moz:windowless: false, pageLoadStrategy: normal, platformName: linux, proxy: Proxy(), se:cdp: ws://127.0.0.1:4565/devtool..., se:cdpVersion: 85.0, setWindowRect: true, strictFileInteractability: false, timeouts: {implicit: 0, pageLoad: 300000, script: 30000}, unhandledPromptBehavior: dismiss and notify}&#10;Session ID: 6eb82aac-bf52-4ea2-b5e3-9de78f91ce3f" type="org.openqa.selenium.NoSuchElementException">org.openqa.selenium.NoSuchElementException: 
Unable to locate element: #lblandroidVersionTitle
For documentation on this error, please visit: https://www.selenium.dev/documentation/webdriver/troubleshooting/errors#no-such-element-exception
Build info: version: '4.10.0', revision: 'c14d967899'
System info: os.name: 'Linux', os.arch: 'amd64', os.version: '6.2.0-39-generic', java.version: '18.0.2-ea'
Driver info: org.openqa.selenium.firefox.FirefoxDriver
Command: [6eb82aac-bf52-4ea2-b5e3-9de78f91ce3f, findElement {using=id, value=lblandroidVersionTitle}]
Capabilities {acceptInsecureCerts: true, browserName: firefox, browserVersion: 121.0, moz:accessibilityChecks: false, moz:buildID: 20231220184444, moz:debuggerAddress: 127.0.0.1:4565, moz:geckodriverVersion: 0.33.0, moz:headless: false, moz:platformVersion: 6.2.0-39-generic, moz:processID: 1216341, moz:profile: /tmp/rust_mozprofileTN8bZh, moz:shutdownTimeout: 60000, moz:webdriverClick: true, moz:windowless: false, pageLoadStrategy: normal, platformName: linux, proxy: Proxy(), se:cdp: ws://127.0.0.1:4565/devtool..., se:cdpVersion: 85.0, setWindowRect: true, strictFileInteractability: false, timeouts: {implicit: 0, pageLoad: 300000, script: 30000}, unhandledPromptBehavior: dismiss and notify}
Session ID: 6eb82aac-bf52-4ea2-b5e3-9de78f91ce3f
	at com.selenium.ApplicationImages.getAndroidVersionDetails_Heading(ApplicationImages.java:251)
</failure>
  </testcase>
  <testcase name="androidVersion_Editable_or_Not" classname="com.selenium.ApplicationImages" time="0.003"/>
  <testcase name="apkAndroidDwnld" classname="com.selenium.ApplicationImages" time="3.006"/>
  <testcase name="selectIOS" classname="com.selenium.ApplicationImages" time="3.003"/>
  <testcase name="getiOSDetails" classname="com.selenium.ApplicationImages" time="0.003">
    <failure message="Unable to locate element: #lbliosTitle&#10;For documentation on this error, please visit: https://www.selenium.dev/documentation/webdriver/troubleshooting/errors#no-such-element-exception&#10;Build info: version: &apos;4.10.0&apos;, revision: &apos;c14d967899&apos;&#10;System info: os.name: &apos;Linux&apos;, os.arch: &apos;amd64&apos;, os.version: &apos;6.2.0-39-generic&apos;, java.version: &apos;18.0.2-ea&apos;&#10;Driver info: org.openqa.selenium.firefox.FirefoxDriver&#10;Command: [6eb82aac-bf52-4ea2-b5e3-9de78f91ce3f, findElement {using=id, value=lbliosTitle}]&#10;Capabilities {acceptInsecureCerts: true, browserName: firefox, browserVersion: 121.0, moz:accessibilityChecks: false, moz:buildID: 20231220184444, moz:debuggerAddress: 127.0.0.1:4565, moz:geckodriverVersion: 0.33.0, moz:headless: false, moz:platformVersion: 6.2.0-39-generic, moz:processID: 1216341, moz:profile: /tmp/rust_mozprofileTN8bZh, moz:shutdownTimeout: 60000, moz:webdriverClick: true, moz:windowless: false, pageLoadStrategy: normal, platformName: linux, proxy: Proxy(), se:cdp: ws://127.0.0.1:4565/devtool..., se:cdpVersion: 85.0, setWindowRect: true, strictFileInteractability: false, timeouts: {implicit: 0, pageLoad: 300000, script: 30000}, unhandledPromptBehavior: dismiss and notify}&#10;Session ID: 6eb82aac-bf52-4ea2-b5e3-9de78f91ce3f" type="org.openqa.selenium.NoSuchElementException">org.openqa.selenium.NoSuchElementException: 
Unable to locate element: #lbliosTitle
For documentation on this error, please visit: https://www.selenium.dev/documentation/webdriver/troubleshooting/errors#no-such-element-exception
Build info: version: '4.10.0', revision: 'c14d967899'
System info: os.name: 'Linux', os.arch: 'amd64', os.version: '6.2.0-39-generic', java.version: '18.0.2-ea'
Driver info: org.openqa.selenium.firefox.FirefoxDriver
Command: [6eb82aac-bf52-4ea2-b5e3-9de78f91ce3f, findElement {using=id, value=lbliosTitle}]
Capabilities {acceptInsecureCerts: true, browserName: firefox, browserVersion: 121.0, moz:accessibilityChecks: false, moz:buildID: 20231220184444, moz:debuggerAddress: 127.0.0.1:4565, moz:geckodriverVersion: 0.33.0, moz:headless: false, moz:platformVersion: 6.2.0-39-generic, moz:processID: 1216341, moz:profile: /tmp/rust_mozprofileTN8bZh, moz:shutdownTimeout: 60000, moz:webdriverClick: true, moz:windowless: false, pageLoadStrategy: normal, platformName: linux, proxy: Proxy(), se:cdp: ws://127.0.0.1:4565/devtool..., se:cdpVersion: 85.0, setWindowRect: true, strictFileInteractability: false, timeouts: {implicit: 0, pageLoad: 300000, script: 30000}, unhandledPromptBehavior: dismiss and notify}
Session ID: 6eb82aac-bf52-4ea2-b5e3-9de78f91ce3f
	at com.selenium.ApplicationImages.getiOSDetails(ApplicationImages.java:331)
</failure>
  </testcase>
  <testcase name="iOSDetails_Editable_Or_Not" classname="com.selenium.ApplicationImages" time="0.003"/>
  <testcase name="selectiOSVersion" classname="com.selenium.ApplicationImages" time="3.007"/>
  <testcase name="iOSVersion_Editable_or_Not" classname="com.selenium.ApplicationImages" time="0.006"/>
  <testcase name="getiOSVersionDetails_Heading" classname="com.selenium.ApplicationImages" time="0.007">
    <failure message="Unable to locate element: #lbliosVersionTitle&#10;For documentation on this error, please visit: https://www.selenium.dev/documentation/webdriver/troubleshooting/errors#no-such-element-exception&#10;Build info: version: &apos;4.10.0&apos;, revision: &apos;c14d967899&apos;&#10;System info: os.name: &apos;Linux&apos;, os.arch: &apos;amd64&apos;, os.version: &apos;6.2.0-39-generic&apos;, java.version: &apos;18.0.2-ea&apos;&#10;Driver info: org.openqa.selenium.firefox.FirefoxDriver&#10;Command: [6eb82aac-bf52-4ea2-b5e3-9de78f91ce3f, findElement {using=id, value=lbliosVersionTitle}]&#10;Capabilities {acceptInsecureCerts: true, browserName: firefox, browserVersion: 121.0, moz:accessibilityChecks: false, moz:buildID: 20231220184444, moz:debuggerAddress: 127.0.0.1:4565, moz:geckodriverVersion: 0.33.0, moz:headless: false, moz:platformVersion: 6.2.0-39-generic, moz:processID: 1216341, moz:profile: /tmp/rust_mozprofileTN8bZh, moz:shutdownTimeout: 60000, moz:webdriverClick: true, moz:windowless: false, pageLoadStrategy: normal, platformName: linux, proxy: Proxy(), se:cdp: ws://127.0.0.1:4565/devtool..., se:cdpVersion: 85.0, setWindowRect: true, strictFileInteractability: false, timeouts: {implicit: 0, pageLoad: 300000, script: 30000}, unhandledPromptBehavior: dismiss and notify}&#10;Session ID: 6eb82aac-bf52-4ea2-b5e3-9de78f91ce3f" type="org.openqa.selenium.NoSuchElementException">org.openqa.selenium.NoSuchElementException: 
Unable to locate element: #lbliosVersionTitle
For documentation on this error, please visit: https://www.selenium.dev/documentation/webdriver/troubleshooting/errors#no-such-element-exception
Build info: version: '4.10.0', revision: 'c14d967899'
System info: os.name: 'Linux', os.arch: 'amd64', os.version: '6.2.0-39-generic', java.version: '18.0.2-ea'
Driver info: org.openqa.selenium.firefox.FirefoxDriver
Command: [6eb82aac-bf52-4ea2-b5e3-9de78f91ce3f, findElement {using=id, value=lbliosVersionTitle}]
Capabilities {acceptInsecureCerts: true, browserName: firefox, browserVersion: 121.0, moz:accessibilityChecks: false, moz:buildID: 20231220184444, moz:debuggerAddress: 127.0.0.1:4565, moz:geckodriverVersion: 0.33.0, moz:headless: false, moz:platformVersion: 6.2.0-39-generic, moz:processID: 1216341, moz:profile: /tmp/rust_mozprofileTN8bZh, moz:shutdownTimeout: 60000, moz:webdriverClick: true, moz:windowless: false, pageLoadStrategy: normal, platformName: linux, proxy: Proxy(), se:cdp: ws://127.0.0.1:4565/devtool..., se:cdpVersion: 85.0, setWindowRect: true, strictFileInteractability: false, timeouts: {implicit: 0, pageLoad: 300000, script: 30000}, unhandledPromptBehavior: dismiss and notify}
Session ID: 6eb82aac-bf52-4ea2-b5e3-9de78f91ce3f
	at com.selenium.ApplicationImages.getiOSVersionDetails_Heading(ApplicationImages.java:423)
</failure>
  </testcase>
  <testcase name="apkiOSDwnld" classname="com.selenium.ApplicationImages" time="3.007"/>
  <testcase name="selectmPOS" classname="com.selenium.ApplicationImages" time="3.003"/>
  <testcase name="getmPOSDetails" classname="com.selenium.ApplicationImages" time="0.003">
    <failure message="Unable to locate element: #lblmposTitle&#10;For documentation on this error, please visit: https://www.selenium.dev/documentation/webdriver/troubleshooting/errors#no-such-element-exception&#10;Build info: version: &apos;4.10.0&apos;, revision: &apos;c14d967899&apos;&#10;System info: os.name: &apos;Linux&apos;, os.arch: &apos;amd64&apos;, os.version: &apos;6.2.0-39-generic&apos;, java.version: &apos;18.0.2-ea&apos;&#10;Driver info: org.openqa.selenium.firefox.FirefoxDriver&#10;Command: [6eb82aac-bf52-4ea2-b5e3-9de78f91ce3f, findElement {using=id, value=lblmposTitle}]&#10;Capabilities {acceptInsecureCerts: true, browserName: firefox, browserVersion: 121.0, moz:accessibilityChecks: false, moz:buildID: 20231220184444, moz:debuggerAddress: 127.0.0.1:4565, moz:geckodriverVersion: 0.33.0, moz:headless: false, moz:platformVersion: 6.2.0-39-generic, moz:processID: 1216341, moz:profile: /tmp/rust_mozprofileTN8bZh, moz:shutdownTimeout: 60000, moz:webdriverClick: true, moz:windowless: false, pageLoadStrategy: normal, platformName: linux, proxy: Proxy(), se:cdp: ws://127.0.0.1:4565/devtool..., se:cdpVersion: 85.0, setWindowRect: true, strictFileInteractability: false, timeouts: {implicit: 0, pageLoad: 300000, script: 30000}, unhandledPromptBehavior: dismiss and notify}&#10;Session ID: 6eb82aac-bf52-4ea2-b5e3-9de78f91ce3f" type="org.openqa.selenium.NoSuchElementException">org.openqa.selenium.NoSuchElementException: 
Unable to locate element: #lblmposTitle
For documentation on this error, please visit: https://www.selenium.dev/documentation/webdriver/troubleshooting/errors#no-such-element-exception
Build info: version: '4.10.0', revision: 'c14d967899'
System info: os.name: 'Linux', os.arch: 'amd64', os.version: '6.2.0-39-generic', java.version: '18.0.2-ea'
Driver info: org.openqa.selenium.firefox.FirefoxDriver
Command: [6eb82aac-bf52-4ea2-b5e3-9de78f91ce3f, findElement {using=id, value=lblmposTitle}]
Capabilities {acceptInsecureCerts: true, browserName: firefox, browserVersion: 121.0, moz:accessibilityChecks: false, moz:buildID: 20231220184444, moz:debuggerAddress: 127.0.0.1:4565, moz:geckodriverVersion: 0.33.0, moz:headless: false, moz:platformVersion: 6.2.0-39-generic, moz:processID: 1216341, moz:profile: /tmp/rust_mozprofileTN8bZh, moz:shutdownTimeout: 60000, moz:webdriverClick: true, moz:windowless: false, pageLoadStrategy: normal, platformName: linux, proxy: Proxy(), se:cdp: ws://127.0.0.1:4565/devtool..., se:cdpVersion: 85.0, setWindowRect: true, strictFileInteractability: false, timeouts: {implicit: 0, pageLoad: 300000, script: 30000}, unhandledPromptBehavior: dismiss and notify}
Session ID: 6eb82aac-bf52-4ea2-b5e3-9de78f91ce3f
	at com.selenium.ApplicationImages.getmPOSDetails(ApplicationImages.java:468)
</failure>
  </testcase>
  <testcase name="mPOSDetails_Editable_Or_Not" classname="com.selenium.ApplicationImages" time="0.002"/>
  <testcase name="selectmPOSVersion" classname="com.selenium.ApplicationImages" time="3.006"/>
  <testcase name="apkmPOSDwnld" classname="com.selenium.ApplicationImages" time="3.002"/>
  <testcase name="logout" classname="com.selenium.ApplicationImages" time="5.24"/>
  <testcase name="login" classname="com.selenium.SiteConfig" time="5.598"/>
  <testcase name="revenueDashboardOpen" classname="com.selenium.SiteConfig" time="5.302"/>
  <testcase name="siteConfigurationPage" classname="com.selenium.SiteConfig" time="2.59"/>
  <testcase name="jstreeOrg" classname="com.selenium.SiteConfig" time="2.415"/>
  <testcase name="jstreeZone" classname="com.selenium.SiteConfig" time="2.005">
    <failure message="Unable to locate element: //li[@id=&apos;city_5&apos;]/i&#10;For documentation on this error, please visit: https://www.selenium.dev/documentation/webdriver/troubleshooting/errors#no-such-element-exception&#10;Build info: version: &apos;4.10.0&apos;, revision: &apos;c14d967899&apos;&#10;System info: os.name: &apos;Linux&apos;, os.arch: &apos;amd64&apos;, os.version: &apos;6.2.0-39-generic&apos;, java.version: &apos;18.0.2-ea&apos;&#10;Driver info: org.openqa.selenium.firefox.FirefoxDriver&#10;Command: [9ad7a0bc-b90b-473d-89f5-c72f6ce7faa0, findElement {using=xpath, value=//li[@id=&apos;city_5&apos;]/i}]&#10;Capabilities {acceptInsecureCerts: true, browserName: firefox, browserVersion: 121.0, moz:accessibilityChecks: false, moz:buildID: 20231220184444, moz:debuggerAddress: 127.0.0.1:2266, moz:geckodriverVersion: 0.33.0, moz:headless: false, moz:platformVersion: 6.2.0-39-generic, moz:processID: 1217703, moz:profile: /tmp/rust_mozprofileWURFkL, moz:shutdownTimeout: 60000, moz:webdriverClick: true, moz:windowless: false, pageLoadStrategy: normal, platformName: linux, proxy: Proxy(), se:cdp: ws://127.0.0.1:2266/devtool..., se:cdpVersion: 85.0, setWindowRect: true, strictFileInteractability: false, timeouts: {implicit: 0, pageLoad: 300000, script: 30000}, unhandledPromptBehavior: dismiss and notify}&#10;Session ID: 9ad7a0bc-b90b-473d-89f5-c72f6ce7faa0" type="org.openqa.selenium.NoSuchElementException">org.openqa.selenium.NoSuchElementException: 
Unable to locate element: //li[@id='city_5']/i
For documentation on this error, please visit: https://www.selenium.dev/documentation/webdriver/troubleshooting/errors#no-such-element-exception
Build info: version: '4.10.0', revision: 'c14d967899'
System info: os.name: 'Linux', os.arch: 'amd64', os.version: '6.2.0-39-generic', java.version: '18.0.2-ea'
Driver info: org.openqa.selenium.firefox.FirefoxDriver
Command: [9ad7a0bc-b90b-473d-89f5-c72f6ce7faa0, findElement {using=xpath, value=//li[@id='city_5']/i}]
Capabilities {acceptInsecureCerts: true, browserName: firefox, browserVersion: 121.0, moz:accessibilityChecks: false, moz:buildID: 20231220184444, moz:debuggerAddress: 127.0.0.1:2266, moz:geckodriverVersion: 0.33.0, moz:headless: false, moz:platformVersion: 6.2.0-39-generic, moz:processID: 1217703, moz:profile: /tmp/rust_mozprofileWURFkL, moz:shutdownTimeout: 60000, moz:webdriverClick: true, moz:windowless: false, pageLoadStrategy: normal, platformName: linux, proxy: Proxy(), se:cdp: ws://127.0.0.1:2266/devtool..., se:cdpVersion: 85.0, setWindowRect: true, strictFileInteractability: false, timeouts: {implicit: 0, pageLoad: 300000, script: 30000}, unhandledPromptBehavior: dismiss and notify}
Session ID: 9ad7a0bc-b90b-473d-89f5-c72f6ce7faa0
	at com.selenium.SiteConfig.jstreeZone(SiteConfig.java:82)
</failure>
  </testcase>
  <testcase name="jstreeSites" classname="com.selenium.SiteConfig" time="0.005">
    <failure message="Unable to locate element: //li[@id=&apos;zone_1&apos;]/i&#10;For documentation on this error, please visit: https://www.selenium.dev/documentation/webdriver/troubleshooting/errors#no-such-element-exception&#10;Build info: version: &apos;4.10.0&apos;, revision: &apos;c14d967899&apos;&#10;System info: os.name: &apos;Linux&apos;, os.arch: &apos;amd64&apos;, os.version: &apos;6.2.0-39-generic&apos;, java.version: &apos;18.0.2-ea&apos;&#10;Driver info: org.openqa.selenium.firefox.FirefoxDriver&#10;Command: [9ad7a0bc-b90b-473d-89f5-c72f6ce7faa0, findElement {using=xpath, value=//li[@id=&apos;zone_1&apos;]/i}]&#10;Capabilities {acceptInsecureCerts: true, browserName: firefox, browserVersion: 121.0, moz:accessibilityChecks: false, moz:buildID: 20231220184444, moz:debuggerAddress: 127.0.0.1:2266, moz:geckodriverVersion: 0.33.0, moz:headless: false, moz:platformVersion: 6.2.0-39-generic, moz:processID: 1217703, moz:profile: /tmp/rust_mozprofileWURFkL, moz:shutdownTimeout: 60000, moz:webdriverClick: true, moz:windowless: false, pageLoadStrategy: normal, platformName: linux, proxy: Proxy(), se:cdp: ws://127.0.0.1:2266/devtool..., se:cdpVersion: 85.0, setWindowRect: true, strictFileInteractability: false, timeouts: {implicit: 0, pageLoad: 300000, script: 30000}, unhandledPromptBehavior: dismiss and notify}&#10;Session ID: 9ad7a0bc-b90b-473d-89f5-c72f6ce7faa0" type="org.openqa.selenium.NoSuchElementException">org.openqa.selenium.NoSuchElementException: 
Unable to locate element: //li[@id='zone_1']/i
For documentation on this error, please visit: https://www.selenium.dev/documentation/webdriver/troubleshooting/errors#no-such-element-exception
Build info: version: '4.10.0', revision: 'c14d967899'
System info: os.name: 'Linux', os.arch: 'amd64', os.version: '6.2.0-39-generic', java.version: '18.0.2-ea'
Driver info: org.openqa.selenium.firefox.FirefoxDriver
Command: [9ad7a0bc-b90b-473d-89f5-c72f6ce7faa0, findElement {using=xpath, value=//li[@id='zone_1']/i}]
Capabilities {acceptInsecureCerts: true, browserName: firefox, browserVersion: 121.0, moz:accessibilityChecks: false, moz:buildID: 20231220184444, moz:debuggerAddress: 127.0.0.1:2266, moz:geckodriverVersion: 0.33.0, moz:headless: false, moz:platformVersion: 6.2.0-39-generic, moz:processID: 1217703, moz:profile: /tmp/rust_mozprofileWURFkL, moz:shutdownTimeout: 60000, moz:webdriverClick: true, moz:windowless: false, pageLoadStrategy: normal, platformName: linux, proxy: Proxy(), se:cdp: ws://127.0.0.1:2266/devtool..., se:cdpVersion: 85.0, setWindowRect: true, strictFileInteractability: false, timeouts: {implicit: 0, pageLoad: 300000, script: 30000}, unhandledPromptBehavior: dismiss and notify}
Session ID: 9ad7a0bc-b90b-473d-89f5-c72f6ce7faa0
	at com.selenium.SiteConfig.jstreeSites(SiteConfig.java:87)
</failure>
  </testcase>
  <testcase name="jstreeOFFstreet" classname="com.selenium.SiteConfig" time="0.01">
    <failure message="Unable to locate element: //*[@id=&apos;site_56&apos;]/ul&#10;For documentation on this error, please visit: https://www.selenium.dev/documentation/webdriver/troubleshooting/errors#no-such-element-exception&#10;Build info: version: &apos;4.10.0&apos;, revision: &apos;c14d967899&apos;&#10;System info: os.name: &apos;Linux&apos;, os.arch: &apos;amd64&apos;, os.version: &apos;6.2.0-39-generic&apos;, java.version: &apos;18.0.2-ea&apos;&#10;Driver info: org.openqa.selenium.firefox.FirefoxDriver&#10;Command: [9ad7a0bc-b90b-473d-89f5-c72f6ce7faa0, findElement {using=xpath, value=//*[@id=&apos;site_56&apos;]/ul}]&#10;Capabilities {acceptInsecureCerts: true, browserName: firefox, browserVersion: 121.0, moz:accessibilityChecks: false, moz:buildID: 20231220184444, moz:debuggerAddress: 127.0.0.1:2266, moz:geckodriverVersion: 0.33.0, moz:headless: false, moz:platformVersion: 6.2.0-39-generic, moz:processID: 1217703, moz:profile: /tmp/rust_mozprofileWURFkL, moz:shutdownTimeout: 60000, moz:webdriverClick: true, moz:windowless: false, pageLoadStrategy: normal, platformName: linux, proxy: Proxy(), se:cdp: ws://127.0.0.1:2266/devtool..., se:cdpVersion: 85.0, setWindowRect: true, strictFileInteractability: false, timeouts: {implicit: 0, pageLoad: 300000, script: 30000}, unhandledPromptBehavior: dismiss and notify}&#10;Session ID: 9ad7a0bc-b90b-473d-89f5-c72f6ce7faa0" type="org.openqa.selenium.NoSuchElementException">org.openqa.selenium.NoSuchElementException: 
Unable to locate element: //*[@id='site_56']/ul
For documentation on this error, please visit: https://www.selenium.dev/documentation/webdriver/troubleshooting/errors#no-such-element-exception
Build info: version: '4.10.0', revision: 'c14d967899'
System info: os.name: 'Linux', os.arch: 'amd64', os.version: '6.2.0-39-generic', java.version: '18.0.2-ea'
Driver info: org.openqa.selenium.firefox.FirefoxDriver
Command: [9ad7a0bc-b90b-473d-89f5-c72f6ce7faa0, findElement {using=xpath, value=//*[@id='site_56']/ul}]
Capabilities {acceptInsecureCerts: true, browserName: firefox, browserVersion: 121.0, moz:accessibilityChecks: false, moz:buildID: 20231220184444, moz:debuggerAddress: 127.0.0.1:2266, moz:geckodriverVersion: 0.33.0, moz:headless: false, moz:platformVersion: 6.2.0-39-generic, moz:processID: 1217703, moz:profile: /tmp/rust_mozprofileWURFkL, moz:shutdownTimeout: 60000, moz:webdriverClick: true, moz:windowless: false, pageLoadStrategy: normal, platformName: linux, proxy: Proxy(), se:cdp: ws://127.0.0.1:2266/devtool..., se:cdpVersion: 85.0, setWindowRect: true, strictFileInteractability: false, timeouts: {implicit: 0, pageLoad: 300000, script: 30000}, unhandledPromptBehavior: dismiss and notify}
Session ID: 9ad7a0bc-b90b-473d-89f5-c72f6ce7faa0
	at com.selenium.SiteConfig.jstreeOFFstreet(SiteConfig.java:94)
</failure>
  </testcase>
  <testcase name="jstreeOFFstreetDevices" classname="com.selenium.SiteConfig" time="1.01">
    <failure message="Unable to locate element: //*[@id=&apos;level_61&apos;]/i&#10;For documentation on this error, please visit: https://www.selenium.dev/documentation/webdriver/troubleshooting/errors#no-such-element-exception&#10;Build info: version: &apos;4.10.0&apos;, revision: &apos;c14d967899&apos;&#10;System info: os.name: &apos;Linux&apos;, os.arch: &apos;amd64&apos;, os.version: &apos;6.2.0-39-generic&apos;, java.version: &apos;18.0.2-ea&apos;&#10;Driver info: org.openqa.selenium.firefox.FirefoxDriver&#10;Command: [9ad7a0bc-b90b-473d-89f5-c72f6ce7faa0, findElement {using=xpath, value=//*[@id=&apos;level_61&apos;]/i}]&#10;Capabilities {acceptInsecureCerts: true, browserName: firefox, browserVersion: 121.0, moz:accessibilityChecks: false, moz:buildID: 20231220184444, moz:debuggerAddress: 127.0.0.1:2266, moz:geckodriverVersion: 0.33.0, moz:headless: false, moz:platformVersion: 6.2.0-39-generic, moz:processID: 1217703, moz:profile: /tmp/rust_mozprofileWURFkL, moz:shutdownTimeout: 60000, moz:webdriverClick: true, moz:windowless: false, pageLoadStrategy: normal, platformName: linux, proxy: Proxy(), se:cdp: ws://127.0.0.1:2266/devtool..., se:cdpVersion: 85.0, setWindowRect: true, strictFileInteractability: false, timeouts: {implicit: 0, pageLoad: 300000, script: 30000}, unhandledPromptBehavior: dismiss and notify}&#10;Session ID: 9ad7a0bc-b90b-473d-89f5-c72f6ce7faa0" type="org.openqa.selenium.NoSuchElementException">org.openqa.selenium.NoSuchElementException: 
Unable to locate element: //*[@id='level_61']/i
For documentation on this error, please visit: https://www.selenium.dev/documentation/webdriver/troubleshooting/errors#no-such-element-exception
Build info: version: '4.10.0', revision: 'c14d967899'
System info: os.name: 'Linux', os.arch: 'amd64', os.version: '6.2.0-39-generic', java.version: '18.0.2-ea'
Driver info: org.openqa.selenium.firefox.FirefoxDriver
Command: [9ad7a0bc-b90b-473d-89f5-c72f6ce7faa0, findElement {using=xpath, value=//*[@id='level_61']/i}]
Capabilities {acceptInsecureCerts: true, browserName: firefox, browserVersion: 121.0, moz:accessibilityChecks: false, moz:buildID: 20231220184444, moz:debuggerAddress: 127.0.0.1:2266, moz:geckodriverVersion: 0.33.0, moz:headless: false, moz:platformVersion: 6.2.0-39-generic, moz:processID: 1217703, moz:profile: /tmp/rust_mozprofileWURFkL, moz:shutdownTimeout: 60000, moz:webdriverClick: true, moz:windowless: false, pageLoadStrategy: normal, platformName: linux, proxy: Proxy(), se:cdp: ws://127.0.0.1:2266/devtool..., se:cdpVersion: 85.0, setWindowRect: true, strictFileInteractability: false, timeouts: {implicit: 0, pageLoad: 300000, script: 30000}, unhandledPromptBehavior: dismiss and notify}
Session ID: 9ad7a0bc-b90b-473d-89f5-c72f6ce7faa0
	at com.selenium.SiteConfig.jstreeOFFstreetDevices(SiteConfig.java:101)
</failure>
  </testcase>
  <testcase name="addSingleDevicebtn" classname="com.selenium.SiteConfig" time="1.021">
    <failure message="Element &lt;button id=&quot;btnAddDevices&quot; class=&quot;btn btn-sm btn-primary float-right&quot; type=&quot;button&quot;&gt; could not be scrolled into view&#10;Build info: version: &apos;4.10.0&apos;, revision: &apos;c14d967899&apos;&#10;System info: os.name: &apos;Linux&apos;, os.arch: &apos;amd64&apos;, os.version: &apos;6.2.0-39-generic&apos;, java.version: &apos;18.0.2-ea&apos;&#10;Driver info: org.openqa.selenium.firefox.FirefoxDriver&#10;Command: [9ad7a0bc-b90b-473d-89f5-c72f6ce7faa0, clickElement {id=e1e672d9-de6f-4405-87a1-e8e4f2d5defd}]&#10;Capabilities {acceptInsecureCerts: true, browserName: firefox, browserVersion: 121.0, moz:accessibilityChecks: false, moz:buildID: 20231220184444, moz:debuggerAddress: 127.0.0.1:2266, moz:geckodriverVersion: 0.33.0, moz:headless: false, moz:platformVersion: 6.2.0-39-generic, moz:processID: 1217703, moz:profile: /tmp/rust_mozprofileWURFkL, moz:shutdownTimeout: 60000, moz:webdriverClick: true, moz:windowless: false, pageLoadStrategy: normal, platformName: linux, proxy: Proxy(), se:cdp: ws://127.0.0.1:2266/devtool..., se:cdpVersion: 85.0, setWindowRect: true, strictFileInteractability: false, timeouts: {implicit: 0, pageLoad: 300000, script: 30000}, unhandledPromptBehavior: dismiss and notify}&#10;Element: [[FirefoxDriver: firefox on linux (9ad7a0bc-b90b-473d-89f5-c72f6ce7faa0)] -&gt; xpath: //*[@id=&apos;btnAddDevices&apos;]]&#10;Session ID: 9ad7a0bc-b90b-473d-89f5-c72f6ce7faa0" type="org.openqa.selenium.ElementNotInteractableException"><![CDATA[org.openqa.selenium.ElementNotInteractableException: 
Element <button id="btnAddDevices" class="btn btn-sm btn-primary float-right" type="button"> could not be scrolled into view
Build info: version: '4.10.0', revision: 'c14d967899'
System info: os.name: 'Linux', os.arch: 'amd64', os.version: '6.2.0-39-generic', java.version: '18.0.2-ea'
Driver info: org.openqa.selenium.firefox.FirefoxDriver
Command: [9ad7a0bc-b90b-473d-89f5-c72f6ce7faa0, clickElement {id=e1e672d9-de6f-4405-87a1-e8e4f2d5defd}]
Capabilities {acceptInsecureCerts: true, browserName: firefox, browserVersion: 121.0, moz:accessibilityChecks: false, moz:buildID: 20231220184444, moz:debuggerAddress: 127.0.0.1:2266, moz:geckodriverVersion: 0.33.0, moz:headless: false, moz:platformVersion: 6.2.0-39-generic, moz:processID: 1217703, moz:profile: /tmp/rust_mozprofileWURFkL, moz:shutdownTimeout: 60000, moz:webdriverClick: true, moz:windowless: false, pageLoadStrategy: normal, platformName: linux, proxy: Proxy(), se:cdp: ws://127.0.0.1:2266/devtool..., se:cdpVersion: 85.0, setWindowRect: true, strictFileInteractability: false, timeouts: {implicit: 0, pageLoad: 300000, script: 30000}, unhandledPromptBehavior: dismiss and notify}
Element: [[FirefoxDriver: firefox on linux (9ad7a0bc-b90b-473d-89f5-c72f6ce7faa0)] -> xpath: //*[@id='btnAddDevices']]
Session ID: 9ad7a0bc-b90b-473d-89f5-c72f6ce7faa0
	at com.selenium.SiteConfig.addSingleDevicebtn(SiteConfig.java:109)
]]></failure>
  </testcase>
  <testcase name="selectFasTag" classname="com.selenium.SiteConfig" time="0.048"/>
  <testcase name="fasTagControllerDetails" classname="com.selenium.SiteConfig" time="0.995">
    <failure message="Element &lt;input id=&quot;fcDeviceName&quot; class=&quot;form-control&quot; name=&quot;fcDeviceName&quot; type=&quot;text&quot;&gt; is not reachable by keyboard&#10;Build info: version: &apos;4.10.0&apos;, revision: &apos;c14d967899&apos;&#10;System info: os.name: &apos;Linux&apos;, os.arch: &apos;amd64&apos;, os.version: &apos;6.2.0-39-generic&apos;, java.version: &apos;18.0.2-ea&apos;&#10;Driver info: org.openqa.selenium.firefox.FirefoxDriver&#10;Command: [9ad7a0bc-b90b-473d-89f5-c72f6ce7faa0, sendKeysToElement {id=a0191bc7-3094-4c88-ba6f-d91a45576cdd, value=[Ljava.lang.CharSequence;@2c4a841d}]&#10;Capabilities {acceptInsecureCerts: true, browserName: firefox, browserVersion: 121.0, moz:accessibilityChecks: false, moz:buildID: 20231220184444, moz:debuggerAddress: 127.0.0.1:2266, moz:geckodriverVersion: 0.33.0, moz:headless: false, moz:platformVersion: 6.2.0-39-generic, moz:processID: 1217703, moz:profile: /tmp/rust_mozprofileWURFkL, moz:shutdownTimeout: 60000, moz:webdriverClick: true, moz:windowless: false, pageLoadStrategy: normal, platformName: linux, proxy: Proxy(), se:cdp: ws://127.0.0.1:2266/devtool..., se:cdpVersion: 85.0, setWindowRect: true, strictFileInteractability: false, timeouts: {implicit: 0, pageLoad: 300000, script: 30000}, unhandledPromptBehavior: dismiss and notify}&#10;Element: [[FirefoxDriver: firefox on linux (9ad7a0bc-b90b-473d-89f5-c72f6ce7faa0)] -&gt; id: fcDeviceName]&#10;Session ID: 9ad7a0bc-b90b-473d-89f5-c72f6ce7faa0" type="org.openqa.selenium.ElementNotInteractableException"><![CDATA[org.openqa.selenium.ElementNotInteractableException: 
Element <input id="fcDeviceName" class="form-control" name="fcDeviceName" type="text"> is not reachable by keyboard
Build info: version: '4.10.0', revision: 'c14d967899'
System info: os.name: 'Linux', os.arch: 'amd64', os.version: '6.2.0-39-generic', java.version: '18.0.2-ea'
Driver info: org.openqa.selenium.firefox.FirefoxDriver
Command: [9ad7a0bc-b90b-473d-89f5-c72f6ce7faa0, sendKeysToElement {id=a0191bc7-3094-4c88-ba6f-d91a45576cdd, value=[Ljava.lang.CharSequence;@2c4a841d}]
Capabilities {acceptInsecureCerts: true, browserName: firefox, browserVersion: 121.0, moz:accessibilityChecks: false, moz:buildID: 20231220184444, moz:debuggerAddress: 127.0.0.1:2266, moz:geckodriverVersion: 0.33.0, moz:headless: false, moz:platformVersion: 6.2.0-39-generic, moz:processID: 1217703, moz:profile: /tmp/rust_mozprofileWURFkL, moz:shutdownTimeout: 60000, moz:webdriverClick: true, moz:windowless: false, pageLoadStrategy: normal, platformName: linux, proxy: Proxy(), se:cdp: ws://127.0.0.1:2266/devtool..., se:cdpVersion: 85.0, setWindowRect: true, strictFileInteractability: false, timeouts: {implicit: 0, pageLoad: 300000, script: 30000}, unhandledPromptBehavior: dismiss and notify}
Element: [[FirefoxDriver: firefox on linux (9ad7a0bc-b90b-473d-89f5-c72f6ce7faa0)] -> id: fcDeviceName]
Session ID: 9ad7a0bc-b90b-473d-89f5-c72f6ce7faa0
	at com.selenium.SiteConfig.fasTagControllerDetails(SiteConfig.java:137)
]]></failure>
  </testcase>
  <testcase name="openTreeSecondTime" classname="com.selenium.SiteConfig" time="18.012">
    <failure message="Unable to locate element: #ftControllerID_2&#10;For documentation on this error, please visit: https://www.selenium.dev/documentation/webdriver/troubleshooting/errors#no-such-element-exception&#10;Build info: version: &apos;4.10.0&apos;, revision: &apos;c14d967899&apos;&#10;System info: os.name: &apos;Linux&apos;, os.arch: &apos;amd64&apos;, os.version: &apos;6.2.0-39-generic&apos;, java.version: &apos;18.0.2-ea&apos;&#10;Driver info: org.openqa.selenium.firefox.FirefoxDriver&#10;Command: [9ad7a0bc-b90b-473d-89f5-c72f6ce7faa0, findElement {using=id, value=ftControllerID_2}]&#10;Capabilities {acceptInsecureCerts: true, browserName: firefox, browserVersion: 121.0, moz:accessibilityChecks: false, moz:buildID: 20231220184444, moz:debuggerAddress: 127.0.0.1:2266, moz:geckodriverVersion: 0.33.0, moz:headless: false, moz:platformVersion: 6.2.0-39-generic, moz:processID: 1217703, moz:profile: /tmp/rust_mozprofileWURFkL, moz:shutdownTimeout: 60000, moz:webdriverClick: true, moz:windowless: false, pageLoadStrategy: normal, platformName: linux, proxy: Proxy(), se:cdp: ws://127.0.0.1:2266/devtool..., se:cdpVersion: 85.0, setWindowRect: true, strictFileInteractability: false, timeouts: {implicit: 0, pageLoad: 300000, script: 30000}, unhandledPromptBehavior: dismiss and notify}&#10;Session ID: 9ad7a0bc-b90b-473d-89f5-c72f6ce7faa0" type="org.openqa.selenium.NoSuchElementException">org.openqa.selenium.NoSuchElementException: 
Unable to locate element: #ftControllerID_2
For documentation on this error, please visit: https://www.selenium.dev/documentation/webdriver/troubleshooting/errors#no-such-element-exception
Build info: version: '4.10.0', revision: 'c14d967899'
System info: os.name: 'Linux', os.arch: 'amd64', os.version: '6.2.0-39-generic', java.version: '18.0.2-ea'
Driver info: org.openqa.selenium.firefox.FirefoxDriver
Command: [9ad7a0bc-b90b-473d-89f5-c72f6ce7faa0, findElement {using=id, value=ftControllerID_2}]
Capabilities {acceptInsecureCerts: true, browserName: firefox, browserVersion: 121.0, moz:accessibilityChecks: false, moz:buildID: 20231220184444, moz:debuggerAddress: 127.0.0.1:2266, moz:geckodriverVersion: 0.33.0, moz:headless: false, moz:platformVersion: 6.2.0-39-generic, moz:processID: 1217703, moz:profile: /tmp/rust_mozprofileWURFkL, moz:shutdownTimeout: 60000, moz:webdriverClick: true, moz:windowless: false, pageLoadStrategy: normal, platformName: linux, proxy: Proxy(), se:cdp: ws://127.0.0.1:2266/devtool..., se:cdpVersion: 85.0, setWindowRect: true, strictFileInteractability: false, timeouts: {implicit: 0, pageLoad: 300000, script: 30000}, unhandledPromptBehavior: dismiss and notify}
Session ID: 9ad7a0bc-b90b-473d-89f5-c72f6ce7faa0
	at com.selenium.SiteConfig.openTreeSecondTime(SiteConfig.java:179)
</failure>
  </testcase>
  <testcase name="addFasTag" classname="com.selenium.SiteConfig" time="0.012">
    <failure message="Unable to locate element: //*[@id=&apos;ftControllerID_2_anchor&apos;]&#10;For documentation on this error, please visit: https://www.selenium.dev/documentation/webdriver/troubleshooting/errors#no-such-element-exception&#10;Build info: version: &apos;4.10.0&apos;, revision: &apos;c14d967899&apos;&#10;System info: os.name: &apos;Linux&apos;, os.arch: &apos;amd64&apos;, os.version: &apos;6.2.0-39-generic&apos;, java.version: &apos;18.0.2-ea&apos;&#10;Driver info: org.openqa.selenium.firefox.FirefoxDriver&#10;Command: [9ad7a0bc-b90b-473d-89f5-c72f6ce7faa0, findElement {using=xpath, value=//*[@id=&apos;ftControllerID_2_anchor&apos;]}]&#10;Capabilities {acceptInsecureCerts: true, browserName: firefox, browserVersion: 121.0, moz:accessibilityChecks: false, moz:buildID: 20231220184444, moz:debuggerAddress: 127.0.0.1:2266, moz:geckodriverVersion: 0.33.0, moz:headless: false, moz:platformVersion: 6.2.0-39-generic, moz:processID: 1217703, moz:profile: /tmp/rust_mozprofileWURFkL, moz:shutdownTimeout: 60000, moz:webdriverClick: true, moz:windowless: false, pageLoadStrategy: normal, platformName: linux, proxy: Proxy(), se:cdp: ws://127.0.0.1:2266/devtool..., se:cdpVersion: 85.0, setWindowRect: true, strictFileInteractability: false, timeouts: {implicit: 0, pageLoad: 300000, script: 30000}, unhandledPromptBehavior: dismiss and notify}&#10;Session ID: 9ad7a0bc-b90b-473d-89f5-c72f6ce7faa0" type="org.openqa.selenium.NoSuchElementException">org.openqa.selenium.NoSuchElementException: 
Unable to locate element: //*[@id='ftControllerID_2_anchor']
For documentation on this error, please visit: https://www.selenium.dev/documentation/webdriver/troubleshooting/errors#no-such-element-exception
Build info: version: '4.10.0', revision: 'c14d967899'
System info: os.name: 'Linux', os.arch: 'amd64', os.version: '6.2.0-39-generic', java.version: '18.0.2-ea'
Driver info: org.openqa.selenium.firefox.FirefoxDriver
Command: [9ad7a0bc-b90b-473d-89f5-c72f6ce7faa0, findElement {using=xpath, value=//*[@id='ftControllerID_2_anchor']}]
Capabilities {acceptInsecureCerts: true, browserName: firefox, browserVersion: 121.0, moz:accessibilityChecks: false, moz:buildID: 20231220184444, moz:debuggerAddress: 127.0.0.1:2266, moz:geckodriverVersion: 0.33.0, moz:headless: false, moz:platformVersion: 6.2.0-39-generic, moz:processID: 1217703, moz:profile: /tmp/rust_mozprofileWURFkL, moz:shutdownTimeout: 60000, moz:webdriverClick: true, moz:windowless: false, pageLoadStrategy: normal, platformName: linux, proxy: Proxy(), se:cdp: ws://127.0.0.1:2266/devtool..., se:cdpVersion: 85.0, setWindowRect: true, strictFileInteractability: false, timeouts: {implicit: 0, pageLoad: 300000, script: 30000}, unhandledPromptBehavior: dismiss and notify}
Session ID: 9ad7a0bc-b90b-473d-89f5-c72f6ce7faa0
	at com.selenium.SiteConfig.addFasTag(SiteConfig.java:185)
</failure>
  </testcase>
  <testcase name="addFasTagSelectftReader" classname="com.selenium.SiteConfig" time="3.023">
    <failure message="Element &lt;option&gt; could not be scrolled into view&#10;Build info: version: &apos;4.10.0&apos;, revision: &apos;c14d967899&apos;&#10;System info: os.name: &apos;Linux&apos;, os.arch: &apos;amd64&apos;, os.version: &apos;6.2.0-39-generic&apos;, java.version: &apos;18.0.2-ea&apos;&#10;Driver info: org.openqa.selenium.firefox.FirefoxDriver&#10;Command: [9ad7a0bc-b90b-473d-89f5-c72f6ce7faa0, clickElement {id=1f29365b-ca33-47d7-b30d-4b9368614180}]&#10;Capabilities {acceptInsecureCerts: true, browserName: firefox, browserVersion: 121.0, moz:accessibilityChecks: false, moz:buildID: 20231220184444, moz:debuggerAddress: 127.0.0.1:2266, moz:geckodriverVersion: 0.33.0, moz:headless: false, moz:platformVersion: 6.2.0-39-generic, moz:processID: 1217703, moz:profile: /tmp/rust_mozprofileWURFkL, moz:shutdownTimeout: 60000, moz:webdriverClick: true, moz:windowless: false, pageLoadStrategy: normal, platformName: linux, proxy: Proxy(), se:cdp: ws://127.0.0.1:2266/devtool..., se:cdpVersion: 85.0, setWindowRect: true, strictFileInteractability: false, timeouts: {implicit: 0, pageLoad: 300000, script: 30000}, unhandledPromptBehavior: dismiss and notify}&#10;Element: [[[[FirefoxDriver: firefox on linux (9ad7a0bc-b90b-473d-89f5-c72f6ce7faa0)] -&gt; id: fastagDeviceCatagory]] -&gt; xpath: .//option[@value = &quot;FastagReader&quot;]]&#10;Session ID: 9ad7a0bc-b90b-473d-89f5-c72f6ce7faa0" type="org.openqa.selenium.ElementNotInteractableException"><![CDATA[org.openqa.selenium.ElementNotInteractableException: 
Element <option> could not be scrolled into view
Build info: version: '4.10.0', revision: 'c14d967899'
System info: os.name: 'Linux', os.arch: 'amd64', os.version: '6.2.0-39-generic', java.version: '18.0.2-ea'
Driver info: org.openqa.selenium.firefox.FirefoxDriver
Command: [9ad7a0bc-b90b-473d-89f5-c72f6ce7faa0, clickElement {id=1f29365b-ca33-47d7-b30d-4b9368614180}]
Capabilities {acceptInsecureCerts: true, browserName: firefox, browserVersion: 121.0, moz:accessibilityChecks: false, moz:buildID: 20231220184444, moz:debuggerAddress: 127.0.0.1:2266, moz:geckodriverVersion: 0.33.0, moz:headless: false, moz:platformVersion: 6.2.0-39-generic, moz:processID: 1217703, moz:profile: /tmp/rust_mozprofileWURFkL, moz:shutdownTimeout: 60000, moz:webdriverClick: true, moz:windowless: false, pageLoadStrategy: normal, platformName: linux, proxy: Proxy(), se:cdp: ws://127.0.0.1:2266/devtool..., se:cdpVersion: 85.0, setWindowRect: true, strictFileInteractability: false, timeouts: {implicit: 0, pageLoad: 300000, script: 30000}, unhandledPromptBehavior: dismiss and notify}
Element: [[[[FirefoxDriver: firefox on linux (9ad7a0bc-b90b-473d-89f5-c72f6ce7faa0)] -> id: fastagDeviceCatagory]] -> xpath: .//option[@value = "FastagReader"]]
Session ID: 9ad7a0bc-b90b-473d-89f5-c72f6ce7faa0
	at com.selenium.SiteConfig.addFasTagSelectftReader(SiteConfig.java:195)
]]></failure>
  </testcase>
  <testcase name="addFasTagEnterDetails" classname="com.selenium.SiteConfig" time="0.007">
    <failure message="Element &lt;input id=&quot;fastagDeviceName&quot; class=&quot;form-control&quot; name=&quot;fastagDeviceName&quot; type=&quot;text&quot;&gt; is not reachable by keyboard&#10;Build info: version: &apos;4.10.0&apos;, revision: &apos;c14d967899&apos;&#10;System info: os.name: &apos;Linux&apos;, os.arch: &apos;amd64&apos;, os.version: &apos;6.2.0-39-generic&apos;, java.version: &apos;18.0.2-ea&apos;&#10;Driver info: org.openqa.selenium.firefox.FirefoxDriver&#10;Command: [9ad7a0bc-b90b-473d-89f5-c72f6ce7faa0, sendKeysToElement {id=33ccbaac-d89c-4889-95cc-eece9ac5ffb0, value=[Ljava.lang.CharSequence;@6a021dd}]&#10;Capabilities {acceptInsecureCerts: true, browserName: firefox, browserVersion: 121.0, moz:accessibilityChecks: false, moz:buildID: 20231220184444, moz:debuggerAddress: 127.0.0.1:2266, moz:geckodriverVersion: 0.33.0, moz:headless: false, moz:platformVersion: 6.2.0-39-generic, moz:processID: 1217703, moz:profile: /tmp/rust_mozprofileWURFkL, moz:shutdownTimeout: 60000, moz:webdriverClick: true, moz:windowless: false, pageLoadStrategy: normal, platformName: linux, proxy: Proxy(), se:cdp: ws://127.0.0.1:2266/devtool..., se:cdpVersion: 85.0, setWindowRect: true, strictFileInteractability: false, timeouts: {implicit: 0, pageLoad: 300000, script: 30000}, unhandledPromptBehavior: dismiss and notify}&#10;Element: [[FirefoxDriver: firefox on linux (9ad7a0bc-b90b-473d-89f5-c72f6ce7faa0)] -&gt; id: fastagDeviceName]&#10;Session ID: 9ad7a0bc-b90b-473d-89f5-c72f6ce7faa0" type="org.openqa.selenium.ElementNotInteractableException"><![CDATA[org.openqa.selenium.ElementNotInteractableException: 
Element <input id="fastagDeviceName" class="form-control" name="fastagDeviceName" type="text"> is not reachable by keyboard
Build info: version: '4.10.0', revision: 'c14d967899'
System info: os.name: 'Linux', os.arch: 'amd64', os.version: '6.2.0-39-generic', java.version: '18.0.2-ea'
Driver info: org.openqa.selenium.firefox.FirefoxDriver
Command: [9ad7a0bc-b90b-473d-89f5-c72f6ce7faa0, sendKeysToElement {id=33ccbaac-d89c-4889-95cc-eece9ac5ffb0, value=[Ljava.lang.CharSequence;@6a021dd}]
Capabilities {acceptInsecureCerts: true, browserName: firefox, browserVersion: 121.0, moz:accessibilityChecks: false, moz:buildID: 20231220184444, moz:debuggerAddress: 127.0.0.1:2266, moz:geckodriverVersion: 0.33.0, moz:headless: false, moz:platformVersion: 6.2.0-39-generic, moz:processID: 1217703, moz:profile: /tmp/rust_mozprofileWURFkL, moz:shutdownTimeout: 60000, moz:webdriverClick: true, moz:windowless: false, pageLoadStrategy: normal, platformName: linux, proxy: Proxy(), se:cdp: ws://127.0.0.1:2266/devtool..., se:cdpVersion: 85.0, setWindowRect: true, strictFileInteractability: false, timeouts: {implicit: 0, pageLoad: 300000, script: 30000}, unhandledPromptBehavior: dismiss and notify}
Element: [[FirefoxDriver: firefox on linux (9ad7a0bc-b90b-473d-89f5-c72f6ce7faa0)] -> id: fastagDeviceName]
Session ID: 9ad7a0bc-b90b-473d-89f5-c72f6ce7faa0
	at com.selenium.SiteConfig.addFasTagEnterDetails(SiteConfig.java:200)
]]></failure>
  </testcase>
  <testcase name="addbtnFasTagSelectftReader" classname="com.selenium.SiteConfig" time="0.007">
    <failure message="Element &lt;button id=&quot;btnFastagSaveDevices&quot; class=&quot;btn btn-sm btn-primary&quot; type=&quot;submit&quot;&gt; could not be scrolled into view&#10;Build info: version: &apos;4.10.0&apos;, revision: &apos;c14d967899&apos;&#10;System info: os.name: &apos;Linux&apos;, os.arch: &apos;amd64&apos;, os.version: &apos;6.2.0-39-generic&apos;, java.version: &apos;18.0.2-ea&apos;&#10;Driver info: org.openqa.selenium.firefox.FirefoxDriver&#10;Command: [9ad7a0bc-b90b-473d-89f5-c72f6ce7faa0, clickElement {id=a98f8e53-8a70-4b76-b764-5a5a3645fadc}]&#10;Capabilities {acceptInsecureCerts: true, browserName: firefox, browserVersion: 121.0, moz:accessibilityChecks: false, moz:buildID: 20231220184444, moz:debuggerAddress: 127.0.0.1:2266, moz:geckodriverVersion: 0.33.0, moz:headless: false, moz:platformVersion: 6.2.0-39-generic, moz:processID: 1217703, moz:profile: /tmp/rust_mozprofileWURFkL, moz:shutdownTimeout: 60000, moz:webdriverClick: true, moz:windowless: false, pageLoadStrategy: normal, platformName: linux, proxy: Proxy(), se:cdp: ws://127.0.0.1:2266/devtool..., se:cdpVersion: 85.0, setWindowRect: true, strictFileInteractability: false, timeouts: {implicit: 0, pageLoad: 300000, script: 30000}, unhandledPromptBehavior: dismiss and notify}&#10;Element: [[FirefoxDriver: firefox on linux (9ad7a0bc-b90b-473d-89f5-c72f6ce7faa0)] -&gt; id: btnFastagSaveDevices]&#10;Session ID: 9ad7a0bc-b90b-473d-89f5-c72f6ce7faa0" type="org.openqa.selenium.ElementNotInteractableException"><![CDATA[org.openqa.selenium.ElementNotInteractableException: 
Element <button id="btnFastagSaveDevices" class="btn btn-sm btn-primary" type="submit"> could not be scrolled into view
Build info: version: '4.10.0', revision: 'c14d967899'
System info: os.name: 'Linux', os.arch: 'amd64', os.version: '6.2.0-39-generic', java.version: '18.0.2-ea'
Driver info: org.openqa.selenium.firefox.FirefoxDriver
Command: [9ad7a0bc-b90b-473d-89f5-c72f6ce7faa0, clickElement {id=a98f8e53-8a70-4b76-b764-5a5a3645fadc}]
Capabilities {acceptInsecureCerts: true, browserName: firefox, browserVersion: 121.0, moz:accessibilityChecks: false, moz:buildID: 20231220184444, moz:debuggerAddress: 127.0.0.1:2266, moz:geckodriverVersion: 0.33.0, moz:headless: false, moz:platformVersion: 6.2.0-39-generic, moz:processID: 1217703, moz:profile: /tmp/rust_mozprofileWURFkL, moz:shutdownTimeout: 60000, moz:webdriverClick: true, moz:windowless: false, pageLoadStrategy: normal, platformName: linux, proxy: Proxy(), se:cdp: ws://127.0.0.1:2266/devtool..., se:cdpVersion: 85.0, setWindowRect: true, strictFileInteractability: false, timeouts: {implicit: 0, pageLoad: 300000, script: 30000}, unhandledPromptBehavior: dismiss and notify}
Element: [[FirefoxDriver: firefox on linux (9ad7a0bc-b90b-473d-89f5-c72f6ce7faa0)] -> id: btnFastagSaveDevices]
Session ID: 9ad7a0bc-b90b-473d-89f5-c72f6ce7faa0
	at com.selenium.SiteConfig.addbtnFasTagSelectftReader(SiteConfig.java:210)
]]></failure>
  </testcase>
  <testcase name="openTreeThirdTime" classname="com.selenium.SiteConfig" time="14.048">
    <failure message="Unable to locate element: //li[@id=&apos;city_5&apos;]/i&#10;For documentation on this error, please visit: https://www.selenium.dev/documentation/webdriver/troubleshooting/errors#no-such-element-exception&#10;Build info: version: &apos;4.10.0&apos;, revision: &apos;c14d967899&apos;&#10;System info: os.name: &apos;Linux&apos;, os.arch: &apos;amd64&apos;, os.version: &apos;6.2.0-39-generic&apos;, java.version: &apos;18.0.2-ea&apos;&#10;Driver info: org.openqa.selenium.firefox.FirefoxDriver&#10;Command: [9ad7a0bc-b90b-473d-89f5-c72f6ce7faa0, findElement {using=xpath, value=//li[@id=&apos;city_5&apos;]/i}]&#10;Capabilities {acceptInsecureCerts: true, browserName: firefox, browserVersion: 121.0, moz:accessibilityChecks: false, moz:buildID: 20231220184444, moz:debuggerAddress: 127.0.0.1:2266, moz:geckodriverVersion: 0.33.0, moz:headless: false, moz:platformVersion: 6.2.0-39-generic, moz:processID: 1217703, moz:profile: /tmp/rust_mozprofileWURFkL, moz:shutdownTimeout: 60000, moz:webdriverClick: true, moz:windowless: false, pageLoadStrategy: normal, platformName: linux, proxy: Proxy(), se:cdp: ws://127.0.0.1:2266/devtool..., se:cdpVersion: 85.0, setWindowRect: true, strictFileInteractability: false, timeouts: {implicit: 0, pageLoad: 300000, script: 30000}, unhandledPromptBehavior: dismiss and notify}&#10;Session ID: 9ad7a0bc-b90b-473d-89f5-c72f6ce7faa0" type="org.openqa.selenium.NoSuchElementException">org.openqa.selenium.NoSuchElementException: 
Unable to locate element: //li[@id='city_5']/i
For documentation on this error, please visit: https://www.selenium.dev/documentation/webdriver/troubleshooting/errors#no-such-element-exception
Build info: version: '4.10.0', revision: 'c14d967899'
System info: os.name: 'Linux', os.arch: 'amd64', os.version: '6.2.0-39-generic', java.version: '18.0.2-ea'
Driver info: org.openqa.selenium.firefox.FirefoxDriver
Command: [9ad7a0bc-b90b-473d-89f5-c72f6ce7faa0, findElement {using=xpath, value=//li[@id='city_5']/i}]
Capabilities {acceptInsecureCerts: true, browserName: firefox, browserVersion: 121.0, moz:accessibilityChecks: false, moz:buildID: 20231220184444, moz:debuggerAddress: 127.0.0.1:2266, moz:geckodriverVersion: 0.33.0, moz:headless: false, moz:platformVersion: 6.2.0-39-generic, moz:processID: 1217703, moz:profile: /tmp/rust_mozprofileWURFkL, moz:shutdownTimeout: 60000, moz:webdriverClick: true, moz:windowless: false, pageLoadStrategy: normal, platformName: linux, proxy: Proxy(), se:cdp: ws://127.0.0.1:2266/devtool..., se:cdpVersion: 85.0, setWindowRect: true, strictFileInteractability: false, timeouts: {implicit: 0, pageLoad: 300000, script: 30000}, unhandledPromptBehavior: dismiss and notify}
Session ID: 9ad7a0bc-b90b-473d-89f5-c72f6ce7faa0
	at com.selenium.SiteConfig.openTreeThirdTime(SiteConfig.java:234)
</failure>
  </testcase>
  <testcase name="addFasTagSelectftBarrier" classname="com.selenium.SiteConfig" time="5.05">
    <failure message="Element &lt;option&gt; could not be scrolled into view&#10;Build info: version: &apos;4.10.0&apos;, revision: &apos;c14d967899&apos;&#10;System info: os.name: &apos;Linux&apos;, os.arch: &apos;amd64&apos;, os.version: &apos;6.2.0-39-generic&apos;, java.version: &apos;18.0.2-ea&apos;&#10;Driver info: org.openqa.selenium.firefox.FirefoxDriver&#10;Command: [9ad7a0bc-b90b-473d-89f5-c72f6ce7faa0, clickElement {id=44931e8a-a562-4084-87a6-425dc7fac3ae}]&#10;Capabilities {acceptInsecureCerts: true, browserName: firefox, browserVersion: 121.0, moz:accessibilityChecks: false, moz:buildID: 20231220184444, moz:debuggerAddress: 127.0.0.1:2266, moz:geckodriverVersion: 0.33.0, moz:headless: false, moz:platformVersion: 6.2.0-39-generic, moz:processID: 1217703, moz:profile: /tmp/rust_mozprofileWURFkL, moz:shutdownTimeout: 60000, moz:webdriverClick: true, moz:windowless: false, pageLoadStrategy: normal, platformName: linux, proxy: Proxy(), se:cdp: ws://127.0.0.1:2266/devtool..., se:cdpVersion: 85.0, setWindowRect: true, strictFileInteractability: false, timeouts: {implicit: 0, pageLoad: 300000, script: 30000}, unhandledPromptBehavior: dismiss and notify}&#10;Element: [[[[FirefoxDriver: firefox on linux (9ad7a0bc-b90b-473d-89f5-c72f6ce7faa0)] -&gt; id: fastagDeviceCatagory]] -&gt; xpath: .//option[@value = &quot;FastagBoomBarrier&quot;]]&#10;Session ID: 9ad7a0bc-b90b-473d-89f5-c72f6ce7faa0" type="org.openqa.selenium.ElementNotInteractableException"><![CDATA[org.openqa.selenium.ElementNotInteractableException: 
Element <option> could not be scrolled into view
Build info: version: '4.10.0', revision: 'c14d967899'
System info: os.name: 'Linux', os.arch: 'amd64', os.version: '6.2.0-39-generic', java.version: '18.0.2-ea'
Driver info: org.openqa.selenium.firefox.FirefoxDriver
Command: [9ad7a0bc-b90b-473d-89f5-c72f6ce7faa0, clickElement {id=44931e8a-a562-4084-87a6-425dc7fac3ae}]
Capabilities {acceptInsecureCerts: true, browserName: firefox, browserVersion: 121.0, moz:accessibilityChecks: false, moz:buildID: 20231220184444, moz:debuggerAddress: 127.0.0.1:2266, moz:geckodriverVersion: 0.33.0, moz:headless: false, moz:platformVersion: 6.2.0-39-generic, moz:processID: 1217703, moz:profile: /tmp/rust_mozprofileWURFkL, moz:shutdownTimeout: 60000, moz:webdriverClick: true, moz:windowless: false, pageLoadStrategy: normal, platformName: linux, proxy: Proxy(), se:cdp: ws://127.0.0.1:2266/devtool..., se:cdpVersion: 85.0, setWindowRect: true, strictFileInteractability: false, timeouts: {implicit: 0, pageLoad: 300000, script: 30000}, unhandledPromptBehavior: dismiss and notify}
Element: [[[[FirefoxDriver: firefox on linux (9ad7a0bc-b90b-473d-89f5-c72f6ce7faa0)] -> id: fastagDeviceCatagory]] -> xpath: .//option[@value = "FastagBoomBarrier"]]
Session ID: 9ad7a0bc-b90b-473d-89f5-c72f6ce7faa0
	at com.selenium.SiteConfig.addFasTagSelectftBarrier(SiteConfig.java:259)
]]></failure>
  </testcase>
  <testcase name="addFtBarrierDetails" classname="com.selenium.SiteConfig" time="0.013">
    <failure message="Element &lt;input id=&quot;fastagDeviceName&quot; class=&quot;form-control&quot; name=&quot;fastagDeviceName&quot; type=&quot;text&quot;&gt; is not reachable by keyboard&#10;Build info: version: &apos;4.10.0&apos;, revision: &apos;c14d967899&apos;&#10;System info: os.name: &apos;Linux&apos;, os.arch: &apos;amd64&apos;, os.version: &apos;6.2.0-39-generic&apos;, java.version: &apos;18.0.2-ea&apos;&#10;Driver info: org.openqa.selenium.firefox.FirefoxDriver&#10;Command: [9ad7a0bc-b90b-473d-89f5-c72f6ce7faa0, sendKeysToElement {id=33ccbaac-d89c-4889-95cc-eece9ac5ffb0, value=[Ljava.lang.CharSequence;@6e0f0e45}]&#10;Capabilities {acceptInsecureCerts: true, browserName: firefox, browserVersion: 121.0, moz:accessibilityChecks: false, moz:buildID: 20231220184444, moz:debuggerAddress: 127.0.0.1:2266, moz:geckodriverVersion: 0.33.0, moz:headless: false, moz:platformVersion: 6.2.0-39-generic, moz:processID: 1217703, moz:profile: /tmp/rust_mozprofileWURFkL, moz:shutdownTimeout: 60000, moz:webdriverClick: true, moz:windowless: false, pageLoadStrategy: normal, platformName: linux, proxy: Proxy(), se:cdp: ws://127.0.0.1:2266/devtool..., se:cdpVersion: 85.0, setWindowRect: true, strictFileInteractability: false, timeouts: {implicit: 0, pageLoad: 300000, script: 30000}, unhandledPromptBehavior: dismiss and notify}&#10;Element: [[FirefoxDriver: firefox on linux (9ad7a0bc-b90b-473d-89f5-c72f6ce7faa0)] -&gt; id: fastagDeviceName]&#10;Session ID: 9ad7a0bc-b90b-473d-89f5-c72f6ce7faa0" type="org.openqa.selenium.ElementNotInteractableException"><![CDATA[org.openqa.selenium.ElementNotInteractableException: 
Element <input id="fastagDeviceName" class="form-control" name="fastagDeviceName" type="text"> is not reachable by keyboard
Build info: version: '4.10.0', revision: 'c14d967899'
System info: os.name: 'Linux', os.arch: 'amd64', os.version: '6.2.0-39-generic', java.version: '18.0.2-ea'
Driver info: org.openqa.selenium.firefox.FirefoxDriver
Command: [9ad7a0bc-b90b-473d-89f5-c72f6ce7faa0, sendKeysToElement {id=33ccbaac-d89c-4889-95cc-eece9ac5ffb0, value=[Ljava.lang.CharSequence;@6e0f0e45}]
Capabilities {acceptInsecureCerts: true, browserName: firefox, browserVersion: 121.0, moz:accessibilityChecks: false, moz:buildID: 20231220184444, moz:debuggerAddress: 127.0.0.1:2266, moz:geckodriverVersion: 0.33.0, moz:headless: false, moz:platformVersion: 6.2.0-39-generic, moz:processID: 1217703, moz:profile: /tmp/rust_mozprofileWURFkL, moz:shutdownTimeout: 60000, moz:webdriverClick: true, moz:windowless: false, pageLoadStrategy: normal, platformName: linux, proxy: Proxy(), se:cdp: ws://127.0.0.1:2266/devtool..., se:cdpVersion: 85.0, setWindowRect: true, strictFileInteractability: false, timeouts: {implicit: 0, pageLoad: 300000, script: 30000}, unhandledPromptBehavior: dismiss and notify}
Element: [[FirefoxDriver: firefox on linux (9ad7a0bc-b90b-473d-89f5-c72f6ce7faa0)] -> id: fastagDeviceName]
Session ID: 9ad7a0bc-b90b-473d-89f5-c72f6ce7faa0
	at com.selenium.SiteConfig.addFtBarrierDetails(SiteConfig.java:264)
]]></failure>
  </testcase>
  <testcase name="addbtnFasTagSelectftBarrier" classname="com.selenium.SiteConfig" time="0.01">
    <failure message="Element &lt;button id=&quot;btnFastagSaveDevices&quot; class=&quot;btn btn-sm btn-primary&quot; type=&quot;submit&quot;&gt; could not be scrolled into view&#10;Build info: version: &apos;4.10.0&apos;, revision: &apos;c14d967899&apos;&#10;System info: os.name: &apos;Linux&apos;, os.arch: &apos;amd64&apos;, os.version: &apos;6.2.0-39-generic&apos;, java.version: &apos;18.0.2-ea&apos;&#10;Driver info: org.openqa.selenium.firefox.FirefoxDriver&#10;Command: [9ad7a0bc-b90b-473d-89f5-c72f6ce7faa0, clickElement {id=a98f8e53-8a70-4b76-b764-5a5a3645fadc}]&#10;Capabilities {acceptInsecureCerts: true, browserName: firefox, browserVersion: 121.0, moz:accessibilityChecks: false, moz:buildID: 20231220184444, moz:debuggerAddress: 127.0.0.1:2266, moz:geckodriverVersion: 0.33.0, moz:headless: false, moz:platformVersion: 6.2.0-39-generic, moz:processID: 1217703, moz:profile: /tmp/rust_mozprofileWURFkL, moz:shutdownTimeout: 60000, moz:webdriverClick: true, moz:windowless: false, pageLoadStrategy: normal, platformName: linux, proxy: Proxy(), se:cdp: ws://127.0.0.1:2266/devtool..., se:cdpVersion: 85.0, setWindowRect: true, strictFileInteractability: false, timeouts: {implicit: 0, pageLoad: 300000, script: 30000}, unhandledPromptBehavior: dismiss and notify}&#10;Element: [[FirefoxDriver: firefox on linux (9ad7a0bc-b90b-473d-89f5-c72f6ce7faa0)] -&gt; id: btnFastagSaveDevices]&#10;Session ID: 9ad7a0bc-b90b-473d-89f5-c72f6ce7faa0" type="org.openqa.selenium.ElementNotInteractableException"><![CDATA[org.openqa.selenium.ElementNotInteractableException: 
Element <button id="btnFastagSaveDevices" class="btn btn-sm btn-primary" type="submit"> could not be scrolled into view
Build info: version: '4.10.0', revision: 'c14d967899'
System info: os.name: 'Linux', os.arch: 'amd64', os.version: '6.2.0-39-generic', java.version: '18.0.2-ea'
Driver info: org.openqa.selenium.firefox.FirefoxDriver
Command: [9ad7a0bc-b90b-473d-89f5-c72f6ce7faa0, clickElement {id=a98f8e53-8a70-4b76-b764-5a5a3645fadc}]
Capabilities {acceptInsecureCerts: true, browserName: firefox, browserVersion: 121.0, moz:accessibilityChecks: false, moz:buildID: 20231220184444, moz:debuggerAddress: 127.0.0.1:2266, moz:geckodriverVersion: 0.33.0, moz:headless: false, moz:platformVersion: 6.2.0-39-generic, moz:processID: 1217703, moz:profile: /tmp/rust_mozprofileWURFkL, moz:shutdownTimeout: 60000, moz:webdriverClick: true, moz:windowless: false, pageLoadStrategy: normal, platformName: linux, proxy: Proxy(), se:cdp: ws://127.0.0.1:2266/devtool..., se:cdpVersion: 85.0, setWindowRect: true, strictFileInteractability: false, timeouts: {implicit: 0, pageLoad: 300000, script: 30000}, unhandledPromptBehavior: dismiss and notify}
Element: [[FirefoxDriver: firefox on linux (9ad7a0bc-b90b-473d-89f5-c72f6ce7faa0)] -> id: btnFastagSaveDevices]
Session ID: 9ad7a0bc-b90b-473d-89f5-c72f6ce7faa0
	at com.selenium.SiteConfig.addbtnFasTagSelectftBarrier(SiteConfig.java:275)
]]></failure>
  </testcase>
  <testcase name="openTreeForthTime" classname="com.selenium.SiteConfig" time="13.342">
    <failure message="Unable to locate element: //li[@id=&apos;zone_1&apos;]/i&#10;For documentation on this error, please visit: https://www.selenium.dev/documentation/webdriver/troubleshooting/errors#no-such-element-exception&#10;Build info: version: &apos;4.10.0&apos;, revision: &apos;c14d967899&apos;&#10;System info: os.name: &apos;Linux&apos;, os.arch: &apos;amd64&apos;, os.version: &apos;6.2.0-39-generic&apos;, java.version: &apos;18.0.2-ea&apos;&#10;Driver info: org.openqa.selenium.firefox.FirefoxDriver&#10;Command: [9ad7a0bc-b90b-473d-89f5-c72f6ce7faa0, findElement {using=xpath, value=//li[@id=&apos;zone_1&apos;]/i}]&#10;Capabilities {acceptInsecureCerts: true, browserName: firefox, browserVersion: 121.0, moz:accessibilityChecks: false, moz:buildID: 20231220184444, moz:debuggerAddress: 127.0.0.1:2266, moz:geckodriverVersion: 0.33.0, moz:headless: false, moz:platformVersion: 6.2.0-39-generic, moz:processID: 1217703, moz:profile: /tmp/rust_mozprofileWURFkL, moz:shutdownTimeout: 60000, moz:webdriverClick: true, moz:windowless: false, pageLoadStrategy: normal, platformName: linux, proxy: Proxy(), se:cdp: ws://127.0.0.1:2266/devtool..., se:cdpVersion: 85.0, setWindowRect: true, strictFileInteractability: false, timeouts: {implicit: 0, pageLoad: 300000, script: 30000}, unhandledPromptBehavior: dismiss and notify}&#10;Session ID: 9ad7a0bc-b90b-473d-89f5-c72f6ce7faa0" type="org.openqa.selenium.NoSuchElementException">org.openqa.selenium.NoSuchElementException: 
Unable to locate element: //li[@id='zone_1']/i
For documentation on this error, please visit: https://www.selenium.dev/documentation/webdriver/troubleshooting/errors#no-such-element-exception
Build info: version: '4.10.0', revision: 'c14d967899'
System info: os.name: 'Linux', os.arch: 'amd64', os.version: '6.2.0-39-generic', java.version: '18.0.2-ea'
Driver info: org.openqa.selenium.firefox.FirefoxDriver
Command: [9ad7a0bc-b90b-473d-89f5-c72f6ce7faa0, findElement {using=xpath, value=//li[@id='zone_1']/i}]
Capabilities {acceptInsecureCerts: true, browserName: firefox, browserVersion: 121.0, moz:accessibilityChecks: false, moz:buildID: 20231220184444, moz:debuggerAddress: 127.0.0.1:2266, moz:geckodriverVersion: 0.33.0, moz:headless: false, moz:platformVersion: 6.2.0-39-generic, moz:processID: 1217703, moz:profile: /tmp/rust_mozprofileWURFkL, moz:shutdownTimeout: 60000, moz:webdriverClick: true, moz:windowless: false, pageLoadStrategy: normal, platformName: linux, proxy: Proxy(), se:cdp: ws://127.0.0.1:2266/devtool..., se:cdpVersion: 85.0, setWindowRect: true, strictFileInteractability: false, timeouts: {implicit: 0, pageLoad: 300000, script: 30000}, unhandledPromptBehavior: dismiss and notify}
Session ID: 9ad7a0bc-b90b-473d-89f5-c72f6ce7faa0
	at com.selenium.SiteConfig.openTreeForthTime(SiteConfig.java:302)
</failure>
  </testcase>
  <testcase name="addFasTagSelectftDisplay" classname="com.selenium.SiteConfig" time="3.056">
    <failure message="Element &lt;option&gt; could not be scrolled into view&#10;Build info: version: &apos;4.10.0&apos;, revision: &apos;c14d967899&apos;&#10;System info: os.name: &apos;Linux&apos;, os.arch: &apos;amd64&apos;, os.version: &apos;6.2.0-39-generic&apos;, java.version: &apos;18.0.2-ea&apos;&#10;Driver info: org.openqa.selenium.firefox.FirefoxDriver&#10;Command: [9ad7a0bc-b90b-473d-89f5-c72f6ce7faa0, clickElement {id=4c7faa64-709e-47df-90b8-7b94d3d5b056}]&#10;Capabilities {acceptInsecureCerts: true, browserName: firefox, browserVersion: 121.0, moz:accessibilityChecks: false, moz:buildID: 20231220184444, moz:debuggerAddress: 127.0.0.1:2266, moz:geckodriverVersion: 0.33.0, moz:headless: false, moz:platformVersion: 6.2.0-39-generic, moz:processID: 1217703, moz:profile: /tmp/rust_mozprofileWURFkL, moz:shutdownTimeout: 60000, moz:webdriverClick: true, moz:windowless: false, pageLoadStrategy: normal, platformName: linux, proxy: Proxy(), se:cdp: ws://127.0.0.1:2266/devtool..., se:cdpVersion: 85.0, setWindowRect: true, strictFileInteractability: false, timeouts: {implicit: 0, pageLoad: 300000, script: 30000}, unhandledPromptBehavior: dismiss and notify}&#10;Element: [[[[FirefoxDriver: firefox on linux (9ad7a0bc-b90b-473d-89f5-c72f6ce7faa0)] -&gt; id: fastagDeviceCatagory]] -&gt; xpath: .//option[@value = &quot;FastagDisplay&quot;]]&#10;Session ID: 9ad7a0bc-b90b-473d-89f5-c72f6ce7faa0" type="org.openqa.selenium.ElementNotInteractableException"><![CDATA[org.openqa.selenium.ElementNotInteractableException: 
Element <option> could not be scrolled into view
Build info: version: '4.10.0', revision: 'c14d967899'
System info: os.name: 'Linux', os.arch: 'amd64', os.version: '6.2.0-39-generic', java.version: '18.0.2-ea'
Driver info: org.openqa.selenium.firefox.FirefoxDriver
Command: [9ad7a0bc-b90b-473d-89f5-c72f6ce7faa0, clickElement {id=4c7faa64-709e-47df-90b8-7b94d3d5b056}]
Capabilities {acceptInsecureCerts: true, browserName: firefox, browserVersion: 121.0, moz:accessibilityChecks: false, moz:buildID: 20231220184444, moz:debuggerAddress: 127.0.0.1:2266, moz:geckodriverVersion: 0.33.0, moz:headless: false, moz:platformVersion: 6.2.0-39-generic, moz:processID: 1217703, moz:profile: /tmp/rust_mozprofileWURFkL, moz:shutdownTimeout: 60000, moz:webdriverClick: true, moz:windowless: false, pageLoadStrategy: normal, platformName: linux, proxy: Proxy(), se:cdp: ws://127.0.0.1:2266/devtool..., se:cdpVersion: 85.0, setWindowRect: true, strictFileInteractability: false, timeouts: {implicit: 0, pageLoad: 300000, script: 30000}, unhandledPromptBehavior: dismiss and notify}
Element: [[[[FirefoxDriver: firefox on linux (9ad7a0bc-b90b-473d-89f5-c72f6ce7faa0)] -> id: fastagDeviceCatagory]] -> xpath: .//option[@value = "FastagDisplay"]]
Session ID: 9ad7a0bc-b90b-473d-89f5-c72f6ce7faa0
	at com.selenium.SiteConfig.addFasTagSelectftDisplay(SiteConfig.java:324)
]]></failure>
  </testcase>
  <testcase name="addFtDisplayDetails" classname="com.selenium.SiteConfig" time="2.017">
    <failure message="Element &lt;input id=&quot;fastagDeviceName&quot; class=&quot;form-control&quot; name=&quot;fastagDeviceName&quot; type=&quot;text&quot;&gt; is not reachable by keyboard&#10;Build info: version: &apos;4.10.0&apos;, revision: &apos;c14d967899&apos;&#10;System info: os.name: &apos;Linux&apos;, os.arch: &apos;amd64&apos;, os.version: &apos;6.2.0-39-generic&apos;, java.version: &apos;18.0.2-ea&apos;&#10;Driver info: org.openqa.selenium.firefox.FirefoxDriver&#10;Command: [9ad7a0bc-b90b-473d-89f5-c72f6ce7faa0, sendKeysToElement {id=33ccbaac-d89c-4889-95cc-eece9ac5ffb0, value=[Ljava.lang.CharSequence;@2a46f079}]&#10;Capabilities {acceptInsecureCerts: true, browserName: firefox, browserVersion: 121.0, moz:accessibilityChecks: false, moz:buildID: 20231220184444, moz:debuggerAddress: 127.0.0.1:2266, moz:geckodriverVersion: 0.33.0, moz:headless: false, moz:platformVersion: 6.2.0-39-generic, moz:processID: 1217703, moz:profile: /tmp/rust_mozprofileWURFkL, moz:shutdownTimeout: 60000, moz:webdriverClick: true, moz:windowless: false, pageLoadStrategy: normal, platformName: linux, proxy: Proxy(), se:cdp: ws://127.0.0.1:2266/devtool..., se:cdpVersion: 85.0, setWindowRect: true, strictFileInteractability: false, timeouts: {implicit: 0, pageLoad: 300000, script: 30000}, unhandledPromptBehavior: dismiss and notify}&#10;Element: [[FirefoxDriver: firefox on linux (9ad7a0bc-b90b-473d-89f5-c72f6ce7faa0)] -&gt; id: fastagDeviceName]&#10;Session ID: 9ad7a0bc-b90b-473d-89f5-c72f6ce7faa0" type="org.openqa.selenium.ElementNotInteractableException"><![CDATA[org.openqa.selenium.ElementNotInteractableException: 
Element <input id="fastagDeviceName" class="form-control" name="fastagDeviceName" type="text"> is not reachable by keyboard
Build info: version: '4.10.0', revision: 'c14d967899'
System info: os.name: 'Linux', os.arch: 'amd64', os.version: '6.2.0-39-generic', java.version: '18.0.2-ea'
Driver info: org.openqa.selenium.firefox.FirefoxDriver
Command: [9ad7a0bc-b90b-473d-89f5-c72f6ce7faa0, sendKeysToElement {id=33ccbaac-d89c-4889-95cc-eece9ac5ffb0, value=[Ljava.lang.CharSequence;@2a46f079}]
Capabilities {acceptInsecureCerts: true, browserName: firefox, browserVersion: 121.0, moz:accessibilityChecks: false, moz:buildID: 20231220184444, moz:debuggerAddress: 127.0.0.1:2266, moz:geckodriverVersion: 0.33.0, moz:headless: false, moz:platformVersion: 6.2.0-39-generic, moz:processID: 1217703, moz:profile: /tmp/rust_mozprofileWURFkL, moz:shutdownTimeout: 60000, moz:webdriverClick: true, moz:windowless: false, pageLoadStrategy: normal, platformName: linux, proxy: Proxy(), se:cdp: ws://127.0.0.1:2266/devtool..., se:cdpVersion: 85.0, setWindowRect: true, strictFileInteractability: false, timeouts: {implicit: 0, pageLoad: 300000, script: 30000}, unhandledPromptBehavior: dismiss and notify}
Element: [[FirefoxDriver: firefox on linux (9ad7a0bc-b90b-473d-89f5-c72f6ce7faa0)] -> id: fastagDeviceName]
Session ID: 9ad7a0bc-b90b-473d-89f5-c72f6ce7faa0
	at com.selenium.SiteConfig.addFtDisplayDetails(SiteConfig.java:330)
]]></failure>
  </testcase>
  <testcase name="addbtnFasTagSelectftDisplay" classname="com.selenium.SiteConfig" time="0.016">
    <failure message="Element &lt;button id=&quot;btnFastagSaveDevices&quot; class=&quot;btn btn-sm btn-primary&quot; type=&quot;submit&quot;&gt; could not be scrolled into view&#10;Build info: version: &apos;4.10.0&apos;, revision: &apos;c14d967899&apos;&#10;System info: os.name: &apos;Linux&apos;, os.arch: &apos;amd64&apos;, os.version: &apos;6.2.0-39-generic&apos;, java.version: &apos;18.0.2-ea&apos;&#10;Driver info: org.openqa.selenium.firefox.FirefoxDriver&#10;Command: [9ad7a0bc-b90b-473d-89f5-c72f6ce7faa0, clickElement {id=a98f8e53-8a70-4b76-b764-5a5a3645fadc}]&#10;Capabilities {acceptInsecureCerts: true, browserName: firefox, browserVersion: 121.0, moz:accessibilityChecks: false, moz:buildID: 20231220184444, moz:debuggerAddress: 127.0.0.1:2266, moz:geckodriverVersion: 0.33.0, moz:headless: false, moz:platformVersion: 6.2.0-39-generic, moz:processID: 1217703, moz:profile: /tmp/rust_mozprofileWURFkL, moz:shutdownTimeout: 60000, moz:webdriverClick: true, moz:windowless: false, pageLoadStrategy: normal, platformName: linux, proxy: Proxy(), se:cdp: ws://127.0.0.1:2266/devtool..., se:cdpVersion: 85.0, setWindowRect: true, strictFileInteractability: false, timeouts: {implicit: 0, pageLoad: 300000, script: 30000}, unhandledPromptBehavior: dismiss and notify}&#10;Element: [[FirefoxDriver: firefox on linux (9ad7a0bc-b90b-473d-89f5-c72f6ce7faa0)] -&gt; id: btnFastagSaveDevices]&#10;Session ID: 9ad7a0bc-b90b-473d-89f5-c72f6ce7faa0" type="org.openqa.selenium.ElementNotInteractableException"><![CDATA[org.openqa.selenium.ElementNotInteractableException: 
Element <button id="btnFastagSaveDevices" class="btn btn-sm btn-primary" type="submit"> could not be scrolled into view
Build info: version: '4.10.0', revision: 'c14d967899'
System info: os.name: 'Linux', os.arch: 'amd64', os.version: '6.2.0-39-generic', java.version: '18.0.2-ea'
Driver info: org.openqa.selenium.firefox.FirefoxDriver
Command: [9ad7a0bc-b90b-473d-89f5-c72f6ce7faa0, clickElement {id=a98f8e53-8a70-4b76-b764-5a5a3645fadc}]
Capabilities {acceptInsecureCerts: true, browserName: firefox, browserVersion: 121.0, moz:accessibilityChecks: false, moz:buildID: 20231220184444, moz:debuggerAddress: 127.0.0.1:2266, moz:geckodriverVersion: 0.33.0, moz:headless: false, moz:platformVersion: 6.2.0-39-generic, moz:processID: 1217703, moz:profile: /tmp/rust_mozprofileWURFkL, moz:shutdownTimeout: 60000, moz:webdriverClick: true, moz:windowless: false, pageLoadStrategy: normal, platformName: linux, proxy: Proxy(), se:cdp: ws://127.0.0.1:2266/devtool..., se:cdpVersion: 85.0, setWindowRect: true, strictFileInteractability: false, timeouts: {implicit: 0, pageLoad: 300000, script: 30000}, unhandledPromptBehavior: dismiss and notify}
Element: [[FirefoxDriver: firefox on linux (9ad7a0bc-b90b-473d-89f5-c72f6ce7faa0)] -> id: btnFastagSaveDevices]
Session ID: 9ad7a0bc-b90b-473d-89f5-c72f6ce7faa0
	at com.selenium.SiteConfig.addbtnFasTagSelectftDisplay(SiteConfig.java:340)
]]></failure>
  </testcase>
  <testcase name="openTreeFifthTime" classname="com.selenium.SiteConfig" time="10.026">
    <failure message="Unable to locate element: //li[@id=&apos;city_5&apos;]/i&#10;For documentation on this error, please visit: https://www.selenium.dev/documentation/webdriver/troubleshooting/errors#no-such-element-exception&#10;Build info: version: &apos;4.10.0&apos;, revision: &apos;c14d967899&apos;&#10;System info: os.name: &apos;Linux&apos;, os.arch: &apos;amd64&apos;, os.version: &apos;6.2.0-39-generic&apos;, java.version: &apos;18.0.2-ea&apos;&#10;Driver info: org.openqa.selenium.firefox.FirefoxDriver&#10;Command: [9ad7a0bc-b90b-473d-89f5-c72f6ce7faa0, findElement {using=xpath, value=//li[@id=&apos;city_5&apos;]/i}]&#10;Capabilities {acceptInsecureCerts: true, browserName: firefox, browserVersion: 121.0, moz:accessibilityChecks: false, moz:buildID: 20231220184444, moz:debuggerAddress: 127.0.0.1:2266, moz:geckodriverVersion: 0.33.0, moz:headless: false, moz:platformVersion: 6.2.0-39-generic, moz:processID: 1217703, moz:profile: /tmp/rust_mozprofileWURFkL, moz:shutdownTimeout: 60000, moz:webdriverClick: true, moz:windowless: false, pageLoadStrategy: normal, platformName: linux, proxy: Proxy(), se:cdp: ws://127.0.0.1:2266/devtool..., se:cdpVersion: 85.0, setWindowRect: true, strictFileInteractability: false, timeouts: {implicit: 0, pageLoad: 300000, script: 30000}, unhandledPromptBehavior: dismiss and notify}&#10;Session ID: 9ad7a0bc-b90b-473d-89f5-c72f6ce7faa0" type="org.openqa.selenium.NoSuchElementException">org.openqa.selenium.NoSuchElementException: 
Unable to locate element: //li[@id='city_5']/i
For documentation on this error, please visit: https://www.selenium.dev/documentation/webdriver/troubleshooting/errors#no-such-element-exception
Build info: version: '4.10.0', revision: 'c14d967899'
System info: os.name: 'Linux', os.arch: 'amd64', os.version: '6.2.0-39-generic', java.version: '18.0.2-ea'
Driver info: org.openqa.selenium.firefox.FirefoxDriver
Command: [9ad7a0bc-b90b-473d-89f5-c72f6ce7faa0, findElement {using=xpath, value=//li[@id='city_5']/i}]
Capabilities {acceptInsecureCerts: true, browserName: firefox, browserVersion: 121.0, moz:accessibilityChecks: false, moz:buildID: 20231220184444, moz:debuggerAddress: 127.0.0.1:2266, moz:geckodriverVersion: 0.33.0, moz:headless: false, moz:platformVersion: 6.2.0-39-generic, moz:processID: 1217703, moz:profile: /tmp/rust_mozprofileWURFkL, moz:shutdownTimeout: 60000, moz:webdriverClick: true, moz:windowless: false, pageLoadStrategy: normal, platformName: linux, proxy: Proxy(), se:cdp: ws://127.0.0.1:2266/devtool..., se:cdpVersion: 85.0, setWindowRect: true, strictFileInteractability: false, timeouts: {implicit: 0, pageLoad: 300000, script: 30000}, unhandledPromptBehavior: dismiss and notify}
Session ID: 9ad7a0bc-b90b-473d-89f5-c72f6ce7faa0
	at com.selenium.SiteConfig.openTreeFifthTime(SiteConfig.java:364)
</failure>
  </testcase>
  <testcase name="addFasTagSelectftPrinter" classname="com.selenium.SiteConfig" time="3.046">
    <failure message="Element &lt;option&gt; could not be scrolled into view&#10;Build info: version: &apos;4.10.0&apos;, revision: &apos;c14d967899&apos;&#10;System info: os.name: &apos;Linux&apos;, os.arch: &apos;amd64&apos;, os.version: &apos;6.2.0-39-generic&apos;, java.version: &apos;18.0.2-ea&apos;&#10;Driver info: org.openqa.selenium.firefox.FirefoxDriver&#10;Command: [9ad7a0bc-b90b-473d-89f5-c72f6ce7faa0, clickElement {id=fe172e87-d750-46a5-8e1b-abc51328a6fc}]&#10;Capabilities {acceptInsecureCerts: true, browserName: firefox, browserVersion: 121.0, moz:accessibilityChecks: false, moz:buildID: 20231220184444, moz:debuggerAddress: 127.0.0.1:2266, moz:geckodriverVersion: 0.33.0, moz:headless: false, moz:platformVersion: 6.2.0-39-generic, moz:processID: 1217703, moz:profile: /tmp/rust_mozprofileWURFkL, moz:shutdownTimeout: 60000, moz:webdriverClick: true, moz:windowless: false, pageLoadStrategy: normal, platformName: linux, proxy: Proxy(), se:cdp: ws://127.0.0.1:2266/devtool..., se:cdpVersion: 85.0, setWindowRect: true, strictFileInteractability: false, timeouts: {implicit: 0, pageLoad: 300000, script: 30000}, unhandledPromptBehavior: dismiss and notify}&#10;Element: [[[[FirefoxDriver: firefox on linux (9ad7a0bc-b90b-473d-89f5-c72f6ce7faa0)] -&gt; id: fastagDeviceCatagory]] -&gt; xpath: .//option[@value = &quot;FastagMobilePrinter&quot;]]&#10;Session ID: 9ad7a0bc-b90b-473d-89f5-c72f6ce7faa0" type="org.openqa.selenium.ElementNotInteractableException"><![CDATA[org.openqa.selenium.ElementNotInteractableException: 
Element <option> could not be scrolled into view
Build info: version: '4.10.0', revision: 'c14d967899'
System info: os.name: 'Linux', os.arch: 'amd64', os.version: '6.2.0-39-generic', java.version: '18.0.2-ea'
Driver info: org.openqa.selenium.firefox.FirefoxDriver
Command: [9ad7a0bc-b90b-473d-89f5-c72f6ce7faa0, clickElement {id=fe172e87-d750-46a5-8e1b-abc51328a6fc}]
Capabilities {acceptInsecureCerts: true, browserName: firefox, browserVersion: 121.0, moz:accessibilityChecks: false, moz:buildID: 20231220184444, moz:debuggerAddress: 127.0.0.1:2266, moz:geckodriverVersion: 0.33.0, moz:headless: false, moz:platformVersion: 6.2.0-39-generic, moz:processID: 1217703, moz:profile: /tmp/rust_mozprofileWURFkL, moz:shutdownTimeout: 60000, moz:webdriverClick: true, moz:windowless: false, pageLoadStrategy: normal, platformName: linux, proxy: Proxy(), se:cdp: ws://127.0.0.1:2266/devtool..., se:cdpVersion: 85.0, setWindowRect: true, strictFileInteractability: false, timeouts: {implicit: 0, pageLoad: 300000, script: 30000}, unhandledPromptBehavior: dismiss and notify}
Element: [[[[FirefoxDriver: firefox on linux (9ad7a0bc-b90b-473d-89f5-c72f6ce7faa0)] -> id: fastagDeviceCatagory]] -> xpath: .//option[@value = "FastagMobilePrinter"]]
Session ID: 9ad7a0bc-b90b-473d-89f5-c72f6ce7faa0
	at com.selenium.SiteConfig.addFasTagSelectftPrinter(SiteConfig.java:388)
]]></failure>
  </testcase>
  <testcase name="addFtPrinterDetails" classname="com.selenium.SiteConfig" time="0.014">
    <failure message="Element &lt;input id=&quot;fastagDeviceName&quot; class=&quot;form-control&quot; name=&quot;fastagDeviceName&quot; type=&quot;text&quot;&gt; is not reachable by keyboard&#10;Build info: version: &apos;4.10.0&apos;, revision: &apos;c14d967899&apos;&#10;System info: os.name: &apos;Linux&apos;, os.arch: &apos;amd64&apos;, os.version: &apos;6.2.0-39-generic&apos;, java.version: &apos;18.0.2-ea&apos;&#10;Driver info: org.openqa.selenium.firefox.FirefoxDriver&#10;Command: [9ad7a0bc-b90b-473d-89f5-c72f6ce7faa0, sendKeysToElement {id=33ccbaac-d89c-4889-95cc-eece9ac5ffb0, value=[Ljava.lang.CharSequence;@42dda18}]&#10;Capabilities {acceptInsecureCerts: true, browserName: firefox, browserVersion: 121.0, moz:accessibilityChecks: false, moz:buildID: 20231220184444, moz:debuggerAddress: 127.0.0.1:2266, moz:geckodriverVersion: 0.33.0, moz:headless: false, moz:platformVersion: 6.2.0-39-generic, moz:processID: 1217703, moz:profile: /tmp/rust_mozprofileWURFkL, moz:shutdownTimeout: 60000, moz:webdriverClick: true, moz:windowless: false, pageLoadStrategy: normal, platformName: linux, proxy: Proxy(), se:cdp: ws://127.0.0.1:2266/devtool..., se:cdpVersion: 85.0, setWindowRect: true, strictFileInteractability: false, timeouts: {implicit: 0, pageLoad: 300000, script: 30000}, unhandledPromptBehavior: dismiss and notify}&#10;Element: [[FirefoxDriver: firefox on linux (9ad7a0bc-b90b-473d-89f5-c72f6ce7faa0)] -&gt; id: fastagDeviceName]&#10;Session ID: 9ad7a0bc-b90b-473d-89f5-c72f6ce7faa0" type="org.openqa.selenium.ElementNotInteractableException"><![CDATA[org.openqa.selenium.ElementNotInteractableException: 
Element <input id="fastagDeviceName" class="form-control" name="fastagDeviceName" type="text"> is not reachable by keyboard
Build info: version: '4.10.0', revision: 'c14d967899'
System info: os.name: 'Linux', os.arch: 'amd64', os.version: '6.2.0-39-generic', java.version: '18.0.2-ea'
Driver info: org.openqa.selenium.firefox.FirefoxDriver
Command: [9ad7a0bc-b90b-473d-89f5-c72f6ce7faa0, sendKeysToElement {id=33ccbaac-d89c-4889-95cc-eece9ac5ffb0, value=[Ljava.lang.CharSequence;@42dda18}]
Capabilities {acceptInsecureCerts: true, browserName: firefox, browserVersion: 121.0, moz:accessibilityChecks: false, moz:buildID: 20231220184444, moz:debuggerAddress: 127.0.0.1:2266, moz:geckodriverVersion: 0.33.0, moz:headless: false, moz:platformVersion: 6.2.0-39-generic, moz:processID: 1217703, moz:profile: /tmp/rust_mozprofileWURFkL, moz:shutdownTimeout: 60000, moz:webdriverClick: true, moz:windowless: false, pageLoadStrategy: normal, platformName: linux, proxy: Proxy(), se:cdp: ws://127.0.0.1:2266/devtool..., se:cdpVersion: 85.0, setWindowRect: true, strictFileInteractability: false, timeouts: {implicit: 0, pageLoad: 300000, script: 30000}, unhandledPromptBehavior: dismiss and notify}
Element: [[FirefoxDriver: firefox on linux (9ad7a0bc-b90b-473d-89f5-c72f6ce7faa0)] -> id: fastagDeviceName]
Session ID: 9ad7a0bc-b90b-473d-89f5-c72f6ce7faa0
	at com.selenium.SiteConfig.addFtPrinterDetails(SiteConfig.java:393)
]]></failure>
  </testcase>
  <testcase name="addbtnFtPrinter" classname="com.selenium.SiteConfig" time="0.015">
    <failure message="Element &lt;button id=&quot;btnFastagSaveDevices&quot; class=&quot;btn btn-sm btn-primary&quot; type=&quot;submit&quot;&gt; could not be scrolled into view&#10;Build info: version: &apos;4.10.0&apos;, revision: &apos;c14d967899&apos;&#10;System info: os.name: &apos;Linux&apos;, os.arch: &apos;amd64&apos;, os.version: &apos;6.2.0-39-generic&apos;, java.version: &apos;18.0.2-ea&apos;&#10;Driver info: org.openqa.selenium.firefox.FirefoxDriver&#10;Command: [9ad7a0bc-b90b-473d-89f5-c72f6ce7faa0, clickElement {id=a98f8e53-8a70-4b76-b764-5a5a3645fadc}]&#10;Capabilities {acceptInsecureCerts: true, browserName: firefox, browserVersion: 121.0, moz:accessibilityChecks: false, moz:buildID: 20231220184444, moz:debuggerAddress: 127.0.0.1:2266, moz:geckodriverVersion: 0.33.0, moz:headless: false, moz:platformVersion: 6.2.0-39-generic, moz:processID: 1217703, moz:profile: /tmp/rust_mozprofileWURFkL, moz:shutdownTimeout: 60000, moz:webdriverClick: true, moz:windowless: false, pageLoadStrategy: normal, platformName: linux, proxy: Proxy(), se:cdp: ws://127.0.0.1:2266/devtool..., se:cdpVersion: 85.0, setWindowRect: true, strictFileInteractability: false, timeouts: {implicit: 0, pageLoad: 300000, script: 30000}, unhandledPromptBehavior: dismiss and notify}&#10;Element: [[FirefoxDriver: firefox on linux (9ad7a0bc-b90b-473d-89f5-c72f6ce7faa0)] -&gt; id: btnFastagSaveDevices]&#10;Session ID: 9ad7a0bc-b90b-473d-89f5-c72f6ce7faa0" type="org.openqa.selenium.ElementNotInteractableException"><![CDATA[org.openqa.selenium.ElementNotInteractableException: 
Element <button id="btnFastagSaveDevices" class="btn btn-sm btn-primary" type="submit"> could not be scrolled into view
Build info: version: '4.10.0', revision: 'c14d967899'
System info: os.name: 'Linux', os.arch: 'amd64', os.version: '6.2.0-39-generic', java.version: '18.0.2-ea'
Driver info: org.openqa.selenium.firefox.FirefoxDriver
Command: [9ad7a0bc-b90b-473d-89f5-c72f6ce7faa0, clickElement {id=a98f8e53-8a70-4b76-b764-5a5a3645fadc}]
Capabilities {acceptInsecureCerts: true, browserName: firefox, browserVersion: 121.0, moz:accessibilityChecks: false, moz:buildID: 20231220184444, moz:debuggerAddress: 127.0.0.1:2266, moz:geckodriverVersion: 0.33.0, moz:headless: false, moz:platformVersion: 6.2.0-39-generic, moz:processID: 1217703, moz:profile: /tmp/rust_mozprofileWURFkL, moz:shutdownTimeout: 60000, moz:webdriverClick: true, moz:windowless: false, pageLoadStrategy: normal, platformName: linux, proxy: Proxy(), se:cdp: ws://127.0.0.1:2266/devtool..., se:cdpVersion: 85.0, setWindowRect: true, strictFileInteractability: false, timeouts: {implicit: 0, pageLoad: 300000, script: 30000}, unhandledPromptBehavior: dismiss and notify}
Element: [[FirefoxDriver: firefox on linux (9ad7a0bc-b90b-473d-89f5-c72f6ce7faa0)] -> id: btnFastagSaveDevices]
Session ID: 9ad7a0bc-b90b-473d-89f5-c72f6ce7faa0
	at com.selenium.SiteConfig.addbtnFtPrinter(SiteConfig.java:404)
]]></failure>
  </testcase>
  <testcase name="openTreeSixthTime" classname="com.selenium.SiteConfig" time="12.505">
    <failure message="Unable to locate element: //*[@id=&apos;site_56&apos;]/i&#10;For documentation on this error, please visit: https://www.selenium.dev/documentation/webdriver/troubleshooting/errors#no-such-element-exception&#10;Build info: version: &apos;4.10.0&apos;, revision: &apos;c14d967899&apos;&#10;System info: os.name: &apos;Linux&apos;, os.arch: &apos;amd64&apos;, os.version: &apos;6.2.0-39-generic&apos;, java.version: &apos;18.0.2-ea&apos;&#10;Driver info: org.openqa.selenium.firefox.FirefoxDriver&#10;Command: [9ad7a0bc-b90b-473d-89f5-c72f6ce7faa0, findElement {using=xpath, value=//*[@id=&apos;site_56&apos;]/i}]&#10;Capabilities {acceptInsecureCerts: true, browserName: firefox, browserVersion: 121.0, moz:accessibilityChecks: false, moz:buildID: 20231220184444, moz:debuggerAddress: 127.0.0.1:2266, moz:geckodriverVersion: 0.33.0, moz:headless: false, moz:platformVersion: 6.2.0-39-generic, moz:processID: 1217703, moz:profile: /tmp/rust_mozprofileWURFkL, moz:shutdownTimeout: 60000, moz:webdriverClick: true, moz:windowless: false, pageLoadStrategy: normal, platformName: linux, proxy: Proxy(), se:cdp: ws://127.0.0.1:2266/devtool..., se:cdpVersion: 85.0, setWindowRect: true, strictFileInteractability: false, timeouts: {implicit: 0, pageLoad: 300000, script: 30000}, unhandledPromptBehavior: dismiss and notify}&#10;Session ID: 9ad7a0bc-b90b-473d-89f5-c72f6ce7faa0" type="org.openqa.selenium.NoSuchElementException">org.openqa.selenium.NoSuchElementException: 
Unable to locate element: //*[@id='site_56']/i
For documentation on this error, please visit: https://www.selenium.dev/documentation/webdriver/troubleshooting/errors#no-such-element-exception
Build info: version: '4.10.0', revision: 'c14d967899'
System info: os.name: 'Linux', os.arch: 'amd64', os.version: '6.2.0-39-generic', java.version: '18.0.2-ea'
Driver info: org.openqa.selenium.firefox.FirefoxDriver
Command: [9ad7a0bc-b90b-473d-89f5-c72f6ce7faa0, findElement {using=xpath, value=//*[@id='site_56']/i}]
Capabilities {acceptInsecureCerts: true, browserName: firefox, browserVersion: 121.0, moz:accessibilityChecks: false, moz:buildID: 20231220184444, moz:debuggerAddress: 127.0.0.1:2266, moz:geckodriverVersion: 0.33.0, moz:headless: false, moz:platformVersion: 6.2.0-39-generic, moz:processID: 1217703, moz:profile: /tmp/rust_mozprofileWURFkL, moz:shutdownTimeout: 60000, moz:webdriverClick: true, moz:windowless: false, pageLoadStrategy: normal, platformName: linux, proxy: Proxy(), se:cdp: ws://127.0.0.1:2266/devtool..., se:cdpVersion: 85.0, setWindowRect: true, strictFileInteractability: false, timeouts: {implicit: 0, pageLoad: 300000, script: 30000}, unhandledPromptBehavior: dismiss and notify}
Session ID: 9ad7a0bc-b90b-473d-89f5-c72f6ce7faa0
	at com.selenium.SiteConfig.openTreeSixthTime(SiteConfig.java:438)
</failure>
  </testcase>
  <testcase name="addFasTagSelectFtmPOS" classname="com.selenium.SiteConfig" time="6.025">
    <failure message="Element &lt;option&gt; could not be scrolled into view&#10;Build info: version: &apos;4.10.0&apos;, revision: &apos;c14d967899&apos;&#10;System info: os.name: &apos;Linux&apos;, os.arch: &apos;amd64&apos;, os.version: &apos;6.2.0-39-generic&apos;, java.version: &apos;18.0.2-ea&apos;&#10;Driver info: org.openqa.selenium.firefox.FirefoxDriver&#10;Command: [9ad7a0bc-b90b-473d-89f5-c72f6ce7faa0, clickElement {id=2468a732-e6fd-45b8-9548-c30d6e426e74}]&#10;Capabilities {acceptInsecureCerts: true, browserName: firefox, browserVersion: 121.0, moz:accessibilityChecks: false, moz:buildID: 20231220184444, moz:debuggerAddress: 127.0.0.1:2266, moz:geckodriverVersion: 0.33.0, moz:headless: false, moz:platformVersion: 6.2.0-39-generic, moz:processID: 1217703, moz:profile: /tmp/rust_mozprofileWURFkL, moz:shutdownTimeout: 60000, moz:webdriverClick: true, moz:windowless: false, pageLoadStrategy: normal, platformName: linux, proxy: Proxy(), se:cdp: ws://127.0.0.1:2266/devtool..., se:cdpVersion: 85.0, setWindowRect: true, strictFileInteractability: false, timeouts: {implicit: 0, pageLoad: 300000, script: 30000}, unhandledPromptBehavior: dismiss and notify}&#10;Element: [[[[FirefoxDriver: firefox on linux (9ad7a0bc-b90b-473d-89f5-c72f6ce7faa0)] -&gt; id: fastagDeviceCatagory]] -&gt; xpath: .//option[@value = &quot;FastagMpos&quot;]]&#10;Session ID: 9ad7a0bc-b90b-473d-89f5-c72f6ce7faa0" type="org.openqa.selenium.ElementNotInteractableException"><![CDATA[org.openqa.selenium.ElementNotInteractableException: 
Element <option> could not be scrolled into view
Build info: version: '4.10.0', revision: 'c14d967899'
System info: os.name: 'Linux', os.arch: 'amd64', os.version: '6.2.0-39-generic', java.version: '18.0.2-ea'
Driver info: org.openqa.selenium.firefox.FirefoxDriver
Command: [9ad7a0bc-b90b-473d-89f5-c72f6ce7faa0, clickElement {id=2468a732-e6fd-45b8-9548-c30d6e426e74}]
Capabilities {acceptInsecureCerts: true, browserName: firefox, browserVersion: 121.0, moz:accessibilityChecks: false, moz:buildID: 20231220184444, moz:debuggerAddress: 127.0.0.1:2266, moz:geckodriverVersion: 0.33.0, moz:headless: false, moz:platformVersion: 6.2.0-39-generic, moz:processID: 1217703, moz:profile: /tmp/rust_mozprofileWURFkL, moz:shutdownTimeout: 60000, moz:webdriverClick: true, moz:windowless: false, pageLoadStrategy: normal, platformName: linux, proxy: Proxy(), se:cdp: ws://127.0.0.1:2266/devtool..., se:cdpVersion: 85.0, setWindowRect: true, strictFileInteractability: false, timeouts: {implicit: 0, pageLoad: 300000, script: 30000}, unhandledPromptBehavior: dismiss and notify}
Element: [[[[FirefoxDriver: firefox on linux (9ad7a0bc-b90b-473d-89f5-c72f6ce7faa0)] -> id: fastagDeviceCatagory]] -> xpath: .//option[@value = "FastagMpos"]]
Session ID: 9ad7a0bc-b90b-473d-89f5-c72f6ce7faa0
	at com.selenium.SiteConfig.addFasTagSelectFtmPOS(SiteConfig.java:459)
]]></failure>
  </testcase>
  <testcase name="addFtmPOSDetails" classname="com.selenium.SiteConfig" time="1.007">
    <failure message="Element &lt;input id=&quot;fastagDeviceName&quot; class=&quot;form-control&quot; name=&quot;fastagDeviceName&quot; type=&quot;text&quot;&gt; is not reachable by keyboard&#10;Build info: version: &apos;4.10.0&apos;, revision: &apos;c14d967899&apos;&#10;System info: os.name: &apos;Linux&apos;, os.arch: &apos;amd64&apos;, os.version: &apos;6.2.0-39-generic&apos;, java.version: &apos;18.0.2-ea&apos;&#10;Driver info: org.openqa.selenium.firefox.FirefoxDriver&#10;Command: [9ad7a0bc-b90b-473d-89f5-c72f6ce7faa0, sendKeysToElement {id=33ccbaac-d89c-4889-95cc-eece9ac5ffb0, value=[Ljava.lang.CharSequence;@7d236b95}]&#10;Capabilities {acceptInsecureCerts: true, browserName: firefox, browserVersion: 121.0, moz:accessibilityChecks: false, moz:buildID: 20231220184444, moz:debuggerAddress: 127.0.0.1:2266, moz:geckodriverVersion: 0.33.0, moz:headless: false, moz:platformVersion: 6.2.0-39-generic, moz:processID: 1217703, moz:profile: /tmp/rust_mozprofileWURFkL, moz:shutdownTimeout: 60000, moz:webdriverClick: true, moz:windowless: false, pageLoadStrategy: normal, platformName: linux, proxy: Proxy(), se:cdp: ws://127.0.0.1:2266/devtool..., se:cdpVersion: 85.0, setWindowRect: true, strictFileInteractability: false, timeouts: {implicit: 0, pageLoad: 300000, script: 30000}, unhandledPromptBehavior: dismiss and notify}&#10;Element: [[FirefoxDriver: firefox on linux (9ad7a0bc-b90b-473d-89f5-c72f6ce7faa0)] -&gt; id: fastagDeviceName]&#10;Session ID: 9ad7a0bc-b90b-473d-89f5-c72f6ce7faa0" type="org.openqa.selenium.ElementNotInteractableException"><![CDATA[org.openqa.selenium.ElementNotInteractableException: 
Element <input id="fastagDeviceName" class="form-control" name="fastagDeviceName" type="text"> is not reachable by keyboard
Build info: version: '4.10.0', revision: 'c14d967899'
System info: os.name: 'Linux', os.arch: 'amd64', os.version: '6.2.0-39-generic', java.version: '18.0.2-ea'
Driver info: org.openqa.selenium.firefox.FirefoxDriver
Command: [9ad7a0bc-b90b-473d-89f5-c72f6ce7faa0, sendKeysToElement {id=33ccbaac-d89c-4889-95cc-eece9ac5ffb0, value=[Ljava.lang.CharSequence;@7d236b95}]
Capabilities {acceptInsecureCerts: true, browserName: firefox, browserVersion: 121.0, moz:accessibilityChecks: false, moz:buildID: 20231220184444, moz:debuggerAddress: 127.0.0.1:2266, moz:geckodriverVersion: 0.33.0, moz:headless: false, moz:platformVersion: 6.2.0-39-generic, moz:processID: 1217703, moz:profile: /tmp/rust_mozprofileWURFkL, moz:shutdownTimeout: 60000, moz:webdriverClick: true, moz:windowless: false, pageLoadStrategy: normal, platformName: linux, proxy: Proxy(), se:cdp: ws://127.0.0.1:2266/devtool..., se:cdpVersion: 85.0, setWindowRect: true, strictFileInteractability: false, timeouts: {implicit: 0, pageLoad: 300000, script: 30000}, unhandledPromptBehavior: dismiss and notify}
Element: [[FirefoxDriver: firefox on linux (9ad7a0bc-b90b-473d-89f5-c72f6ce7faa0)] -> id: fastagDeviceName]
Session ID: 9ad7a0bc-b90b-473d-89f5-c72f6ce7faa0
	at com.selenium.SiteConfig.addFtmPOSDetails(SiteConfig.java:465)
]]></failure>
  </testcase>
  <testcase name="addbtnFasTagFtmPOS" classname="com.selenium.SiteConfig" time="3.005">
    <failure message="Element &lt;button id=&quot;btnFastagSaveDevices&quot; class=&quot;btn btn-sm btn-primary&quot; type=&quot;submit&quot;&gt; could not be scrolled into view&#10;Build info: version: &apos;4.10.0&apos;, revision: &apos;c14d967899&apos;&#10;System info: os.name: &apos;Linux&apos;, os.arch: &apos;amd64&apos;, os.version: &apos;6.2.0-39-generic&apos;, java.version: &apos;18.0.2-ea&apos;&#10;Driver info: org.openqa.selenium.firefox.FirefoxDriver&#10;Command: [9ad7a0bc-b90b-473d-89f5-c72f6ce7faa0, clickElement {id=a98f8e53-8a70-4b76-b764-5a5a3645fadc}]&#10;Capabilities {acceptInsecureCerts: true, browserName: firefox, browserVersion: 121.0, moz:accessibilityChecks: false, moz:buildID: 20231220184444, moz:debuggerAddress: 127.0.0.1:2266, moz:geckodriverVersion: 0.33.0, moz:headless: false, moz:platformVersion: 6.2.0-39-generic, moz:processID: 1217703, moz:profile: /tmp/rust_mozprofileWURFkL, moz:shutdownTimeout: 60000, moz:webdriverClick: true, moz:windowless: false, pageLoadStrategy: normal, platformName: linux, proxy: Proxy(), se:cdp: ws://127.0.0.1:2266/devtool..., se:cdpVersion: 85.0, setWindowRect: true, strictFileInteractability: false, timeouts: {implicit: 0, pageLoad: 300000, script: 30000}, unhandledPromptBehavior: dismiss and notify}&#10;Element: [[FirefoxDriver: firefox on linux (9ad7a0bc-b90b-473d-89f5-c72f6ce7faa0)] -&gt; id: btnFastagSaveDevices]&#10;Session ID: 9ad7a0bc-b90b-473d-89f5-c72f6ce7faa0" type="org.openqa.selenium.ElementNotInteractableException"><![CDATA[org.openqa.selenium.ElementNotInteractableException: 
Element <button id="btnFastagSaveDevices" class="btn btn-sm btn-primary" type="submit"> could not be scrolled into view
Build info: version: '4.10.0', revision: 'c14d967899'
System info: os.name: 'Linux', os.arch: 'amd64', os.version: '6.2.0-39-generic', java.version: '18.0.2-ea'
Driver info: org.openqa.selenium.firefox.FirefoxDriver
Command: [9ad7a0bc-b90b-473d-89f5-c72f6ce7faa0, clickElement {id=a98f8e53-8a70-4b76-b764-5a5a3645fadc}]
Capabilities {acceptInsecureCerts: true, browserName: firefox, browserVersion: 121.0, moz:accessibilityChecks: false, moz:buildID: 20231220184444, moz:debuggerAddress: 127.0.0.1:2266, moz:geckodriverVersion: 0.33.0, moz:headless: false, moz:platformVersion: 6.2.0-39-generic, moz:processID: 1217703, moz:profile: /tmp/rust_mozprofileWURFkL, moz:shutdownTimeout: 60000, moz:webdriverClick: true, moz:windowless: false, pageLoadStrategy: normal, platformName: linux, proxy: Proxy(), se:cdp: ws://127.0.0.1:2266/devtool..., se:cdpVersion: 85.0, setWindowRect: true, strictFileInteractability: false, timeouts: {implicit: 0, pageLoad: 300000, script: 30000}, unhandledPromptBehavior: dismiss and notify}
Element: [[FirefoxDriver: firefox on linux (9ad7a0bc-b90b-473d-89f5-c72f6ce7faa0)] -> id: btnFastagSaveDevices]
Session ID: 9ad7a0bc-b90b-473d-89f5-c72f6ce7faa0
	at com.selenium.SiteConfig.addbtnFasTagFtmPOS(SiteConfig.java:479)
]]></failure>
  </testcase>
  <testcase name="openTreeSeventhTime" classname="com.selenium.SiteConfig" time="9.046">
    <failure message="Unable to locate element: //li[@id=&apos;city_5&apos;]/i&#10;For documentation on this error, please visit: https://www.selenium.dev/documentation/webdriver/troubleshooting/errors#no-such-element-exception&#10;Build info: version: &apos;4.10.0&apos;, revision: &apos;c14d967899&apos;&#10;System info: os.name: &apos;Linux&apos;, os.arch: &apos;amd64&apos;, os.version: &apos;6.2.0-39-generic&apos;, java.version: &apos;18.0.2-ea&apos;&#10;Driver info: org.openqa.selenium.firefox.FirefoxDriver&#10;Command: [9ad7a0bc-b90b-473d-89f5-c72f6ce7faa0, findElement {using=xpath, value=//li[@id=&apos;city_5&apos;]/i}]&#10;Capabilities {acceptInsecureCerts: true, browserName: firefox, browserVersion: 121.0, moz:accessibilityChecks: false, moz:buildID: 20231220184444, moz:debuggerAddress: 127.0.0.1:2266, moz:geckodriverVersion: 0.33.0, moz:headless: false, moz:platformVersion: 6.2.0-39-generic, moz:processID: 1217703, moz:profile: /tmp/rust_mozprofileWURFkL, moz:shutdownTimeout: 60000, moz:webdriverClick: true, moz:windowless: false, pageLoadStrategy: normal, platformName: linux, proxy: Proxy(), se:cdp: ws://127.0.0.1:2266/devtool..., se:cdpVersion: 85.0, setWindowRect: true, strictFileInteractability: false, timeouts: {implicit: 0, pageLoad: 300000, script: 30000}, unhandledPromptBehavior: dismiss and notify}&#10;Session ID: 9ad7a0bc-b90b-473d-89f5-c72f6ce7faa0" type="org.openqa.selenium.NoSuchElementException">org.openqa.selenium.NoSuchElementException: 
Unable to locate element: //li[@id='city_5']/i
For documentation on this error, please visit: https://www.selenium.dev/documentation/webdriver/troubleshooting/errors#no-such-element-exception
Build info: version: '4.10.0', revision: 'c14d967899'
System info: os.name: 'Linux', os.arch: 'amd64', os.version: '6.2.0-39-generic', java.version: '18.0.2-ea'
Driver info: org.openqa.selenium.firefox.FirefoxDriver
Command: [9ad7a0bc-b90b-473d-89f5-c72f6ce7faa0, findElement {using=xpath, value=//li[@id='city_5']/i}]
Capabilities {acceptInsecureCerts: true, browserName: firefox, browserVersion: 121.0, moz:accessibilityChecks: false, moz:buildID: 20231220184444, moz:debuggerAddress: 127.0.0.1:2266, moz:geckodriverVersion: 0.33.0, moz:headless: false, moz:platformVersion: 6.2.0-39-generic, moz:processID: 1217703, moz:profile: /tmp/rust_mozprofileWURFkL, moz:shutdownTimeout: 60000, moz:webdriverClick: true, moz:windowless: false, pageLoadStrategy: normal, platformName: linux, proxy: Proxy(), se:cdp: ws://127.0.0.1:2266/devtool..., se:cdpVersion: 85.0, setWindowRect: true, strictFileInteractability: false, timeouts: {implicit: 0, pageLoad: 300000, script: 30000}, unhandledPromptBehavior: dismiss and notify}
Session ID: 9ad7a0bc-b90b-473d-89f5-c72f6ce7faa0
	at com.selenium.SiteConfig.openTreeSeventhTime(SiteConfig.java:503)
</failure>
  </testcase>
  <testcase name="updateController" classname="com.selenium.SiteConfig" time="10.058">
    <failure message="Expected condition failed: waiting for element to be clickable: By.id: ftControllerPresentAt (tried for 10 second(s) with 500 milliseconds interval)&#10;Build info: version: &apos;4.10.0&apos;, revision: &apos;c14d967899&apos;&#10;System info: os.name: &apos;Linux&apos;, os.arch: &apos;amd64&apos;, os.version: &apos;6.2.0-39-generic&apos;, java.version: &apos;18.0.2-ea&apos;&#10;Driver info: org.openqa.selenium.firefox.FirefoxDriver&#10;Capabilities {acceptInsecureCerts: true, browserName: firefox, browserVersion: 121.0, moz:accessibilityChecks: false, moz:buildID: 20231220184444, moz:debuggerAddress: 127.0.0.1:2266, moz:geckodriverVersion: 0.33.0, moz:headless: false, moz:platformVersion: 6.2.0-39-generic, moz:processID: 1217703, moz:profile: /tmp/rust_mozprofileWURFkL, moz:shutdownTimeout: 60000, moz:webdriverClick: true, moz:windowless: false, pageLoadStrategy: normal, platformName: linux, proxy: Proxy(), se:cdp: ws://127.0.0.1:2266/devtool..., se:cdpVersion: 85.0, setWindowRect: true, strictFileInteractability: false, timeouts: {implicit: 0, pageLoad: 300000, script: 30000}, unhandledPromptBehavior: dismiss and notify}&#10;Session ID: 9ad7a0bc-b90b-473d-89f5-c72f6ce7faa0" type="org.openqa.selenium.TimeoutException">org.openqa.selenium.TimeoutException: 
Expected condition failed: waiting for element to be clickable: By.id: ftControllerPresentAt (tried for 10 second(s) with 500 milliseconds interval)
Build info: version: '4.10.0', revision: 'c14d967899'
System info: os.name: 'Linux', os.arch: 'amd64', os.version: '6.2.0-39-generic', java.version: '18.0.2-ea'
Driver info: org.openqa.selenium.firefox.FirefoxDriver
Capabilities {acceptInsecureCerts: true, browserName: firefox, browserVersion: 121.0, moz:accessibilityChecks: false, moz:buildID: 20231220184444, moz:debuggerAddress: 127.0.0.1:2266, moz:geckodriverVersion: 0.33.0, moz:headless: false, moz:platformVersion: 6.2.0-39-generic, moz:processID: 1217703, moz:profile: /tmp/rust_mozprofileWURFkL, moz:shutdownTimeout: 60000, moz:webdriverClick: true, moz:windowless: false, pageLoadStrategy: normal, platformName: linux, proxy: Proxy(), se:cdp: ws://127.0.0.1:2266/devtool..., se:cdpVersion: 85.0, setWindowRect: true, strictFileInteractability: false, timeouts: {implicit: 0, pageLoad: 300000, script: 30000}, unhandledPromptBehavior: dismiss and notify}
Session ID: 9ad7a0bc-b90b-473d-89f5-c72f6ce7faa0
	at com.selenium.SiteConfig.updateController(SiteConfig.java:523)
</failure>
  </testcase>
  <testcase name="OpenTreeEighthTime" classname="com.selenium.SiteConfig" time="6.24">
    <failure message="Unable to locate element: //li[@id=&apos;zone_1&apos;]/i&#10;For documentation on this error, please visit: https://www.selenium.dev/documentation/webdriver/troubleshooting/errors#no-such-element-exception&#10;Build info: version: &apos;4.10.0&apos;, revision: &apos;c14d967899&apos;&#10;System info: os.name: &apos;Linux&apos;, os.arch: &apos;amd64&apos;, os.version: &apos;6.2.0-39-generic&apos;, java.version: &apos;18.0.2-ea&apos;&#10;Driver info: org.openqa.selenium.firefox.FirefoxDriver&#10;Command: [9ad7a0bc-b90b-473d-89f5-c72f6ce7faa0, findElement {using=xpath, value=//li[@id=&apos;zone_1&apos;]/i}]&#10;Capabilities {acceptInsecureCerts: true, browserName: firefox, browserVersion: 121.0, moz:accessibilityChecks: false, moz:buildID: 20231220184444, moz:debuggerAddress: 127.0.0.1:2266, moz:geckodriverVersion: 0.33.0, moz:headless: false, moz:platformVersion: 6.2.0-39-generic, moz:processID: 1217703, moz:profile: /tmp/rust_mozprofileWURFkL, moz:shutdownTimeout: 60000, moz:webdriverClick: true, moz:windowless: false, pageLoadStrategy: normal, platformName: linux, proxy: Proxy(), se:cdp: ws://127.0.0.1:2266/devtool..., se:cdpVersion: 85.0, setWindowRect: true, strictFileInteractability: false, timeouts: {implicit: 0, pageLoad: 300000, script: 30000}, unhandledPromptBehavior: dismiss and notify}&#10;Session ID: 9ad7a0bc-b90b-473d-89f5-c72f6ce7faa0" type="org.openqa.selenium.NoSuchElementException">org.openqa.selenium.NoSuchElementException: 
Unable to locate element: //li[@id='zone_1']/i
For documentation on this error, please visit: https://www.selenium.dev/documentation/webdriver/troubleshooting/errors#no-such-element-exception
Build info: version: '4.10.0', revision: 'c14d967899'
System info: os.name: 'Linux', os.arch: 'amd64', os.version: '6.2.0-39-generic', java.version: '18.0.2-ea'
Driver info: org.openqa.selenium.firefox.FirefoxDriver
Command: [9ad7a0bc-b90b-473d-89f5-c72f6ce7faa0, findElement {using=xpath, value=//li[@id='zone_1']/i}]
Capabilities {acceptInsecureCerts: true, browserName: firefox, browserVersion: 121.0, moz:accessibilityChecks: false, moz:buildID: 20231220184444, moz:debuggerAddress: 127.0.0.1:2266, moz:geckodriverVersion: 0.33.0, moz:headless: false, moz:platformVersion: 6.2.0-39-generic, moz:processID: 1217703, moz:profile: /tmp/rust_mozprofileWURFkL, moz:shutdownTimeout: 60000, moz:webdriverClick: true, moz:windowless: false, pageLoadStrategy: normal, platformName: linux, proxy: Proxy(), se:cdp: ws://127.0.0.1:2266/devtool..., se:cdpVersion: 85.0, setWindowRect: true, strictFileInteractability: false, timeouts: {implicit: 0, pageLoad: 300000, script: 30000}, unhandledPromptBehavior: dismiss and notify}
Session ID: 9ad7a0bc-b90b-473d-89f5-c72f6ce7faa0
	at com.selenium.SiteConfig.OpenTreeEighthTime(SiteConfig.java:542)
</failure>
  </testcase>
  <testcase name="deleteController" classname="com.selenium.SiteConfig" time="2.001"/>
  <testcase name="OpenTreeNinthTime" classname="com.selenium.SiteConfig" time="8.016">
    <failure message="Unable to locate element: //li[@id=&apos;city_5&apos;]/i&#10;For documentation on this error, please visit: https://www.selenium.dev/documentation/webdriver/troubleshooting/errors#no-such-element-exception&#10;Build info: version: &apos;4.10.0&apos;, revision: &apos;c14d967899&apos;&#10;System info: os.name: &apos;Linux&apos;, os.arch: &apos;amd64&apos;, os.version: &apos;6.2.0-39-generic&apos;, java.version: &apos;18.0.2-ea&apos;&#10;Driver info: org.openqa.selenium.firefox.FirefoxDriver&#10;Command: [9ad7a0bc-b90b-473d-89f5-c72f6ce7faa0, findElement {using=xpath, value=//li[@id=&apos;city_5&apos;]/i}]&#10;Capabilities {acceptInsecureCerts: true, browserName: firefox, browserVersion: 121.0, moz:accessibilityChecks: false, moz:buildID: 20231220184444, moz:debuggerAddress: 127.0.0.1:2266, moz:geckodriverVersion: 0.33.0, moz:headless: false, moz:platformVersion: 6.2.0-39-generic, moz:processID: 1217703, moz:profile: /tmp/rust_mozprofileWURFkL, moz:shutdownTimeout: 60000, moz:webdriverClick: true, moz:windowless: false, pageLoadStrategy: normal, platformName: linux, proxy: Proxy(), se:cdp: ws://127.0.0.1:2266/devtool..., se:cdpVersion: 85.0, setWindowRect: true, strictFileInteractability: false, timeouts: {implicit: 0, pageLoad: 300000, script: 30000}, unhandledPromptBehavior: dismiss and notify}&#10;Session ID: 9ad7a0bc-b90b-473d-89f5-c72f6ce7faa0" type="org.openqa.selenium.NoSuchElementException">org.openqa.selenium.NoSuchElementException: 
Unable to locate element: //li[@id='city_5']/i
For documentation on this error, please visit: https://www.selenium.dev/documentation/webdriver/troubleshooting/errors#no-such-element-exception
Build info: version: '4.10.0', revision: 'c14d967899'
System info: os.name: 'Linux', os.arch: 'amd64', os.version: '6.2.0-39-generic', java.version: '18.0.2-ea'
Driver info: org.openqa.selenium.firefox.FirefoxDriver
Command: [9ad7a0bc-b90b-473d-89f5-c72f6ce7faa0, findElement {using=xpath, value=//li[@id='city_5']/i}]
Capabilities {acceptInsecureCerts: true, browserName: firefox, browserVersion: 121.0, moz:accessibilityChecks: false, moz:buildID: 20231220184444, moz:debuggerAddress: 127.0.0.1:2266, moz:geckodriverVersion: 0.33.0, moz:headless: false, moz:platformVersion: 6.2.0-39-generic, moz:processID: 1217703, moz:profile: /tmp/rust_mozprofileWURFkL, moz:shutdownTimeout: 60000, moz:webdriverClick: true, moz:windowless: false, pageLoadStrategy: normal, platformName: linux, proxy: Proxy(), se:cdp: ws://127.0.0.1:2266/devtool..., se:cdpVersion: 85.0, setWindowRect: true, strictFileInteractability: false, timeouts: {implicit: 0, pageLoad: 300000, script: 30000}, unhandledPromptBehavior: dismiss and notify}
Session ID: 9ad7a0bc-b90b-473d-89f5-c72f6ce7faa0
	at com.selenium.SiteConfig.OpenTreeNinthTime(SiteConfig.java:573)
</failure>
  </testcase>
  <testcase name="controllerDetailsView" classname="com.selenium.SiteConfig" time="2.008">
    <failure message="Unable to locate element: //a[@id=&apos;ftControllerID_2_anchor&apos;]&#10;For documentation on this error, please visit: https://www.selenium.dev/documentation/webdriver/troubleshooting/errors#no-such-element-exception&#10;Build info: version: &apos;4.10.0&apos;, revision: &apos;c14d967899&apos;&#10;System info: os.name: &apos;Linux&apos;, os.arch: &apos;amd64&apos;, os.version: &apos;6.2.0-39-generic&apos;, java.version: &apos;18.0.2-ea&apos;&#10;Driver info: org.openqa.selenium.firefox.FirefoxDriver&#10;Command: [9ad7a0bc-b90b-473d-89f5-c72f6ce7faa0, findElement {using=xpath, value=//a[@id=&apos;ftControllerID_2_anchor&apos;]}]&#10;Capabilities {acceptInsecureCerts: true, browserName: firefox, browserVersion: 121.0, moz:accessibilityChecks: false, moz:buildID: 20231220184444, moz:debuggerAddress: 127.0.0.1:2266, moz:geckodriverVersion: 0.33.0, moz:headless: false, moz:platformVersion: 6.2.0-39-generic, moz:processID: 1217703, moz:profile: /tmp/rust_mozprofileWURFkL, moz:shutdownTimeout: 60000, moz:webdriverClick: true, moz:windowless: false, pageLoadStrategy: normal, platformName: linux, proxy: Proxy(), se:cdp: ws://127.0.0.1:2266/devtool..., se:cdpVersion: 85.0, setWindowRect: true, strictFileInteractability: false, timeouts: {implicit: 0, pageLoad: 300000, script: 30000}, unhandledPromptBehavior: dismiss and notify}&#10;Session ID: 9ad7a0bc-b90b-473d-89f5-c72f6ce7faa0" type="org.openqa.selenium.NoSuchElementException">org.openqa.selenium.NoSuchElementException: 
Unable to locate element: //a[@id='ftControllerID_2_anchor']
For documentation on this error, please visit: https://www.selenium.dev/documentation/webdriver/troubleshooting/errors#no-such-element-exception
Build info: version: '4.10.0', revision: 'c14d967899'
System info: os.name: 'Linux', os.arch: 'amd64', os.version: '6.2.0-39-generic', java.version: '18.0.2-ea'
Driver info: org.openqa.selenium.firefox.FirefoxDriver
Command: [9ad7a0bc-b90b-473d-89f5-c72f6ce7faa0, findElement {using=xpath, value=//a[@id='ftControllerID_2_anchor']}]
Capabilities {acceptInsecureCerts: true, browserName: firefox, browserVersion: 121.0, moz:accessibilityChecks: false, moz:buildID: 20231220184444, moz:debuggerAddress: 127.0.0.1:2266, moz:geckodriverVersion: 0.33.0, moz:headless: false, moz:platformVersion: 6.2.0-39-generic, moz:processID: 1217703, moz:profile: /tmp/rust_mozprofileWURFkL, moz:shutdownTimeout: 60000, moz:webdriverClick: true, moz:windowless: false, pageLoadStrategy: normal, platformName: linux, proxy: Proxy(), se:cdp: ws://127.0.0.1:2266/devtool..., se:cdpVersion: 85.0, setWindowRect: true, strictFileInteractability: false, timeouts: {implicit: 0, pageLoad: 300000, script: 30000}, unhandledPromptBehavior: dismiss and notify}
Session ID: 9ad7a0bc-b90b-473d-89f5-c72f6ce7faa0
	at com.selenium.SiteConfig.controllerDetailsView(SiteConfig.java:593)
</failure>
  </testcase>
  <testcase name="fasTagReaderUpdate" classname="com.selenium.SiteConfig" time="0.007"/>
  <testcase name="OpenTreeTenthTime" classname="com.selenium.SiteConfig" time="14.739">
    <failure message="Unable to locate element: //*[@id=&apos;site_56&apos;]/ul&#10;For documentation on this error, please visit: https://www.selenium.dev/documentation/webdriver/troubleshooting/errors#no-such-element-exception&#10;Build info: version: &apos;4.10.0&apos;, revision: &apos;c14d967899&apos;&#10;System info: os.name: &apos;Linux&apos;, os.arch: &apos;amd64&apos;, os.version: &apos;6.2.0-39-generic&apos;, java.version: &apos;18.0.2-ea&apos;&#10;Driver info: org.openqa.selenium.firefox.FirefoxDriver&#10;Command: [9ad7a0bc-b90b-473d-89f5-c72f6ce7faa0, findElement {using=xpath, value=//*[@id=&apos;site_56&apos;]/ul}]&#10;Capabilities {acceptInsecureCerts: true, browserName: firefox, browserVersion: 121.0, moz:accessibilityChecks: false, moz:buildID: 20231220184444, moz:debuggerAddress: 127.0.0.1:2266, moz:geckodriverVersion: 0.33.0, moz:headless: false, moz:platformVersion: 6.2.0-39-generic, moz:processID: 1217703, moz:profile: /tmp/rust_mozprofileWURFkL, moz:shutdownTimeout: 60000, moz:webdriverClick: true, moz:windowless: false, pageLoadStrategy: normal, platformName: linux, proxy: Proxy(), se:cdp: ws://127.0.0.1:2266/devtool..., se:cdpVersion: 85.0, setWindowRect: true, strictFileInteractability: false, timeouts: {implicit: 0, pageLoad: 300000, script: 30000}, unhandledPromptBehavior: dismiss and notify}&#10;Session ID: 9ad7a0bc-b90b-473d-89f5-c72f6ce7faa0" type="org.openqa.selenium.NoSuchElementException">org.openqa.selenium.NoSuchElementException: 
Unable to locate element: //*[@id='site_56']/ul
For documentation on this error, please visit: https://www.selenium.dev/documentation/webdriver/troubleshooting/errors#no-such-element-exception
Build info: version: '4.10.0', revision: 'c14d967899'
System info: os.name: 'Linux', os.arch: 'amd64', os.version: '6.2.0-39-generic', java.version: '18.0.2-ea'
Driver info: org.openqa.selenium.firefox.FirefoxDriver
Command: [9ad7a0bc-b90b-473d-89f5-c72f6ce7faa0, findElement {using=xpath, value=//*[@id='site_56']/ul}]
Capabilities {acceptInsecureCerts: true, browserName: firefox, browserVersion: 121.0, moz:accessibilityChecks: false, moz:buildID: 20231220184444, moz:debuggerAddress: 127.0.0.1:2266, moz:geckodriverVersion: 0.33.0, moz:headless: false, moz:platformVersion: 6.2.0-39-generic, moz:processID: 1217703, moz:profile: /tmp/rust_mozprofileWURFkL, moz:shutdownTimeout: 60000, moz:webdriverClick: true, moz:windowless: false, pageLoadStrategy: normal, platformName: linux, proxy: Proxy(), se:cdp: ws://127.0.0.1:2266/devtool..., se:cdpVersion: 85.0, setWindowRect: true, strictFileInteractability: false, timeouts: {implicit: 0, pageLoad: 300000, script: 30000}, unhandledPromptBehavior: dismiss and notify}
Session ID: 9ad7a0bc-b90b-473d-89f5-c72f6ce7faa0
	at com.selenium.SiteConfig.OpenTreeTenthTime(SiteConfig.java:651)
</failure>
  </testcase>
  <testcase name="login" classname="com.selenium.PosManagement" time="5.8"/>
  <testcase name="revenueDashboardOpen" classname="com.selenium.PosManagement" time="5.142"/>
  <testcase name="posConfigurationPage" classname="com.selenium.PosManagement" time="6.409"/>
  <testcase name="selectSiteName" classname="com.selenium.PosManagement" time="6.58"/>
  <testcase name="parkingVehicleTab" classname="com.selenium.PosManagement" time="3.233"/>
  <testcase name="clickAddParkVehicle" classname="com.selenium.PosManagement" time="3.241"/>
  <testcase name="selectVehicle" classname="com.selenium.PosManagement" time="5.554"/>
  <testcase name="addVehicleBtn" classname="com.selenium.PosManagement" time="5.236"/>
  <testcase name="extractPopupTextAddVehicle" classname="com.selenium.PosManagement" time="3.024"/>
  <testcase name="statusOKAddVehicle" classname="com.selenium.PosManagement" time="2.211"/>
  <testcase name="parkingChargesTab" classname="com.selenium.PosManagement" time="3.211"/>
  <testcase name="parkingChargesView" classname="com.selenium.PosManagement" time="3.231"/>
  <testcase name="selectAllWeekButtons" classname="com.selenium.PosManagement" time="11.632"/>
  <testcase name="selectWednesdayButton" classname="com.selenium.PosManagement" time="3.239"/>
  <testcase name="updateInputValue" classname="com.selenium.PosManagement" time="3.053"/>
  <testcase name="pChargesSubmitBtn" classname="com.selenium.PosManagement" time="2.23"/>
  <testcase name="extractUpdateParckingChargesText" classname="com.selenium.PosManagement" time="2.035"/>
  <testcase name="parkingChargeStatusOK" classname="com.selenium.PosManagement" time="1.249"/>
  <testcase name="selectReserveCharges" classname="com.selenium.PosManagement" time="0.24"/>
  <testcase name="reserveChargesEditBtn" classname="com.selenium.PosManagement" time="0.008"/>
  <testcase name="updatereservationCharges" classname="com.selenium.PosManagement" time="0.012"/>
  <testcase name="updateReservationsSubmitBtn" classname="com.selenium.PosManagement" time="2.012"/>
  <testcase name="reserveChargesUpdatePopupText" classname="com.selenium.PosManagement" time="2.01"/>
  <testcase name="reserveChargeUpdateStatusOK" classname="com.selenium.PosManagement" time="1.008"/>
  <testcase name="selectParkingChargesTabTwice" classname="com.selenium.PosManagement" time="3.02"/>
  <testcase name="clickVerifyAddReserveBtn" classname="com.selenium.PosManagement" time="3.014"/>
  <testcase name="addReservationChargesVehicleType" classname="com.selenium.PosManagement" time="3.017"/>
  <testcase name="addReservationInputCharges" classname="com.selenium.PosManagement" time="3.012"/>
  <testcase name="addReservationChargesDateSelection" classname="com.selenium.PosManagement" time="3.019"/>
  <testcase name="addReservationChargesDay" classname="com.selenium.PosManagement" time="3.015"/>
  <testcase name="addReservationChargesDuration" classname="com.selenium.PosManagement" time="3.014"/>
  <testcase name="clickVerifySaveReserveBtn" classname="com.selenium.PosManagement" time="6.014"/>
  <testcase name="extractAddReservationCharges" classname="com.selenium.PosManagement" time="2.006"/>
  <testcase name="okStatusAddReservation" classname="com.selenium.PosManagement" time="1.007"/>
  <testcase name="popUpCloseAddReservation" classname="com.selenium.PosManagement" time="2.013"/>
  <testcase name="selectParkingChargesTabThrice" classname="com.selenium.PosManagement" time="3.05"/>
  <testcase name="selectSpecialCharges" classname="com.selenium.PosManagement" time="5.246"/>
  <testcase name="splChargesWeekBtn" classname="com.selenium.PosManagement" time="11.602"/>
  <testcase name="clickSCAddBtn" classname="com.selenium.PosManagement" time="2.239"/>
  <testcase name="selectWednesdayButtonTwice" classname="com.selenium.PosManagement" time="3.222"/>
  <testcase name="splChargesStartHour" classname="com.selenium.PosManagement" time="2.222"/>
  <testcase name="splChargesEndHour" classname="com.selenium.PosManagement" time="2.408"/>
  <testcase name="splChargesEnterCharges" classname="com.selenium.PosManagement" time="2.245"/>
  <testcase name="splChargesEnterDisCharges" classname="com.selenium.PosManagement" time="2.228"/>
  <testcase name="splChargeCardDisCharges" classname="com.selenium.PosManagement" time="2.226"/>
  <testcase name="splChargeUPIDisCharges" classname="com.selenium.PosManagement" time="2.245"/>
  <testcase name="addSplChargesSubmitBtn" classname="com.selenium.PosManagement" time="2.226"/>
  <testcase name="addSpecialChargesPopUptext" classname="com.selenium.PosManagement" time="3.026"/>
  <testcase name="addSpecialChargesStatusOK" classname="com.selenium.PosManagement" time="2.23"/>
  <testcase name="specialChargesView" classname="com.selenium.PosManagement" time="5.571"/>
  <testcase name="selectWednesdayButtonThrice" classname="com.selenium.PosManagement" time="3.235"/>
  <testcase name="deleteSpecialCharges" classname="com.selenium.PosManagement" time="5.238"/>
  <testcase name="deleteSpecialChargesPopUptext" classname="com.selenium.PosManagement" time="3.007"/>
  <testcase name="deleteSpecialChargesStatusOK" classname="com.selenium.PosManagement" time="2.215"/>
  <testcase name="parkingChargesViewTwice" classname="com.selenium.PosManagement" time="3.008"/>
  <testcase name="selectSpecialChargesTwice" classname="com.selenium.PosManagement" time="5.017"/>
  <testcase name="selectValetCharges" classname="com.selenium.PosManagement" time="5.28"/>
  <testcase name="clickValetChargesAddBtn" classname="com.selenium.PosManagement" time="4.242"/>
  <testcase name="editValetCharges" classname="com.selenium.PosManagement" time="2.26"/>
  <testcase name="addValetChargesDateSelection" classname="com.selenium.PosManagement" time="7.971"/>
  <testcase name="addValetChargesDay" classname="com.selenium.PosManagement" time="3.764"/>
  <testcase name="addValetChargesDuration" classname="com.selenium.PosManagement" time="3.725"/>
  <testcase name="addValetChargesSubmitBtn" classname="com.selenium.PosManagement" time="3.256"/>
  <testcase name="addValetChargesPopupText" classname="com.selenium.PosManagement" time="3.006"/>
  <testcase name="addValetChargesStatusOK" classname="com.selenium.PosManagement" time="16.611"/>
  <testcase name="clickValetChargesEditBtn" classname="com.selenium.PosManagement" time="5.004"/>
  <testcase name="updateChargeInValetCharges" classname="com.selenium.PosManagement" time="3.007"/>
  <testcase name="updateValetChargesDateSelection" classname="com.selenium.PosManagement" time="3.015"/>
  <testcase name="updateValetChargesSubmitBtn" classname="com.selenium.PosManagement" time="3.013"/>
  <testcase name="updateValetChargesPopupText" classname="com.selenium.PosManagement" time="3.006"/>
  <testcase name="updateValetChargesStatusOK" classname="com.selenium.PosManagement" time="2.007"/>
  <testcase name="parkingPassesTab" classname="com.selenium.PosManagement" time="5.736"/>
  <testcase name="clickParkingPassesEditBtn" classname="com.selenium.PosManagement" time="3.224"/>
  <testcase name="setPassPrice" classname="com.selenium.PosManagement" time="2.057"/>
  <testcase name="clickUpdatePassButton" classname="com.selenium.PosManagement" time="2.269"/>
  <testcase name="updatePassPopupText" classname="com.selenium.PosManagement" time="2.031"/>
  <testcase name="updatePassstatusOK" classname="com.selenium.PosManagement" time="1.229"/>
  <testcase name="selectOptionFromDropdown" classname="com.selenium.PosManagement" time="3.237"/>
  <testcase name="performPassesTabSearch" classname="com.selenium.PosManagement" time="3.048"/>
  <testcase name="attenderShiftsTab" classname="com.selenium.PosManagement" time="3.236"/>
  <testcase name="openModalDialog" classname="com.selenium.PosManagement" time="3.238"/>
  <testcase name="updateShifts" classname="com.selenium.PosManagement" time="3.308"/>
  <testcase name="updateShiftPopupText" classname="com.selenium.PosManagement" time="4.025"/>
  <testcase name="updateShiftstatusOK" classname="com.selenium.PosManagement" time="3.213"/>
  <testcase name="clickAddAttenderShiftButton" classname="com.selenium.PosManagement" time="3.222"/>
  <testcase name="addAttenderShift" classname="com.selenium.PosManagement" time="12.596"/>
  <testcase name="addShiftPopupText" classname="com.selenium.PosManagement" time="2.023"/>
  <testcase name="addShiftstatusOK" classname="com.selenium.PosManagement" time="1.222"/>
  <testcase name="addShiftPopUPClose" classname="com.selenium.PosManagement" time="2.224"/>
  <testcase name="hawkerTab" classname="com.selenium.PosManagement" time="3.229"/>
  <testcase name="clickAddHawkerButton" classname="com.selenium.PosManagement" time="2.224"/>
  <testcase name="clickEditHawkerButton" classname="com.selenium.PosManagement" time="16.695"/>
  <testcase name="updateHawker" classname="com.selenium.PosManagement" time="2.234"/>
  <testcase name="AddHawkerPopUp" classname="com.selenium.PosManagement" time="4.013"/>
  <testcase name="AddHawkerPopUpStatus" classname="com.selenium.PosManagement" time="3.221"/>
  <testcase name="viewHawkerDetails" classname="com.selenium.PosManagement" time="2.238"/>
  <testcase name="updateHawkerDetails" classname="com.selenium.PosManagement" time="4.221"/>
  <testcase name="hawkerUpdate" classname="com.selenium.PosManagement" time="2.219"/>
  <testcase name="hawkerUpdatePopUp" classname="com.selenium.PosManagement" time="4.025"/>
  <testcase name="hawkerUpdateStatus" classname="com.selenium.PosManagement" time="3.226"/>
  <testcase name="deleteHawker" classname="com.selenium.PosManagement" time="1.223"/>
  <testcase name="hawkerDeletePopUp" classname="com.selenium.PosManagement" time="3.027"/>
  <testcase name="hawkerDeleteStatus" classname="com.selenium.PosManagement" time="2.229"/>
  <testcase name="verifyAdvertisementTab" classname="com.selenium.PosManagement" time="3.22"/>
  <testcase name="advertisementTab" classname="com.selenium.PosManagement" time="0.24"/>
  <testcase name="clickAddAdvertisementButton" classname="com.selenium.PosManagement" time="2.237"/>
  <testcase name="sendKeysToFieldsAdvertTypeField" classname="com.selenium.PosManagement" time="2.033"/>
  <testcase name="sendKeysInAdvertSubTypeField" classname="com.selenium.PosManagement" time="2.034"/>
  <testcase name="sendKeysTophoneNumberField" classname="com.selenium.PosManagement" time="2.021"/>
  <testcase name="sendKeysToaddressField" classname="com.selenium.PosManagement" time="2.018"/>
  <testcase name="advertiseSendKeysStartDateTime" classname="com.selenium.PosManagement" time="2.385"/>
  <testcase name="advertiseSendKeysEndDateTime" classname="com.selenium.PosManagement" time="2.4"/>
  <testcase name="advertiseSendKeysCharges" classname="com.selenium.PosManagement" time="2.026"/>
  <testcase name="addAdvertiseButton" classname="com.selenium.PosManagement" time="3.246"/>
  <testcase name="advertiseAddPopUp" classname="com.selenium.PosManagement" time="2.022"/>
  <testcase name="advertiseAddStatus" classname="com.selenium.PosManagement" time="1.221"/>
  <testcase name="performAdvertiseSearch" classname="com.selenium.PosManagement" time="3.066"/>
  <testcase name="logout" classname="com.selenium.PosManagement" time="5.281"/>
  <testcase name="login" classname="com.selenium.PaymentManagement" time="5.994"/>
  <testcase name="revenueDashboard" classname="com.selenium.PaymentManagement" time="5.317"/>
  <testcase name="paymentMgmtPage" classname="com.selenium.PaymentManagement" time="6.493"/>
  <testcase name="selectCreatedPageSite" classname="com.selenium.PaymentManagement" time="2.007"/>
  <testcase name="selectStartDate" classname="com.selenium.PaymentManagement" time="3.023"/>
  <testcase name="selectEndDate" classname="com.selenium.PaymentManagement" time="3.038"/>
  <testcase name="selectEntryType" classname="com.selenium.PaymentManagement" time="3.365"/>
  <testcase name="selectTransactionEntry" classname="com.selenium.PaymentManagement" time="10.007"/>
  <testcase name="verifyAutoFillFields" classname="com.selenium.PaymentManagement" time="0.141"/>
  <testcase name="select" classname="com.selenium.PaymentManagement" time="3.045"/>
  <testcase name="enterVehicleNumber" classname="com.selenium.PaymentManagement" time="1.02"/>
  <testcase name="selectVehicleType" classname="com.selenium.PaymentManagement" time="3.049"/>
  <testcase name="enterEmail" classname="com.selenium.PaymentManagement" time="0.041"/>
  <testcase name="discountAmount" classname="com.selenium.PaymentManagement" time="0.01"/>
  <testcase name="selectPaymentType" classname="com.selenium.PaymentManagement" time="0.015"/>
  <testcase name="selectStatusType" classname="com.selenium.PaymentManagement" time="0.012"/>
  <testcase name="addPaymentBtn" classname="com.selenium.PaymentManagement" time="5.134"/>
  <testcase name="getEntryTransDetails" classname="com.selenium.PaymentManagement" time="5.285"/>
  <testcase name="extractPopupText" classname="com.selenium.PaymentManagement" time="2.006"/>
  <testcase name="statusOK" classname="com.selenium.PaymentManagement" time="2.003"/>
  <testcase name="selectStartDateExit" classname="com.selenium.PaymentManagement" time="6.495"/>
  <testcase name="selectEndDateExit" classname="com.selenium.PaymentManagement" time="3.035"/>
  <testcase name="selectExitType" classname="com.selenium.PaymentManagement" time="3.343"/>
  <testcase name="selectTransactionExit" classname="com.selenium.PaymentManagement" time="0.003"/>
  <testcase name="selectTransactionTypeExit" classname="com.selenium.PaymentManagement" time="0.017"/>
  <testcase name="enterVehicleNumberExit" classname="com.selenium.PaymentManagement" time="1.041"/>
  <testcase name="selectVehicleTypeExit" classname="com.selenium.PaymentManagement" time="3.023"/>
  <testcase name="enterEmailExit" classname="com.selenium.PaymentManagement" time="0.023"/>
  <testcase name="discountAmountExit" classname="com.selenium.PaymentManagement" time="0.01"/>
  <testcase name="selectPaymentTypeExit" classname="com.selenium.PaymentManagement" time="0.017"/>
  <testcase name="selectStatusTypeExit" classname="com.selenium.PaymentManagement" time="0.017"/>
  <testcase name="getExitTransDetails" classname="com.selenium.PaymentManagement" time="5.259"/>
  <testcase name="addPaymentBtnExit" classname="com.selenium.PaymentManagement" time="5.17"/>
  <testcase name="extractPopupTextExit" classname="com.selenium.PaymentManagement" time="2.006"/>
  <testcase name="statusOKExit" classname="com.selenium.PaymentManagement" time="2.006"/>
  <testcase name="selectStartDatePass" classname="com.selenium.PaymentManagement" time="8.33"/>
  <testcase name="selectEndDatePass" classname="com.selenium.PaymentManagement" time="3.038"/>
  <testcase name="selectPassType" classname="com.selenium.PaymentManagement" time="3.338"/>
  <testcase name="selectPassTrans" classname="com.selenium.PaymentManagement" time="0.006"/>
  <testcase name="selectPassTransType" classname="com.selenium.PaymentManagement" time="0.04"/>
  <testcase name="enterPassVehicleNumber" classname="com.selenium.PaymentManagement" time="1.042"/>
  <testcase name="selectPassVehicleType" classname="com.selenium.PaymentManagement" time="3.023"/>
  <testcase name="enterPassEmail" classname="com.selenium.PaymentManagement" time="0.037"/>
  <testcase name="discountAmountPass" classname="com.selenium.PaymentManagement" time="0.011"/>
  <testcase name="selectPaymentTypePass" classname="com.selenium.PaymentManagement" time="0.016"/>
  <testcase name="selectStatusTypePass" classname="com.selenium.PaymentManagement" time="0.014"/>
  <testcase name="getPassTransDetails" classname="com.selenium.PaymentManagement" time="5.187"/>
  <testcase name="addPaymentBtnPass" classname="com.selenium.PaymentManagement" time="5.134"/>
  <testcase name="extractPopupTextPass" classname="com.selenium.PaymentManagement" time="2.007"/>
  <testcase name="statusOKPass" classname="com.selenium.PaymentManagement" time="2.005"/>
  <testcase name="selectStartDateReserve" classname="com.selenium.PaymentManagement" time="6.143"/>
  <testcase name="selectEndDateReserve" classname="com.selenium.PaymentManagement" time="3.017"/>
  <testcase name="selectReserveType" classname="com.selenium.PaymentManagement" time="3.314"/>
  <testcase name="tableNextPage" classname="com.selenium.PaymentManagement" time="3.265"/>
  <testcase name="selectReserveTrans" classname="com.selenium.PaymentManagement" time="5.008"/>
  <testcase name="selectReserveTransType" classname="com.selenium.PaymentManagement" time="0.052"/>
  <testcase name="enterReserveVehicleNumber" classname="com.selenium.PaymentManagement" time="1.021"/>
  <testcase name="selectReserveVehicleType" classname="com.selenium.PaymentManagement" time="3.044"/>
  <testcase name="enterReserveEmail" classname="com.selenium.PaymentManagement" time="0.046"/>
  <testcase name="discountAmountReserve" classname="com.selenium.PaymentManagement" time="0.009"/>
  <testcase name="selectPaymentTypeReserve" classname="com.selenium.PaymentManagement" time="0.015"/>
  <testcase name="selectStatusTypeReserve" classname="com.selenium.PaymentManagement" time="0.015"/>
  <testcase name="getReserveTransDetails" classname="com.selenium.PaymentManagement" time="5.148"/>
  <testcase name="addPaymentBtnReserve" classname="com.selenium.PaymentManagement" time="5.076"/>
  <testcase name="extractPopupTextReserve" classname="com.selenium.PaymentManagement" time="2.006"/>
  <testcase name="statusOKReserve" classname="com.selenium.PaymentManagement" time="2.008"/>
  <testcase name="selectSite" classname="com.selenium.PaymentManagement" time="1.52"/>
  <testcase name="redirectManagePage" classname="com.selenium.PaymentManagement" time="3.028"/>
  <testcase name="manageDatesEnabled" classname="com.selenium.PaymentManagement" time="3.007"/>
  <testcase name="selectManageStartDate" classname="com.selenium.PaymentManagement" time="1.006"/>
  <testcase name="selectManageEndDate" classname="com.selenium.PaymentManagement" time="0.006"/>
  <testcase name="selectMPOSdeviceType" classname="com.selenium.PaymentManagement" time="3.006"/>
  <testcase name="selectAndroiddeviceType" classname="com.selenium.PaymentManagement" time="3.005"/>
  <testcase name="selectIOSdeviceType" classname="com.selenium.PaymentManagement" time="3.006"/>
  <testcase name="selectMobileMposdeviceType" classname="com.selenium.PaymentManagement" time="3.006"/>
  <testcase name="selectIOSdeviceTypeAction" classname="com.selenium.PaymentManagement" time="3.002"/>
  <testcase name="manageViewBtn" classname="com.selenium.PaymentManagement" time="3.006"/>
  <testcase name="getDataMPOS" classname="com.selenium.PaymentManagement" time="0.006"/>
  <testcase name="performPaymentActions" classname="com.selenium.PaymentManagement" time="0.005"/>
  <testcase name="paymentPopUpClose" classname="com.selenium.PaymentManagement" time="2.006"/>
  <testcase name="deleteRecord" classname="com.selenium.PaymentManagement" time="0.006"/>
  <testcase name="selectOptionFromDropdown" classname="com.selenium.PaymentManagement" time="3.006"/>
  <testcase name="performSearch" classname="com.selenium.PaymentManagement" time="3.006"/>
  <testcase name="performSearchValidate" classname="com.selenium.PaymentManagement" time="3.005"/>
  <testcase name="login" classname="com.selenium.Roles" time="7.337"/>
  <testcase name="revenueDashboard" classname="com.selenium.Roles" time="5.296"/>
  <testcase name="userMgmtPage" classname="com.selenium.Roles" time="3.013"/>
  <testcase name="clickAddRoleBtn" classname="com.selenium.Roles" time="5.007"/>
  <testcase name="selectAdminRole" classname="com.selenium.Roles" time="0.007"/>
  <testcase name="verifyAutoFillForAdminRole" classname="com.selenium.Roles" time="0.007"/>
  <testcase name="clickSaveButton" classname="com.selenium.Roles" time="0.006"/>
  <testcase name="extractPopupText" classname="com.selenium.Roles" time="2.007"/>
  <testcase name="statusOK" classname="com.selenium.Roles" time="2.007"/>
  <testcase name="addRolesPopUpClose" classname="com.selenium.Roles" time="2.016"/>
  <testcase name="verifyAdminActions" classname="com.selenium.Roles" time="0.008"/>
  <testcase name="clickCSVButton" classname="com.selenium.Roles" time="3.011"/>
  <testcase name="clickPDFButton" classname="com.selenium.Roles" time="3.007"/>
  <testcase name="performManagerRoleEdit" classname="com.selenium.Roles" time="4.007"/>
  <testcase name="selectAccessTypeRead" classname="com.selenium.Roles" time="0.007"/>
  <testcase name="getEditRoleDetails" classname="com.selenium.Roles" time="3.003"/>
  <testcase name="checkUpdateButton" classname="com.selenium.Roles" time="3.004"/>
  <testcase name="updateUser" classname="com.selenium.Roles" time="2.006"/>
  <testcase name="updateStatusOK" classname="com.selenium.Roles" time="2.006"/>
  <testcase name="performManagerRoleDelete" classname="com.selenium.Roles" time="5.007"/>
  <testcase name="confirmDeleteAction" classname="com.selenium.Roles" time="0.002"/>
  <testcase name="verifyManagerRoleDeletion" classname="com.selenium.Roles" time="0.002"/>
  <testcase name="tableNextPage" classname="com.selenium.Roles" time="3.006"/>
  <testcase name="clickAddRoleBtnTwice" classname="com.selenium.Roles" time="5.006"/>
  <testcase name="verifyAutoFillForAttenderRole" classname="com.selenium.Roles" time="0.005"/>
  <testcase name="clickSaveButtonTwice" classname="com.selenium.Roles" time="0.002"/>
  <testcase name="extractPopupTextTwice" classname="com.selenium.Roles" time="2.008"/>
  <testcase name="statusOKTwice" classname="com.selenium.Roles" time="2.003"/>
  <testcase name="addRolesPopUpCloseTwice" classname="com.selenium.Roles" time="2.006"/>
  <testcase name="performAttenderRoleEdit" classname="com.selenium.Roles" time="4.007"/>
  <testcase name="selectAccessTypeAttenderRead" classname="com.selenium.Roles" time="0.007"/>
  <testcase name="getEditAttenderRoleDetails" classname="com.selenium.Roles" time="3.013"/>
  <testcase name="checkAttenderUpdateButton" classname="com.selenium.Roles" time="3.01"/>
  <testcase name="updateUserTwice" classname="com.selenium.Roles" time="2.009"/>
  <testcase name="updateStatusOKTwice" classname="com.selenium.Roles" time="2.008"/>
  <testcase name="performAttenderRoleDelete" classname="com.selenium.Roles" time="5.008"/>
  <testcase name="confirmAttenderDeleteAction" classname="com.selenium.Roles" time="0.009"/>
  <testcase name="verifyAttenderRoleDeletion" classname="com.selenium.Roles" time="0.006"/>
  <testcase name="searchUserRole" classname="com.selenium.Roles" time="5.007"/>
  <testcase name="logout" classname="com.selenium.Roles" time="2.28"/>
  <testcase name="login" classname="com.selenium.Users" time="6.02"/>
  <testcase name="revenueDashboard" classname="com.selenium.Users" time="5.212"/>
  <testcase name="userMgmtPage" classname="com.selenium.Users" time="3.393"/>
  <testcase name="clickAddUserButton" classname="com.selenium.Users" time="3.417"/>
  <testcase name="fillAndSubmitUserForm" classname="com.selenium.Users" time="0.413"/>
  <testcase name="clickSaveButton" classname="com.selenium.Users" time="3.281"/>
  <testcase name="extractPopupText" classname="com.selenium.Users" time="3.007"/>
  <testcase name="statusOK" classname="com.selenium.Users" time="5.006"/>
  <testcase name="addUsersPopUpClose" classname="com.selenium.Users" time="2.012"/>
  <testcase name="clickAddUserButtonTwice" classname="com.selenium.Users" time="8.017"/>
  <testcase name="verifyAdminUserDetailsInTable" classname="com.selenium.Users" time="5.004"/>
  <testcase name="fillAttederUserForm" classname="com.selenium.Users" time="0.022"/>
  <testcase name="clickAttenderSaveButton" classname="com.selenium.Users" time="3.015"/>
  <testcase name="extractPopupTextAttender" classname="com.selenium.Users" time="3.003"/>
  <testcase name="statusOKAttender" classname="com.selenium.Users" time="5.002"/>
  <testcase name="verifyAttenderUserDetailsInTable" classname="com.selenium.Users" time="5.003"/>
  <testcase name="verifyAdminActions" classname="com.selenium.Users" time="0.002"/>
  <testcase name="verifyAttenderUserEdit" classname="com.selenium.Users" time="0.01"/>
  <testcase name="verifyAttenderUserDelete" classname="com.selenium.Users" time="3.058"/>
  <testcase name="confirmAttenderDeleteAction" classname="com.selenium.Users" time="0.006"/>
  <testcase name="extractPopupTextDeleteAttender" classname="com.selenium.Users" time="8.008"/>
  <testcase name="statusOKDeleteAttender" classname="com.selenium.Users" time="5.004"/>
  <testcase name="verifyAttenderRoleDeletion" classname="com.selenium.Users" time="3.165"/>
  <testcase name="tableNextPage" classname="com.selenium.Users" time="3.026"/>
  <testcase name="searchAndVerifyAdminCount" classname="com.selenium.Users" time="7.081"/>
  <testcase name="downloadCSV" classname="com.selenium.Users" time="5.031"/>
  <testcase name="downloadPDF" classname="com.selenium.Users" time="3.039"/>
  <testcase name="logout" classname="com.selenium.Users" time="2.016"/>
  <testcase name="login" classname="com.selenium.UserSiteAssign" time="5.976"/>
  <testcase name="revenueDashboard" classname="com.selenium.UserSiteAssign" time="5.19"/>
  <testcase name="userMgmtPage" classname="com.selenium.UserSiteAssign" time="3.392"/>
  <testcase name="selectManagerFromDropdown" classname="com.selenium.UserSiteAssign" time="3.258"/>
  <testcase name="selectjncManager" classname="com.selenium.UserSiteAssign" time="3.483"/>
  <testcase name="managerCount" classname="com.selenium.UserSiteAssign" time="5.272"/>
  <testcase name="clickUnAssignButton" classname="com.selenium.UserSiteAssign" time="5.276"/>
  <testcase name="confirmManagerUnassignAction" classname="com.selenium.UserSiteAssign" time="0.263"/>
  <testcase name="extractPopupTextManager" classname="com.selenium.UserSiteAssign" time="3.027"/>
  <testcase name="statusOKManager" classname="com.selenium.UserSiteAssign" time="5.211"/>
  <testcase name="verifyTableAfterUnAssign" classname="com.selenium.UserSiteAssign" time="0.007"/>
  <testcase name="clickAssignSiteButton" classname="com.selenium.UserSiteAssign" time="0.234"/>
  <testcase name="selectSiteFromDropdown" classname="com.selenium.UserSiteAssign" time="3.236"/>
  <testcase name="selectSite" classname="com.selenium.UserSiteAssign" time="0.72"/>
  <testcase name="clickAddSitesButton" classname="com.selenium.UserSiteAssign" time="3.218"/>
  <testcase name="extractPopupTextAssign" classname="com.selenium.UserSiteAssign" time="3.025"/>
  <testcase name="statusOKAssign" classname="com.selenium.UserSiteAssign" time="5.252"/>
  <testcase name="verifyTableAfterAssign" classname="com.selenium.UserSiteAssign" time="0"/>
  <testcase name="clickAttendersTab" classname="com.selenium.UserSiteAssign" time="5.221"/>
  <testcase name="unassignAttender" classname="com.selenium.UserSiteAssign" time="0.005"/>
  <testcase name="extractPopupWarningTextAttender" classname="com.selenium.UserSiteAssign" time="5.006"/>
  <testcase name="statusOKAttender" classname="com.selenium.UserSiteAssign" time="3.006"/>
  <testcase name="extractPopupTextAttender" classname="com.selenium.UserSiteAssign" time="3.01"/>
  <testcase name="statusOKUnAssignAttender" classname="com.selenium.UserSiteAssign" time="5.005"/>
  <testcase name="attendreCount" classname="com.selenium.UserSiteAssign" time="5.32"/>
  <testcase name="searchAttender" classname="com.selenium.UserSiteAssign" time="5.052"/>
  <testcase name="clickAddMoreButton" classname="com.selenium.UserSiteAssign" time="3.267"/>
  <testcase name="clickDropdownButton" classname="com.selenium.UserSiteAssign" time="3.232"/>
  <testcase name="selectAttenderListItem" classname="com.selenium.UserSiteAssign" time="0.746"/>
  <testcase name="clickAssignAttenderButton" classname="com.selenium.UserSiteAssign" time="0.237"/>
  <testcase name="extractPopupTextAddAttender" classname="com.selenium.UserSiteAssign" time="3.027"/>
  <testcase name="statusOKAddAttender" classname="com.selenium.UserSiteAssign" time="5.239"/>
  <testcase name="logout" classname="com.selenium.UserSiteAssign" time="2.28"/>
  <testcase name="login" classname="com.selenium.UserZoneAssign" time="9.375"/>
  <testcase name="revenueDashboard" classname="com.selenium.UserZoneAssign" time="5.167"/>
  <testcase name="userMgmtPage" classname="com.selenium.UserZoneAssign" time="3.491"/>
  <testcase name="officerCount" classname="com.selenium.UserZoneAssign" time="5.259"/>
  <testcase name="searchOfficer" classname="com.selenium.UserZoneAssign" time="5.058"/>
  <testcase name="clickAddMoreOfficerButton" classname="com.selenium.UserZoneAssign" time="3.237"/>
  <testcase name="selectOfficerList" classname="com.selenium.UserZoneAssign" time="3.051"/>
  <testcase name="addMorePopUpClose" classname="com.selenium.UserZoneAssign" time="2.221"/>
  <testcase name="clickOperatorTab" classname="com.selenium.UserZoneAssign" time="5.234"/>
  <testcase name="operatorCount" classname="com.selenium.UserZoneAssign" time="5.286"/>
  <testcase name="searchOperator" classname="com.selenium.UserZoneAssign" time="3.055"/>
  <testcase name="selectOperatorList" classname="com.selenium.UserZoneAssign" time="3.012"/>
  <testcase name="addMoreOperatorPopUpClose" classname="com.selenium.UserZoneAssign" time="2.005"/>
  <testcase name="clickMonitorTab" classname="com.selenium.UserZoneAssign" time="5.232"/>
  <testcase name="monitorCount" classname="com.selenium.UserZoneAssign" time="5.251"/>
  <testcase name="searchMonitor" classname="com.selenium.UserZoneAssign" time="5.06"/>
  <testcase name="clickAddMoreMonitorButton" classname="com.selenium.UserZoneAssign" time="3.279"/>
  <testcase name="selectMonitor" classname="com.selenium.UserZoneAssign" time="3.047"/>
  <testcase name="addMoreMonitorPopUpClose" classname="com.selenium.UserZoneAssign" time="2.015"/>
  <testcase name="logout" classname="com.selenium.UserZoneAssign" time="2.008"/>
  <testcase name="login" classname="com.selenium.UserLogs" time="5.675"/>
  <testcase name="revenueDashboard" classname="com.selenium.UserLogs" time="5.203"/>
  <testcase name="userLogsActivityPage" classname="com.selenium.UserLogs" time="3.478"/>
  <testcase name="selectAdminUserRole" classname="com.selenium.UserLogs" time="5.348"/>
  <testcase name="selectUserRoleList" classname="com.selenium.UserLogs" time="3.143"/>
  <testcase name="selectAdminUser" classname="com.selenium.UserLogs" time="3.284"/>
  <testcase name="selectUserList" classname="com.selenium.UserLogs" time="3.077"/>
  <testcase name="activityDatesEnabled" classname="com.selenium.UserLogs" time="1.008"/>
  <testcase name="tableNextPage" classname="com.selenium.UserLogs" time="6.482"/>
  <testcase name="downloadAdminCSV" classname="com.selenium.UserLogs" time="3.271"/>
  <testcase name="downlaodAdminPDFButton" classname="com.selenium.UserLogs" time="3.34"/>
  <testcase name="selectAccountUserRole" classname="com.selenium.UserLogs" time="5.234"/>
  <testcase name="selectAccountUser" classname="com.selenium.UserLogs" time="3.055"/>
  <testcase name="downloadAccountCSV" classname="com.selenium.UserLogs" time="3.254"/>
  <testcase name="downlaodAccountPDFButton" classname="com.selenium.UserLogs" time="3.437"/>
  <testcase name="selectAttenderUserRole" classname="com.selenium.UserLogs" time="5.305"/>
  <testcase name="selectAttenderUser" classname="com.selenium.UserLogs" time="3.267"/>
  <testcase name="downloadAttenderCSV" classname="com.selenium.UserLogs" time="3.225"/>
  <testcase name="downlaodAttenderPDFButton" classname="com.selenium.UserLogs" time="3.403"/>
  <testcase name="selectHelpDeskUserRole" classname="com.selenium.UserLogs" time="5.277"/>
  <testcase name="selectHelpDeskUser" classname="com.selenium.UserLogs" time="3.072"/>
  <testcase name="downloadHelpDeskCSV" classname="com.selenium.UserLogs" time="3.271"/>
  <testcase name="downlaodAHelpDeskPDFButton" classname="com.selenium.UserLogs" time="3.383"/>
  <testcase name="selectManagerUserRole" classname="com.selenium.UserLogs" time="5.284"/>
  <testcase name="selectManagerUser" classname="com.selenium.UserLogs" time="3.306"/>
  <testcase name="downloadManagerCSV" classname="com.selenium.UserLogs" time="3.276"/>
  <testcase name="downlaodManagerPDFButton" classname="com.selenium.UserLogs" time="3.325"/>
  <testcase name="selectMonitorUserRole" classname="com.selenium.UserLogs" time="5.3"/>
  <testcase name="selectMonitorUser" classname="com.selenium.UserLogs" time="3.334"/>
  <testcase name="downloadMonitorCSV" classname="com.selenium.UserLogs" time="3.251"/>
  <testcase name="downlaodMonitorPDFButton" classname="com.selenium.UserLogs" time="3.296"/>
  <testcase name="selectOperatorUserRole" classname="com.selenium.UserLogs" time="5.313"/>
  <testcase name="selectOperatorUser" classname="com.selenium.UserLogs" time="3.332"/>
  <testcase name="downloadOperatorCSV" classname="com.selenium.UserLogs" time="3.232"/>
  <testcase name="downlaodOperatorPDFButton" classname="com.selenium.UserLogs" time="3.329"/>
  <testcase name="selectServiceUserRole" classname="com.selenium.UserLogs" time="5.31"/>
  <testcase name="selectServiceUser" classname="com.selenium.UserLogs" time="3.258"/>
  <testcase name="downloadServiceCSV" classname="com.selenium.UserLogs" time="3.271"/>
  <testcase name="downlaodServicePDFButton" classname="com.selenium.UserLogs" time="3.357"/>
  <testcase name="selectSupportUserRole" classname="com.selenium.UserLogs" time="5.285"/>
  <testcase name="selectSupportUser" classname="com.selenium.UserLogs" time="3.305"/>
  <testcase name="downloadSupportCSV" classname="com.selenium.UserLogs" time="3.27"/>
  <testcase name="downlaodSupportPDFButton" classname="com.selenium.UserLogs" time="3.358"/>
  <testcase name="logout" classname="com.selenium.UserLogs" time="5.277"/>
  <testcase name="login" classname="com.selenium.AttenderLiveSessions" time="6.158"/>
  <testcase name="revenueDashboard" classname="com.selenium.AttenderLiveSessions" time="5.229"/>
  <testcase name="attenderLiveSessionsPage" classname="com.selenium.AttenderLiveSessions" time="3.705"/>
  <testcase name="selectSitesList" classname="com.selenium.AttenderLiveSessions" time="8.596"/>
  <testcase name="attenderSessionCount" classname="com.selenium.AttenderLiveSessions" time="5.298"/>
  <testcase name="clickLogoutButton" classname="com.selenium.AttenderLiveSessions" time="0.341"/>
  <testcase name="confirmAttenderLogoutAction" classname="com.selenium.AttenderLiveSessions" time="0.299"/>
  <testcase name="selectReason" classname="com.selenium.AttenderLiveSessions" time="3.295"/>
  <testcase name="clickSubmitButtonWithExplicitWait" classname="com.selenium.AttenderLiveSessions" time="0.26"/>
  <testcase name="extractPopupText" classname="com.selenium.AttenderLiveSessions" time="3.027"/>
  <testcase name="statusOK" classname="com.selenium.AttenderLiveSessions" time="5.231"/>
  <testcase name="selectSitesListTwice" classname="com.selenium.AttenderLiveSessions" time="8.548"/>
  <testcase name="logout" classname="com.selenium.AttenderLiveSessions" time="5.298"/>
  <testcase name="login" classname="com.selenium.Coupons" time="6.222"/>
  <testcase name="revenueDashboard" classname="com.selenium.Coupons" time="5.218"/>
  <testcase name="attenderLiveSessionsPage" classname="com.selenium.Coupons" time="3.318"/>
  <testcase name="selectSitesList" classname="com.selenium.Coupons" time="8.563"/>
  <testcase name="enterVehicleNumber" classname="com.selenium.Coupons" time="0.06"/>
  <testcase name="enterMobileNumber" classname="com.selenium.Coupons" time="0.011"/>
  <testcase name="entercouponAmount" classname="com.selenium.Coupons" time="0.007"/>
  <testcase name="enterCouponCode" classname="com.selenium.Coupons" time="0.009"/>
  <testcase name="generateButton" classname="com.selenium.Coupons" time="6.233"/>
  <testcase name="extractPopupText" classname="com.selenium.Coupons" time="2.025"/>
  <testcase name="statusOK" classname="com.selenium.Coupons" time="2.224"/>
  <testcase name="logout" classname="com.selenium.Coupons" time="5.282"/>
  <testcase name="login" classname="com.selenium.Feedback" time="7.489"/>
  <testcase name="revenueDashboard" classname="com.selenium.Feedback" time="5.192"/>
  <testcase name="redirectFeedBackPage" classname="com.selenium.Feedback" time="3.229"/>
  <testcase name="selectFeedbackSitesList" classname="com.selenium.Feedback" time="8.601"/>
  <testcase name="feedbackDatesEnabled" classname="com.selenium.Feedback" time="3.709"/>
  <testcase name="selectFeedbackStartDate" classname="com.selenium.Feedback" time="7.711"/>
  <testcase name="selectFeedbackEndDate" classname="com.selenium.Feedback" time="8.469"/>
  <testcase name="clickComplaintsTab" classname="com.selenium.Feedback" time="5.212"/>
  <testcase name="selectComplaintSitesList" classname="com.selenium.Feedback" time="8.51"/>
  <testcase name="complaintsDatesEnabled" classname="com.selenium.Feedback" time="3.71"/>
  <testcase name="selectComplaintStartDate" classname="com.selenium.Feedback" time="3.242"/>
  <testcase name="selectComplaintEndDate" classname="com.selenium.Feedback" time="2.005"/>
  <testcase name="logout" classname="com.selenium.Feedback" time="5.271"/>
</testsuite>