<?xml version="1.0" encoding="UTF-8"?>
<testsuite xmlns:xsi="http://www.w3.org/2001/XMLSchema-instance" xsi:noNamespaceSchemaLocation="https://maven.apache.org/surefire/maven-surefire-plugin/xsd/surefire-test-report.xsd" name="com.selenium.VehicleNumberSearch" time="147.567" tests="104" errors="0" skipped="0" failures="0">
  <properties>
    <property name="java.specification.version" value="18"/>
    <property name="sun.jnu.encoding" value="UTF-8"/>
    <property name="java.class.path" value="/home/iramtech/Documents/testNg/parking/extent/target/test-classes:/home/iramtech/Documents/testNg/parking/extent/target/classes:/home/iramtech/.m2/repository/org/testng/testng/7.7.1/testng-7.7.1.jar:/home/iramtech/.m2/repository/org/slf4j/slf4j-api/1.7.36/slf4j-api-1.7.36.jar:/home/iramtech/.m2/repository/com/beust/jcommander/1.82/jcommander-1.82.jar:/home/iramtech/.m2/repository/org/webjars/jquery/3.6.1/jquery-3.6.1.jar:/home/iramtech/.m2/repository/org/seleniumhq/selenium/selenium-java/4.10.0/selenium-java-4.10.0.jar:/home/iramtech/.m2/repository/org/seleniumhq/selenium/selenium-api/4.10.0/selenium-api-4.10.0.jar:/home/iramtech/.m2/repository/org/seleniumhq/selenium/selenium-chrome-driver/4.10.0/selenium-chrome-driver-4.10.0.jar:/home/iramtech/.m2/repository/com/google/auto/service/auto-service-annotations/1.0.1/auto-service-annotations-1.0.1.jar:/home/iramtech/.m2/repository/com/google/auto/service/auto-service/1.0.1/auto-service-1.0.1.jar:/home/iramtech/.m2/repository/com/google/auto/auto-common/1.2/auto-common-1.2.jar:/home/iramtech/.m2/repository/com/google/guava/guava/31.1-jre/guava-31.1-jre.jar:/home/iramtech/.m2/repository/com/google/guava/failureaccess/1.0.1/failureaccess-1.0.1.jar:/home/iramtech/.m2/repository/com/google/guava/listenablefuture/9999.0-empty-to-avoid-conflict-with-guava/listenablefuture-9999.0-empty-to-avoid-conflict-with-guava.jar:/home/iramtech/.m2/repository/com/google/code/findbugs/jsr305/3.0.2/jsr305-3.0.2.jar:/home/iramtech/.m2/repository/org/checkerframework/checker-qual/3.12.0/checker-qual-3.12.0.jar:/home/iramtech/.m2/repository/com/google/errorprone/error_prone_annotations/2.11.0/error_prone_annotations-2.11.0.jar:/home/iramtech/.m2/repository/com/google/j2objc/j2objc-annotations/1.3/j2objc-annotations-1.3.jar:/home/iramtech/.m2/repository/org/seleniumhq/selenium/selenium-chromium-driver/4.10.0/selenium-chromium-driver-4.10.0.jar:/home/iramtech/.m2/repository/org/seleniumhq/selenium/selenium-json/4.10.0/selenium-json-4.10.0.jar:/home/iramtech/.m2/repository/org/seleniumhq/selenium/selenium-manager/4.10.0/selenium-manager-4.10.0.jar:/home/iramtech/.m2/repository/org/seleniumhq/selenium/selenium-devtools-v112/4.10.0/selenium-devtools-v112-4.10.0.jar:/home/iramtech/.m2/repository/org/seleniumhq/selenium/selenium-devtools-v113/4.10.0/selenium-devtools-v113-4.10.0.jar:/home/iramtech/.m2/repository/org/seleniumhq/selenium/selenium-devtools-v114/4.10.0/selenium-devtools-v114-4.10.0.jar:/home/iramtech/.m2/repository/org/seleniumhq/selenium/selenium-devtools-v85/4.10.0/selenium-devtools-v85-4.10.0.jar:/home/iramtech/.m2/repository/org/seleniumhq/selenium/selenium-edge-driver/4.10.0/selenium-edge-driver-4.10.0.jar:/home/iramtech/.m2/repository/org/seleniumhq/selenium/selenium-firefox-driver/4.10.0/selenium-firefox-driver-4.10.0.jar:/home/iramtech/.m2/repository/org/seleniumhq/selenium/selenium-http/4.10.0/selenium-http-4.10.0.jar:/home/iramtech/.m2/repository/dev/failsafe/failsafe/3.3.1/failsafe-3.3.1.jar:/home/iramtech/.m2/repository/org/seleniumhq/selenium/selenium-ie-driver/4.10.0/selenium-ie-driver-4.10.0.jar:/home/iramtech/.m2/repository/org/seleniumhq/selenium/selenium-remote-driver/4.10.0/selenium-remote-driver-4.10.0.jar:/home/iramtech/.m2/repository/io/netty/netty-buffer/4.1.92.Final/netty-buffer-4.1.92.Final.jar:/home/iramtech/.m2/repository/io/netty/netty-codec-http/4.1.92.Final/netty-codec-http-4.1.92.Final.jar:/home/iramtech/.m2/repository/io/netty/netty-codec/4.1.92.Final/netty-codec-4.1.92.Final.jar:/home/iramtech/.m2/repository/io/netty/netty-handler/4.1.92.Final/netty-handler-4.1.92.Final.jar:/home/iramtech/.m2/repository/io/netty/netty-common/4.1.92.Final/netty-common-4.1.92.Final.jar:/home/iramtech/.m2/repository/io/netty/netty-transport-classes-epoll/4.1.92.Final/netty-transport-classes-epoll-4.1.92.Final.jar:/home/iramtech/.m2/repository/io/netty/netty-transport-classes-kqueue/4.1.92.Final/netty-transport-classes-kqueue-4.1.92.Final.jar:/home/iramtech/.m2/repository/io/netty/netty-transport-native-epoll/4.1.92.Final/netty-transport-native-epoll-4.1.92.Final.jar:/home/iramtech/.m2/repository/io/netty/netty-transport-native-kqueue/4.1.92.Final/netty-transport-native-kqueue-4.1.92.Final.jar:/home/iramtech/.m2/repository/io/netty/netty-transport-native-unix-common/4.1.92.Final/netty-transport-native-unix-common-4.1.92.Final.jar:/home/iramtech/.m2/repository/io/netty/netty-transport/4.1.92.Final/netty-transport-4.1.92.Final.jar:/home/iramtech/.m2/repository/io/netty/netty-resolver/4.1.92.Final/netty-resolver-4.1.92.Final.jar:/home/iramtech/.m2/repository/io/opentelemetry/opentelemetry-api/1.26.0/opentelemetry-api-1.26.0.jar:/home/iramtech/.m2/repository/io/opentelemetry/opentelemetry-context/1.26.0/opentelemetry-context-1.26.0.jar:/home/iramtech/.m2/repository/io/opentelemetry/opentelemetry-exporter-logging/1.26.0/opentelemetry-exporter-logging-1.26.0.jar:/home/iramtech/.m2/repository/io/opentelemetry/opentelemetry-sdk-metrics/1.26.0/opentelemetry-sdk-metrics-1.26.0.jar:/home/iramtech/.m2/repository/io/opentelemetry/opentelemetry-extension-incubator/1.26.0-alpha/opentelemetry-extension-incubator-1.26.0-alpha.jar:/home/iramtech/.m2/repository/io/opentelemetry/opentelemetry-sdk-logs/1.26.0-alpha/opentelemetry-sdk-logs-1.26.0-alpha.jar:/home/iramtech/.m2/repository/io/opentelemetry/opentelemetry-api-logs/1.26.0-alpha/opentelemetry-api-logs-1.26.0-alpha.jar:/home/iramtech/.m2/repository/io/opentelemetry/opentelemetry-api-events/1.26.0-alpha/opentelemetry-api-events-1.26.0-alpha.jar:/home/iramtech/.m2/repository/io/opentelemetry/opentelemetry-sdk-common/1.26.0/opentelemetry-sdk-common-1.26.0.jar:/home/iramtech/.m2/repository/io/opentelemetry/opentelemetry-sdk-extension-autoconfigure-spi/1.26.0/opentelemetry-sdk-extension-autoconfigure-spi-1.26.0.jar:/home/iramtech/.m2/repository/io/opentelemetry/opentelemetry-sdk-extension-autoconfigure/1.26.0-alpha/opentelemetry-sdk-extension-autoconfigure-1.26.0-alpha.jar:/home/iramtech/.m2/repository/io/opentelemetry/opentelemetry-sdk-trace/1.26.0/opentelemetry-sdk-trace-1.26.0.jar:/home/iramtech/.m2/repository/io/opentelemetry/opentelemetry-sdk/1.26.0/opentelemetry-sdk-1.26.0.jar:/home/iramtech/.m2/repository/io/opentelemetry/opentelemetry-semconv/1.26.0-alpha/opentelemetry-semconv-1.26.0-alpha.jar:/home/iramtech/.m2/repository/net/bytebuddy/byte-buddy/1.14.4/byte-buddy-1.14.4.jar:/home/iramtech/.m2/repository/org/apache/commons/commons-exec/1.3/commons-exec-1.3.jar:/home/iramtech/.m2/repository/org/asynchttpclient/async-http-client/2.12.3/async-http-client-2.12.3.jar:/home/iramtech/.m2/repository/org/asynchttpclient/async-http-client-netty-utils/2.12.3/async-http-client-netty-utils-2.12.3.jar:/home/iramtech/.m2/repository/io/netty/netty-codec-socks/4.1.60.Final/netty-codec-socks-4.1.60.Final.jar:/home/iramtech/.m2/repository/io/netty/netty-handler-proxy/4.1.60.Final/netty-handler-proxy-4.1.60.Final.jar:/home/iramtech/.m2/repository/io/netty/netty-transport-native-epoll/4.1.60.Final/netty-transport-native-epoll-4.1.60.Final-linux-x86_64.jar:/home/iramtech/.m2/repository/io/netty/netty-transport-native-kqueue/4.1.60.Final/netty-transport-native-kqueue-4.1.60.Final-osx-x86_64.jar:/home/iramtech/.m2/repository/com/typesafe/netty/netty-reactive-streams/2.0.4/netty-reactive-streams-2.0.4.jar:/home/iramtech/.m2/repository/com/sun/activation/jakarta.activation/1.2.2/jakarta.activation-1.2.2.jar:/home/iramtech/.m2/repository/org/seleniumhq/selenium/selenium-safari-driver/4.10.0/selenium-safari-driver-4.10.0.jar:/home/iramtech/.m2/repository/org/seleniumhq/selenium/selenium-support/4.10.0/selenium-support-4.10.0.jar:/home/iramtech/.m2/repository/com/aventstack/extentreports/5.0.8/extentreports-5.0.8.jar:/home/iramtech/.m2/repository/io/reactivex/rxjava3/rxjava/3.0.4/rxjava-3.0.4.jar:/home/iramtech/.m2/repository/org/reactivestreams/reactive-streams/1.0.3/reactive-streams-1.0.3.jar:/home/iramtech/.m2/repository/org/freemarker/freemarker/2.3.30/freemarker-2.3.30.jar:/home/iramtech/.m2/repository/com/google/code/gson/gson/2.8.6/gson-2.8.6.jar:/home/iramtech/.m2/repository/org/projectlombok/lombok/1.18.26/lombok-1.18.26.jar:/home/iramtech/.m2/repository/org/apache/httpcomponents/httpclient/4.5.13/httpclient-4.5.13.jar:/home/iramtech/.m2/repository/org/apache/httpcomponents/httpcore/4.4.13/httpcore-4.4.13.jar:/home/iramtech/.m2/repository/commons-logging/commons-logging/1.2/commons-logging-1.2.jar:/home/iramtech/.m2/repository/commons-codec/commons-codec/1.11/commons-codec-1.11.jar:/home/iramtech/.m2/repository/io/rest-assured/rest-assured/4.4.0/rest-assured-4.4.0.jar:/home/iramtech/.m2/repository/org/codehaus/groovy/groovy/3.0.8/groovy-3.0.8.jar:/home/iramtech/.m2/repository/org/codehaus/groovy/groovy-xml/3.0.8/groovy-xml-3.0.8.jar:/home/iramtech/.m2/repository/org/apache/httpcomponents/httpmime/4.5.13/httpmime-4.5.13.jar:/home/iramtech/.m2/repository/org/hamcrest/hamcrest/2.1/hamcrest-2.1.jar:/home/iramtech/.m2/repository/org/ccil/cowan/tagsoup/tagsoup/1.2.1/tagsoup-1.2.1.jar:/home/iramtech/.m2/repository/io/rest-assured/json-path/4.4.0/json-path-4.4.0.jar:/home/iramtech/.m2/repository/org/codehaus/groovy/groovy-json/3.0.8/groovy-json-3.0.8.jar:/home/iramtech/.m2/repository/io/rest-assured/rest-assured-common/4.4.0/rest-assured-common-4.4.0.jar:/home/iramtech/.m2/repository/io/rest-assured/xml-path/4.4.0/xml-path-4.4.0.jar:/home/iramtech/.m2/repository/org/apache/commons/commons-lang3/3.11/commons-lang3-3.11.jar:/home/iramtech/.m2/repository/jakarta/xml/bind/jakarta.xml.bind-api/2.3.3/jakarta.xml.bind-api-2.3.3.jar:/home/iramtech/.m2/repository/jakarta/activation/jakarta.activation-api/1.2.2/jakarta.activation-api-1.2.2.jar:/home/iramtech/.m2/repository/com/sun/xml/bind/jaxb-impl/2.3.3/jaxb-impl-2.3.3.jar:"/>
    <property name="java.vm.vendor" value="Private Build"/>
    <property name="sun.arch.data.model" value="64"/>
    <property name="java.vendor.url" value="Unknown"/>
    <property name="os.name" value="Linux"/>
    <property name="java.vm.specification.version" value="18"/>
    <property name="sun.java.launcher" value="SUN_STANDARD"/>
    <property name="user.country" value="US"/>
    <property name="sun.boot.library.path" value="/usr/lib/jvm/java-18-openjdk-amd64/lib"/>
    <property name="sun.java.command" value="/home/iramtech/Documents/testNg/parking/extent/target/surefire/surefirebooter7454409836193663787.jar /home/iramtech/Documents/testNg/parking/extent/target/surefire 2024-01-22T16-36-45_250-jvmRun1 surefire5574517316960309650tmp surefire_017057596312615216651tmp"/>
    <property name="jdk.debug" value="release"/>
    <property name="test" value="VehicleNumberSearch.java"/>
    <property name="surefire.test.class.path" value="/home/iramtech/Documents/testNg/parking/extent/target/test-classes:/home/iramtech/Documents/testNg/parking/extent/target/classes:/home/iramtech/.m2/repository/org/testng/testng/7.7.1/testng-7.7.1.jar:/home/iramtech/.m2/repository/org/slf4j/slf4j-api/1.7.36/slf4j-api-1.7.36.jar:/home/iramtech/.m2/repository/com/beust/jcommander/1.82/jcommander-1.82.jar:/home/iramtech/.m2/repository/org/webjars/jquery/3.6.1/jquery-3.6.1.jar:/home/iramtech/.m2/repository/org/seleniumhq/selenium/selenium-java/4.10.0/selenium-java-4.10.0.jar:/home/iramtech/.m2/repository/org/seleniumhq/selenium/selenium-api/4.10.0/selenium-api-4.10.0.jar:/home/iramtech/.m2/repository/org/seleniumhq/selenium/selenium-chrome-driver/4.10.0/selenium-chrome-driver-4.10.0.jar:/home/iramtech/.m2/repository/com/google/auto/service/auto-service-annotations/1.0.1/auto-service-annotations-1.0.1.jar:/home/iramtech/.m2/repository/com/google/auto/service/auto-service/1.0.1/auto-service-1.0.1.jar:/home/iramtech/.m2/repository/com/google/auto/auto-common/1.2/auto-common-1.2.jar:/home/iramtech/.m2/repository/com/google/guava/guava/31.1-jre/guava-31.1-jre.jar:/home/iramtech/.m2/repository/com/google/guava/failureaccess/1.0.1/failureaccess-1.0.1.jar:/home/iramtech/.m2/repository/com/google/guava/listenablefuture/9999.0-empty-to-avoid-conflict-with-guava/listenablefuture-9999.0-empty-to-avoid-conflict-with-guava.jar:/home/iramtech/.m2/repository/com/google/code/findbugs/jsr305/3.0.2/jsr305-3.0.2.jar:/home/iramtech/.m2/repository/org/checkerframework/checker-qual/3.12.0/checker-qual-3.12.0.jar:/home/iramtech/.m2/repository/com/google/errorprone/error_prone_annotations/2.11.0/error_prone_annotations-2.11.0.jar:/home/iramtech/.m2/repository/com/google/j2objc/j2objc-annotations/1.3/j2objc-annotations-1.3.jar:/home/iramtech/.m2/repository/org/seleniumhq/selenium/selenium-chromium-driver/4.10.0/selenium-chromium-driver-4.10.0.jar:/home/iramtech/.m2/repository/org/seleniumhq/selenium/selenium-json/4.10.0/selenium-json-4.10.0.jar:/home/iramtech/.m2/repository/org/seleniumhq/selenium/selenium-manager/4.10.0/selenium-manager-4.10.0.jar:/home/iramtech/.m2/repository/org/seleniumhq/selenium/selenium-devtools-v112/4.10.0/selenium-devtools-v112-4.10.0.jar:/home/iramtech/.m2/repository/org/seleniumhq/selenium/selenium-devtools-v113/4.10.0/selenium-devtools-v113-4.10.0.jar:/home/iramtech/.m2/repository/org/seleniumhq/selenium/selenium-devtools-v114/4.10.0/selenium-devtools-v114-4.10.0.jar:/home/iramtech/.m2/repository/org/seleniumhq/selenium/selenium-devtools-v85/4.10.0/selenium-devtools-v85-4.10.0.jar:/home/iramtech/.m2/repository/org/seleniumhq/selenium/selenium-edge-driver/4.10.0/selenium-edge-driver-4.10.0.jar:/home/iramtech/.m2/repository/org/seleniumhq/selenium/selenium-firefox-driver/4.10.0/selenium-firefox-driver-4.10.0.jar:/home/iramtech/.m2/repository/org/seleniumhq/selenium/selenium-http/4.10.0/selenium-http-4.10.0.jar:/home/iramtech/.m2/repository/dev/failsafe/failsafe/3.3.1/failsafe-3.3.1.jar:/home/iramtech/.m2/repository/org/seleniumhq/selenium/selenium-ie-driver/4.10.0/selenium-ie-driver-4.10.0.jar:/home/iramtech/.m2/repository/org/seleniumhq/selenium/selenium-remote-driver/4.10.0/selenium-remote-driver-4.10.0.jar:/home/iramtech/.m2/repository/io/netty/netty-buffer/4.1.92.Final/netty-buffer-4.1.92.Final.jar:/home/iramtech/.m2/repository/io/netty/netty-codec-http/4.1.92.Final/netty-codec-http-4.1.92.Final.jar:/home/iramtech/.m2/repository/io/netty/netty-codec/4.1.92.Final/netty-codec-4.1.92.Final.jar:/home/iramtech/.m2/repository/io/netty/netty-handler/4.1.92.Final/netty-handler-4.1.92.Final.jar:/home/iramtech/.m2/repository/io/netty/netty-common/4.1.92.Final/netty-common-4.1.92.Final.jar:/home/iramtech/.m2/repository/io/netty/netty-transport-classes-epoll/4.1.92.Final/netty-transport-classes-epoll-4.1.92.Final.jar:/home/iramtech/.m2/repository/io/netty/netty-transport-classes-kqueue/4.1.92.Final/netty-transport-classes-kqueue-4.1.92.Final.jar:/home/iramtech/.m2/repository/io/netty/netty-transport-native-epoll/4.1.92.Final/netty-transport-native-epoll-4.1.92.Final.jar:/home/iramtech/.m2/repository/io/netty/netty-transport-native-kqueue/4.1.92.Final/netty-transport-native-kqueue-4.1.92.Final.jar:/home/iramtech/.m2/repository/io/netty/netty-transport-native-unix-common/4.1.92.Final/netty-transport-native-unix-common-4.1.92.Final.jar:/home/iramtech/.m2/repository/io/netty/netty-transport/4.1.92.Final/netty-transport-4.1.92.Final.jar:/home/iramtech/.m2/repository/io/netty/netty-resolver/4.1.92.Final/netty-resolver-4.1.92.Final.jar:/home/iramtech/.m2/repository/io/opentelemetry/opentelemetry-api/1.26.0/opentelemetry-api-1.26.0.jar:/home/iramtech/.m2/repository/io/opentelemetry/opentelemetry-context/1.26.0/opentelemetry-context-1.26.0.jar:/home/iramtech/.m2/repository/io/opentelemetry/opentelemetry-exporter-logging/1.26.0/opentelemetry-exporter-logging-1.26.0.jar:/home/iramtech/.m2/repository/io/opentelemetry/opentelemetry-sdk-metrics/1.26.0/opentelemetry-sdk-metrics-1.26.0.jar:/home/iramtech/.m2/repository/io/opentelemetry/opentelemetry-extension-incubator/1.26.0-alpha/opentelemetry-extension-incubator-1.26.0-alpha.jar:/home/iramtech/.m2/repository/io/opentelemetry/opentelemetry-sdk-logs/1.26.0-alpha/opentelemetry-sdk-logs-1.26.0-alpha.jar:/home/iramtech/.m2/repository/io/opentelemetry/opentelemetry-api-logs/1.26.0-alpha/opentelemetry-api-logs-1.26.0-alpha.jar:/home/iramtech/.m2/repository/io/opentelemetry/opentelemetry-api-events/1.26.0-alpha/opentelemetry-api-events-1.26.0-alpha.jar:/home/iramtech/.m2/repository/io/opentelemetry/opentelemetry-sdk-common/1.26.0/opentelemetry-sdk-common-1.26.0.jar:/home/iramtech/.m2/repository/io/opentelemetry/opentelemetry-sdk-extension-autoconfigure-spi/1.26.0/opentelemetry-sdk-extension-autoconfigure-spi-1.26.0.jar:/home/iramtech/.m2/repository/io/opentelemetry/opentelemetry-sdk-extension-autoconfigure/1.26.0-alpha/opentelemetry-sdk-extension-autoconfigure-1.26.0-alpha.jar:/home/iramtech/.m2/repository/io/opentelemetry/opentelemetry-sdk-trace/1.26.0/opentelemetry-sdk-trace-1.26.0.jar:/home/iramtech/.m2/repository/io/opentelemetry/opentelemetry-sdk/1.26.0/opentelemetry-sdk-1.26.0.jar:/home/iramtech/.m2/repository/io/opentelemetry/opentelemetry-semconv/1.26.0-alpha/opentelemetry-semconv-1.26.0-alpha.jar:/home/iramtech/.m2/repository/net/bytebuddy/byte-buddy/1.14.4/byte-buddy-1.14.4.jar:/home/iramtech/.m2/repository/org/apache/commons/commons-exec/1.3/commons-exec-1.3.jar:/home/iramtech/.m2/repository/org/asynchttpclient/async-http-client/2.12.3/async-http-client-2.12.3.jar:/home/iramtech/.m2/repository/org/asynchttpclient/async-http-client-netty-utils/2.12.3/async-http-client-netty-utils-2.12.3.jar:/home/iramtech/.m2/repository/io/netty/netty-codec-socks/4.1.60.Final/netty-codec-socks-4.1.60.Final.jar:/home/iramtech/.m2/repository/io/netty/netty-handler-proxy/4.1.60.Final/netty-handler-proxy-4.1.60.Final.jar:/home/iramtech/.m2/repository/io/netty/netty-transport-native-epoll/4.1.60.Final/netty-transport-native-epoll-4.1.60.Final-linux-x86_64.jar:/home/iramtech/.m2/repository/io/netty/netty-transport-native-kqueue/4.1.60.Final/netty-transport-native-kqueue-4.1.60.Final-osx-x86_64.jar:/home/iramtech/.m2/repository/com/typesafe/netty/netty-reactive-streams/2.0.4/netty-reactive-streams-2.0.4.jar:/home/iramtech/.m2/repository/com/sun/activation/jakarta.activation/1.2.2/jakarta.activation-1.2.2.jar:/home/iramtech/.m2/repository/org/seleniumhq/selenium/selenium-safari-driver/4.10.0/selenium-safari-driver-4.10.0.jar:/home/iramtech/.m2/repository/org/seleniumhq/selenium/selenium-support/4.10.0/selenium-support-4.10.0.jar:/home/iramtech/.m2/repository/com/aventstack/extentreports/5.0.8/extentreports-5.0.8.jar:/home/iramtech/.m2/repository/io/reactivex/rxjava3/rxjava/3.0.4/rxjava-3.0.4.jar:/home/iramtech/.m2/repository/org/reactivestreams/reactive-streams/1.0.3/reactive-streams-1.0.3.jar:/home/iramtech/.m2/repository/org/freemarker/freemarker/2.3.30/freemarker-2.3.30.jar:/home/iramtech/.m2/repository/com/google/code/gson/gson/2.8.6/gson-2.8.6.jar:/home/iramtech/.m2/repository/org/projectlombok/lombok/1.18.26/lombok-1.18.26.jar:/home/iramtech/.m2/repository/org/apache/httpcomponents/httpclient/4.5.13/httpclient-4.5.13.jar:/home/iramtech/.m2/repository/org/apache/httpcomponents/httpcore/4.4.13/httpcore-4.4.13.jar:/home/iramtech/.m2/repository/commons-logging/commons-logging/1.2/commons-logging-1.2.jar:/home/iramtech/.m2/repository/commons-codec/commons-codec/1.11/commons-codec-1.11.jar:/home/iramtech/.m2/repository/io/rest-assured/rest-assured/4.4.0/rest-assured-4.4.0.jar:/home/iramtech/.m2/repository/org/codehaus/groovy/groovy/3.0.8/groovy-3.0.8.jar:/home/iramtech/.m2/repository/org/codehaus/groovy/groovy-xml/3.0.8/groovy-xml-3.0.8.jar:/home/iramtech/.m2/repository/org/apache/httpcomponents/httpmime/4.5.13/httpmime-4.5.13.jar:/home/iramtech/.m2/repository/org/hamcrest/hamcrest/2.1/hamcrest-2.1.jar:/home/iramtech/.m2/repository/org/ccil/cowan/tagsoup/tagsoup/1.2.1/tagsoup-1.2.1.jar:/home/iramtech/.m2/repository/io/rest-assured/json-path/4.4.0/json-path-4.4.0.jar:/home/iramtech/.m2/repository/org/codehaus/groovy/groovy-json/3.0.8/groovy-json-3.0.8.jar:/home/iramtech/.m2/repository/io/rest-assured/rest-assured-common/4.4.0/rest-assured-common-4.4.0.jar:/home/iramtech/.m2/repository/io/rest-assured/xml-path/4.4.0/xml-path-4.4.0.jar:/home/iramtech/.m2/repository/org/apache/commons/commons-lang3/3.11/commons-lang3-3.11.jar:/home/iramtech/.m2/repository/jakarta/xml/bind/jakarta.xml.bind-api/2.3.3/jakarta.xml.bind-api-2.3.3.jar:/home/iramtech/.m2/repository/jakarta/activation/jakarta.activation-api/1.2.2/jakarta.activation-api-1.2.2.jar:/home/iramtech/.m2/repository/com/sun/xml/bind/jaxb-impl/2.3.3/jaxb-impl-2.3.3.jar:"/>
    <property name="sun.cpu.endian" value="little"/>
    <property name="user.home" value="/home/iramtech"/>
    <property name="user.language" value="en"/>
    <property name="java.specification.vendor" value="Oracle Corporation"/>
    <property name="java.version.date" value="2022-07-19"/>
    <property name="java.home" value="/usr/lib/jvm/java-18-openjdk-amd64"/>
    <property name="file.separator" value="/"/>
    <property name="basedir" value="/home/iramtech/Documents/testNg/parking/extent"/>
    <property name="java.vm.compressedOopsMode" value="Zero based"/>
    <property name="line.separator" value="&#10;"/>
    <property name="java.vm.specification.vendor" value="Oracle Corporation"/>
    <property name="java.specification.name" value="Java Platform API Specification"/>
    <property name="surefire.real.class.path" value="/home/iramtech/Documents/testNg/parking/extent/target/surefire/surefirebooter7454409836193663787.jar"/>
    <property name="sun.management.compiler" value="HotSpot 64-Bit Tiered Compilers"/>
    <property name="java.runtime.version" value="18.0.2-ea+9-Ubuntu-222.04"/>
    <property name="user.name" value="iramtech"/>
    <property name="path.separator" value=":"/>
    <property name="os.version" value="6.2.0-39-generic"/>
    <property name="java.runtime.name" value="OpenJDK Runtime Environment"/>
    <property name="file.encoding" value="UTF-8"/>
    <property name="java.vm.name" value="OpenJDK 64-Bit Server VM"/>
    <property name="localRepository" value="/home/iramtech/.m2/repository"/>
    <property name="java.vendor.url.bug" value="Unknown"/>
    <property name="java.io.tmpdir" value="/tmp"/>
    <property name="java.version" value="18.0.2-ea"/>
    <property name="user.dir" value="/home/iramtech/Documents/testNg/parking/extent"/>
    <property name="os.arch" value="amd64"/>
    <property name="java.vm.specification.name" value="Java Virtual Machine Specification"/>
    <property name="native.encoding" value="UTF-8"/>
    <property name="java.library.path" value="/usr/java/packages/lib:/usr/lib/x86_64-linux-gnu/jni:/lib/x86_64-linux-gnu:/usr/lib/x86_64-linux-gnu:/usr/lib/jni:/lib:/usr/lib"/>
    <property name="java.vm.info" value="mixed mode, sharing"/>
    <property name="java.vendor" value="Private Build"/>
    <property name="java.vm.version" value="18.0.2-ea+9-Ubuntu-222.04"/>
    <property name="sun.io.unicode.encoding" value="UnicodeLittle"/>
    <property name="java.class.version" value="62.0"/>
  </properties>
  <testcase name="login" classname="com.selenium.VehicleNumberSearch" time="5.101"/>
  <testcase name="revenueDashboardOpen" classname="com.selenium.VehicleNumberSearch" time="3.251"/>
  <testcase name="redirectVehicleNumberSearchPage" classname="com.selenium.VehicleNumberSearch" time="2.427"/>
  <testcase name="vehicleNumberEnter" classname="com.selenium.VehicleNumberSearch" time="2.061"/>
  <testcase name="vehicleNumberSubmit" classname="com.selenium.VehicleNumberSearch" time="2.264"/>
  <testcase name="vehicleNumberTransactions" classname="com.selenium.VehicleNumberSearch" time="1.042"/>
  <testcase name="vehicleNumberTransactionsDates" classname="com.selenium.VehicleNumberSearch" time="4.733"/>
  <testcase name="selectVNStartDateTransactions" classname="com.selenium.VehicleNumberSearch" time="6.475"/>
  <testcase name="selectVNEndDateTransactions" classname="com.selenium.VehicleNumberSearch" time="7.265"/>
  <testcase name="selectVNTransactionCount" classname="com.selenium.VehicleNumberSearch" time="2.251"/>
  <testcase name="vehicleNumberTransactionsTable" classname="com.selenium.VehicleNumberSearch" time="6.112"/>
  <testcase name="validateVNTransactionSiteName" classname="com.selenium.VehicleNumberSearch" time="0.02"/>
  <testcase name="validateVTransactionVehicleNumber" classname="com.selenium.VehicleNumberSearch" time="0.018"/>
  <testcase name="validateVTransactionVehicleType" classname="com.selenium.VehicleNumberSearch" time="0.018"/>
  <testcase name="validateVTransactionType" classname="com.selenium.VehicleNumberSearch" time="0.017"/>
  <testcase name="validateVTransactionCreatedDate" classname="com.selenium.VehicleNumberSearch" time="0.017"/>
  <testcase name="validateVTransactionStartDate" classname="com.selenium.VehicleNumberSearch" time="0.015"/>
  <testcase name="validateVTransactionEndDate" classname="com.selenium.VehicleNumberSearch" time="0.015"/>
  <testcase name="validateVTransactionPayU_reference" classname="com.selenium.VehicleNumberSearch" time="0.016"/>
  <testcase name="validateVTransactionId" classname="com.selenium.VehicleNumberSearch" time="0.015"/>
  <testcase name="validateVTransactionAmount" classname="com.selenium.VehicleNumberSearch" time="0.016"/>
  <testcase name="validateVTransactionStatus" classname="com.selenium.VehicleNumberSearch" time="0.015"/>
  <testcase name="vehicleNumberPass" classname="com.selenium.VehicleNumberSearch" time="0.466"/>
  <testcase name="vehicleNumberPassDates" classname="com.selenium.VehicleNumberSearch" time="6.697"/>
  <testcase name="selectVStartDatePasses" classname="com.selenium.VehicleNumberSearch" time="2.991"/>
  <testcase name="selectVEndDatePasses" classname="com.selenium.VehicleNumberSearch" time="8.736"/>
  <testcase name="selectVPassCount" classname="com.selenium.VehicleNumberSearch" time="2.233"/>
  <testcase name="passTable" classname="com.selenium.VehicleNumberSearch" time="6.018"/>
  <testcase name="validatePassesSiteName" classname="com.selenium.VehicleNumberSearch" time="0.017"/>
  <testcase name="validatePassesVehicleNumber" classname="com.selenium.VehicleNumberSearch" time="0.011"/>
  <testcase name="validatePassesVehicleType" classname="com.selenium.VehicleNumberSearch" time="0.01"/>
  <testcase name="validatePassesType" classname="com.selenium.VehicleNumberSearch" time="0.01"/>
  <testcase name="validatePassCreatedDateTimeHeader" classname="com.selenium.VehicleNumberSearch" time="0.012"/>
  <testcase name="validatePassesCreatedDate" classname="com.selenium.VehicleNumberSearch" time="0.011"/>
  <testcase name="validatePassStartDateTimeHeader" classname="com.selenium.VehicleNumberSearch" time="0.012"/>
  <testcase name="validatePassesStartDate" classname="com.selenium.VehicleNumberSearch" time="0.011"/>
  <testcase name="validatePassEndDateTimeHeader" classname="com.selenium.VehicleNumberSearch" time="0.011"/>
  <testcase name="validatePassesEndDate" classname="com.selenium.VehicleNumberSearch" time="0.01"/>
  <testcase name="validatePassesPayU_reference" classname="com.selenium.VehicleNumberSearch" time="0.01"/>
  <testcase name="validatePassesTransactionId" classname="com.selenium.VehicleNumberSearch" time="0.01"/>
  <testcase name="validatePassesAmount" classname="com.selenium.VehicleNumberSearch" time="0.009"/>
  <testcase name="validatePassesStatus" classname="com.selenium.VehicleNumberSearch" time="0.01"/>
  <testcase name="mobileNumberReservation" classname="com.selenium.VehicleNumberSearch" time="2.214"/>
  <testcase name="vehicleNumberReservationDates" classname="com.selenium.VehicleNumberSearch" time="4.729"/>
  <testcase name="selectReservationsCount" classname="com.selenium.VehicleNumberSearch" time="4.275"/>
  <testcase name="reservationsTable" classname="com.selenium.VehicleNumberSearch" time="6.016"/>
  <testcase name="validateReservationsSiteName" classname="com.selenium.VehicleNumberSearch" time="0.018"/>
  <testcase name="validateReservationsVehicleNumber" classname="com.selenium.VehicleNumberSearch" time="0.012"/>
  <testcase name="validateReservationsVehicleType" classname="com.selenium.VehicleNumberSearch" time="0.012"/>
  <testcase name="validateReservationsType" classname="com.selenium.VehicleNumberSearch" time="0.013"/>
  <testcase name="validateReserveCreatedDateTimeHeader" classname="com.selenium.VehicleNumberSearch" time="0.014"/>
  <testcase name="validateReservationsCreatedDate" classname="com.selenium.VehicleNumberSearch" time="0.012"/>
  <testcase name="validateReserveStartDateTimeHeader" classname="com.selenium.VehicleNumberSearch" time="0.014"/>
  <testcase name="validateReservationsStartDate" classname="com.selenium.VehicleNumberSearch" time="0.011"/>
  <testcase name="validateReserveEndDateTimeHeader" classname="com.selenium.VehicleNumberSearch" time="0.013"/>
  <testcase name="validateReservationsEndDate" classname="com.selenium.VehicleNumberSearch" time="0.011"/>
  <testcase name="validateReservationsPayU_reference" classname="com.selenium.VehicleNumberSearch" time="0.012"/>
  <testcase name="validateReservationsTransactionId" classname="com.selenium.VehicleNumberSearch" time="0.012"/>
  <testcase name="validateReservationsAmount" classname="com.selenium.VehicleNumberSearch" time="0.011"/>
  <testcase name="validateReservationsStatus" classname="com.selenium.VehicleNumberSearch" time="0.011"/>
  <testcase name="vehicleNumberCheckInOut" classname="com.selenium.VehicleNumberSearch" time="3.243"/>
  <testcase name="vehicleNumberCheckInOutDates" classname="com.selenium.VehicleNumberSearch" time="4.751"/>
  <testcase name="selectVPassCheckInOut" classname="com.selenium.VehicleNumberSearch" time="2.232"/>
  <testcase name="checkInOutVTable" classname="com.selenium.VehicleNumberSearch" time="6.017"/>
  <testcase name="validateVCheckInOutSiteName" classname="com.selenium.VehicleNumberSearch" time="0.015"/>
  <testcase name="validateVCheckInOutVehicleType" classname="com.selenium.VehicleNumberSearch" time="0.014"/>
  <testcase name="validateVCheckInOutVehicleNumber" classname="com.selenium.VehicleNumberSearch" time="0.011"/>
  <testcase name="validateCheckInDateTimeHeader" classname="com.selenium.VehicleNumberSearch" time="0.013"/>
  <testcase name="validateVCheckInRow" classname="com.selenium.VehicleNumberSearch" time="0.011"/>
  <testcase name="validateCheckOutDateTimeHeader" classname="com.selenium.VehicleNumberSearch" time="0.012"/>
  <testcase name="validateVCheckOutRow" classname="com.selenium.VehicleNumberSearch" time="0.011"/>
  <testcase name="validateVCheckInOutType" classname="com.selenium.VehicleNumberSearch" time="0.01"/>
  <testcase name="validateVCheckInOutPayU_reference" classname="com.selenium.VehicleNumberSearch" time="0.01"/>
  <testcase name="validateVCheckInOutTransactionId" classname="com.selenium.VehicleNumberSearch" time="0.011"/>
  <testcase name="validateVCheckInOutAmount" classname="com.selenium.VehicleNumberSearch" time="0.011"/>
  <testcase name="validateVCheckInOutDueAmount" classname="com.selenium.VehicleNumberSearch" time="0.01"/>
  <testcase name="validateVCheckInOutStatus" classname="com.selenium.VehicleNumberSearch" time="0.011"/>
  <testcase name="vehicleNumberDueAmount" classname="com.selenium.VehicleNumberSearch" time="2.217"/>
  <testcase name="vehicleNumberDueAmountDates" classname="com.selenium.VehicleNumberSearch" time="4.66"/>
  <testcase name="selectVDueAmountCount" classname="com.selenium.VehicleNumberSearch" time="4.292"/>
  <testcase name="dueAmountVTable" classname="com.selenium.VehicleNumberSearch" time="6.016"/>
  <testcase name="validateVDueAmountSiteName" classname="com.selenium.VehicleNumberSearch" time="0.013"/>
  <testcase name="validateVDueAmountVehicleNumber" classname="com.selenium.VehicleNumberSearch" time="0.01"/>
  <testcase name="validateVDueAmountVehicleType" classname="com.selenium.VehicleNumberSearch" time="0.012"/>
  <testcase name="validateVDueAmountPayU_reference" classname="com.selenium.VehicleNumberSearch" time="0.009"/>
  <testcase name="validateDueAmountCreatedDateTimeHeader" classname="com.selenium.VehicleNumberSearch" time="0.011"/>
  <testcase name="validateVDueAmountCreatedDate" classname="com.selenium.VehicleNumberSearch" time="0.009"/>
  <testcase name="validateVDueAmountsTransactionId" classname="com.selenium.VehicleNumberSearch" time="0.009"/>
  <testcase name="validateVDueAmountAmount" classname="com.selenium.VehicleNumberSearch" time="0.009"/>
  <testcase name="validateVDueAmountStatus" classname="com.selenium.VehicleNumberSearch" time="0.009"/>
  <testcase name="vehicleNumberBlockListClick" classname="com.selenium.VehicleNumberSearch" time="2.233"/>
  <testcase name="vehicleNumberBlockListDates" classname="com.selenium.VehicleNumberSearch" time="4.696"/>
  <testcase name="selectVBlockListCount" classname="com.selenium.VehicleNumberSearch" time="2.261"/>
  <testcase name="vBlockListTable" classname="com.selenium.VehicleNumberSearch" time="6.021"/>
  <testcase name="validateVBlockListSiteName" classname="com.selenium.VehicleNumberSearch" time="0.022"/>
  <testcase name="validateVBlockListVehicleNumber" classname="com.selenium.VehicleNumberSearch" time="0.009"/>
  <testcase name="validateVBlockListVehicleType" classname="com.selenium.VehicleNumberSearch" time="0.009"/>
  <testcase name="validateBlockListCreatedDateTimeHeader" classname="com.selenium.VehicleNumberSearch" time="0.011"/>
  <testcase name="validateVBlockListnCreatedDate" classname="com.selenium.VehicleNumberSearch" time="0.009"/>
  <testcase name="validateVBlockListAmount" classname="com.selenium.VehicleNumberSearch" time="0.009"/>
  <testcase name="validateVBlockListStatus" classname="com.selenium.VehicleNumberSearch" time="0.009"/>
  <testcase name="vehicleNumberGuestPasses" classname="com.selenium.VehicleNumberSearch" time="2.211"/>
  <testcase name="vehicleNumberGuestPassesDates" classname="com.selenium.VehicleNumberSearch" time="2.03"/>
  <testcase name="logout" classname="com.selenium.VehicleNumberSearch" time="2.312"/>
</testsuite>