<?xml version="1.0" encoding="UTF-8"?>
<testsuite xmlns:xsi="http://www.w3.org/2001/XMLSchema-instance" xsi:noNamespaceSchemaLocation="https://maven.apache.org/surefire/maven-surefire-plugin/xsd/surefire-test-report.xsd" name="TestSuite" time="5,036.396" tests="1601" errors="0" skipped="0" failures="9">
  <properties>
    <property name="java.specification.version" value="18"/>
    <property name="sun.jnu.encoding" value="UTF-8"/>
    <property name="java.class.path" value="/home/iramtech/Documents/silvassa/target/test-classes:/home/iramtech/Documents/silvassa/target/classes:/home/iramtech/.m2/repository/org/testng/testng/7.7.1/testng-7.7.1.jar:/home/iramtech/.m2/repository/org/slf4j/slf4j-api/1.7.36/slf4j-api-1.7.36.jar:/home/iramtech/.m2/repository/com/beust/jcommander/1.82/jcommander-1.82.jar:/home/iramtech/.m2/repository/org/webjars/jquery/3.6.1/jquery-3.6.1.jar:/home/iramtech/.m2/repository/org/seleniumhq/selenium/selenium-java/4.10.0/selenium-java-4.10.0.jar:/home/iramtech/.m2/repository/org/seleniumhq/selenium/selenium-api/4.10.0/selenium-api-4.10.0.jar:/home/iramtech/.m2/repository/org/seleniumhq/selenium/selenium-chrome-driver/4.10.0/selenium-chrome-driver-4.10.0.jar:/home/iramtech/.m2/repository/com/google/auto/service/auto-service-annotations/1.0.1/auto-service-annotations-1.0.1.jar:/home/iramtech/.m2/repository/com/google/auto/service/auto-service/1.0.1/auto-service-1.0.1.jar:/home/iramtech/.m2/repository/com/google/auto/auto-common/1.2/auto-common-1.2.jar:/home/iramtech/.m2/repository/com/google/guava/guava/31.1-jre/guava-31.1-jre.jar:/home/iramtech/.m2/repository/com/google/guava/failureaccess/1.0.1/failureaccess-1.0.1.jar:/home/iramtech/.m2/repository/com/google/guava/listenablefuture/9999.0-empty-to-avoid-conflict-with-guava/listenablefuture-9999.0-empty-to-avoid-conflict-with-guava.jar:/home/iramtech/.m2/repository/com/google/code/findbugs/jsr305/3.0.2/jsr305-3.0.2.jar:/home/iramtech/.m2/repository/org/checkerframework/checker-qual/3.12.0/checker-qual-3.12.0.jar:/home/iramtech/.m2/repository/com/google/errorprone/error_prone_annotations/2.11.0/error_prone_annotations-2.11.0.jar:/home/iramtech/.m2/repository/com/google/j2objc/j2objc-annotations/1.3/j2objc-annotations-1.3.jar:/home/iramtech/.m2/repository/org/seleniumhq/selenium/selenium-chromium-driver/4.10.0/selenium-chromium-driver-4.10.0.jar:/home/iramtech/.m2/repository/org/seleniumhq/selenium/selenium-json/4.10.0/selenium-json-4.10.0.jar:/home/iramtech/.m2/repository/org/seleniumhq/selenium/selenium-manager/4.10.0/selenium-manager-4.10.0.jar:/home/iramtech/.m2/repository/org/seleniumhq/selenium/selenium-devtools-v112/4.10.0/selenium-devtools-v112-4.10.0.jar:/home/iramtech/.m2/repository/org/seleniumhq/selenium/selenium-devtools-v113/4.10.0/selenium-devtools-v113-4.10.0.jar:/home/iramtech/.m2/repository/org/seleniumhq/selenium/selenium-devtools-v114/4.10.0/selenium-devtools-v114-4.10.0.jar:/home/iramtech/.m2/repository/org/seleniumhq/selenium/selenium-devtools-v85/4.10.0/selenium-devtools-v85-4.10.0.jar:/home/iramtech/.m2/repository/org/seleniumhq/selenium/selenium-edge-driver/4.10.0/selenium-edge-driver-4.10.0.jar:/home/iramtech/.m2/repository/org/seleniumhq/selenium/selenium-firefox-driver/4.10.0/selenium-firefox-driver-4.10.0.jar:/home/iramtech/.m2/repository/org/seleniumhq/selenium/selenium-http/4.10.0/selenium-http-4.10.0.jar:/home/iramtech/.m2/repository/dev/failsafe/failsafe/3.3.1/failsafe-3.3.1.jar:/home/iramtech/.m2/repository/org/seleniumhq/selenium/selenium-ie-driver/4.10.0/selenium-ie-driver-4.10.0.jar:/home/iramtech/.m2/repository/org/seleniumhq/selenium/selenium-remote-driver/4.10.0/selenium-remote-driver-4.10.0.jar:/home/iramtech/.m2/repository/io/netty/netty-buffer/4.1.92.Final/netty-buffer-4.1.92.Final.jar:/home/iramtech/.m2/repository/io/netty/netty-codec-http/4.1.92.Final/netty-codec-http-4.1.92.Final.jar:/home/iramtech/.m2/repository/io/netty/netty-codec/4.1.92.Final/netty-codec-4.1.92.Final.jar:/home/iramtech/.m2/repository/io/netty/netty-handler/4.1.92.Final/netty-handler-4.1.92.Final.jar:/home/iramtech/.m2/repository/io/netty/netty-common/4.1.92.Final/netty-common-4.1.92.Final.jar:/home/iramtech/.m2/repository/io/netty/netty-transport-classes-epoll/4.1.92.Final/netty-transport-classes-epoll-4.1.92.Final.jar:/home/iramtech/.m2/repository/io/netty/netty-transport-classes-kqueue/4.1.92.Final/netty-transport-classes-kqueue-4.1.92.Final.jar:/home/iramtech/.m2/repository/io/netty/netty-transport-native-epoll/4.1.92.Final/netty-transport-native-epoll-4.1.92.Final.jar:/home/iramtech/.m2/repository/io/netty/netty-transport-native-kqueue/4.1.92.Final/netty-transport-native-kqueue-4.1.92.Final.jar:/home/iramtech/.m2/repository/io/netty/netty-transport-native-unix-common/4.1.92.Final/netty-transport-native-unix-common-4.1.92.Final.jar:/home/iramtech/.m2/repository/io/netty/netty-transport/4.1.92.Final/netty-transport-4.1.92.Final.jar:/home/iramtech/.m2/repository/io/netty/netty-resolver/4.1.92.Final/netty-resolver-4.1.92.Final.jar:/home/iramtech/.m2/repository/io/opentelemetry/opentelemetry-api/1.26.0/opentelemetry-api-1.26.0.jar:/home/iramtech/.m2/repository/io/opentelemetry/opentelemetry-context/1.26.0/opentelemetry-context-1.26.0.jar:/home/iramtech/.m2/repository/io/opentelemetry/opentelemetry-exporter-logging/1.26.0/opentelemetry-exporter-logging-1.26.0.jar:/home/iramtech/.m2/repository/io/opentelemetry/opentelemetry-sdk-metrics/1.26.0/opentelemetry-sdk-metrics-1.26.0.jar:/home/iramtech/.m2/repository/io/opentelemetry/opentelemetry-extension-incubator/1.26.0-alpha/opentelemetry-extension-incubator-1.26.0-alpha.jar:/home/iramtech/.m2/repository/io/opentelemetry/opentelemetry-sdk-logs/1.26.0-alpha/opentelemetry-sdk-logs-1.26.0-alpha.jar:/home/iramtech/.m2/repository/io/opentelemetry/opentelemetry-api-logs/1.26.0-alpha/opentelemetry-api-logs-1.26.0-alpha.jar:/home/iramtech/.m2/repository/io/opentelemetry/opentelemetry-api-events/1.26.0-alpha/opentelemetry-api-events-1.26.0-alpha.jar:/home/iramtech/.m2/repository/io/opentelemetry/opentelemetry-sdk-common/1.26.0/opentelemetry-sdk-common-1.26.0.jar:/home/iramtech/.m2/repository/io/opentelemetry/opentelemetry-sdk-extension-autoconfigure-spi/1.26.0/opentelemetry-sdk-extension-autoconfigure-spi-1.26.0.jar:/home/iramtech/.m2/repository/io/opentelemetry/opentelemetry-sdk-extension-autoconfigure/1.26.0-alpha/opentelemetry-sdk-extension-autoconfigure-1.26.0-alpha.jar:/home/iramtech/.m2/repository/io/opentelemetry/opentelemetry-sdk-trace/1.26.0/opentelemetry-sdk-trace-1.26.0.jar:/home/iramtech/.m2/repository/io/opentelemetry/opentelemetry-sdk/1.26.0/opentelemetry-sdk-1.26.0.jar:/home/iramtech/.m2/repository/io/opentelemetry/opentelemetry-semconv/1.26.0-alpha/opentelemetry-semconv-1.26.0-alpha.jar:/home/iramtech/.m2/repository/net/bytebuddy/byte-buddy/1.14.4/byte-buddy-1.14.4.jar:/home/iramtech/.m2/repository/org/apache/commons/commons-exec/1.3/commons-exec-1.3.jar:/home/iramtech/.m2/repository/org/asynchttpclient/async-http-client/2.12.3/async-http-client-2.12.3.jar:/home/iramtech/.m2/repository/org/asynchttpclient/async-http-client-netty-utils/2.12.3/async-http-client-netty-utils-2.12.3.jar:/home/iramtech/.m2/repository/io/netty/netty-codec-socks/4.1.60.Final/netty-codec-socks-4.1.60.Final.jar:/home/iramtech/.m2/repository/io/netty/netty-handler-proxy/4.1.60.Final/netty-handler-proxy-4.1.60.Final.jar:/home/iramtech/.m2/repository/io/netty/netty-transport-native-epoll/4.1.60.Final/netty-transport-native-epoll-4.1.60.Final-linux-x86_64.jar:/home/iramtech/.m2/repository/io/netty/netty-transport-native-kqueue/4.1.60.Final/netty-transport-native-kqueue-4.1.60.Final-osx-x86_64.jar:/home/iramtech/.m2/repository/com/typesafe/netty/netty-reactive-streams/2.0.4/netty-reactive-streams-2.0.4.jar:/home/iramtech/.m2/repository/com/sun/activation/jakarta.activation/1.2.2/jakarta.activation-1.2.2.jar:/home/iramtech/.m2/repository/org/seleniumhq/selenium/selenium-safari-driver/4.10.0/selenium-safari-driver-4.10.0.jar:/home/iramtech/.m2/repository/org/seleniumhq/selenium/selenium-support/4.10.0/selenium-support-4.10.0.jar:/home/iramtech/.m2/repository/com/aventstack/extentreports/5.0.8/extentreports-5.0.8.jar:/home/iramtech/.m2/repository/io/reactivex/rxjava3/rxjava/3.0.4/rxjava-3.0.4.jar:/home/iramtech/.m2/repository/org/reactivestreams/reactive-streams/1.0.3/reactive-streams-1.0.3.jar:/home/iramtech/.m2/repository/org/freemarker/freemarker/2.3.30/freemarker-2.3.30.jar:/home/iramtech/.m2/repository/com/google/code/gson/gson/2.8.6/gson-2.8.6.jar:/home/iramtech/.m2/repository/org/projectlombok/lombok/1.18.26/lombok-1.18.26.jar:/home/iramtech/.m2/repository/org/apache/httpcomponents/httpclient/4.5.13/httpclient-4.5.13.jar:/home/iramtech/.m2/repository/org/apache/httpcomponents/httpcore/4.4.13/httpcore-4.4.13.jar:/home/iramtech/.m2/repository/commons-logging/commons-logging/1.2/commons-logging-1.2.jar:/home/iramtech/.m2/repository/commons-codec/commons-codec/1.11/commons-codec-1.11.jar:/home/iramtech/.m2/repository/io/rest-assured/rest-assured/4.4.0/rest-assured-4.4.0.jar:/home/iramtech/.m2/repository/org/codehaus/groovy/groovy/3.0.8/groovy-3.0.8.jar:/home/iramtech/.m2/repository/org/codehaus/groovy/groovy-xml/3.0.8/groovy-xml-3.0.8.jar:/home/iramtech/.m2/repository/org/apache/httpcomponents/httpmime/4.5.13/httpmime-4.5.13.jar:/home/iramtech/.m2/repository/org/hamcrest/hamcrest/2.1/hamcrest-2.1.jar:/home/iramtech/.m2/repository/org/ccil/cowan/tagsoup/tagsoup/1.2.1/tagsoup-1.2.1.jar:/home/iramtech/.m2/repository/io/rest-assured/json-path/4.4.0/json-path-4.4.0.jar:/home/iramtech/.m2/repository/org/codehaus/groovy/groovy-json/3.0.8/groovy-json-3.0.8.jar:/home/iramtech/.m2/repository/io/rest-assured/rest-assured-common/4.4.0/rest-assured-common-4.4.0.jar:/home/iramtech/.m2/repository/io/rest-assured/xml-path/4.4.0/xml-path-4.4.0.jar:/home/iramtech/.m2/repository/org/apache/commons/commons-lang3/3.11/commons-lang3-3.11.jar:/home/iramtech/.m2/repository/jakarta/xml/bind/jakarta.xml.bind-api/2.3.3/jakarta.xml.bind-api-2.3.3.jar:/home/iramtech/.m2/repository/jakarta/activation/jakarta.activation-api/1.2.2/jakarta.activation-api-1.2.2.jar:/home/iramtech/.m2/repository/com/sun/xml/bind/jaxb-impl/2.3.3/jaxb-impl-2.3.3.jar:"/>
    <property name="java.vm.vendor" value="Private Build"/>
    <property name="sun.arch.data.model" value="64"/>
    <property name="java.vendor.url" value="Unknown"/>
    <property name="suiteXmlFile" value="test-suite.xml"/>
    <property name="os.name" value="Linux"/>
    <property name="java.vm.specification.version" value="18"/>
    <property name="sun.java.launcher" value="SUN_STANDARD"/>
    <property name="user.country" value="US"/>
    <property name="sun.boot.library.path" value="/usr/lib/jvm/java-18-openjdk-amd64/lib"/>
    <property name="sun.java.command" value="/home/iramtech/Documents/silvassa/target/surefire/surefirebooter6831367934927922486.jar /home/iramtech/Documents/silvassa/target/surefire 2024-04-04T12-29-35_160-jvmRun1 surefire17075829862827858473tmp surefire_05962792422425608212tmp"/>
    <property name="jdk.debug" value="release"/>
    <property name="surefire.test.class.path" value="/home/iramtech/Documents/silvassa/target/test-classes:/home/iramtech/Documents/silvassa/target/classes:/home/iramtech/.m2/repository/org/testng/testng/7.7.1/testng-7.7.1.jar:/home/iramtech/.m2/repository/org/slf4j/slf4j-api/1.7.36/slf4j-api-1.7.36.jar:/home/iramtech/.m2/repository/com/beust/jcommander/1.82/jcommander-1.82.jar:/home/iramtech/.m2/repository/org/webjars/jquery/3.6.1/jquery-3.6.1.jar:/home/iramtech/.m2/repository/org/seleniumhq/selenium/selenium-java/4.10.0/selenium-java-4.10.0.jar:/home/iramtech/.m2/repository/org/seleniumhq/selenium/selenium-api/4.10.0/selenium-api-4.10.0.jar:/home/iramtech/.m2/repository/org/seleniumhq/selenium/selenium-chrome-driver/4.10.0/selenium-chrome-driver-4.10.0.jar:/home/iramtech/.m2/repository/com/google/auto/service/auto-service-annotations/1.0.1/auto-service-annotations-1.0.1.jar:/home/iramtech/.m2/repository/com/google/auto/service/auto-service/1.0.1/auto-service-1.0.1.jar:/home/iramtech/.m2/repository/com/google/auto/auto-common/1.2/auto-common-1.2.jar:/home/iramtech/.m2/repository/com/google/guava/guava/31.1-jre/guava-31.1-jre.jar:/home/iramtech/.m2/repository/com/google/guava/failureaccess/1.0.1/failureaccess-1.0.1.jar:/home/iramtech/.m2/repository/com/google/guava/listenablefuture/9999.0-empty-to-avoid-conflict-with-guava/listenablefuture-9999.0-empty-to-avoid-conflict-with-guava.jar:/home/iramtech/.m2/repository/com/google/code/findbugs/jsr305/3.0.2/jsr305-3.0.2.jar:/home/iramtech/.m2/repository/org/checkerframework/checker-qual/3.12.0/checker-qual-3.12.0.jar:/home/iramtech/.m2/repository/com/google/errorprone/error_prone_annotations/2.11.0/error_prone_annotations-2.11.0.jar:/home/iramtech/.m2/repository/com/google/j2objc/j2objc-annotations/1.3/j2objc-annotations-1.3.jar:/home/iramtech/.m2/repository/org/seleniumhq/selenium/selenium-chromium-driver/4.10.0/selenium-chromium-driver-4.10.0.jar:/home/iramtech/.m2/repository/org/seleniumhq/selenium/selenium-json/4.10.0/selenium-json-4.10.0.jar:/home/iramtech/.m2/repository/org/seleniumhq/selenium/selenium-manager/4.10.0/selenium-manager-4.10.0.jar:/home/iramtech/.m2/repository/org/seleniumhq/selenium/selenium-devtools-v112/4.10.0/selenium-devtools-v112-4.10.0.jar:/home/iramtech/.m2/repository/org/seleniumhq/selenium/selenium-devtools-v113/4.10.0/selenium-devtools-v113-4.10.0.jar:/home/iramtech/.m2/repository/org/seleniumhq/selenium/selenium-devtools-v114/4.10.0/selenium-devtools-v114-4.10.0.jar:/home/iramtech/.m2/repository/org/seleniumhq/selenium/selenium-devtools-v85/4.10.0/selenium-devtools-v85-4.10.0.jar:/home/iramtech/.m2/repository/org/seleniumhq/selenium/selenium-edge-driver/4.10.0/selenium-edge-driver-4.10.0.jar:/home/iramtech/.m2/repository/org/seleniumhq/selenium/selenium-firefox-driver/4.10.0/selenium-firefox-driver-4.10.0.jar:/home/iramtech/.m2/repository/org/seleniumhq/selenium/selenium-http/4.10.0/selenium-http-4.10.0.jar:/home/iramtech/.m2/repository/dev/failsafe/failsafe/3.3.1/failsafe-3.3.1.jar:/home/iramtech/.m2/repository/org/seleniumhq/selenium/selenium-ie-driver/4.10.0/selenium-ie-driver-4.10.0.jar:/home/iramtech/.m2/repository/org/seleniumhq/selenium/selenium-remote-driver/4.10.0/selenium-remote-driver-4.10.0.jar:/home/iramtech/.m2/repository/io/netty/netty-buffer/4.1.92.Final/netty-buffer-4.1.92.Final.jar:/home/iramtech/.m2/repository/io/netty/netty-codec-http/4.1.92.Final/netty-codec-http-4.1.92.Final.jar:/home/iramtech/.m2/repository/io/netty/netty-codec/4.1.92.Final/netty-codec-4.1.92.Final.jar:/home/iramtech/.m2/repository/io/netty/netty-handler/4.1.92.Final/netty-handler-4.1.92.Final.jar:/home/iramtech/.m2/repository/io/netty/netty-common/4.1.92.Final/netty-common-4.1.92.Final.jar:/home/iramtech/.m2/repository/io/netty/netty-transport-classes-epoll/4.1.92.Final/netty-transport-classes-epoll-4.1.92.Final.jar:/home/iramtech/.m2/repository/io/netty/netty-transport-classes-kqueue/4.1.92.Final/netty-transport-classes-kqueue-4.1.92.Final.jar:/home/iramtech/.m2/repository/io/netty/netty-transport-native-epoll/4.1.92.Final/netty-transport-native-epoll-4.1.92.Final.jar:/home/iramtech/.m2/repository/io/netty/netty-transport-native-kqueue/4.1.92.Final/netty-transport-native-kqueue-4.1.92.Final.jar:/home/iramtech/.m2/repository/io/netty/netty-transport-native-unix-common/4.1.92.Final/netty-transport-native-unix-common-4.1.92.Final.jar:/home/iramtech/.m2/repository/io/netty/netty-transport/4.1.92.Final/netty-transport-4.1.92.Final.jar:/home/iramtech/.m2/repository/io/netty/netty-resolver/4.1.92.Final/netty-resolver-4.1.92.Final.jar:/home/iramtech/.m2/repository/io/opentelemetry/opentelemetry-api/1.26.0/opentelemetry-api-1.26.0.jar:/home/iramtech/.m2/repository/io/opentelemetry/opentelemetry-context/1.26.0/opentelemetry-context-1.26.0.jar:/home/iramtech/.m2/repository/io/opentelemetry/opentelemetry-exporter-logging/1.26.0/opentelemetry-exporter-logging-1.26.0.jar:/home/iramtech/.m2/repository/io/opentelemetry/opentelemetry-sdk-metrics/1.26.0/opentelemetry-sdk-metrics-1.26.0.jar:/home/iramtech/.m2/repository/io/opentelemetry/opentelemetry-extension-incubator/1.26.0-alpha/opentelemetry-extension-incubator-1.26.0-alpha.jar:/home/iramtech/.m2/repository/io/opentelemetry/opentelemetry-sdk-logs/1.26.0-alpha/opentelemetry-sdk-logs-1.26.0-alpha.jar:/home/iramtech/.m2/repository/io/opentelemetry/opentelemetry-api-logs/1.26.0-alpha/opentelemetry-api-logs-1.26.0-alpha.jar:/home/iramtech/.m2/repository/io/opentelemetry/opentelemetry-api-events/1.26.0-alpha/opentelemetry-api-events-1.26.0-alpha.jar:/home/iramtech/.m2/repository/io/opentelemetry/opentelemetry-sdk-common/1.26.0/opentelemetry-sdk-common-1.26.0.jar:/home/iramtech/.m2/repository/io/opentelemetry/opentelemetry-sdk-extension-autoconfigure-spi/1.26.0/opentelemetry-sdk-extension-autoconfigure-spi-1.26.0.jar:/home/iramtech/.m2/repository/io/opentelemetry/opentelemetry-sdk-extension-autoconfigure/1.26.0-alpha/opentelemetry-sdk-extension-autoconfigure-1.26.0-alpha.jar:/home/iramtech/.m2/repository/io/opentelemetry/opentelemetry-sdk-trace/1.26.0/opentelemetry-sdk-trace-1.26.0.jar:/home/iramtech/.m2/repository/io/opentelemetry/opentelemetry-sdk/1.26.0/opentelemetry-sdk-1.26.0.jar:/home/iramtech/.m2/repository/io/opentelemetry/opentelemetry-semconv/1.26.0-alpha/opentelemetry-semconv-1.26.0-alpha.jar:/home/iramtech/.m2/repository/net/bytebuddy/byte-buddy/1.14.4/byte-buddy-1.14.4.jar:/home/iramtech/.m2/repository/org/apache/commons/commons-exec/1.3/commons-exec-1.3.jar:/home/iramtech/.m2/repository/org/asynchttpclient/async-http-client/2.12.3/async-http-client-2.12.3.jar:/home/iramtech/.m2/repository/org/asynchttpclient/async-http-client-netty-utils/2.12.3/async-http-client-netty-utils-2.12.3.jar:/home/iramtech/.m2/repository/io/netty/netty-codec-socks/4.1.60.Final/netty-codec-socks-4.1.60.Final.jar:/home/iramtech/.m2/repository/io/netty/netty-handler-proxy/4.1.60.Final/netty-handler-proxy-4.1.60.Final.jar:/home/iramtech/.m2/repository/io/netty/netty-transport-native-epoll/4.1.60.Final/netty-transport-native-epoll-4.1.60.Final-linux-x86_64.jar:/home/iramtech/.m2/repository/io/netty/netty-transport-native-kqueue/4.1.60.Final/netty-transport-native-kqueue-4.1.60.Final-osx-x86_64.jar:/home/iramtech/.m2/repository/com/typesafe/netty/netty-reactive-streams/2.0.4/netty-reactive-streams-2.0.4.jar:/home/iramtech/.m2/repository/com/sun/activation/jakarta.activation/1.2.2/jakarta.activation-1.2.2.jar:/home/iramtech/.m2/repository/org/seleniumhq/selenium/selenium-safari-driver/4.10.0/selenium-safari-driver-4.10.0.jar:/home/iramtech/.m2/repository/org/seleniumhq/selenium/selenium-support/4.10.0/selenium-support-4.10.0.jar:/home/iramtech/.m2/repository/com/aventstack/extentreports/5.0.8/extentreports-5.0.8.jar:/home/iramtech/.m2/repository/io/reactivex/rxjava3/rxjava/3.0.4/rxjava-3.0.4.jar:/home/iramtech/.m2/repository/org/reactivestreams/reactive-streams/1.0.3/reactive-streams-1.0.3.jar:/home/iramtech/.m2/repository/org/freemarker/freemarker/2.3.30/freemarker-2.3.30.jar:/home/iramtech/.m2/repository/com/google/code/gson/gson/2.8.6/gson-2.8.6.jar:/home/iramtech/.m2/repository/org/projectlombok/lombok/1.18.26/lombok-1.18.26.jar:/home/iramtech/.m2/repository/org/apache/httpcomponents/httpclient/4.5.13/httpclient-4.5.13.jar:/home/iramtech/.m2/repository/org/apache/httpcomponents/httpcore/4.4.13/httpcore-4.4.13.jar:/home/iramtech/.m2/repository/commons-logging/commons-logging/1.2/commons-logging-1.2.jar:/home/iramtech/.m2/repository/commons-codec/commons-codec/1.11/commons-codec-1.11.jar:/home/iramtech/.m2/repository/io/rest-assured/rest-assured/4.4.0/rest-assured-4.4.0.jar:/home/iramtech/.m2/repository/org/codehaus/groovy/groovy/3.0.8/groovy-3.0.8.jar:/home/iramtech/.m2/repository/org/codehaus/groovy/groovy-xml/3.0.8/groovy-xml-3.0.8.jar:/home/iramtech/.m2/repository/org/apache/httpcomponents/httpmime/4.5.13/httpmime-4.5.13.jar:/home/iramtech/.m2/repository/org/hamcrest/hamcrest/2.1/hamcrest-2.1.jar:/home/iramtech/.m2/repository/org/ccil/cowan/tagsoup/tagsoup/1.2.1/tagsoup-1.2.1.jar:/home/iramtech/.m2/repository/io/rest-assured/json-path/4.4.0/json-path-4.4.0.jar:/home/iramtech/.m2/repository/org/codehaus/groovy/groovy-json/3.0.8/groovy-json-3.0.8.jar:/home/iramtech/.m2/repository/io/rest-assured/rest-assured-common/4.4.0/rest-assured-common-4.4.0.jar:/home/iramtech/.m2/repository/io/rest-assured/xml-path/4.4.0/xml-path-4.4.0.jar:/home/iramtech/.m2/repository/org/apache/commons/commons-lang3/3.11/commons-lang3-3.11.jar:/home/iramtech/.m2/repository/jakarta/xml/bind/jakarta.xml.bind-api/2.3.3/jakarta.xml.bind-api-2.3.3.jar:/home/iramtech/.m2/repository/jakarta/activation/jakarta.activation-api/1.2.2/jakarta.activation-api-1.2.2.jar:/home/iramtech/.m2/repository/com/sun/xml/bind/jaxb-impl/2.3.3/jaxb-impl-2.3.3.jar:"/>
    <property name="sun.cpu.endian" value="little"/>
    <property name="user.home" value="/home/iramtech"/>
    <property name="user.language" value="en"/>
    <property name="java.specification.vendor" value="Oracle Corporation"/>
    <property name="java.version.date" value="2022-07-19"/>
    <property name="java.home" value="/usr/lib/jvm/java-18-openjdk-amd64"/>
    <property name="file.separator" value="/"/>
    <property name="basedir" value="/home/iramtech/Documents/silvassa"/>
    <property name="java.vm.compressedOopsMode" value="Zero based"/>
    <property name="line.separator" value="&#10;"/>
    <property name="java.vm.specification.vendor" value="Oracle Corporation"/>
    <property name="java.specification.name" value="Java Platform API Specification"/>
    <property name="surefire.real.class.path" value="/home/iramtech/Documents/silvassa/target/surefire/surefirebooter6831367934927922486.jar"/>
    <property name="sun.management.compiler" value="HotSpot 64-Bit Tiered Compilers"/>
    <property name="java.runtime.version" value="18.0.2-ea+9-Ubuntu-222.04"/>
    <property name="user.name" value="iramtech"/>
    <property name="path.separator" value=":"/>
    <property name="os.version" value="6.2.0-39-generic"/>
    <property name="java.runtime.name" value="OpenJDK Runtime Environment"/>
    <property name="file.encoding" value="UTF-8"/>
    <property name="java.vm.name" value="OpenJDK 64-Bit Server VM"/>
    <property name="localRepository" value="/home/iramtech/.m2/repository"/>
    <property name="java.vendor.url.bug" value="Unknown"/>
    <property name="java.io.tmpdir" value="/tmp"/>
    <property name="java.version" value="18.0.2-ea"/>
    <property name="user.dir" value="/home/iramtech/Documents/silvassa"/>
    <property name="os.arch" value="amd64"/>
    <property name="java.vm.specification.name" value="Java Virtual Machine Specification"/>
    <property name="native.encoding" value="UTF-8"/>
    <property name="java.library.path" value="/usr/java/packages/lib:/usr/lib/x86_64-linux-gnu/jni:/lib/x86_64-linux-gnu:/usr/lib/x86_64-linux-gnu:/usr/lib/jni:/lib:/usr/lib"/>
    <property name="java.vm.info" value="mixed mode, sharing"/>
    <property name="java.vendor" value="Private Build"/>
    <property name="java.vm.version" value="18.0.2-ea+9-Ubuntu-222.04"/>
    <property name="sun.io.unicode.encoding" value="UnicodeLittle"/>
    <property name="java.class.version" value="62.0"/>
  </properties>
  <testcase name="login" classname="com.selenium.Dashboard" time="4.01"/>
  <testcase name="revenueDashboardOpen" classname="com.selenium.Dashboard" time="5.125"/>
  <testcase name="getSummaryCards" classname="com.selenium.Dashboard" time="0.092"/>
  <testcase name="revenueDatesEnabled" classname="com.selenium.Dashboard" time="1.067"/>
  <testcase name="getMonthRevenue" classname="com.selenium.Dashboard" time="4.302"/>
  <testcase name="getWeekRevenue" classname="com.selenium.Dashboard" time="3.375"/>
  <testcase name="getDayRevenue" classname="com.selenium.Dashboard" time="4.34"/>
  <testcase name="selectCountDashboard" classname="com.selenium.Dashboard" time="8.366"/>
  <testcase name="selectDashboardStartDate" classname="com.selenium.Dashboard" time="8.817"/>
  <testcase name="selectDashboardEndDate" classname="com.selenium.Dashboard" time="11.594"/>
  <testcase name="sitenamesDashboard" classname="com.selenium.Dashboard" time="0.49"/>
  <testcase name="validateRevenue" classname="com.selenium.Dashboard" time="0.204"/>
  <testcase name="searchSiteName" classname="com.selenium.Dashboard" time="8.171"/>
  <testcase name="cityRevenueViewButton" classname="com.selenium.Dashboard" time="2.473"/>
  <testcase name="count_InViewDetails" classname="com.selenium.Dashboard" time="8.295"/>
  <testcase name="searchSiteName_InVieDetails" classname="com.selenium.Dashboard" time="8.151"/>
  <testcase name="cityRevenueCSVButton" classname="com.selenium.Dashboard" time="2.274"/>
  <testcase name="cityRevenuePDFButton" classname="com.selenium.Dashboard" time="2.406"/>
  <testcase name="cityRevenuePopUpClose" classname="com.selenium.Dashboard" time="2.222"/>
  <testcase name="cityRevenueColumnFilterBtn" classname="com.selenium.Dashboard" time="2.243"/>
  <testcase name="columnFilterSelectVehicleTypes" classname="com.selenium.Dashboard" time="35.471"/>
  <testcase name="columnFilterPopUpClose" classname="com.selenium.Dashboard" time="2.214"/>
  <testcase name="occupancyTabDashboard" classname="com.selenium.Dashboard" time="2.268"/>
  <testcase name="getOccupancyPercentage" classname="com.selenium.Dashboard" time="0.297"/>
  <testcase name="getOperatingSitesPercentage" classname="com.selenium.Dashboard" time="0.268"/>
  <testcase name="operatingsSitesSelectCount" classname="com.selenium.Dashboard" time="4.239"/>
  <testcase name="searchSiteStatus_OperationalTab" classname="com.selenium.Dashboard" time="8.112"/>
  <testcase name="operatingsitesList" classname="com.selenium.Dashboard" time="2.318"/>
  <testcase name="deviceStatusTab" classname="com.selenium.Dashboard" time="0.242"/>
  <testcase name="selectCountDeviceStatus" classname="com.selenium.Dashboard" time="4.285"/>
  <testcase name="deviceStatusPercentage" classname="com.selenium.Dashboard" time="3.061"/>
  <testcase name="devicesStatusTable" classname="com.selenium.Dashboard" time="0.432"/>
  <testcase name="alertsTab" classname="com.selenium.Dashboard" time="0.443"/>
  <testcase name="alertsCount" classname="com.selenium.Dashboard" time="5.017"/>
  <testcase name="logout" classname="com.selenium.Dashboard" time="2.242"/>
  <testcase name="login" classname="com.selenium.ReservationReports" time="3.677"/>
  <testcase name="revenueDashboardOpen" classname="com.selenium.ReservationReports" time="5.136"/>
  <testcase name="redirectReservationReportsPage" classname="com.selenium.ReservationReports" time="4.347"/>
  <testcase name="selectReservationSitesList" classname="com.selenium.ReservationReports" time="3.742"/>
  <testcase name="reservationReportDateEnabled" classname="com.selenium.ReservationReports" time="4.852"/>
  <testcase name="selectReservationStartDate" classname="com.selenium.ReservationReports" time="8.762"/>
  <testcase name="selectReservationEndDate" classname="com.selenium.ReservationReports" time="11.536"/>
  <testcase name="selectCountReservations" classname="com.selenium.ReservationReports" time="2.286"/>
  <testcase name="selectReservations" classname="com.selenium.ReservationReports" time="2.043"/>
  <testcase name="getreservationsList" classname="com.selenium.ReservationReports" time="0.159"/>
  <testcase name="verify_ReservationsTiming" classname="com.selenium.ReservationReports" time="0.007"/>
  <testcase name="selectPasses" classname="com.selenium.ReservationReports" time="4.063"/>
  <testcase name="getPassesList" classname="com.selenium.ReservationReports" time="0.131"/>
  <testcase name="verify_PassBookingTimings" classname="com.selenium.ReservationReports" time="0.009"/>
  <testcase name="selectGuestpasses" classname="com.selenium.ReservationReports" time="4.043"/>
  <testcase name="selectgPassesStartDate" classname="com.selenium.ReservationReports" time="8.767"/>
  <testcase name="selectPassesEndDate" classname="com.selenium.ReservationReports" time="11.545"/>
  <testcase name="getGuestPassesList" classname="com.selenium.ReservationReports" time="5.038"/>
  <testcase name="verify_GuestPass_EntryExitDateTime" classname="com.selenium.ReservationReports" time="5.031"/>
  <testcase name="guestPassesViewButton" classname="com.selenium.ReservationReports" time="2.015"/>
  <testcase name="guestPassPopUpClose" classname="com.selenium.ReservationReports" time="2.026"/>
  <testcase name="logout" classname="com.selenium.ReservationReports" time="5.27"/>
  <testcase name="login" classname="com.selenium.POSReports" time="3.748"/>
  <testcase name="revenueDashboardOpen" classname="com.selenium.POSReports" time="5.176"/>
  <testcase name="posRevenuepage" classname="com.selenium.POSReports" time="6.336"/>
  <testcase name="posRevenueSelectSite" classname="com.selenium.POSReports" time="6.633"/>
  <testcase name="posRevenuedatesEnabled" classname="com.selenium.POSReports" time="4.92"/>
  <testcase name="selectPosRevenueStartDate" classname="com.selenium.POSReports" time="8.736"/>
  <testcase name="selectReserveEndDate" classname="com.selenium.POSReports" time="6.708"/>
  <testcase name="posRevenueSelectTwoWheeler" classname="com.selenium.POSReports" time="2.041"/>
  <testcase name="posRevenueposNumber" classname="com.selenium.POSReports" time="3.571"/>
  <testcase name="posRevenueSubmitButtonTwo" classname="com.selenium.POSReports" time="1.214"/>
  <testcase name="posRevenueFormTwoW" classname="com.selenium.POSReports" time="5.24"/>
  <testcase name="posRevenueShiftMorningTwoW" classname="com.selenium.POSReports" time="2.148"/>
  <testcase name="posRevenueShiftEveningTwoW" classname="com.selenium.POSReports" time="2.104"/>
  <testcase name="posRevenueShiftAllTwoW" classname="com.selenium.POSReports" time="2.045"/>
  <testcase name="posRevenueCSVTwoW" classname="com.selenium.POSReports" time="2.264"/>
  <testcase name="posRevenuePDFTwoW" classname="com.selenium.POSReports" time="16.61"/>
  <testcase name="posRevenuePopUPCloseTwoW" classname="com.selenium.POSReports" time="5.261"/>
  <testcase name="twoWheelerPOSRevenue" classname="com.selenium.POSReports" time="2.042"/>
  <testcase name="posRevenueSelectFourWheeler" classname="com.selenium.POSReports" time="2.023"/>
  <testcase name="posRevenueSubmitBtnFourW" classname="com.selenium.POSReports" time="1.213"/>
  <testcase name="posRevenueFormFourW" classname="com.selenium.POSReports" time="5.226"/>
  <testcase name="posRevenueShiftMorningFourW" classname="com.selenium.POSReports" time="2.252"/>
  <testcase name="posRevenueShiftEveningFouW" classname="com.selenium.POSReports" time="2.158"/>
  <testcase name="posRevenueShiftAllFourW" classname="com.selenium.POSReports" time="2.02"/>
  <testcase name="posRevenueCSVFourW" classname="com.selenium.POSReports" time="2.237"/>
  <testcase name="posRevenuePDFFourW" classname="com.selenium.POSReports" time="16.595"/>
  <testcase name="posRevenuePopUPCloseFourW" classname="com.selenium.POSReports" time="5.218"/>
  <testcase name="fourWheelerPOSRevenue" classname="com.selenium.POSReports" time="2.028"/>
  <testcase name="posRevenueSelectThreeWheeler" classname="com.selenium.POSReports" time="2.016"/>
  <testcase name="posRevenueSubmitBtnThreeW" classname="com.selenium.POSReports" time="1.216"/>
  <testcase name="posRevenueFormThreeW" classname="com.selenium.POSReports" time="5.235"/>
  <testcase name="posRevenueShiftMorningThreeW" classname="com.selenium.POSReports" time="2.342"/>
  <testcase name="posRevenueShiftEveningThreeW" classname="com.selenium.POSReports" time="2.217"/>
  <testcase name="posRevenueShiftAllThreeW" classname="com.selenium.POSReports" time="2.024"/>
  <testcase name="posRevenueCSVThreeW" classname="com.selenium.POSReports" time="2.262"/>
  <testcase name="posRevenuePDFThreeW" classname="com.selenium.POSReports" time="16.562"/>
  <testcase name="posRevenuePopUPCloseThreeW" classname="com.selenium.POSReports" time="5.238"/>
  <testcase name="threeWheelerPOSRevenue" classname="com.selenium.POSReports" time="2.041"/>
  <testcase name="posRevenueSelectSixWheeler" classname="com.selenium.POSReports" time="2.035"/>
  <testcase name="posRevenueSubmitBtnSixW" classname="com.selenium.POSReports" time="1.229"/>
  <testcase name="posRevenueFormSixW" classname="com.selenium.POSReports" time="5.227"/>
  <testcase name="posRevenueShiftMorningSixW" classname="com.selenium.POSReports" time="2.455"/>
  <testcase name="posRevenueShiftEveningSixW" classname="com.selenium.POSReports" time="2.245"/>
  <testcase name="posRevenueShiftAllSixW" classname="com.selenium.POSReports" time="2.064"/>
  <testcase name="posRevenueCSVSixW" classname="com.selenium.POSReports" time="2.248"/>
  <testcase name="posRevenuePDFSixW" classname="com.selenium.POSReports" time="16.588"/>
  <testcase name="posRevenuePopUPCloseSixW" classname="com.selenium.POSReports" time="5.233"/>
  <testcase name="sixWheelerPOSRevenue" classname="com.selenium.POSReports" time="2.013"/>
  <testcase name="posRevenueSelectEightWheeler" classname="com.selenium.POSReports" time="2.025"/>
  <testcase name="posRevenueSubmitBtnEightW" classname="com.selenium.POSReports" time="1.242"/>
  <testcase name="posRevenueFormEightW" classname="com.selenium.POSReports" time="5.229"/>
  <testcase name="posRevenueShiftMorningEightW" classname="com.selenium.POSReports" time="2.657"/>
  <testcase name="posRevenueShiftEveningEightW" classname="com.selenium.POSReports" time="2.356"/>
  <testcase name="posRevenueShiftAllEightW" classname="com.selenium.POSReports" time="2.083"/>
  <testcase name="posRevenueCSVEightW" classname="com.selenium.POSReports" time="2.229"/>
  <testcase name="posRevenuePDFEightW" classname="com.selenium.POSReports" time="16.568"/>
  <testcase name="posRevenuePopUPCloseEightW" classname="com.selenium.POSReports" time="5.222"/>
  <testcase name="eightWheelerPOSRevenue" classname="com.selenium.POSReports" time="2.038"/>
  <testcase name="posRevenueSelectTenWheeler" classname="com.selenium.POSReports" time="2.033"/>
  <testcase name="posRevenueSubmitBtnTenW" classname="com.selenium.POSReports" time="1.218"/>
  <testcase name="posRevenueFormTenW" classname="com.selenium.POSReports" time="5.244"/>
  <testcase name="posRevenueShiftMorningTenW" classname="com.selenium.POSReports" time="2.633"/>
  <testcase name="posRevenueShiftEveningTenW" classname="com.selenium.POSReports" time="2.319"/>
  <testcase name="posRevenueShiftAllTenW" classname="com.selenium.POSReports" time="2.039"/>
  <testcase name="posRevenueCSVTenW" classname="com.selenium.POSReports" time="2.245"/>
  <testcase name="posRevenuePDFTenW" classname="com.selenium.POSReports" time="16.566"/>
  <testcase name="posRevenuePopUPCloseTenW" classname="com.selenium.POSReports" time="5.215"/>
  <testcase name="tenWheelerPOSRevenue" classname="com.selenium.POSReports" time="2.04"/>
  <testcase name="posRevenueSelectTwelveWheeler" classname="com.selenium.POSReports" time="2.017"/>
  <testcase name="posRevenueSubmitBtnTwelveW" classname="com.selenium.POSReports" time="1.214"/>
  <testcase name="posRevenueFormTwelveW" classname="com.selenium.POSReports" time="5.239"/>
  <testcase name="posRevenueShiftMorningTwelveW" classname="com.selenium.POSReports" time="2.755"/>
  <testcase name="posRevenueShiftEveningTwelveW" classname="com.selenium.POSReports" time="2.433"/>
  <testcase name="posRevenueShiftAllTwelveW" classname="com.selenium.POSReports" time="2.076"/>
  <testcase name="posRevenueCSVTwelveW" classname="com.selenium.POSReports" time="2.228"/>
  <testcase name="posRevenuePDFTwelveW" classname="com.selenium.POSReports" time="16.607"/>
  <testcase name="posRevenuePopUPCloseTwelveW" classname="com.selenium.POSReports" time="5.243"/>
  <testcase name="twelveWheelerPOSRevenue" classname="com.selenium.POSReports" time="2.044"/>
  <testcase name="selectRevenueIOS" classname="com.selenium.POSReports" time="2.244"/>
  <testcase name="posRevenueSubmitBtnIOS" classname="com.selenium.POSReports" time="0.02"/>
  <testcase name="posRevenueFormIOS" classname="com.selenium.POSReports" time="5.02"/>
  <testcase name="posRevenueShiftMorningIOS" classname="com.selenium.POSReports" time="0.015"/>
  <testcase name="posRevenueShiftEveningIOS" classname="com.selenium.POSReports" time="0.014"/>
  <testcase name="posRevenueShiftAllIOS" classname="com.selenium.POSReports" time="0.013"/>
  <testcase name="posRevenueCSVIOS" classname="com.selenium.POSReports" time="2.035"/>
  <testcase name="posRevenuePDFIOS" classname="com.selenium.POSReports" time="3.016"/>
  <testcase name="posRevenuePopUPCloseIOS" classname="com.selenium.POSReports" time="5.016"/>
  <testcase name="iOSPOSRevenue" classname="com.selenium.POSReports" time="2.02"/>
  <testcase name="selectRevenueAndroid" classname="com.selenium.POSReports" time="2.018"/>
  <testcase name="posRevenueSubmitBtnAndroid" classname="com.selenium.POSReports" time="0.018"/>
  <testcase name="posRevenueFormAndroid" classname="com.selenium.POSReports" time="5.019"/>
  <testcase name="posRevenueShiftMorningAndroid" classname="com.selenium.POSReports" time="0.014"/>
  <testcase name="posRevenueShiftEveningAndroid" classname="com.selenium.POSReports" time="0.013"/>
  <testcase name="posRevenueShiftAllAndroid" classname="com.selenium.POSReports" time="0.013"/>
  <testcase name="posRevenueCSVAndroid" classname="com.selenium.POSReports" time="2.03"/>
  <testcase name="posRevenuePDFAndroid" classname="com.selenium.POSReports" time="3.021"/>
  <testcase name="posRevenuePopUPCloseAndroid" classname="com.selenium.POSReports" time="5.018"/>
  <testcase name="androidPOSRevenue" classname="com.selenium.POSReports" time="2.039"/>
  <testcase name="selectRevenueFasTag" classname="com.selenium.POSReports" time="0.014"/>
  <testcase name="fasTagRevenueStatus" classname="com.selenium.POSReports" time="6.033"/>
  <testcase name="clickRevenueGotItBtn" classname="com.selenium.POSReports" time="0.213"/>
  <testcase name="posRevenueSubmitBtnFastag" classname="com.selenium.POSReports" time="1.251"/>
  <testcase name="posRevenueFormFastTag" classname="com.selenium.POSReports" time="5.235"/>
  <testcase name="posRevenueShiftMorningFasTag" classname="com.selenium.POSReports" time="2.809"/>
  <testcase name="posRevenueShiftEveningFasTag" classname="com.selenium.POSReports" time="2.44"/>
  <testcase name="posRevenueShiftAllFasTag" classname="com.selenium.POSReports" time="2.075"/>
  <testcase name="posRevenueCSVFasTag" classname="com.selenium.POSReports" time="2.25"/>
  <testcase name="posRevenuePDFFasTag" classname="com.selenium.POSReports" time="16.626"/>
  <testcase name="posRevenuePopUPCloseFasTag" classname="com.selenium.POSReports" time="5.24"/>
  <testcase name="fasTagPOSRevenue" classname="com.selenium.POSReports" time="2.013"/>
  <testcase name="posTransactions" classname="com.selenium.POSReports" time="2.217"/>
  <testcase name="posTransactionsDateRange" classname="com.selenium.POSReports" time="8.455"/>
  <testcase name="posTransaction_StartDate" classname="com.selenium.POSReports" time="3.249"/>
  <testcase name="posTransaction_EndDate" classname="com.selenium.POSReports" time="0.014"/>
  <testcase name="posTransaction_TwoWheeler" classname="com.selenium.POSReports" time="2.024"/>
  <testcase name="transaction_FourWheeler_Exit_PdfFile" classname="com.selenium.POSReports" time="3.008"/>
  <testcase name="transaction_TwoWheeler_EntryType" classname="com.selenium.POSReports" time="2.021"/>
  <testcase name="transaction_TwoWheeler_PosSerial" classname="com.selenium.POSReports" time="3.353"/>
  <testcase name="transaction_TwoWheeler_Entry_SubmitBtn" classname="com.selenium.POSReports" time="3.246"/>
  <testcase name="twoWheeler_Entry_Transaction" classname="com.selenium.POSReports" time="2.025"/>
  <testcase name="transaction_TwoWheeler_Entry_ViewDetails" classname="com.selenium.POSReports" time="2.25"/>
  <testcase name="transaction_TwoWheeler_Entry_length" classname="com.selenium.POSReports" time="2.292"/>
  <testcase name="transaction_TwoWheeler_Entry_CsvFile" classname="com.selenium.POSReports" time="2.257"/>
  <testcase name="transaction_TwoWheeler_Entry_PdfFile" classname="com.selenium.POSReports" time="16.557"/>
  <testcase name="transaction_TwoWheeler_Entry_PopUpClose" classname="com.selenium.POSReports" time="5.246"/>
  <testcase name="transaction_TwoWheeler_ExitType" classname="com.selenium.POSReports" time="2.03"/>
  <testcase name="transaction_TwoWheeler_Exit_SubmitBtn" classname="com.selenium.POSReports" time="3.246"/>
  <testcase name="twoWheeler_Exit_Transactions" classname="com.selenium.POSReports" time="2.022"/>
  <testcase name="transaction_TwoWheeler_Exit_ViewDetails" classname="com.selenium.POSReports" time="2.239"/>
  <testcase name="transaction_TwoWheeler_Exit_Length" classname="com.selenium.POSReports" time="2.054"/>
  <testcase name="transaction_TwoWheeler_Exit_CsvFile" classname="com.selenium.POSReports" time="2.258"/>
  <testcase name="transaction_TwoWheeler_Exit_PdfFile" classname="com.selenium.POSReports" time="16.514"/>
  <testcase name="transaction_TwoWheeler_Exit_PopUpClose" classname="com.selenium.POSReports" time="5.247"/>
  <testcase name="posTransaction_FourWheeler" classname="com.selenium.POSReports" time="2.037"/>
  <testcase name="transaction_FourWheeler_EntryType" classname="com.selenium.POSReports" time="2.043"/>
  <testcase name="transaction_FourWheeler_PosSerial" classname="com.selenium.POSReports" time="3.335"/>
  <testcase name="transaction_FourWheeler_Entry_SubmitBtn" classname="com.selenium.POSReports" time="3.218"/>
  <testcase name="fourWheeler_Entry_Transaction" classname="com.selenium.POSReports" time="2.035"/>
  <testcase name="transaction_FourWheeler_Entry_ViewDetails" classname="com.selenium.POSReports" time="2.24"/>
  <testcase name="transaction_FourWheeler_Entry_Length" classname="com.selenium.POSReports" time="2.053"/>
  <testcase name="transaction_FourWheeler_Entry_CsvFile" classname="com.selenium.POSReports" time="2.26"/>
  <testcase name="transaction_FourWheeler_Entry_PdfFile" classname="com.selenium.POSReports" time="16.495"/>
  <testcase name="transaction_FourWheeler_Entry_PopUpClose" classname="com.selenium.POSReports" time="5.237"/>
  <testcase name="transaction_FourWheeler_ExitType" classname="com.selenium.POSReports" time="2.015"/>
  <testcase name="transaction_FourWheeler_Exit_SubmitBtn" classname="com.selenium.POSReports" time="3.24"/>
  <testcase name="fourWheeler_Exit_Transaction" classname="com.selenium.POSReports" time="2.022"/>
  <testcase name="transaction_FourWheeler_Exit_ViewDetails" classname="com.selenium.POSReports" time="2.239"/>
  <testcase name="transaction_FourWheeler_Exit_Length" classname="com.selenium.POSReports" time="2.056"/>
  <testcase name="transaction_FourWheeler_Exit_CsvFile" classname="com.selenium.POSReports" time="2.262"/>
  <testcase name="transaction_FourWheeler_Exit_PopUpClose" classname="com.selenium.POSReports" time="5.223"/>
  <testcase name="posTransaction_AllWheeler" classname="com.selenium.POSReports" time="2.024"/>
  <testcase name="transaction_allWheeler_EntryType" classname="com.selenium.POSReports" time="2.04"/>
  <testcase name="transaction_allWheeler_PosSerial" classname="com.selenium.POSReports" time="3.363"/>
  <testcase name="transaction_allWheeler_Entry_SubmitBtn" classname="com.selenium.POSReports" time="3.225"/>
  <testcase name="all_Entry_Transaction" classname="com.selenium.POSReports" time="2.036"/>
  <testcase name="transaction_allWheeler_Entry_ViewDetails" classname="com.selenium.POSReports" time="2.239"/>
  <testcase name="transaction_allWheeler_Entry_Length" classname="com.selenium.POSReports" time="2.023"/>
  <testcase name="transaction_allWheeler_Entry_CsvFile" classname="com.selenium.POSReports" time="2.225"/>
  <testcase name="transaction_allWheeler_Entry_PdfFile" classname="com.selenium.POSReports" time="16.52"/>
  <testcase name="transaction_allWheeler_Entry_PopUpClose" classname="com.selenium.POSReports" time="5.23"/>
  <testcase name="transaction_allWheeler_ExitType" classname="com.selenium.POSReports" time="2.028"/>
  <testcase name="transaction_allWheeler_Exit_SubmitBtn" classname="com.selenium.POSReports" time="3.228"/>
  <testcase name="all_Exit_Transaction" classname="com.selenium.POSReports" time="2.012"/>
  <testcase name="transaction_allWheeler_Exit_ViewDetails" classname="com.selenium.POSReports" time="2.237"/>
  <testcase name="transaction_allWheeler_Exit_Length" classname="com.selenium.POSReports" time="2.056"/>
  <testcase name="transaction_allWheeler_Exit_CsvFile" classname="com.selenium.POSReports" time="2.256"/>
  <testcase name="transaction_allWheeler_Exit_PdfFile" classname="com.selenium.POSReports" time="16.513"/>
  <testcase name="transaction_allWheeler_Exit_PopUpClose" classname="com.selenium.POSReports" time="5.252"/>
  <testcase name="selectTrans_IOS" classname="com.selenium.POSReports" time="2.229"/>
  <testcase name="trans_IOS_SubmitBtn" classname="com.selenium.POSReports" time="3.019"/>
  <testcase name="trans_IOS_ViewDetails" classname="com.selenium.POSReports" time="2.019"/>
  <testcase name="trans_IOS_CsvFile" classname="com.selenium.POSReports" time="4.071"/>
  <testcase name="trans_IOS_PdfFile" classname="com.selenium.POSReports" time="3.007"/>
  <testcase name="trans_IOS_PopUpClose" classname="com.selenium.POSReports" time="5.013"/>
  <testcase name="iOSPosTransaction" classname="com.selenium.POSReports" time="2.037"/>
  <testcase name="selectTrans_Android" classname="com.selenium.POSReports" time="2.017"/>
  <testcase name="trans_Android_SubmitBtn" classname="com.selenium.POSReports" time="3.02"/>
  <testcase name="trans_Android_ViewDetails" classname="com.selenium.POSReports" time="2.007"/>
  <testcase name="trans_Android_CsvFile" classname="com.selenium.POSReports" time="4.041"/>
  <testcase name="trans_Android_PdfFile" classname="com.selenium.POSReports" time="3.005"/>
  <testcase name="trans_Android_PopUpClose" classname="com.selenium.POSReports" time="5.015"/>
  <testcase name="androidPosTransaction" classname="com.selenium.POSReports" time="2.012"/>
  <testcase name="selectTransFastag" classname="com.selenium.POSReports" time="0.007"/>
  <testcase name="fasTagTransStatus" classname="com.selenium.POSReports" time="6.021"/>
  <testcase name="clickTransGotItBtn" classname="com.selenium.POSReports" time="0.216"/>
  <testcase name="trans_FasTag_SubmitBtn" classname="com.selenium.POSReports" time="3.219"/>
  <testcase name="trans_FasTag_ViewDetails" classname="com.selenium.POSReports" time="2.213"/>
  <testcase name="trans_FasTag_CsvFile" classname="com.selenium.POSReports" time="4.304"/>
  <testcase name="trans_FasTag_PdfFile" classname="com.selenium.POSReports" time="16.546"/>
  <testcase name="trans_FasTag_PopUpClose" classname="com.selenium.POSReports" time="5.216"/>
  <testcase name="fasTagPosTransaction" classname="com.selenium.POSReports" time="2.038"/>
  <testcase name="posAttender" classname="com.selenium.POSReports" time="2.24"/>
  <testcase name="posAttenderDay" classname="com.selenium.POSReports" time="3.245"/>
  <testcase name="attenderUsageDay" classname="com.selenium.POSReports" time="2.02"/>
  <testcase name="posAttenderWeek" classname="com.selenium.POSReports" time="3.219"/>
  <testcase name="attenderUsageWeek" classname="com.selenium.POSReports" time="2.038"/>
  <testcase name="posAttenderMonth" classname="com.selenium.POSReports" time="3.227"/>
  <testcase name="attenderUsageMonth" classname="com.selenium.POSReports" time="2.035"/>
  <testcase name="attender_ViewDetails" classname="com.selenium.POSReports" time="2.243"/>
  <testcase name="attender_CsvFile" classname="com.selenium.POSReports" time="2.258"/>
  <testcase name="attender_PdfFile" classname="com.selenium.POSReports" time="2.875"/>
  <testcase name="attender_PopUPClose" classname="com.selenium.POSReports" time="2.243"/>
  <testcase name="select_AttenderIOS" classname="com.selenium.POSReports" time="2.257"/>
  <testcase name="attender_iOS_ViewDetails" classname="com.selenium.POSReports" time="2.029"/>
  <testcase name="attender_iOS_CsvFile" classname="com.selenium.POSReports" time="2.034"/>
  <testcase name="attender_iOS_PdfFile" classname="com.selenium.POSReports" time="2.033"/>
  <testcase name="posAttenderPopUPCloseSecond" classname="com.selenium.POSReports" time="2.021"/>
  <testcase name="iOSPosAttender" classname="com.selenium.POSReports" time="2.039"/>
  <testcase name="select_AttenderAndroid" classname="com.selenium.POSReports" time="2.023"/>
  <testcase name="attender_Android_ViewDetails" classname="com.selenium.POSReports" time="2.018"/>
  <testcase name="attender_Android_CsvFile" classname="com.selenium.POSReports" time="2.027"/>
  <testcase name="attender_Android_PdfFile" classname="com.selenium.POSReports" time="2.036"/>
  <testcase name="attender_CsvFile_PopUPClose" classname="com.selenium.POSReports" time="2.016"/>
  <testcase name="androidPosAttender" classname="com.selenium.POSReports" time="2.025"/>
  <testcase name="select_AttenderFasTag" classname="com.selenium.POSReports" time="0.008"/>
  <testcase name="selectAttenderFasTagPopUp" classname="com.selenium.POSReports" time="6.058"/>
  <testcase name="fasTagFasTagStatus" classname="com.selenium.POSReports" time="0.215"/>
  <testcase name="attender_FasTag_ViewDetails" classname="com.selenium.POSReports" time="2.22"/>
  <testcase name="attender_FasTag_CsvFile" classname="com.selenium.POSReports" time="2.236"/>
  <testcase name="attender_FasTag_PdfFile" classname="com.selenium.POSReports" time="2.791"/>
  <testcase name="attender_FasTag_PopUPClose" classname="com.selenium.POSReports" time="2.236"/>
  <testcase name="fasTagPosAttender" classname="com.selenium.POSReports" time="2.036"/>
  <testcase name="logout" classname="com.selenium.POSReports" time="2.277"/>
  <testcase name="login" classname="com.selenium.PosHourlyReport" time="4.808"/>
  <testcase name="revenueDashboardOpen" classname="com.selenium.PosHourlyReport" time="5.126"/>
  <testcase name="redirectPosHourlyReportPage" classname="com.selenium.PosHourlyReport" time="7.35"/>
  <testcase name="selectSite" classname="com.selenium.PosHourlyReport" time="6.618"/>
  <testcase name="selectPOSNumber" classname="com.selenium.PosHourlyReport" time="6.615"/>
  <testcase name="hourlyReportVehicleType" classname="com.selenium.PosHourlyReport" time="2.034"/>
  <testcase name="selectDateRange" classname="com.selenium.PosHourlyReport" time="5.242"/>
  <testcase name="selectStartDate" classname="com.selenium.PosHourlyReport" time="7.723"/>
  <testcase name="selectEndDate" classname="com.selenium.PosHourlyReport" time="5.708"/>
  <testcase name="selectStartHour" classname="com.selenium.PosHourlyReport" time="5.016"/>
  <testcase name="selectStartMinutes" classname="com.selenium.PosHourlyReport" time="5.302"/>
  <testcase name="selectStartHourAM" classname="com.selenium.PosHourlyReport" time="2.285"/>
  <testcase name="selectEndHour" classname="com.selenium.PosHourlyReport" time="2.058"/>
  <testcase name="selectEndMinutes" classname="com.selenium.PosHourlyReport" time="2.254"/>
  <testcase name="selectEndHourPM" classname="com.selenium.PosHourlyReport" time="2.032"/>
  <testcase name="clickApplyDatesButton" classname="com.selenium.PosHourlyReport" time="3.01"/>
  <testcase name="submitHourlyReportTwoW" classname="com.selenium.PosHourlyReport" time="3.227"/>
  <testcase name="downloadPosHourlyTwoWCSV" classname="com.selenium.PosHourlyReport" time="4.052"/>
  <testcase name="downloadPosHourlyTwoWPDF" classname="com.selenium.PosHourlyReport" time="3.448"/>
  <testcase name="searchTwoWTimeRange" classname="com.selenium.PosHourlyReport" time="11.284"/>
  <testcase name="hourlyReportCount" classname="com.selenium.PosHourlyReport" time="4.241"/>
  <testcase name="posHourlyReportTwoWTable" classname="com.selenium.PosHourlyReport" time="0.137"/>
  <testcase name="validateTwoWDateFormat" classname="com.selenium.PosHourlyReport" time="0.021">
    <failure message="Unparseable date: &quot;2024-03-13&quot;" type="java.text.ParseException">java.text.ParseException: Unparseable date: "2024-03-13"
	at com.selenium.PosHourlyReport.validateTwoWDateFormat(PosHourlyReport.java:521)
</failure>
  </testcase>
  <testcase name="validateAmountsTwoW" classname="com.selenium.PosHourlyReport" time="0.043"/>
  <testcase name="hourlyReportVehicleTypeFourW" classname="com.selenium.PosHourlyReport" time="2.028"/>
  <testcase name="submitHourlyReportFourW" classname="com.selenium.PosHourlyReport" time="3.224"/>
  <testcase name="downloadPosHourlyFourWCSV" classname="com.selenium.PosHourlyReport" time="4.029"/>
  <testcase name="downloadPosHourlyFourWPDF" classname="com.selenium.PosHourlyReport" time="3.449"/>
  <testcase name="searchFourWTimeRange" classname="com.selenium.PosHourlyReport" time="11.238"/>
  <testcase name="posHourlyReportFourWTable" classname="com.selenium.PosHourlyReport" time="0.021"/>
  <testcase name="validateFourWDateFormat" classname="com.selenium.PosHourlyReport" time="0.045">
    <failure message="Unparseable date: &quot;No matching records found&quot;" type="java.text.ParseException">java.text.ParseException: Unparseable date: "No matching records found"
	at com.selenium.PosHourlyReport.validateTwoWDateFormat(PosHourlyReport.java:521)
	at com.selenium.PosHourlyReport.validateFourWDateFormat(PosHourlyReport.java:640)
</failure>
  </testcase>
  <testcase name="validateAmountsFourW" classname="com.selenium.PosHourlyReport" time="0.03"/>
  <testcase name="logout" classname="com.selenium.PosHourlyReport" time="5.269"/>
  <testcase name="login" classname="com.selenium.MobileReports" time="3.78"/>
  <testcase name="revenueDashboardOpen" classname="com.selenium.MobileReports" time="5.125"/>
  <testcase name="reportsAnalyticsPage" classname="com.selenium.MobileReports" time="2.247"/>
  <testcase name="mobileReportsPage" classname="com.selenium.MobileReports" time="4.132"/>
  <testcase name="mobileReportsOneDay" classname="com.selenium.MobileReports" time="1.232"/>
  <testcase name="selectAndroid" classname="com.selenium.MobileReports" time="2.052"/>
  <testcase name="selectOneDayVehicleTypeAll" classname="com.selenium.MobileReports" time="0.023"/>
  <testcase name="dayRSubmitButton" classname="com.selenium.MobileReports" time="1.216"/>
  <testcase name="mobileDayRViewDetails" classname="com.selenium.MobileReports" time="2.244"/>
  <testcase name="dayRPopUPClose" classname="com.selenium.MobileReports" time="4.249"/>
  <testcase name="getDayMobileRevenue" classname="com.selenium.MobileReports" time="4.047"/>
  <testcase name="selectVehicleTypeTwo" classname="com.selenium.MobileReports" time="0.272"/>
  <testcase name="dayRSubmitButtonTwo" classname="com.selenium.MobileReports" time="1.237"/>
  <testcase name="dayRevenueViewDetailsTWO" classname="com.selenium.MobileReports" time="2.213"/>
  <testcase name="dayRPopUPCloseTWO" classname="com.selenium.MobileReports" time="4.224"/>
  <testcase name="getDayRevenueTWO" classname="com.selenium.MobileReports" time="4.024"/>
  <testcase name="selectVehicleTypeFOUR" classname="com.selenium.MobileReports" time="0.243"/>
  <testcase name="dayRSubmitButtonFOUR" classname="com.selenium.MobileReports" time="1.235"/>
  <testcase name="dayRViewDetailsFOUR" classname="com.selenium.MobileReports" time="2.235"/>
  <testcase name="dayRevenuePopUPCloseFOUR" classname="com.selenium.MobileReports" time="4.223"/>
  <testcase name="getDayRevenueFOUR" classname="com.selenium.MobileReports" time="4.017"/>
  <testcase name="selectIOS" classname="com.selenium.MobileReports" time="2.011"/>
  <testcase name="selectIOSAll" classname="com.selenium.MobileReports" time="0.225"/>
  <testcase name="dayRSubmitButtonIOS" classname="com.selenium.MobileReports" time="1.233"/>
  <testcase name="dayRViewDetailsIOS" classname="com.selenium.MobileReports" time="2.233"/>
  <testcase name="dayRevenuePopUPCloseIOS" classname="com.selenium.MobileReports" time="4.23"/>
  <testcase name="getDayMobileRevenueIOS" classname="com.selenium.MobileReports" time="4.046"/>
  <testcase name="selectOneDayTypeTwoIOS" classname="com.selenium.MobileReports" time="0.243"/>
  <testcase name="dayRSubmitButtonTwoIOS" classname="com.selenium.MobileReports" time="1.233"/>
  <testcase name="dayRViewDetailsTWOIOS" classname="com.selenium.MobileReports" time="2.234"/>
  <testcase name="dayRPopUPCloseTWOIOS" classname="com.selenium.MobileReports" time="4.258"/>
  <testcase name="getDayRevenueTWOIOS" classname="com.selenium.MobileReports" time="4.046"/>
  <testcase name="selectOneDayTypeFOURIOS" classname="com.selenium.MobileReports" time="0.247"/>
  <testcase name="dayRSubmitButtonFOURIOS" classname="com.selenium.MobileReports" time="1.244"/>
  <testcase name="dayViewDetailsFOURIOS" classname="com.selenium.MobileReports" time="2.241"/>
  <testcase name="dayRPopUPCloseFOURIOS" classname="com.selenium.MobileReports" time="4.255"/>
  <testcase name="getDayRevenueFOURIOS" classname="com.selenium.MobileReports" time="4.018"/>
  <testcase name="mobileReportsWEEK" classname="com.selenium.MobileReports" time="1.231"/>
  <testcase name="selectAndroidWEEK" classname="com.selenium.MobileReports" time="2.03"/>
  <testcase name="selectAllWEEK" classname="com.selenium.MobileReports" time="0.268"/>
  <testcase name="weekRSubmitButton" classname="com.selenium.MobileReports" time="1.213"/>
  <testcase name="weekRViewDetails" classname="com.selenium.MobileReports" time="2.237"/>
  <testcase name="weekRPopUPClose" classname="com.selenium.MobileReports" time="4.222"/>
  <testcase name="getWEEKMobileRevenueALL" classname="com.selenium.MobileReports" time="4.039"/>
  <testcase name="weeklyAndroidTypeTwo" classname="com.selenium.MobileReports" time="0.289"/>
  <testcase name="weekAndroidSubmitButtonTwo" classname="com.selenium.MobileReports" time="1.234"/>
  <testcase name="weeklyAndroidViewDetailsTWO" classname="com.selenium.MobileReports" time="2.233"/>
  <testcase name="weekRPopUPCloseTWO" classname="com.selenium.MobileReports" time="4.221"/>
  <testcase name="getWeekRevenueTWO" classname="com.selenium.MobileReports" time="4.046"/>
  <testcase name="weeklyAndroidTypeFour" classname="com.selenium.MobileReports" time="0.287"/>
  <testcase name="weeklyAndroidSubmitButtonFOUR" classname="com.selenium.MobileReports" time="1.211"/>
  <testcase name="weeklyAndroidViewDetailsFOUR" classname="com.selenium.MobileReports" time="2.235"/>
  <testcase name="weeklyAndroidPopUPCloseFOUR" classname="com.selenium.MobileReports" time="4.232"/>
  <testcase name="getWeekRevenueFOUR" classname="com.selenium.MobileReports" time="4.016"/>
  <testcase name="selectIOSWEEK" classname="com.selenium.MobileReports" time="2.027"/>
  <testcase name="weekyIOSTypeAll" classname="com.selenium.MobileReports" time="0.239"/>
  <testcase name="weeklyIOSSubmitButtonAll" classname="com.selenium.MobileReports" time="1.229"/>
  <testcase name="weeklyIOSViewDetailsAll" classname="com.selenium.MobileReports" time="2.212"/>
  <testcase name="weeklyIOSPopUPCloseAll" classname="com.selenium.MobileReports" time="4.221"/>
  <testcase name="getWeekMobileRevenueIOS" classname="com.selenium.MobileReports" time="4.015"/>
  <testcase name="selectWEEKTypeTwoIOS" classname="com.selenium.MobileReports" time="0.237"/>
  <testcase name="weeklyIOSSubmitButtonTwo" classname="com.selenium.MobileReports" time="1.218"/>
  <testcase name="weeklyIOSViewDetailsTwo" classname="com.selenium.MobileReports" time="2.246"/>
  <testcase name="weeklyIOSPopUPCloseTwo" classname="com.selenium.MobileReports" time="4.223"/>
  <testcase name="getWeekRevenueTwoIOS" classname="com.selenium.MobileReports" time="4.032"/>
  <testcase name="selectWEEKTypeFOURIOS" classname="com.selenium.MobileReports" time="0.263"/>
  <testcase name="weeklyIOSSubmitButtonFOUR" classname="com.selenium.MobileReports" time="1.242"/>
  <testcase name="weeklyIOSViewDetailsFOUR" classname="com.selenium.MobileReports" time="2.243"/>
  <testcase name="weeklyIOSPopUPCloseFOUR" classname="com.selenium.MobileReports" time="4.233"/>
  <testcase name="getWeekRevenueFOURIOS" classname="com.selenium.MobileReports" time="4.043"/>
  <testcase name="mobileReportsMonth" classname="com.selenium.MobileReports" time="1.239"/>
  <testcase name="selectMonthAndroid" classname="com.selenium.MobileReports" time="2.013"/>
  <testcase name="monthlyAndroidTypeAll" classname="com.selenium.MobileReports" time="0.231"/>
  <testcase name="monthlyAndroidSubmitButtonAll" classname="com.selenium.MobileReports" time="1.24"/>
  <testcase name="monthlyAndroidViewDetailsAll" classname="com.selenium.MobileReports" time="2.241"/>
  <testcase name="monthlyAndroidPopUPCloseAll" classname="com.selenium.MobileReports" time="4.23"/>
  <testcase name="getMonthMobileRevenue" classname="com.selenium.MobileReports" time="4.016"/>
  <testcase name="monthlyAndroidTypeTwo" classname="com.selenium.MobileReports" time="0.266"/>
  <testcase name="monthlyAndroidSubmitButtonTwo" classname="com.selenium.MobileReports" time="1.239"/>
  <testcase name="monthlyAndroidViewDetailsTwo" classname="com.selenium.MobileReports" time="2.237"/>
  <testcase name="monthlyAndroidPopUPCloseTwo" classname="com.selenium.MobileReports" time="4.232"/>
  <testcase name="getMonthRevenueTWO" classname="com.selenium.MobileReports" time="4.041"/>
  <testcase name="selectMonthTypeFOUR" classname="com.selenium.MobileReports" time="0.247"/>
  <testcase name="monthlyAndroidSubmitButtonFOUR" classname="com.selenium.MobileReports" time="1.235"/>
  <testcase name="monthlyAndroidViewDetailsFOUR" classname="com.selenium.MobileReports" time="2.24"/>
  <testcase name="monthlyAndroidPopUPCloseFOUR" classname="com.selenium.MobileReports" time="4.224"/>
  <testcase name="getMonthRevenueFOUR" classname="com.selenium.MobileReports" time="4.051"/>
  <testcase name="selectMonthIOS" classname="com.selenium.MobileReports" time="2.015"/>
  <testcase name="monthlyIOSTypeAll" classname="com.selenium.MobileReports" time="0.25"/>
  <testcase name="monthlyIOSSubmitButtonAll" classname="com.selenium.MobileReports" time="1.245"/>
  <testcase name="monthlyIOSViewDetailsAll" classname="com.selenium.MobileReports" time="2.243"/>
  <testcase name="monthlyIOSPopUPCloseAll" classname="com.selenium.MobileReports" time="4.218"/>
  <testcase name="getMonthMobileRevenueIOS" classname="com.selenium.MobileReports" time="4.017"/>
  <testcase name="selectMonthTypeTwoIOS" classname="com.selenium.MobileReports" time="0.278"/>
  <testcase name="monthlyIOSSubmitButtonTwo" classname="com.selenium.MobileReports" time="1.222"/>
  <testcase name="monthlyIOSViewDetailsTwo" classname="com.selenium.MobileReports" time="2.234"/>
  <testcase name="monthlyIOSPopUPCloseTwo" classname="com.selenium.MobileReports" time="4.211"/>
  <testcase name="getMonthRevenueTWOIOS" classname="com.selenium.MobileReports" time="4.028"/>
  <testcase name="selectMonthTypeFOURIOS" classname="com.selenium.MobileReports" time="0.267"/>
  <testcase name="monthlyIOSSubmitButtonFOUR" classname="com.selenium.MobileReports" time="1.217"/>
  <testcase name="monthlyIOSViewDetailsFOUR" classname="com.selenium.MobileReports" time="2.231"/>
  <testcase name="monthlyIOSPopUPCloseFOUR" classname="com.selenium.MobileReports" time="4.233"/>
  <testcase name="getMonthRevenueFOURIOS" classname="com.selenium.MobileReports" time="4.044"/>
  <testcase name="selectMobileRevenueStartDate" classname="com.selenium.MobileReports" time="8.723"/>
  <testcase name="selectMobileRevenueEndDate" classname="com.selenium.MobileReports" time="6.73"/>
  <testcase name="mobileTransactions" classname="com.selenium.MobileReports" time="2.24"/>
  <testcase name="mobileTransactionDates" classname="com.selenium.MobileReports" time="6.664"/>
  <testcase name="selectTransactionsAndroid" classname="com.selenium.MobileReports" time="2.026"/>
  <testcase name="selectTransactionsVehicleTypeTwo" classname="com.selenium.MobileReports" time="0.018"/>
  <testcase name="transSubmitBtnTwo" classname="com.selenium.MobileReports" time="3.212"/>
  <testcase name="transViewDetailsTWO" classname="com.selenium.MobileReports" time="2.255"/>
  <testcase name="dayTransPopUPCloseTWO" classname="com.selenium.MobileReports" time="4.223"/>
  <testcase name="selectTransactionsTypeFOUR" classname="com.selenium.MobileReports" time="0.286"/>
  <testcase name="dayTransSubmitBtnFOUR" classname="com.selenium.MobileReports" time="3.238"/>
  <testcase name="dayTransViewDetailsFOUR" classname="com.selenium.MobileReports" time="2.231"/>
  <testcase name="dayTransPopUPCloseFOUR" classname="com.selenium.MobileReports" time="4.233"/>
  <testcase name="selectTransIOS" classname="com.selenium.MobileReports" time="2.019"/>
  <testcase name="selectTransactionsTypeTwoIOS" classname="com.selenium.MobileReports" time="0.241"/>
  <testcase name="transSubmitBtnTwoIOS" classname="com.selenium.MobileReports" time="3.233"/>
  <testcase name="transViewDetailsTWOIOS" classname="com.selenium.MobileReports" time="2.237"/>
  <testcase name="transPopUPCloseTWOIOS" classname="com.selenium.MobileReports" time="4.232"/>
  <testcase name="selectTransactionsTypeFourIOS" classname="com.selenium.MobileReports" time="0.231"/>
  <testcase name="transSubmitBtnFourIOS" classname="com.selenium.MobileReports" time="3.221"/>
  <testcase name="transViewDetailsFourIOS" classname="com.selenium.MobileReports" time="2.24"/>
  <testcase name="transPopUPCloseFourIOS" classname="com.selenium.MobileReports" time="4.238"/>
  <testcase name="logout" classname="com.selenium.MobileReports" time="2.283"/>
  <testcase name="login" classname="com.selenium.MobileNumberSearch" time="4.032"/>
  <testcase name="revenueDashboardOpen" classname="com.selenium.MobileNumberSearch" time="5.124"/>
  <testcase name="redirectMobileNumberSearchPage" classname="com.selenium.MobileNumberSearch" time="5.357"/>
  <testcase name="mobileNumberEnter" classname="com.selenium.MobileNumberSearch" time="2.04"/>
  <testcase name="mobileNumberSubmit" classname="com.selenium.MobileNumberSearch" time="2.264"/>
  <testcase name="mobileNumberTransactions" classname="com.selenium.MobileNumberSearch" time="0.492"/>
  <testcase name="mobileNumberTransactionsDates" classname="com.selenium.MobileNumberSearch" time="4.671"/>
  <testcase name="selectStartDateTransactions" classname="com.selenium.MobileNumberSearch" time="6.495"/>
  <testcase name="selectEndDateTransactions" classname="com.selenium.MobileNumberSearch" time="7.234"/>
  <testcase name="selectTransactionCount" classname="com.selenium.MobileNumberSearch" time="4.231"/>
  <testcase name="mobileNumberTransactionsTable" classname="com.selenium.MobileNumberSearch" time="6.147"/>
  <testcase name="validateTransactionSiteName" classname="com.selenium.MobileNumberSearch" time="0.05"/>
  <testcase name="validateTransactionVehicleNumber" classname="com.selenium.MobileNumberSearch" time="0.024"/>
  <testcase name="validateTransactionVehicleType" classname="com.selenium.MobileNumberSearch" time="0.016"/>
  <testcase name="validateTransactionType" classname="com.selenium.MobileNumberSearch" time="0.015"/>
  <testcase name="validateCreatedDateTimeHeader" classname="com.selenium.MobileNumberSearch" time="0.012"/>
  <testcase name="validateTransactionCreatedDate" classname="com.selenium.MobileNumberSearch" time="0.015"/>
  <testcase name="validateStartDateTimeHeader" classname="com.selenium.MobileNumberSearch" time="0.013"/>
  <testcase name="validateTransactionStartDate" classname="com.selenium.MobileNumberSearch" time="0.016"/>
  <testcase name="validateEndDateTimeHeader" classname="com.selenium.MobileNumberSearch" time="0.013"/>
  <testcase name="validateTransactionEndDate" classname="com.selenium.MobileNumberSearch" time="0.015"/>
  <testcase name="validateTransactionPayU_reference" classname="com.selenium.MobileNumberSearch" time="0.015"/>
  <testcase name="validateTransactionId" classname="com.selenium.MobileNumberSearch" time="0.014"/>
  <testcase name="validateTransactionAmount" classname="com.selenium.MobileNumberSearch" time="0.014"/>
  <testcase name="validateTransactionStatus" classname="com.selenium.MobileNumberSearch" time="0.015"/>
  <testcase name="mobileNumberPass" classname="com.selenium.MobileNumberSearch" time="2.23"/>
  <testcase name="mobileNumberPassDates" classname="com.selenium.MobileNumberSearch" time="6.713"/>
  <testcase name="selectPassCount" classname="com.selenium.MobileNumberSearch" time="4.238"/>
  <testcase name="passTable" classname="com.selenium.MobileNumberSearch" time="6.009"/>
  <testcase name="validatePassesSiteName" classname="com.selenium.MobileNumberSearch" time="0.044"/>
  <testcase name="validatePassesVehicleNumber" classname="com.selenium.MobileNumberSearch" time="0.01"/>
  <testcase name="validatePassesVehicleType" classname="com.selenium.MobileNumberSearch" time="0.009"/>
  <testcase name="validatePassesType" classname="com.selenium.MobileNumberSearch" time="0.008"/>
  <testcase name="validatePassCreatedDateTimeHeader" classname="com.selenium.MobileNumberSearch" time="0.013"/>
  <testcase name="validatePassesCreatedDate" classname="com.selenium.MobileNumberSearch" time="0.007"/>
  <testcase name="validatePassStartDateTimeHeader" classname="com.selenium.MobileNumberSearch" time="0.013"/>
  <testcase name="validatePassesStartDate" classname="com.selenium.MobileNumberSearch" time="0.007"/>
  <testcase name="validatePassEndDateTimeHeader" classname="com.selenium.MobileNumberSearch" time="0.013"/>
  <testcase name="validatePassesEndDate" classname="com.selenium.MobileNumberSearch" time="0.008"/>
  <testcase name="validatePassesPayU_reference" classname="com.selenium.MobileNumberSearch" time="0.007"/>
  <testcase name="validatePassesTransactionId" classname="com.selenium.MobileNumberSearch" time="0.007"/>
  <testcase name="validatePassesAmount" classname="com.selenium.MobileNumberSearch" time="0.007"/>
  <testcase name="validatePassesStatus" classname="com.selenium.MobileNumberSearch" time="0.007"/>
  <testcase name="mobileNumberReservation" classname="com.selenium.MobileNumberSearch" time="2.21"/>
  <testcase name="mobileReservationDates" classname="com.selenium.MobileNumberSearch" time="4.715"/>
  <testcase name="selectReservationsCount" classname="com.selenium.MobileNumberSearch" time="4.243"/>
  <testcase name="reservationsTable" classname="com.selenium.MobileNumberSearch" time="9.377"/>
  <testcase name="validateReservationsSiteName" classname="com.selenium.MobileNumberSearch" time="0.066"/>
  <testcase name="validateReservationsVehicleNumber" classname="com.selenium.MobileNumberSearch" time="0.026"/>
  <testcase name="validateReservationsVehicleType" classname="com.selenium.MobileNumberSearch" time="0.024"/>
  <testcase name="validateReservationsType" classname="com.selenium.MobileNumberSearch" time="0.025"/>
  <testcase name="validateReserveCreatedDateTimeHeader" classname="com.selenium.MobileNumberSearch" time="0.013"/>
  <testcase name="validateReservationsCreatedDate" classname="com.selenium.MobileNumberSearch" time="0.025"/>
  <testcase name="validateReserveStartDateTimeHeader" classname="com.selenium.MobileNumberSearch" time="0.013"/>
  <testcase name="validateReservationsStartDate" classname="com.selenium.MobileNumberSearch" time="0.023"/>
  <testcase name="validateReserveEndDateTimeHeader" classname="com.selenium.MobileNumberSearch" time="0.012"/>
  <testcase name="validateReservationsEndDate" classname="com.selenium.MobileNumberSearch" time="0.023"/>
  <testcase name="validateReservationsPayU_reference" classname="com.selenium.MobileNumberSearch" time="0.024"/>
  <testcase name="validateReservationsTransactionId" classname="com.selenium.MobileNumberSearch" time="0.025"/>
  <testcase name="validateReservationsAmount" classname="com.selenium.MobileNumberSearch" time="0.026"/>
  <testcase name="validateReservationsStatus" classname="com.selenium.MobileNumberSearch" time="0.025"/>
  <testcase name="mobileNumberCheckInOut" classname="com.selenium.MobileNumberSearch" time="3.223"/>
  <testcase name="mobileNumberCheckInOutDates" classname="com.selenium.MobileNumberSearch" time="4.658"/>
  <testcase name="selectCountCheckInOut" classname="com.selenium.MobileNumberSearch" time="2.244"/>
  <testcase name="checkInOutTable" classname="com.selenium.MobileNumberSearch" time="6.009"/>
  <testcase name="validateCheckInOutSiteName" classname="com.selenium.MobileNumberSearch" time="0.018"/>
  <testcase name="validateCheckInOutVehicleType" classname="com.selenium.MobileNumberSearch" time="0.008"/>
  <testcase name="validateCheckInOutVehicleNumber" classname="com.selenium.MobileNumberSearch" time="0.011"/>
  <testcase name="validateCheckInDateTimeHeader" classname="com.selenium.MobileNumberSearch" time="0.03"/>
  <testcase name="validateCheckInRow" classname="com.selenium.MobileNumberSearch" time="0.018"/>
  <testcase name="validateCheckOutDateTimeHeader" classname="com.selenium.MobileNumberSearch" time="0.018"/>
  <testcase name="validateCheckOutRow" classname="com.selenium.MobileNumberSearch" time="0.012"/>
  <testcase name="validateCheckInOutType" classname="com.selenium.MobileNumberSearch" time="0.011"/>
  <testcase name="validateCheckInOutPayU_reference" classname="com.selenium.MobileNumberSearch" time="0.011"/>
  <testcase name="validateCheckInOutTransactionId" classname="com.selenium.MobileNumberSearch" time="0.009"/>
  <testcase name="validateCheckInOutAmount" classname="com.selenium.MobileNumberSearch" time="0.009"/>
  <testcase name="validateCheckInOutDueAmount" classname="com.selenium.MobileNumberSearch" time="0.01"/>
  <testcase name="validateCheckInOutStatus" classname="com.selenium.MobileNumberSearch" time="0.009"/>
  <testcase name="mobileNumberDueAmount" classname="com.selenium.MobileNumberSearch" time="2.213"/>
  <testcase name="mobileNumberDueAmountDates" classname="com.selenium.MobileNumberSearch" time="4.662"/>
  <testcase name="selectDueAmountCount" classname="com.selenium.MobileNumberSearch" time="4.253"/>
  <testcase name="dueAmountTable" classname="com.selenium.MobileNumberSearch" time="6.025"/>
  <testcase name="validateDueAmountSiteName" classname="com.selenium.MobileNumberSearch" time="0.037"/>
  <testcase name="validateDueAmountVehicleNumber" classname="com.selenium.MobileNumberSearch" time="0.009"/>
  <testcase name="validateDueAmountVehicleType" classname="com.selenium.MobileNumberSearch" time="0.008"/>
  <testcase name="validateRDueAmountPayU_reference" classname="com.selenium.MobileNumberSearch" time="0.006"/>
  <testcase name="validateDueAmountCreatedDateTimeHeader" classname="com.selenium.MobileNumberSearch" time="0.012"/>
  <testcase name="validateDueAmountCreatedDate" classname="com.selenium.MobileNumberSearch" time="0.006"/>
  <testcase name="validateDueAmountsTransactionId" classname="com.selenium.MobileNumberSearch" time="0.006"/>
  <testcase name="validateDueAmountAmount" classname="com.selenium.MobileNumberSearch" time="0.005"/>
  <testcase name="validateDueAmountStatus" classname="com.selenium.MobileNumberSearch" time="0.006"/>
  <testcase name="mobileNumberFeedback" classname="com.selenium.MobileNumberSearch" time="2.21"/>
  <testcase name="mobileNumberFeedbackDates" classname="com.selenium.MobileNumberSearch" time="4.679"/>
  <testcase name="selectPassFeedback" classname="com.selenium.MobileNumberSearch" time="2.277"/>
  <testcase name="FeedbackTable" classname="com.selenium.MobileNumberSearch" time="6.021"/>
  <testcase name="validateFeedbackSiteName" classname="com.selenium.MobileNumberSearch" time="0.052"/>
  <testcase name="validateFeedbackCategory" classname="com.selenium.MobileNumberSearch" time="0.011"/>
  <testcase name="validateFeedbackId" classname="com.selenium.MobileNumberSearch" time="0.009"/>
  <testcase name="validateFeedbackType" classname="com.selenium.MobileNumberSearch" time="0.007"/>
  <testcase name="validateFeedBackCreatedDateTimeHeader" classname="com.selenium.MobileNumberSearch" time="0.013"/>
  <testcase name="validateFeedbackCreatedDate" classname="com.selenium.MobileNumberSearch" time="0.006"/>
  <testcase name="validateFeedbackStatus" classname="com.selenium.MobileNumberSearch" time="0.007"/>
  <testcase name="validateFeedbackDescription" classname="com.selenium.MobileNumberSearch" time="0.007"/>
  <testcase name="mobileNumberBlockListClick" classname="com.selenium.MobileNumberSearch" time="2.228"/>
  <testcase name="mobileNumberBlockListDates" classname="com.selenium.MobileNumberSearch" time="6.718"/>
  <testcase name="selectBlockListCount" classname="com.selenium.MobileNumberSearch" time="2.237"/>
  <testcase name="BlockListTable" classname="com.selenium.MobileNumberSearch" time="6.022"/>
  <testcase name="validateBlockListSiteName" classname="com.selenium.MobileNumberSearch" time="0.016"/>
  <testcase name="validateBlockListVehicleNumber" classname="com.selenium.MobileNumberSearch" time="0.007"/>
  <testcase name="validateBlockListVehicleType" classname="com.selenium.MobileNumberSearch" time="0.007"/>
  <testcase name="validateBlockListCreatedDateTimeHeader" classname="com.selenium.MobileNumberSearch" time="0.013"/>
  <testcase name="validateBlockListnCreatedDate" classname="com.selenium.MobileNumberSearch" time="0.008"/>
  <testcase name="validateBlockListAmount" classname="com.selenium.MobileNumberSearch" time="0.007"/>
  <testcase name="validateBlockListStatus" classname="com.selenium.MobileNumberSearch" time="0.007"/>
  <testcase name="mobileNumberUnAccountedClick" classname="com.selenium.MobileNumberSearch" time="2.213"/>
  <testcase name="mobileNumberUnAccountedDates" classname="com.selenium.MobileNumberSearch" time="4.683"/>
  <testcase name="selectUnAccountedCount" classname="com.selenium.MobileNumberSearch" time="4.283"/>
  <testcase name="unAccountedTable" classname="com.selenium.MobileNumberSearch" time="6.024"/>
  <testcase name="validateUnAccountedSiteName" classname="com.selenium.MobileNumberSearch" time="0.044"/>
  <testcase name="validateUnAccountedVehicleNumber" classname="com.selenium.MobileNumberSearch" time="0.01"/>
  <testcase name="validateUnAccountedDateTimeHeader" classname="com.selenium.MobileNumberSearch" time="0.014"/>
  <testcase name="validateUnAccountedVehicleType" classname="com.selenium.MobileNumberSearch" time="0.007"/>
  <testcase name="validateUnAccountedType" classname="com.selenium.MobileNumberSearch" time="0.007"/>
  <testcase name="validateUnAccountedBankrefNo" classname="com.selenium.MobileNumberSearch" time="0.007"/>
  <testcase name="validateUnAccountedAmount" classname="com.selenium.MobileNumberSearch" time="0.007"/>
  <testcase name="validateUnAccountedMode" classname="com.selenium.MobileNumberSearch" time="0.007"/>
  <testcase name="validateUnAccountedStatus" classname="com.selenium.MobileNumberSearch" time="0.007"/>
  <testcase name="validateVehicleNumber" classname="com.selenium.MobileNumberSearch" time="0.124"/>
  <testcase name="validateVehicleType" classname="com.selenium.MobileNumberSearch" time="0.115"/>
  <testcase name="mobileNumberGuestPasses" classname="com.selenium.MobileNumberSearch" time="2.21"/>
  <testcase name="mobileNumberGuestPassesDates" classname="com.selenium.MobileNumberSearch" time="2.008"/>
  <testcase name="logout" classname="com.selenium.MobileNumberSearch" time="5.255"/>
  <testcase name="login" classname="com.selenium.VehicleNumberSearch" time="3.808"/>
  <testcase name="revenueDashboardOpen" classname="com.selenium.VehicleNumberSearch" time="5.137"/>
  <testcase name="redirectVehicleNumberSearchPage" classname="com.selenium.VehicleNumberSearch" time="5.347"/>
  <testcase name="vehicleNumberEnter" classname="com.selenium.VehicleNumberSearch" time="2.053"/>
  <testcase name="vehicleNumberSubmit" classname="com.selenium.VehicleNumberSearch" time="2.273"/>
  <testcase name="vehicleNumberTransactions" classname="com.selenium.VehicleNumberSearch" time="0.483"/>
  <testcase name="vehicleNumberTransactionsDates" classname="com.selenium.VehicleNumberSearch" time="4.731"/>
  <testcase name="selectVNStartDateTransactions" classname="com.selenium.VehicleNumberSearch" time="6.422"/>
  <testcase name="selectVNEndDateTransactions" classname="com.selenium.VehicleNumberSearch" time="7.214"/>
  <testcase name="selectVNTransactionCount" classname="com.selenium.VehicleNumberSearch" time="2.281"/>
  <testcase name="vehicleNumberTransactionsTable" classname="com.selenium.VehicleNumberSearch" time="6.025"/>
  <testcase name="validateVNTransactionSiteName" classname="com.selenium.VehicleNumberSearch" time="0.015"/>
  <testcase name="validateVTransactionVehicleNumber" classname="com.selenium.VehicleNumberSearch" time="0.012"/>
  <testcase name="validateVTransactionVehicleType" classname="com.selenium.VehicleNumberSearch" time="0.008"/>
  <testcase name="validateVTransactionType" classname="com.selenium.VehicleNumberSearch" time="0.008"/>
  <testcase name="validateVTransactionCreatedDate" classname="com.selenium.VehicleNumberSearch" time="0.007"/>
  <testcase name="validateVTransactionStartDate" classname="com.selenium.VehicleNumberSearch" time="0.007"/>
  <testcase name="validateVTransactionEndDate" classname="com.selenium.VehicleNumberSearch" time="0.007"/>
  <testcase name="validateVTransactionPayU_reference" classname="com.selenium.VehicleNumberSearch" time="0.007"/>
  <testcase name="validateVTransactionId" classname="com.selenium.VehicleNumberSearch" time="0.008"/>
  <testcase name="validateVTransactionAmount" classname="com.selenium.VehicleNumberSearch" time="0.009"/>
  <testcase name="validateVTransactionStatus" classname="com.selenium.VehicleNumberSearch" time="0.008"/>
  <testcase name="vehicleNumberPass" classname="com.selenium.VehicleNumberSearch" time="0.457"/>
  <testcase name="vehicleNumberPassDates" classname="com.selenium.VehicleNumberSearch" time="6.69"/>
  <testcase name="selectVStartDatePasses" classname="com.selenium.VehicleNumberSearch" time="2.94"/>
  <testcase name="selectVEndDatePasses" classname="com.selenium.VehicleNumberSearch" time="8.792"/>
  <testcase name="selectVPassCount" classname="com.selenium.VehicleNumberSearch" time="2.28"/>
  <testcase name="passTable" classname="com.selenium.VehicleNumberSearch" time="6.023"/>
  <testcase name="validatePassesSiteName" classname="com.selenium.VehicleNumberSearch" time="0.054"/>
  <testcase name="validatePassesVehicleNumber" classname="com.selenium.VehicleNumberSearch" time="0.02"/>
  <testcase name="validatePassesVehicleType" classname="com.selenium.VehicleNumberSearch" time="0.015"/>
  <testcase name="validatePassesType" classname="com.selenium.VehicleNumberSearch" time="0.009"/>
  <testcase name="validatePassCreatedDateTimeHeader" classname="com.selenium.VehicleNumberSearch" time="0.02"/>
  <testcase name="validatePassesCreatedDate" classname="com.selenium.VehicleNumberSearch" time="0.007"/>
  <testcase name="validatePassStartDateTimeHeader" classname="com.selenium.VehicleNumberSearch" time="0.013"/>
  <testcase name="validatePassesStartDate" classname="com.selenium.VehicleNumberSearch" time="0.008"/>
  <testcase name="validatePassEndDateTimeHeader" classname="com.selenium.VehicleNumberSearch" time="0.013"/>
  <testcase name="validatePassesEndDate" classname="com.selenium.VehicleNumberSearch" time="0.007"/>
  <testcase name="validatePassesPayU_reference" classname="com.selenium.VehicleNumberSearch" time="0.007"/>
  <testcase name="validatePassesTransactionId" classname="com.selenium.VehicleNumberSearch" time="0.008"/>
  <testcase name="validatePassesAmount" classname="com.selenium.VehicleNumberSearch" time="0.008"/>
  <testcase name="validatePassesStatus" classname="com.selenium.VehicleNumberSearch" time="0.008"/>
  <testcase name="mobileNumberReservation" classname="com.selenium.VehicleNumberSearch" time="2.221"/>
  <testcase name="vehicleNumberReservationDates" classname="com.selenium.VehicleNumberSearch" time="4.692"/>
  <testcase name="selectReservationsCount" classname="com.selenium.VehicleNumberSearch" time="4.26"/>
  <testcase name="reservationsTable" classname="com.selenium.VehicleNumberSearch" time="6.025"/>
  <testcase name="validateReservationsSiteName" classname="com.selenium.VehicleNumberSearch" time="0.05"/>
  <testcase name="validateReservationsVehicleNumber" classname="com.selenium.VehicleNumberSearch" time="0.012"/>
  <testcase name="validateReservationsVehicleType" classname="com.selenium.VehicleNumberSearch" time="0.01"/>
  <testcase name="validateReservationsType" classname="com.selenium.VehicleNumberSearch" time="0.008"/>
  <testcase name="validateReserveCreatedDateTimeHeader" classname="com.selenium.VehicleNumberSearch" time="0.012"/>
  <testcase name="validateReservationsCreatedDate" classname="com.selenium.VehicleNumberSearch" time="0.007"/>
  <testcase name="validateReserveStartDateTimeHeader" classname="com.selenium.VehicleNumberSearch" time="0.012"/>
  <testcase name="validateReservationsStartDate" classname="com.selenium.VehicleNumberSearch" time="0.007"/>
  <testcase name="validateReserveEndDateTimeHeader" classname="com.selenium.VehicleNumberSearch" time="0.013"/>
  <testcase name="validateReservationsEndDate" classname="com.selenium.VehicleNumberSearch" time="0.007"/>
  <testcase name="validateReservationsPayU_reference" classname="com.selenium.VehicleNumberSearch" time="0.007"/>
  <testcase name="validateReservationsTransactionId" classname="com.selenium.VehicleNumberSearch" time="0.007"/>
  <testcase name="validateReservationsAmount" classname="com.selenium.VehicleNumberSearch" time="0.007"/>
  <testcase name="validateReservationsStatus" classname="com.selenium.VehicleNumberSearch" time="0.007"/>
  <testcase name="vehicleNumberCheckInOut" classname="com.selenium.VehicleNumberSearch" time="3.226"/>
  <testcase name="vehicleNumberCheckInOutDates" classname="com.selenium.VehicleNumberSearch" time="4.701"/>
  <testcase name="selectVPassCheckInOut" classname="com.selenium.VehicleNumberSearch" time="2.275"/>
  <testcase name="checkInOutVTable" classname="com.selenium.VehicleNumberSearch" time="6.011"/>
  <testcase name="validateVCheckInOutSiteName" classname="com.selenium.VehicleNumberSearch" time="0.016"/>
  <testcase name="validateVCheckInOutVehicleType" classname="com.selenium.VehicleNumberSearch" time="0.008"/>
  <testcase name="validateVCheckInOutVehicleNumber" classname="com.selenium.VehicleNumberSearch" time="0.007"/>
  <testcase name="validateCheckInDateTimeHeader" classname="com.selenium.VehicleNumberSearch" time="0.014"/>
  <testcase name="validateVCheckInRow" classname="com.selenium.VehicleNumberSearch" time="0.008"/>
  <testcase name="validateCheckOutDateTimeHeader" classname="com.selenium.VehicleNumberSearch" time="0.013"/>
  <testcase name="validateVCheckOutRow" classname="com.selenium.VehicleNumberSearch" time="0.008"/>
  <testcase name="validateVCheckInOutType" classname="com.selenium.VehicleNumberSearch" time="0.007"/>
  <testcase name="validateVCheckInOutPayU_reference" classname="com.selenium.VehicleNumberSearch" time="0.006"/>
  <testcase name="validateVCheckInOutTransactionId" classname="com.selenium.VehicleNumberSearch" time="0.006"/>
  <testcase name="validateVCheckInOutAmount" classname="com.selenium.VehicleNumberSearch" time="0.007"/>
  <testcase name="validateVCheckInOutDueAmount" classname="com.selenium.VehicleNumberSearch" time="0.006"/>
  <testcase name="validateVCheckInOutStatus" classname="com.selenium.VehicleNumberSearch" time="0.006"/>
  <testcase name="vehicleNumberDueAmount" classname="com.selenium.VehicleNumberSearch" time="2.214"/>
  <testcase name="vehicleNumberDueAmountDates" classname="com.selenium.VehicleNumberSearch" time="4.667"/>
  <testcase name="selectVDueAmountCount" classname="com.selenium.VehicleNumberSearch" time="4.228"/>
  <testcase name="dueAmountVTable" classname="com.selenium.VehicleNumberSearch" time="6.022"/>
  <testcase name="validateVDueAmountSiteName" classname="com.selenium.VehicleNumberSearch" time="0.016"/>
  <testcase name="validateVDueAmountVehicleNumber" classname="com.selenium.VehicleNumberSearch" time="0.007"/>
  <testcase name="validateVDueAmountVehicleType" classname="com.selenium.VehicleNumberSearch" time="0.007"/>
  <testcase name="validateVDueAmountPayU_reference" classname="com.selenium.VehicleNumberSearch" time="0.006"/>
  <testcase name="validateDueAmountCreatedDateTimeHeader" classname="com.selenium.VehicleNumberSearch" time="0.012"/>
  <testcase name="validateVDueAmountCreatedDate" classname="com.selenium.VehicleNumberSearch" time="0.006"/>
  <testcase name="validateVDueAmountsTransactionId" classname="com.selenium.VehicleNumberSearch" time="0.006"/>
  <testcase name="validateVDueAmountAmount" classname="com.selenium.VehicleNumberSearch" time="0.006"/>
  <testcase name="validateVDueAmountStatus" classname="com.selenium.VehicleNumberSearch" time="0.006"/>
  <testcase name="vehicleNumberBlockListClick" classname="com.selenium.VehicleNumberSearch" time="2.231"/>
  <testcase name="vehicleNumberBlockListDates" classname="com.selenium.VehicleNumberSearch" time="4.683"/>
  <testcase name="selectVBlockListCount" classname="com.selenium.VehicleNumberSearch" time="2.259"/>
  <testcase name="vBlockListTable" classname="com.selenium.VehicleNumberSearch" time="6.023"/>
  <testcase name="validateVBlockListSiteName" classname="com.selenium.VehicleNumberSearch" time="0.019"/>
  <testcase name="validateVBlockListVehicleNumber" classname="com.selenium.VehicleNumberSearch" time="0.009"/>
  <testcase name="validateVBlockListVehicleType" classname="com.selenium.VehicleNumberSearch" time="0.008"/>
  <testcase name="validateBlockListCreatedDateTimeHeader" classname="com.selenium.VehicleNumberSearch" time="0.013"/>
  <testcase name="validateVBlockListnCreatedDate" classname="com.selenium.VehicleNumberSearch" time="0.007"/>
  <testcase name="validateVBlockListAmount" classname="com.selenium.VehicleNumberSearch" time="0.007"/>
  <testcase name="validateVBlockListStatus" classname="com.selenium.VehicleNumberSearch" time="0.007"/>
  <testcase name="vehicleNumberGuestPasses" classname="com.selenium.VehicleNumberSearch" time="2.215"/>
  <testcase name="vehicleNumberGuestPassesDates" classname="com.selenium.VehicleNumberSearch" time="2.012"/>
  <testcase name="logout" classname="com.selenium.VehicleNumberSearch" time="2.251"/>
  <testcase name="login" classname="com.selenium.TicketNumberSearch" time="3.806"/>
  <testcase name="revenueDashboardOpen" classname="com.selenium.TicketNumberSearch" time="5.093"/>
  <testcase name="clickReportsAnalyticsPage" classname="com.selenium.TicketNumberSearch" time="3.216"/>
  <testcase name="ticketNumberSearchPage" classname="com.selenium.TicketNumberSearch" time="4.123"/>
  <testcase name="ticketNumberEnterInvalid" classname="com.selenium.TicketNumberSearch" time="2.051"/>
  <testcase name="ticketNumberSubmit" classname="com.selenium.TicketNumberSearch" time="2.264"/>
  <testcase name="selectTicketNumberSearchCount" classname="com.selenium.TicketNumberSearch" time="2.276"/>
  <testcase name="ticketNumberTransactionsTable" classname="com.selenium.TicketNumberSearch" time="6.079"/>
  <testcase name="ticketNumberSearchPageAgain" classname="com.selenium.TicketNumberSearch" time="4.222"/>
  <testcase name="ticketNumberEnterValid" classname="com.selenium.TicketNumberSearch" time="2.016"/>
  <testcase name="ticketNumberSubmitAgain" classname="com.selenium.TicketNumberSearch" time="2.226"/>
  <testcase name="selectTicketNumberSearchCountAgain" classname="com.selenium.TicketNumberSearch" time="2.239"/>
  <testcase name="ticketNumberTableValid" classname="com.selenium.TicketNumberSearch" time="6.068"/>
  <testcase name="validateTicketTransactionId" classname="com.selenium.TicketNumberSearch" time="0.024"/>
  <testcase name="validateTicketTransactionType" classname="com.selenium.TicketNumberSearch" time="0.027"/>
  <testcase name="validateTicketVehicleNumber" classname="com.selenium.TicketNumberSearch" time="0.016"/>
  <testcase name="validateTicketDateTime" classname="com.selenium.TicketNumberSearch" time="0.014"/>
  <testcase name="validateTicketStartDate" classname="com.selenium.TicketNumberSearch" time="0.014"/>
  <testcase name="validateTicketEndDate" classname="com.selenium.TicketNumberSearch" time="0.014"/>
  <testcase name="validateTicketAmount" classname="com.selenium.TicketNumberSearch" time="0.013"/>
  <testcase name="validateTicketStatus" classname="com.selenium.TicketNumberSearch" time="0.014"/>
  <testcase name="logout" classname="com.selenium.TicketNumberSearch" time="2.267"/>
  <testcase name="login" classname="com.selenium.SiteReports" time="3.805"/>
  <testcase name="revenueDashboardOpen" classname="com.selenium.SiteReports" time="5.153"/>
  <testcase name="reportsAnalyticsPage" classname="com.selenium.SiteReports" time="4.248"/>
  <testcase name="siteReportPage" classname="com.selenium.SiteReports" time="4.126"/>
  <testcase name="siteReportsDatesEnabled" classname="com.selenium.SiteReports" time="23.254"/>
  <testcase name="getMonthRevenue" classname="com.selenium.SiteReports" time="10.25"/>
  <testcase name="getWeekSiteRevenue" classname="com.selenium.SiteReports" time="4.285"/>
  <testcase name="getDaySiteRevenue" classname="com.selenium.SiteReports" time="4.274"/>
  <testcase name="selectSiteRevenueCount" classname="com.selenium.SiteReports" time="2.242"/>
  <testcase name="siteRevenueTable" classname="com.selenium.SiteReports" time="11.025"/>
  <testcase name="validateVehicleType" classname="com.selenium.SiteReports" time="0.054"/>
  <testcase name="validateSiteReportsCashAmount" classname="com.selenium.SiteReports" time="0.033"/>
  <testcase name="validateSiteReportsCardAmount" classname="com.selenium.SiteReports" time="0.009"/>
  <testcase name="validateSiteReportsUPIAmount" classname="com.selenium.SiteReports" time="0.009"/>
  <testcase name="validateSiteReportsPassAmount" classname="com.selenium.SiteReports" time="0.019"/>
  <testcase name="validateSiteReports_ReservationAmount" classname="com.selenium.SiteReports" time="0.007"/>
  <testcase name="validateSiteReports_DueAmount" classname="com.selenium.SiteReports" time="0.006"/>
  <testcase name="validateSiteReports_ReservationCount" classname="com.selenium.SiteReports" time="0.006"/>
  <testcase name="validateSiteReports_PassCount" classname="com.selenium.SiteReports" time="0.006"/>
  <testcase name="validateSiteReports_DueCount" classname="com.selenium.SiteReports" time="0.006"/>
  <testcase name="validateSiteReports_VehicleCount" classname="com.selenium.SiteReports" time="0.007"/>
  <testcase name="siteRevenueViewDetailsDay" classname="com.selenium.SiteReports" time="11.452"/>
  <testcase name="siteRevenueDayCSV" classname="com.selenium.SiteReports" time="4.239"/>
  <testcase name="siteRevenueDayPDF" classname="com.selenium.SiteReports" time="9.262"/>
  <testcase name="siteRevenueDayPopUPClose" classname="com.selenium.SiteReports" time="3.225"/>
  <testcase name="siteRevenueViewDetailsWeek" classname="com.selenium.SiteReports" time="11.496"/>
  <testcase name="siteRevenueWeekCSV" classname="com.selenium.SiteReports" time="4.222"/>
  <testcase name="siteRevenueWeekPDF" classname="com.selenium.SiteReports" time="9.253"/>
  <testcase name="siteRevenueWeekPopUPClose" classname="com.selenium.SiteReports" time="3.214"/>
  <testcase name="siteRevenueMonthViewDetails" classname="com.selenium.SiteReports" time="7.45"/>
  <testcase name="siteRevenueMonthCSV" classname="com.selenium.SiteReports" time="9.222"/>
  <testcase name="siteRevenueMonthPDF" classname="com.selenium.SiteReports" time="4.356"/>
  <testcase name="siteRevenueMonthPopUPClose" classname="com.selenium.SiteReports" time="3.214"/>
  <testcase name="selectRevenueStartDate" classname="com.selenium.SiteReports" time="5.644"/>
  <testcase name="selectRevenueEndDate" classname="com.selenium.SiteReports" time="5.449"/>
  <testcase name="siteRevenueSelectedViewDetails" classname="com.selenium.SiteReports" time="20.218"/>
  <testcase name="siteRevenueSelectedDateCSV" classname="com.selenium.SiteReports" time="4.24"/>
  <testcase name="siteRevenueSelectedPDF" classname="com.selenium.SiteReports" time="4.331"/>
  <testcase name="siteRevenueSelectedPopUPClose" classname="com.selenium.SiteReports" time="3.224"/>
  <testcase name="searchSiteRevenueFilter" classname="com.selenium.SiteReports" time="9.03"/>
  <testcase name="viewSitesList" classname="com.selenium.SiteReports" time="6.573"/>
  <testcase name="siteDeviceStatus" classname="com.selenium.SiteReports" time="2.241"/>
  <testcase name="siteReportDeviceStatusCount" classname="com.selenium.SiteReports" time="2.239"/>
  <testcase name="siteRevenueDeviceStatusTable" classname="com.selenium.SiteReports" time="12.308"/>
  <testcase name="searchSiteReportsDeviceGateway" classname="com.selenium.SiteReports" time="7.102"/>
  <testcase name="searchSiteReportsDevicePOS" classname="com.selenium.SiteReports" time="4.104"/>
  <testcase name="searchSiteReportsDeviceSensor" classname="com.selenium.SiteReports" time="8.084"/>
  <testcase name="alertsCount" classname="com.selenium.SiteReports" time="3.008"/>
  <testcase name="siteAlerts" classname="com.selenium.SiteReports" time="2.224"/>
  <testcase name="siteReportAlertsCount" classname="com.selenium.SiteReports" time="2.28"/>
  <testcase name="devicesStatusTable" classname="com.selenium.SiteReports" time="6.067"/>
  <testcase name="validateAlertId" classname="com.selenium.SiteReports" time="0.02"/>
  <testcase name="validateDeviceSlNo" classname="com.selenium.SiteReports" time="0.022"/>
  <testcase name="validateDeviceType" classname="com.selenium.SiteReports" time="0.022"/>
  <testcase name="validateAlertType" classname="com.selenium.SiteReports" time="0.021"/>
  <testcase name="validateAction" classname="com.selenium.SiteReports" time="0.016"/>
  <testcase name="validateActionAsComplete" classname="com.selenium.SiteReports" time="0.016"/>
  <testcase name="siteUnChargedTab" classname="com.selenium.SiteReports" time="5.117"/>
  <testcase name="siteListUnCharged" classname="com.selenium.SiteReports" time="6.524"/>
  <testcase name="UnChargedVehiclesCount" classname="com.selenium.SiteReports" time="5.039"/>
  <testcase name="UnChargedVehiclesCountDatesEnabled" classname="com.selenium.SiteReports" time="4.891"/>
  <testcase name="getMonthUnChargedVehicles" classname="com.selenium.SiteReports" time="4.256"/>
  <testcase name="getWeekUnChargedVehicles" classname="com.selenium.SiteReports" time="4.276"/>
  <testcase name="getDayUnChargedVehicles" classname="com.selenium.SiteReports" time="4.313"/>
  <testcase name="selectUnChargedStartDate" classname="com.selenium.SiteReports" time="8.746"/>
  <testcase name="selectUnChargedEndDate" classname="com.selenium.SiteReports" time="11.477"/>
  <testcase name="selectUnChargedVehicleCount" classname="com.selenium.SiteReports" time="2.241"/>
  <testcase name="nextPage" classname="com.selenium.SiteReports" time="3.234"/>
  <testcase name="unChargedVehiclesTable" classname="com.selenium.SiteReports" time="39.089"/>
  <testcase name="validateVehicleNumber" classname="com.selenium.SiteReports" time="0.207"/>
  <testcase name="validateUnchargedVehicleType" classname="com.selenium.SiteReports" time="0.122"/>
  <testcase name="validateTicketNo" classname="com.selenium.SiteReports" time="0.122"/>
  <testcase name="compareEntryExitDateTime" classname="com.selenium.SiteReports" time="0.027"/>
  <testcase name="searchUnChargedVehicle" classname="com.selenium.SiteReports" time="11.096"/>
  <testcase name="verifyUnChargedTransactionTypeENTRY" classname="com.selenium.SiteReports" time="0.029"/>
  <testcase name="searchUnChargedTransNormal" classname="com.selenium.SiteReports" time="11.126"/>
  <testcase name="verifyTransactionTypeNormal" classname="com.selenium.SiteReports" time="0.023"/>
  <testcase name="logout" classname="com.selenium.SiteReports" time="2.274"/>
  <testcase name="login" classname="com.selenium.Site_Analysis" time="3.699"/>
  <testcase name="revenueDashboardOpen" classname="com.selenium.Site_Analysis" time="5.128"/>
  <testcase name="reportsAnalyticsPage" classname="com.selenium.Site_Analysis" time="2.216"/>
  <testcase name="redirectSiteAnalysis" classname="com.selenium.Site_Analysis" time="4.142"/>
  <testcase name="siteAnalysis_selectSite" classname="com.selenium.Site_Analysis" time="6.588"/>
  <testcase name="getSite_AnalysisTab" classname="com.selenium.Site_Analysis" time="0.007"/>
  <testcase name="select_AvgDuration_TwoWheeler" classname="com.selenium.Site_Analysis" time="4.245"/>
  <testcase name="avgDuration_2WDates" classname="com.selenium.Site_Analysis" time="4.914"/>
  <testcase name="avgDuration_ViewDetails" classname="com.selenium.Site_Analysis" time="2.232"/>
  <testcase name="avgDuration_2WCsv" classname="com.selenium.Site_Analysis" time="2.264"/>
  <testcase name="avgDuration_2WPdf" classname="com.selenium.Site_Analysis" time="3.425"/>
  <testcase name="avgDuration_2WSelectCount_25" classname="com.selenium.Site_Analysis" time="2.231"/>
  <testcase name="avgDuration_2WSearch" classname="com.selenium.Site_Analysis" time="8.065"/>
  <testcase name="avgDuration_2WPoPup_Close" classname="com.selenium.Site_Analysis" time="2.235"/>
  <testcase name="select_AvgDuration_FourWheeler" classname="com.selenium.Site_Analysis" time="4.266"/>
  <testcase name="avgDuration_ViewDetails_4W" classname="com.selenium.Site_Analysis" time="2.225"/>
  <testcase name="avgDuration_4WCsv" classname="com.selenium.Site_Analysis" time="2.259"/>
  <testcase name="avgDuration_4WPdf" classname="com.selenium.Site_Analysis" time="3.447"/>
  <testcase name="avgDuration_4WSelectCount_25" classname="com.selenium.Site_Analysis" time="2.231"/>
  <testcase name="avgDuration_4WSearch" classname="com.selenium.Site_Analysis" time="8.093"/>
  <testcase name="avgDuration_4WPoPup_Close" classname="com.selenium.Site_Analysis" time="2.266"/>
  <testcase name="transaction_FrequencyTab" classname="com.selenium.Site_Analysis" time="2.234"/>
  <testcase name="transFrequency_Dates" classname="com.selenium.Site_Analysis" time="4.725"/>
  <testcase name="transFrequency_ViewDetails" classname="com.selenium.Site_Analysis" time="2.235"/>
  <testcase name="transFrequency_Csv" classname="com.selenium.Site_Analysis" time="2.266"/>
  <testcase name="transFrequency_Pdf" classname="com.selenium.Site_Analysis" time="3.512"/>
  <testcase name="transFrequency_SelectCount_25" classname="com.selenium.Site_Analysis" time="2.229"/>
  <testcase name="transFrequency_Search" classname="com.selenium.Site_Analysis" time="8.061"/>
  <testcase name="transFrequency_PoPup_Close" classname="com.selenium.Site_Analysis" time="2.238"/>
  <testcase name="occupancyMinutes_Tab" classname="com.selenium.Site_Analysis" time="2.236"/>
  <testcase name="occupancyMinutes_Dates" classname="com.selenium.Site_Analysis" time="4.709"/>
  <testcase name="occupancyMinutes_ViewDetails" classname="com.selenium.Site_Analysis" time="2.236"/>
  <testcase name="occupancyMinutes_Csv" classname="com.selenium.Site_Analysis" time="2.231"/>
  <testcase name="occupancyMinutes_Pdf" classname="com.selenium.Site_Analysis" time="3.424"/>
  <testcase name="occupancyMinutes_SelectCount_25" classname="com.selenium.Site_Analysis" time="2.228"/>
  <testcase name="occupancyMinutes_Search" classname="com.selenium.Site_Analysis" time="8.057"/>
  <testcase name="occpancyMinutes_PoPup_Close" classname="com.selenium.Site_Analysis" time="2.224"/>
  <testcase name="logout" classname="com.selenium.Site_Analysis" time="5.273"/>
  <testcase name="login" classname="com.selenium.Slot_Analysis" time="3.832"/>
  <testcase name="revenueDashboardOpen" classname="com.selenium.Slot_Analysis" time="5.093"/>
  <testcase name="reportsAnalyticsPage" classname="com.selenium.Slot_Analysis" time="2.229"/>
  <testcase name="redirectSlotAnalysis" classname="com.selenium.Slot_Analysis" time="4.156"/>
  <testcase name="SlotAnalysis_selectSite" classname="com.selenium.Slot_Analysis" time="6.574"/>
  <testcase name="getSlot_AnalysisTab" classname="com.selenium.Slot_Analysis" time="0.012"/>
  <testcase name="dayHour_Occupancy_Dates" classname="com.selenium.Slot_Analysis" time="4.687"/>
  <testcase name="dayHour_Occupancy_Menu_ToClickSgv" classname="com.selenium.Slot_Analysis" time="2.007"/>
  <testcase name="dayHour_Occupancy_Sgv" classname="com.selenium.Slot_Analysis" time="2.008"/>
  <testcase name="dayHour_Occupancy_Menu_ToClickPng" classname="com.selenium.Slot_Analysis" time="2.004"/>
  <testcase name="dayHour_Occupancy_Png" classname="com.selenium.Slot_Analysis" time="3.007"/>
  <testcase name="peakHoursTab" classname="com.selenium.Slot_Analysis" time="2.235"/>
  <testcase name="select_PeakHours_TwoWheeler" classname="com.selenium.Slot_Analysis" time="2.029"/>
  <testcase name="peakHour_Dates_2W" classname="com.selenium.Slot_Analysis" time="4.675"/>
  <testcase name="select_PeakHours_FourWheeler" classname="com.selenium.Slot_Analysis" time="2.029"/>
  <testcase name="peakHour_Dates_4W" classname="com.selenium.Slot_Analysis" time="4.701"/>
  <testcase name="slotAvgDuration_Tab" classname="com.selenium.Slot_Analysis" time="2.262"/>
  <testcase name="slotAvgDuration_Dates" classname="com.selenium.Slot_Analysis" time="4.681"/>
  <testcase name="slotRotation_Tab" classname="com.selenium.Slot_Analysis" time="2.235"/>
  <testcase name="slotRotation_Dates" classname="com.selenium.Slot_Analysis" time="1.015"/>
  <testcase name="slotRotation_Menu_ToClickSgv" classname="com.selenium.Slot_Analysis" time="2.007"/>
  <testcase name="slotRotation_Sgv" classname="com.selenium.Slot_Analysis" time="2.007"/>
  <testcase name="slotRotation_Menu_ToClickPng" classname="com.selenium.Slot_Analysis" time="2.007"/>
  <testcase name="slotRotation_Png" classname="com.selenium.Slot_Analysis" time="3.008"/>
  <testcase name="logout" classname="com.selenium.Slot_Analysis" time="5.271"/>
  <testcase name="login" classname="com.selenium.Audit_Reservations" time="3.779"/>
  <testcase name="revenueDashboardOpen" classname="com.selenium.Audit_Reservations" time="5.13"/>
  <testcase name="redirectAudiTrailPage" classname="com.selenium.Audit_Reservations" time="4.334"/>
  <testcase name="getSitesList" classname="com.selenium.Audit_Reservations" time="6.611"/>
  <testcase name="typeReservations" classname="com.selenium.Audit_Reservations" time="5.292"/>
  <testcase name="reserveDatesEnabled" classname="com.selenium.Audit_Reservations" time="4.823"/>
  <testcase name="selectReserveStartDate" classname="com.selenium.Audit_Reservations" time="8.721"/>
  <testcase name="selectReserveEndDate" classname="com.selenium.Audit_Reservations" time="11.473"/>
  <testcase name="selectCountReservations25" classname="com.selenium.Audit_Reservations" time="2.242"/>
  <testcase name="selectCountReservations10" classname="com.selenium.Audit_Reservations" time="2.24"/>
  <testcase name="reservationTable" classname="com.selenium.Audit_Reservations" time="9.261"/>
  <testcase name="compareReserveExpiryTime" classname="com.selenium.Audit_Reservations" time="0.096"/>
  <testcase name="reservationsCsv" classname="com.selenium.Audit_Reservations" time="2.265"/>
  <testcase name="reservationsPdf" classname="com.selenium.Audit_Reservations" time="3.346"/>
  <testcase name="reserveTypePass" classname="com.selenium.Audit_Reservations" time="3.777"/>
  <testcase name="passesDatesEnabled" classname="com.selenium.Audit_Reservations" time="9.86"/>
  <testcase name="selectStartDatePasses" classname="com.selenium.Audit_Reservations" time="8.668"/>
  <testcase name="selectEndDatePasses" classname="com.selenium.Audit_Reservations" time="11.49"/>
  <testcase name="selectCountPasses25" classname="com.selenium.Audit_Reservations" time="2.264"/>
  <testcase name="selectCountPasses10" classname="com.selenium.Audit_Reservations" time="2.279"/>
  <testcase name="passesCsv" classname="com.selenium.Audit_Reservations" time="2.259"/>
  <testcase name="passesPdf" classname="com.selenium.Audit_Reservations" time="13.286"/>
  <testcase name="passesTable" classname="com.selenium.Audit_Reservations" time="6.021"/>
  <testcase name="comparePassReserveExpiryDate" classname="com.selenium.Audit_Reservations" time="0.009"/>
  <testcase name="clickPOSdevice" classname="com.selenium.Audit_Reservations" time="2.221"/>
  <testcase name="logout" classname="com.selenium.Audit_Reservations" time="5.282"/>
  <testcase name="login" classname="com.selenium.AudiTrail_PosDevice" time="3.753"/>
  <testcase name="revenueDashboardOpen" classname="com.selenium.AudiTrail_PosDevice" time="5.113"/>
  <testcase name="redirectAudiTrailPage" classname="com.selenium.AudiTrail_PosDevice" time="4.352"/>
  <testcase name="typeReservations" classname="com.selenium.AudiTrail_PosDevice" time="5.304"/>
  <testcase name="clickPOSdevice" classname="com.selenium.AudiTrail_PosDevice" time="2.217"/>
  <testcase name="statusTypeALL" classname="com.selenium.AudiTrail_PosDevice" time="0.083"/>
  <testcase name="allPOSDatesEnabled" classname="com.selenium.AudiTrail_PosDevice" time="6.69"/>
  <testcase name="selectPosDevice_AllTrans_StartDate" classname="com.selenium.AudiTrail_PosDevice" time="8.739"/>
  <testcase name="selectPosDevice_AllTrans_EndDate" classname="com.selenium.AudiTrail_PosDevice" time="11.458"/>
  <testcase name="selectAttachment" classname="com.selenium.AudiTrail_PosDevice" time="5.008"/>
  <testcase name="selectedImage1Details" classname="com.selenium.AudiTrail_PosDevice" time="6.018"/>
  <testcase name="imagePopUpClose" classname="com.selenium.AudiTrail_PosDevice" time="2.008"/>
  <testcase name="selectCountAllDevice50" classname="com.selenium.AudiTrail_PosDevice" time="2.243"/>
  <testcase name="selectCountAllDevice10" classname="com.selenium.AudiTrail_PosDevice" time="2.241"/>
  <testcase name="selectCountAllDevice25" classname="com.selenium.AudiTrail_PosDevice" time="2.277"/>
  <testcase name="viewDetails1All" classname="com.selenium.AudiTrail_PosDevice" time="2.242"/>
  <testcase name="viewDetailPopUpClose" classname="com.selenium.AudiTrail_PosDevice" time="2.02"/>
  <testcase name="getSitesList" classname="com.selenium.AudiTrail_PosDevice" time="6.59"/>
  <testcase name="allTransactionsTable" classname="com.selenium.AudiTrail_PosDevice" time="6.035"/>
  <testcase name="compareEntryExitDateTime" classname="com.selenium.AudiTrail_PosDevice" time="0.115"/>
  <testcase name="viewDetails2All" classname="com.selenium.AudiTrail_PosDevice" time="0.003"/>
  <testcase name="allCsv" classname="com.selenium.AudiTrail_PosDevice" time="3.035"/>
  <testcase name="allPdf" classname="com.selenium.AudiTrail_PosDevice" time="3.011"/>
  <testcase name="statusTypeEntry" classname="com.selenium.AudiTrail_PosDevice" time="0.021"/>
  <testcase name="activeStatusDatesEnabled" classname="com.selenium.AudiTrail_PosDevice" time="2.014"/>
  <testcase name="selectStartDateActive" classname="com.selenium.AudiTrail_PosDevice" time="4.037"/>
  <testcase name="selectEndDateActive" classname="com.selenium.AudiTrail_PosDevice" time="2.005"/>
  <testcase name="selectCountActive50" classname="com.selenium.AudiTrail_PosDevice" time="2.023"/>
  <testcase name="selectCountActive25" classname="com.selenium.AudiTrail_PosDevice" time="2.052"/>
  <testcase name="selectCountActive10" classname="com.selenium.AudiTrail_PosDevice" time="2.061"/>
  <testcase name="activeCsv" classname="com.selenium.AudiTrail_PosDevice" time="3.032"/>
  <testcase name="activePdf" classname="com.selenium.AudiTrail_PosDevice" time="3.036"/>
  <testcase name="statusTypeExit" classname="com.selenium.AudiTrail_PosDevice" time="0.031"/>
  <testcase name="inActiveStatusDatesEnabled" classname="com.selenium.AudiTrail_PosDevice" time="2.017"/>
  <testcase name="selectStartDateInActive" classname="com.selenium.AudiTrail_PosDevice" time="4.044"/>
  <testcase name="selectEndDateInActive" classname="com.selenium.AudiTrail_PosDevice" time="2.014"/>
  <testcase name="inActiveCsv" classname="com.selenium.AudiTrail_PosDevice" time="3.032"/>
  <testcase name="inActivePdf" classname="com.selenium.AudiTrail_PosDevice" time="3.037"/>
  <testcase name="typeMaintenance" classname="com.selenium.AudiTrail_PosDevice" time="0.051"/>
  <testcase name="maintenanceDatesEnabled" classname="com.selenium.AudiTrail_PosDevice" time="2.009"/>
  <testcase name="selectStartDateMaintenance" classname="com.selenium.AudiTrail_PosDevice" time="4.05"/>
  <testcase name="selectEndDateMaintenance" classname="com.selenium.AudiTrail_PosDevice" time="2.015"/>
  <testcase name="maintenanceCsv" classname="com.selenium.AudiTrail_PosDevice" time="3.015"/>
  <testcase name="maintenancePdf" classname="com.selenium.AudiTrail_PosDevice" time="3.019"/>
  <testcase name="statusTypeForceExit" classname="com.selenium.AudiTrail_PosDevice" time="0.033"/>
  <testcase name="forceExitStatusDatesEnabled" classname="com.selenium.AudiTrail_PosDevice" time="2.016"/>
  <testcase name="selectStartDateForceExit" classname="com.selenium.AudiTrail_PosDevice" time="4.083"/>
  <testcase name="selectEndDateForceExit" classname="com.selenium.AudiTrail_PosDevice" time="2.021"/>
  <testcase name="forceExitCsv" classname="com.selenium.AudiTrail_PosDevice" time="3.022"/>
  <testcase name="forceExitPdf" classname="com.selenium.AudiTrail_PosDevice" time="3.041"/>
  <testcase name="logout" classname="com.selenium.AudiTrail_PosDevice" time="5.249"/>
  <testcase name="login" classname="com.selenium.VehicleBlockList" time="3.829"/>
  <testcase name="revenueDashboardOpen" classname="com.selenium.VehicleBlockList" time="5.138"/>
  <testcase name="redirectVehicleBlockListPage" classname="com.selenium.VehicleBlockList" time="4.313"/>
  <testcase name="viewBlocklistSiteList" classname="com.selenium.VehicleBlockList" time="6.624"/>
  <testcase name="vehicleBlockListDates" classname="com.selenium.VehicleBlockList" time="4.852"/>
  <testcase name="selectBlocklistStartDate" classname="com.selenium.VehicleBlockList" time="8.757"/>
  <testcase name="selectBlockListEndDate" classname="com.selenium.VehicleBlockList" time="11.43"/>
  <testcase name="vehicleBlockDayCsv" classname="com.selenium.VehicleBlockList" time="1.51"/>
  <testcase name="vehicleBlockDayPdf" classname="com.selenium.VehicleBlockList" time="2.017"/>
  <testcase name="vehicleBlockWeekCsv" classname="com.selenium.VehicleBlockList" time="0.019">
    <failure message="Element &lt;label class=&quot;btn btn-outline-primary&quot;&gt; is not clickable at point (563,237) because another element &lt;div class=&quot;swal2-header&quot;&gt; obscures it&#10;Build info: version: &apos;4.10.0&apos;, revision: &apos;c14d967899&apos;&#10;System info: os.name: &apos;Linux&apos;, os.arch: &apos;amd64&apos;, os.version: &apos;6.2.0-39-generic&apos;, java.version: &apos;18.0.2-ea&apos;&#10;Driver info: org.openqa.selenium.firefox.FirefoxDriver&#10;Command: [ccf0d887-fa09-4e3a-80ff-58656caf204f, clickElement {id=8f200c0b-1f92-4c18-9ba5-a60b56952234}]&#10;Capabilities {acceptInsecureCerts: true, browserName: firefox, browserVersion: 124.0.2, moz:accessibilityChecks: false, moz:buildID: 20240401184549, moz:debuggerAddress: 127.0.0.1:13724, moz:geckodriverVersion: 0.34.0, moz:headless: true, moz:platformVersion: 6.2.0-39-generic, moz:processID: 117414, moz:profile: /tmp/rust_mozprofiledQhOdS, moz:shutdownTimeout: 60000, moz:webdriverClick: true, moz:windowless: false, pageLoadStrategy: normal, platformName: linux, proxy: Proxy(), se:cdp: ws://127.0.0.1:13724/devtoo..., se:cdpVersion: 85.0, setWindowRect: true, strictFileInteractability: false, timeouts: {implicit: 0, pageLoad: 300000, script: 30000}, unhandledPromptBehavior: dismiss and notify}&#10;Element: [[FirefoxDriver: firefox on linux (ccf0d887-fa09-4e3a-80ff-58656caf204f)] -&gt; xpath: //*[@id=&apos;dayRangeFilter&apos;]/label[3]]&#10;Session ID: ccf0d887-fa09-4e3a-80ff-58656caf204f" type="org.openqa.selenium.ElementClickInterceptedException"><![CDATA[org.openqa.selenium.ElementClickInterceptedException: 
Element <label class="btn btn-outline-primary"> is not clickable at point (563,237) because another element <div class="swal2-header"> obscures it
Build info: version: '4.10.0', revision: 'c14d967899'
System info: os.name: 'Linux', os.arch: 'amd64', os.version: '6.2.0-39-generic', java.version: '18.0.2-ea'
Driver info: org.openqa.selenium.firefox.FirefoxDriver
Command: [ccf0d887-fa09-4e3a-80ff-58656caf204f, clickElement {id=8f200c0b-1f92-4c18-9ba5-a60b56952234}]
Capabilities {acceptInsecureCerts: true, browserName: firefox, browserVersion: 124.0.2, moz:accessibilityChecks: false, moz:buildID: 20240401184549, moz:debuggerAddress: 127.0.0.1:13724, moz:geckodriverVersion: 0.34.0, moz:headless: true, moz:platformVersion: 6.2.0-39-generic, moz:processID: 117414, moz:profile: /tmp/rust_mozprofiledQhOdS, moz:shutdownTimeout: 60000, moz:webdriverClick: true, moz:windowless: false, pageLoadStrategy: normal, platformName: linux, proxy: Proxy(), se:cdp: ws://127.0.0.1:13724/devtoo..., se:cdpVersion: 85.0, setWindowRect: true, strictFileInteractability: false, timeouts: {implicit: 0, pageLoad: 300000, script: 30000}, unhandledPromptBehavior: dismiss and notify}
Element: [[FirefoxDriver: firefox on linux (ccf0d887-fa09-4e3a-80ff-58656caf204f)] -> xpath: //*[@id='dayRangeFilter']/label[3]]
Session ID: ccf0d887-fa09-4e3a-80ff-58656caf204f
	at com.selenium.VehicleBlockList.vehicleBlockWeekCsv(VehicleBlockList.java:135)
]]></failure>
  </testcase>
  <testcase name="vehicleBlockWeekPdf" classname="com.selenium.VehicleBlockList" time="2.017"/>
  <testcase name="vehicleBlockMonthCsv" classname="com.selenium.VehicleBlockList" time="0.019">
    <failure message="Element &lt;label class=&quot;btn btn-outline-primary active&quot;&gt; is not clickable at point (607,237) because another element &lt;div class=&quot;swal2-header&quot;&gt; obscures it&#10;Build info: version: &apos;4.10.0&apos;, revision: &apos;c14d967899&apos;&#10;System info: os.name: &apos;Linux&apos;, os.arch: &apos;amd64&apos;, os.version: &apos;6.2.0-39-generic&apos;, java.version: &apos;18.0.2-ea&apos;&#10;Driver info: org.openqa.selenium.firefox.FirefoxDriver&#10;Command: [ccf0d887-fa09-4e3a-80ff-58656caf204f, clickElement {id=825820fe-692c-4f3f-a32a-a90fbd788d21}]&#10;Capabilities {acceptInsecureCerts: true, browserName: firefox, browserVersion: 124.0.2, moz:accessibilityChecks: false, moz:buildID: 20240401184549, moz:debuggerAddress: 127.0.0.1:13724, moz:geckodriverVersion: 0.34.0, moz:headless: true, moz:platformVersion: 6.2.0-39-generic, moz:processID: 117414, moz:profile: /tmp/rust_mozprofiledQhOdS, moz:shutdownTimeout: 60000, moz:webdriverClick: true, moz:windowless: false, pageLoadStrategy: normal, platformName: linux, proxy: Proxy(), se:cdp: ws://127.0.0.1:13724/devtoo..., se:cdpVersion: 85.0, setWindowRect: true, strictFileInteractability: false, timeouts: {implicit: 0, pageLoad: 300000, script: 30000}, unhandledPromptBehavior: dismiss and notify}&#10;Element: [[FirefoxDriver: firefox on linux (ccf0d887-fa09-4e3a-80ff-58656caf204f)] -&gt; xpath: //*[@id=&apos;dayRangeFilter&apos;]/label[4]]&#10;Session ID: ccf0d887-fa09-4e3a-80ff-58656caf204f" type="org.openqa.selenium.ElementClickInterceptedException"><![CDATA[org.openqa.selenium.ElementClickInterceptedException: 
Element <label class="btn btn-outline-primary active"> is not clickable at point (607,237) because another element <div class="swal2-header"> obscures it
Build info: version: '4.10.0', revision: 'c14d967899'
System info: os.name: 'Linux', os.arch: 'amd64', os.version: '6.2.0-39-generic', java.version: '18.0.2-ea'
Driver info: org.openqa.selenium.firefox.FirefoxDriver
Command: [ccf0d887-fa09-4e3a-80ff-58656caf204f, clickElement {id=825820fe-692c-4f3f-a32a-a90fbd788d21}]
Capabilities {acceptInsecureCerts: true, browserName: firefox, browserVersion: 124.0.2, moz:accessibilityChecks: false, moz:buildID: 20240401184549, moz:debuggerAddress: 127.0.0.1:13724, moz:geckodriverVersion: 0.34.0, moz:headless: true, moz:platformVersion: 6.2.0-39-generic, moz:processID: 117414, moz:profile: /tmp/rust_mozprofiledQhOdS, moz:shutdownTimeout: 60000, moz:webdriverClick: true, moz:windowless: false, pageLoadStrategy: normal, platformName: linux, proxy: Proxy(), se:cdp: ws://127.0.0.1:13724/devtoo..., se:cdpVersion: 85.0, setWindowRect: true, strictFileInteractability: false, timeouts: {implicit: 0, pageLoad: 300000, script: 30000}, unhandledPromptBehavior: dismiss and notify}
Element: [[FirefoxDriver: firefox on linux (ccf0d887-fa09-4e3a-80ff-58656caf204f)] -> xpath: //*[@id='dayRangeFilter']/label[4]]
Session ID: ccf0d887-fa09-4e3a-80ff-58656caf204f
	at com.selenium.VehicleBlockList.vehicleBlockMonthCsv(VehicleBlockList.java:146)
]]></failure>
  </testcase>
  <testcase name="vehicleBlockMonthPdf" classname="com.selenium.VehicleBlockList" time="2.009"/>
  <testcase name="selectListCount" classname="com.selenium.VehicleBlockList" time="2.065"/>
  <testcase name="vehicleBlockListTable" classname="com.selenium.VehicleBlockList" time="6.023"/>
  <testcase name="searchVehicleNumber" classname="com.selenium.VehicleBlockList" time="8.063"/>
  <testcase name="searchBlockListMobileNumber" classname="com.selenium.VehicleBlockList" time="8.11"/>
  <testcase name="validateBlockListDate" classname="com.selenium.VehicleBlockList" time="0.029"/>
  <testcase name="validateBlockListUser" classname="com.selenium.VehicleBlockList" time="0.015"/>
  <testcase name="validateBlockListMobileNum" classname="com.selenium.VehicleBlockList" time="0.014"/>
  <testcase name="validateBlockListVehicleNum" classname="com.selenium.VehicleBlockList" time="0.01"/>
  <testcase name="validateBlockListAmount" classname="com.selenium.VehicleBlockList" time="0.009"/>
  <testcase name="validateBlockListStatus" classname="com.selenium.VehicleBlockList" time="0.008"/>
  <testcase name="selectAction" classname="com.selenium.VehicleBlockList" time="5.011"/>
  <testcase name="logout" classname="com.selenium.VehicleBlockList" time="2.023"/>
  <testcase name="login" classname="com.selenium.CouponReports" time="3.741"/>
  <testcase name="revenueDashboardOpen" classname="com.selenium.CouponReports" time="5.102"/>
  <testcase name="redirectCouponReportsPage" classname="com.selenium.CouponReports" time="4.354"/>
  <testcase name="viewCouponSiteList" classname="com.selenium.CouponReports" time="3.593"/>
  <testcase name="vehicleBlockListDates" classname="com.selenium.CouponReports" time="4.928"/>
  <testcase name="selectCouponStartDate" classname="com.selenium.CouponReports" time="8.778"/>
  <testcase name="selectCouponEndDate" classname="com.selenium.CouponReports" time="11.516"/>
  <testcase name="selectListCount" classname="com.selenium.CouponReports" time="2.281"/>
  <testcase name="getCouponsTable" classname="com.selenium.CouponReports" time="15.389"/>
  <testcase name="searchVehicleNumber" classname="com.selenium.CouponReports" time="7.048"/>
  <testcase name="searchCouponMobileNumber" classname="com.selenium.CouponReports" time="7.077"/>
  <testcase name="searchCouponCode" classname="com.selenium.CouponReports" time="7.11"/>
  <testcase name="searchCouponStatus" classname="com.selenium.CouponReports" time="7.153"/>
  <testcase name="searchCouponCreatedTime" classname="com.selenium.CouponReports" time="7.123"/>
  <testcase name="validateCouponVehicleNumber" classname="com.selenium.CouponReports" time="0.016"/>
  <testcase name="validateCouponMobileNumber" classname="com.selenium.CouponReports" time="0.007"/>
  <testcase name="validateCouponCode" classname="com.selenium.CouponReports" time="0.007"/>
  <testcase name="validateCouponAmount" classname="com.selenium.CouponReports" time="0.007"/>
  <testcase name="validateCouponStatusNull" classname="com.selenium.CouponReports" time="0.007"/>
  <testcase name="validateCouponStatusInvalid" classname="com.selenium.CouponReports" time="0.006"/>
  <testcase name="validateCouponCreatedTime" classname="com.selenium.CouponReports" time="0.006"/>
  <testcase name="validateCouponStartTime" classname="com.selenium.CouponReports" time="0.006"/>
  <testcase name="validateCouponEndDate" classname="com.selenium.CouponReports" time="0.007"/>
  <testcase name="logout" classname="com.selenium.CouponReports" time="5.255"/>
  <testcase name="login" classname="com.selenium.UnAccountedReports" time="3.678"/>
  <testcase name="revenueDashboardOpen" classname="com.selenium.UnAccountedReports" time="5.091"/>
  <testcase name="redirectUnAccountedReportsPage" classname="com.selenium.UnAccountedReports" time="4.325"/>
  <testcase name="viewUnAccountedSiteList" classname="com.selenium.UnAccountedReports" time="3.001"/>
  <testcase name="selectDevicemPOS" classname="com.selenium.UnAccountedReports" time="2.067"/>
  <testcase name="mPOSDatesEnabled" classname="com.selenium.UnAccountedReports" time="4.935"/>
  <testcase name="selectMPOSStartDate" classname="com.selenium.UnAccountedReports" time="8.772"/>
  <testcase name="selectMPOSEndDate" classname="com.selenium.UnAccountedReports" time="11.44"/>
  <testcase name="selectMPOSListCount" classname="com.selenium.UnAccountedReports" time="2.29"/>
  <testcase name="getUnAccountedTableDataMPOS" classname="com.selenium.UnAccountedReports" time="6.026"/>
  <testcase name="searchMPOSVehicleNumber" classname="com.selenium.UnAccountedReports" time="4.048"/>
  <testcase name="validateMPOSTicketNo" classname="com.selenium.UnAccountedReports" time="0.015"/>
  <testcase name="validateMPOSVehicleNumber" classname="com.selenium.UnAccountedReports" time="0.008"/>
  <testcase name="validateMPOSMobileNumber" classname="com.selenium.UnAccountedReports" time="0.007"/>
  <testcase name="validateMPOSVehicleType" classname="com.selenium.UnAccountedReports" time="0.008"/>
  <testcase name="validateMPOSAmount" classname="com.selenium.UnAccountedReports" time="0.007"/>
  <testcase name="validateMPOSDisCountedAmount" classname="com.selenium.UnAccountedReports" time="0.007"/>
  <testcase name="validateMPOSPaymentType" classname="com.selenium.UnAccountedReports" time="0.007"/>
  <testcase name="validateMPOSStatus" classname="com.selenium.UnAccountedReports" time="0.007"/>
  <testcase name="validateMPOSType" classname="com.selenium.UnAccountedReports" time="0.007"/>
  <testcase name="selectDeviceAndroid" classname="com.selenium.UnAccountedReports" time="2.024"/>
  <testcase name="androidDatesEnabled" classname="com.selenium.UnAccountedReports" time="4.839"/>
  <testcase name="selectANDROIDStartDate" classname="com.selenium.UnAccountedReports" time="8.671"/>
  <testcase name="selectANDROIDEndDate" classname="com.selenium.UnAccountedReports" time="11.478"/>
  <testcase name="selectANDROIDListCount" classname="com.selenium.UnAccountedReports" time="2.057"/>
  <testcase name="unAccountedTableANDROID" classname="com.selenium.UnAccountedReports" time="6.021"/>
  <testcase name="searchANDROIDVehicleNumber" classname="com.selenium.UnAccountedReports" time="4.085"/>
  <testcase name="validateANDROIDTicketNo" classname="com.selenium.UnAccountedReports" time="0.043"/>
  <testcase name="validateANDROIDVehicleNumber" classname="com.selenium.UnAccountedReports" time="0.009"/>
  <testcase name="validateANDROIDMobileNumber" classname="com.selenium.UnAccountedReports" time="0.008"/>
  <testcase name="validateANDROIDVehicleType" classname="com.selenium.UnAccountedReports" time="0.007"/>
  <testcase name="validateANDROIDAmount" classname="com.selenium.UnAccountedReports" time="0.006"/>
  <testcase name="validateANDROIDDisCountedAmount" classname="com.selenium.UnAccountedReports" time="0.006"/>
  <testcase name="validateANDROIDPaymentType" classname="com.selenium.UnAccountedReports" time="0.008"/>
  <testcase name="validateANDROIDStatus" classname="com.selenium.UnAccountedReports" time="0.007"/>
  <testcase name="validateANDROIDType" classname="com.selenium.UnAccountedReports" time="0.007"/>
  <testcase name="selectDeviceiOS" classname="com.selenium.UnAccountedReports" time="2.024"/>
  <testcase name="iOSDatesEnabled" classname="com.selenium.UnAccountedReports" time="4.871"/>
  <testcase name="selectiOSStartDate" classname="com.selenium.UnAccountedReports" time="8.708"/>
  <testcase name="selectiOSEndDate" classname="com.selenium.UnAccountedReports" time="11.484"/>
  <testcase name="selectiOSListCount" classname="com.selenium.UnAccountedReports" time="2.05"/>
  <testcase name="unAccountedTableiOS" classname="com.selenium.UnAccountedReports" time="6.02"/>
  <testcase name="searchiOSVehicleNumber" classname="com.selenium.UnAccountedReports" time="4.046"/>
  <testcase name="validateiOSTicketNo" classname="com.selenium.UnAccountedReports" time="0.046"/>
  <testcase name="validateiOSVehicleNumber" classname="com.selenium.UnAccountedReports" time="0.017"/>
  <testcase name="validateiOSMobileNumber" classname="com.selenium.UnAccountedReports" time="0.018"/>
  <testcase name="validateiOSVehicleType" classname="com.selenium.UnAccountedReports" time="0.018"/>
  <testcase name="validateiOSAmount" classname="com.selenium.UnAccountedReports" time="0.018"/>
  <testcase name="validateiOSDisCountedAmount" classname="com.selenium.UnAccountedReports" time="0.018"/>
  <testcase name="validateiOSPaymentType" classname="com.selenium.UnAccountedReports" time="0.019"/>
  <testcase name="validateiOSStatus" classname="com.selenium.UnAccountedReports" time="0.018"/>
  <testcase name="validateiOSType" classname="com.selenium.UnAccountedReports" time="0.011"/>
  <testcase name="selectDeviceMobileMPOS" classname="com.selenium.UnAccountedReports" time="2.03"/>
  <testcase name="mobileMPOSDatesEnabled" classname="com.selenium.UnAccountedReports" time="4.871"/>
  <testcase name="selectMobileMOSStartDate" classname="com.selenium.UnAccountedReports" time="8.78"/>
  <testcase name="selectMobileMPOSEndDate" classname="com.selenium.UnAccountedReports" time="11.483"/>
  <testcase name="selectMobileMPOSListCount" classname="com.selenium.UnAccountedReports" time="2.031"/>
  <testcase name="unAccountedTableMobileMPOS" classname="com.selenium.UnAccountedReports" time="6.011"/>
  <testcase name="searchVehicleNumber" classname="com.selenium.UnAccountedReports" time="4.05"/>
  <testcase name="validateMmPOSTicketNo" classname="com.selenium.UnAccountedReports" time="0.021"/>
  <testcase name="validateMmPOSVehicleNumber" classname="com.selenium.UnAccountedReports" time="0.006"/>
  <testcase name="validateMmPOSMobileNumber" classname="com.selenium.UnAccountedReports" time="0.006"/>
  <testcase name="validateMmPOSVehicleType" classname="com.selenium.UnAccountedReports" time="0.006"/>
  <testcase name="validateMmPOSAmount" classname="com.selenium.UnAccountedReports" time="0.006"/>
  <testcase name="validateMmPOSDisCountedAmount" classname="com.selenium.UnAccountedReports" time="0.005"/>
  <testcase name="validateMmPOSPaymentType" classname="com.selenium.UnAccountedReports" time="0.006"/>
  <testcase name="validateMmPOSStatus" classname="com.selenium.UnAccountedReports" time="0.005"/>
  <testcase name="validateMmPOSType" classname="com.selenium.UnAccountedReports" time="0.005"/>
  <testcase name="logout" classname="com.selenium.UnAccountedReports" time="2.232"/>
  <testcase name="login" classname="com.selenium.PayUReports" time="3.866"/>
  <testcase name="redirectRevenueDashboard" classname="com.selenium.PayUReports" time="5.111"/>
  <testcase name="redirectPayUReportsPage" classname="com.selenium.PayUReports" time="6.361"/>
  <testcase name="payUDatesEnabled" classname="com.selenium.PayUReports" time="1.062"/>
  <testcase name="payUReportCount" classname="com.selenium.PayUReports" time="5.261"/>
  <testcase name="selectPayUStartDate" classname="com.selenium.PayUReports" time="8.732"/>
  <testcase name="selectPayUEndDate" classname="com.selenium.PayUReports" time="11.505"/>
  <testcase name="downloadPayUReportCSVfile" classname="com.selenium.PayUReports" time="2.234"/>
  <testcase name="downloadPayUReportPDFfile" classname="com.selenium.PayUReports" time="0.018"/>
  <testcase name="nextPage" classname="com.selenium.PayUReports" time="5.049"/>
  <testcase name="payUReportsTable" classname="com.selenium.PayUReports" time="9.023"/>
  <testcase name="validatePayUAmount" classname="com.selenium.PayUReports" time="0.022">
    <failure message="Index 6 out of bounds for length 1" type="java.lang.IndexOutOfBoundsException">java.lang.IndexOutOfBoundsException: Index 6 out of bounds for length 1
	at com.selenium.PayUReports.validatePayUAmount(PayUReports.java:253)
</failure>
  </testcase>
  <testcase name="validatePayUStatus" classname="com.selenium.PayUReports" time="0.017">
    <failure message="Index 13 out of bounds for length 1" type="java.lang.IndexOutOfBoundsException">java.lang.IndexOutOfBoundsException: Index 13 out of bounds for length 1
	at com.selenium.PayUReports.validatePayUStatus(PayUReports.java:284)
</failure>
  </testcase>
  <testcase name="againDownloadCsv" classname="com.selenium.PayUReports" time="0.022"/>
  <testcase name="againDownloadPdf" classname="com.selenium.PayUReports" time="0.006"/>
  <testcase name="login" classname="com.selenium.LiveInfo" time="3.881"/>
  <testcase name="revenueDashboardOpen" classname="com.selenium.LiveInfo" time="5.119"/>
  <testcase name="liveInfoPage" classname="com.selenium.LiveInfo" time="2.247"/>
  <testcase name="siteStatusPage" classname="com.selenium.LiveInfo" time="3.143"/>
  <testcase name="siteStatusZoomOut" classname="com.selenium.LiveInfo" time="7.236"/>
  <testcase name="siteStatusZoomIn" classname="com.selenium.LiveInfo" time="5.473"/>
  <testcase name="getPopUpSiteDetails" classname="com.selenium.LiveInfo" time="0.016"/>
  <testcase name="deviceStatusPage" classname="com.selenium.LiveInfo" time="4.092"/>
  <testcase name="deviceStatusZoomOut" classname="com.selenium.LiveInfo" time="7.226"/>
  <testcase name="deviceStatusZoomIn" classname="com.selenium.LiveInfo" time="5.456"/>
  <testcase name="selectDeviceLocation" classname="com.selenium.LiveInfo" time="5.017"/>
  <testcase name="getDeviceLocationDetails" classname="com.selenium.LiveInfo" time="5.065"/>
  <testcase name="transactionsPage" classname="com.selenium.LiveInfo" time="4.087"/>
  <testcase name="transactionsCSV" classname="com.selenium.LiveInfo" time="10.226"/>
  <testcase name="transactionsPDF" classname="com.selenium.LiveInfo" time="2.379"/>
  <testcase name="nextPageTransactions" classname="com.selenium.LiveInfo" time="6.48"/>
  <testcase name="getSiteNamesTransactions" classname="com.selenium.LiveInfo" time="2.124"/>
  <testcase name="searchSiteName" classname="com.selenium.LiveInfo" time="4.06"/>
  <testcase name="logout" classname="com.selenium.LiveInfo" time="2.269"/>
  <testcase name="login" classname="com.selenium.AlarmsNotifications" time="3.756"/>
  <testcase name="revenueDashboardOpen" classname="com.selenium.AlarmsNotifications" time="5.091"/>
  <testcase name="alarmsNotificationsPage" classname="com.selenium.AlarmsNotifications" time="4.088"/>
  <testcase name="clickManualAlert" classname="com.selenium.AlarmsNotifications" time="7.284"/>
  <testcase name="createManualTask" classname="com.selenium.AlarmsNotifications" time="4.215"/>
  <testcase name="createMsgSelectSite" classname="com.selenium.AlarmsNotifications" time="0.307"/>
  <testcase name="selectManualServiceUser" classname="com.selenium.AlarmsNotifications" time="3.082"/>
  <testcase name="selectAlertType" classname="com.selenium.AlarmsNotifications" time="0.324"/>
  <testcase name="alertDescription" classname="com.selenium.AlarmsNotifications" time="0.112"/>
  <testcase name="manualTaskSubmit" classname="com.selenium.AlarmsNotifications" time="2.235"/>
  <testcase name="manualTaskAlertStatus" classname="com.selenium.AlarmsNotifications" time="6.027"/>
  <testcase name="clickManualAlertOKButton" classname="com.selenium.AlarmsNotifications" time="0.224"/>
  <testcase name="manualTaskCsv" classname="com.selenium.AlarmsNotifications" time="0.018"/>
  <testcase name="manualTaskPdf" classname="com.selenium.AlarmsNotifications" time="3.052"/>
  <testcase name="clickOverTime" classname="com.selenium.AlarmsNotifications" time="5.016"/>
  <testcase name="selectSiteOverTimeVehicle" classname="com.selenium.AlarmsNotifications" time="0.019"/>
  <testcase name="downloadOTCSVFiles" classname="com.selenium.AlarmsNotifications" time="0.015"/>
  <testcase name="downloadOTPDFFiles" classname="com.selenium.AlarmsNotifications" time="3.02"/>
  <testcase name="selectOTFourWheeler" classname="com.selenium.AlarmsNotifications" time="3.014"/>
  <testcase name="selectOTTwoWheeler" classname="com.selenium.AlarmsNotifications" time="0.014"/>
  <testcase name="clickTransactionAlert" classname="com.selenium.AlarmsNotifications" time="2.016"/>
  <testcase name="trasnactionCsv" classname="com.selenium.AlarmsNotifications" time="0.015"/>
  <testcase name="transactionPdf" classname="com.selenium.AlarmsNotifications" time="0.033"/>
  <testcase name="clickPOSAlert" classname="com.selenium.AlarmsNotifications" time="2.017"/>
  <testcase name="posAlertsDatesEnabled" classname="com.selenium.AlarmsNotifications" time="3.191"/>
  <testcase name="posCsv" classname="com.selenium.AlarmsNotifications" time="0.014"/>
  <testcase name="posPdf" classname="com.selenium.AlarmsNotifications" time="3.037"/>
  <testcase name="clickDeviceAlert" classname="com.selenium.AlarmsNotifications" time="5.016"/>
  <testcase name="devcieAlertsCsv" classname="com.selenium.AlarmsNotifications" time="0.014"/>
  <testcase name="deviceAlertsPdf" classname="com.selenium.AlarmsNotifications" time="3.015"/>
  <testcase name="deviceAlertsNextPage" classname="com.selenium.AlarmsNotifications" time="3.014"/>
  <testcase name="editTaskDeviceAlerts" classname="com.selenium.AlarmsNotifications" time="2.008"/>
  <testcase name="selectServiceUser" classname="com.selenium.AlarmsNotifications" time="0.013"/>
  <testcase name="taskSubmitBtn" classname="com.selenium.AlarmsNotifications" time="2.017"/>
  <testcase name="taskAlertStatus" classname="com.selenium.AlarmsNotifications" time="3.004"/>
  <testcase name="clickSweetAlertOKButton" classname="com.selenium.AlarmsNotifications" time="0.003"/>
  <testcase name="taskPopUPClose" classname="com.selenium.AlarmsNotifications" time="3.008"/>
  <testcase name="clickTaskViewButton" classname="com.selenium.AlarmsNotifications" time="3.015"/>
  <testcase name="viewTaskCsv" classname="com.selenium.AlarmsNotifications" time="2.016"/>
  <testcase name="viewTaskPdf" classname="com.selenium.AlarmsNotifications" time="3.013"/>
  <testcase name="logAlertDetails" classname="com.selenium.AlarmsNotifications" time="0.117"/>
  <testcase name="clickCompleteStatusButton" classname="com.selenium.AlarmsNotifications" time="3.016"/>
  <testcase name="completedStatusSweetAlert" classname="com.selenium.AlarmsNotifications" time="3.003"/>
  <testcase name="clickCompleteSweetAlertOKButton" classname="com.selenium.AlarmsNotifications" time="0.003"/>
  <testcase name="deviceDetailsPopUPClose" classname="com.selenium.AlarmsNotifications" time="4.016"/>
  <testcase name="unAssignAlert" classname="com.selenium.AlarmsNotifications" time="2.014"/>
  <testcase name="unAssignAlertStatus" classname="com.selenium.AlarmsNotifications" time="3.007"/>
  <testcase name="unAssignSweetAlertOKButton" classname="com.selenium.AlarmsNotifications" time="0.006"/>
  <testcase name="validateActionStatus" classname="com.selenium.AlarmsNotifications" time="0.067"/>
  <testcase name="logout" classname="com.selenium.AlarmsNotifications" time="5.017"/>
  <testcase name="login" classname="com.selenium.AlertMessages" time="3.722"/>
  <testcase name="revenueDashboardOpen" classname="com.selenium.AlertMessages" time="5.119"/>
  <testcase name="siteConfigurationPage" classname="com.selenium.AlertMessages" time="2.371"/>
  <testcase name="jstreeOrg" classname="com.selenium.AlertMessages" time="3.224"/>
  <testcase name="applicationMsgs" classname="com.selenium.AlertMessages" time="2.24"/>
  <testcase name="applicationMsgsAnchor" classname="com.selenium.AlertMessages" time="5.261"/>
  <testcase name="selectEng" classname="com.selenium.AlertMessages" time="3.324"/>
  <testcase name="createMessage_English" classname="com.selenium.AlertMessages" time="0.068"/>
  <testcase name="msgSubmit" classname="com.selenium.AlertMessages" time="3.236"/>
  <testcase name="alertStatus" classname="com.selenium.AlertMessages" time="3.041"/>
  <testcase name="engStatusOk" classname="com.selenium.AlertMessages" time="3.244"/>
  <testcase name="messagesToView" classname="com.selenium.AlertMessages" time="5.263"/>
  <testcase name="getAlertMessagesTableDetails" classname="com.selenium.AlertMessages" time="0.278"/>
  <testcase name="engMsgDeleteRow" classname="com.selenium.AlertMessages" time="5.123"/>
  <testcase name="engMsgDeleteBtn" classname="com.selenium.AlertMessages" time="2.234"/>
  <testcase name="alertDelStatus" classname="com.selenium.AlertMessages" time="3.057"/>
  <testcase name="engDeleteOK" classname="com.selenium.AlertMessages" time="3.224"/>
  <testcase name="applicationMsgs_ToCreate_Hindi" classname="com.selenium.AlertMessages" time="5.235"/>
  <testcase name="selectHindi" classname="com.selenium.AlertMessages" time="3.347"/>
  <testcase name="createMessageHindi" classname="com.selenium.AlertMessages" time="0.063"/>
  <testcase name="hindiSubmit" classname="com.selenium.AlertMessages" time="3.222"/>
  <testcase name="alertHindiStatus" classname="com.selenium.AlertMessages" time="6.063"/>
  <testcase name="hindiOK" classname="com.selenium.AlertMessages" time="3.233"/>
  <testcase name="messagesToView_AfterCreate_Hindi" classname="com.selenium.AlertMessages" time="5.244"/>
  <testcase name="messsgesAnchorHindi" classname="com.selenium.AlertMessages" time="0.287"/>
  <testcase name="hindiMsgDeleteRow" classname="com.selenium.AlertMessages" time="0.006"/>
  <testcase name="deleteAlertMsgHindi" classname="com.selenium.AlertMessages" time="2.244"/>
  <testcase name="alertHindiDelStatus" classname="com.selenium.AlertMessages" time="6.064"/>
  <testcase name="hindiDeleteOK" classname="com.selenium.AlertMessages" time="3.222"/>
  <testcase name="applicationMsgs_ToCreate_TwiceEnglish" classname="com.selenium.AlertMessages" time="5.233"/>
  <testcase name="secondSelectEng" classname="com.selenium.AlertMessages" time="3.326"/>
  <testcase name="secondCreateEng" classname="com.selenium.AlertMessages" time="0.05"/>
  <testcase name="secondMsgSubmit" classname="com.selenium.AlertMessages" time="3.234"/>
  <testcase name="secondStatus" classname="com.selenium.AlertMessages" time="6.063"/>
  <testcase name="secondStatusOk" classname="com.selenium.AlertMessages" time="3.236"/>
  <testcase name="messagesToView_AfterCreate_TwiceEnglish" classname="com.selenium.AlertMessages" time="5.233"/>
  <testcase name="applicationMsgs_ToCreate_Marathi" classname="com.selenium.AlertMessages" time="5.23"/>
  <testcase name="selectMarathi" classname="com.selenium.AlertMessages" time="3.309"/>
  <testcase name="createMessageMarathi" classname="com.selenium.AlertMessages" time="2.018"/>
  <testcase name="MarathiSubmit" classname="com.selenium.AlertMessages" time="3.233"/>
  <testcase name="alertMarathiStatus" classname="com.selenium.AlertMessages" time="6.059"/>
  <testcase name="marathiOK" classname="com.selenium.AlertMessages" time="3.265"/>
  <testcase name="messagesToView_AfterCreate_Marathi" classname="com.selenium.AlertMessages" time="5.241"/>
  <testcase name="messsgesAnchorMarathi" classname="com.selenium.AlertMessages" time="0.328"/>
  <testcase name="marathiMsgDeleteRow" classname="com.selenium.AlertMessages" time="0.006"/>
  <testcase name="deleteAlertMsgMarathi" classname="com.selenium.AlertMessages" time="2.249"/>
  <testcase name="alertMarathiDelStatus" classname="com.selenium.AlertMessages" time="6.057"/>
  <testcase name="marathiDeleteOK" classname="com.selenium.AlertMessages" time="0.237"/>
  <testcase name="logout" classname="com.selenium.AlertMessages" time="5.27"/>
  <testcase name="login" classname="com.selenium.ApplicationImages" time="3.742"/>
  <testcase name="revenueDashboardOpen" classname="com.selenium.ApplicationImages" time="5.141"/>
  <testcase name="siteConfigurationPage" classname="com.selenium.ApplicationImages" time="4.336"/>
  <testcase name="jstreeOrg" classname="com.selenium.ApplicationImages" time="3.235"/>
  <testcase name="applicationImages" classname="com.selenium.ApplicationImages" time="5.258"/>
  <testcase name="applicationImagesTreeOpen" classname="com.selenium.ApplicationImages" time="4.226"/>
  <testcase name="androidTreeOpen" classname="com.selenium.ApplicationImages" time="4.227"/>
  <testcase name="iOSTreeOpen" classname="com.selenium.ApplicationImages" time="4.212"/>
  <testcase name="mPOSTreeOpen" classname="com.selenium.ApplicationImages" time="4.224"/>
  <testcase name="selectAndroid" classname="com.selenium.ApplicationImages" time="4.227"/>
  <testcase name="getAndroidHeading" classname="com.selenium.ApplicationImages" time="0.038"/>
  <testcase name="androidDetails_Editable_Or_Not" classname="com.selenium.ApplicationImages" time="0.04"/>
  <testcase name="getAndroidInfo" classname="com.selenium.ApplicationImages" time="0.019"/>
  <testcase name="selectAndroidVersion" classname="com.selenium.ApplicationImages" time="3.004"/>
  <testcase name="getAndroidVersionDetails_Heading" classname="com.selenium.ApplicationImages" time="0.01"/>
  <testcase name="androidVersion_Editable_or_Not" classname="com.selenium.ApplicationImages" time="0.053"/>
  <testcase name="apkAndroidDwnld" classname="com.selenium.ApplicationImages" time="3.013"/>
  <testcase name="selectIOS" classname="com.selenium.ApplicationImages" time="4.231"/>
  <testcase name="getiOSDetails" classname="com.selenium.ApplicationImages" time="0.034"/>
  <testcase name="iOSDetails_Editable_Or_Not" classname="com.selenium.ApplicationImages" time="0.043"/>
  <testcase name="selectiOSVersion" classname="com.selenium.ApplicationImages" time="3.008"/>
  <testcase name="iOSVersion_Editable_or_Not" classname="com.selenium.ApplicationImages" time="0.098"/>
  <testcase name="getiOSVersionDetails_Heading" classname="com.selenium.ApplicationImages" time="0.009"/>
  <testcase name="apkiOSDwnld" classname="com.selenium.ApplicationImages" time="3.017"/>
  <testcase name="selectmPOS" classname="com.selenium.ApplicationImages" time="4.267"/>
  <testcase name="getmPOSDetails" classname="com.selenium.ApplicationImages" time="0.013"/>
  <testcase name="mPOSDetails_Editable_Or_Not" classname="com.selenium.ApplicationImages" time="0.026"/>
  <testcase name="selectmPOSVersion" classname="com.selenium.ApplicationImages" time="3.008"/>
  <testcase name="apkmPOSDwnld" classname="com.selenium.ApplicationImages" time="3.017"/>
  <testcase name="logout" classname="com.selenium.ApplicationImages" time="5.259"/>
  <testcase name="login" classname="com.selenium.PosManagement" time="3.651"/>
  <testcase name="revenueDashboardOpen" classname="com.selenium.PosManagement" time="5.118"/>
  <testcase name="posConfigurationPage" classname="com.selenium.PosManagement" time="6.333"/>
  <testcase name="selectSiteName" classname="com.selenium.PosManagement" time="6.602"/>
  <testcase name="parkingVehicleTab" classname="com.selenium.PosManagement" time="3.233"/>
  <testcase name="clickAddParkVehicle" classname="com.selenium.PosManagement" time="3.224"/>
  <testcase name="selectVehicle" classname="com.selenium.PosManagement" time="5.584"/>
  <testcase name="addVehicleBtn" classname="com.selenium.PosManagement" time="5.237"/>
  <testcase name="extractPopupTextAddVehicle" classname="com.selenium.PosManagement" time="3.058"/>
  <testcase name="statusOKAddVehicle" classname="com.selenium.PosManagement" time="2.228"/>
  <testcase name="parkingChargesTab" classname="com.selenium.PosManagement" time="3.22"/>
  <testcase name="parkingChargesView" classname="com.selenium.PosManagement" time="3.222"/>
  <testcase name="selectAllWeekButtons" classname="com.selenium.PosManagement" time="11.547"/>
  <testcase name="selectWednesdayButton" classname="com.selenium.PosManagement" time="3.235"/>
  <testcase name="updateInputValue" classname="com.selenium.PosManagement" time="3.05"/>
  <testcase name="pChargesSubmitBtn" classname="com.selenium.PosManagement" time="2.217"/>
  <testcase name="extractUpdateParckingChargesText" classname="com.selenium.PosManagement" time="2.033"/>
  <testcase name="parkingChargeStatusOK" classname="com.selenium.PosManagement" time="1.258"/>
  <testcase name="selectReserveCharges" classname="com.selenium.PosManagement" time="0.301"/>
  <testcase name="reserveChargesEditBtn" classname="com.selenium.PosManagement" time="0.008"/>
  <testcase name="updatereservationCharges" classname="com.selenium.PosManagement" time="0.013"/>
  <testcase name="updateReservationsSubmitBtn" classname="com.selenium.PosManagement" time="2.02"/>
  <testcase name="reserveChargesUpdatePopupText" classname="com.selenium.PosManagement" time="2.003"/>
  <testcase name="reserveChargeUpdateStatusOK" classname="com.selenium.PosManagement" time="1.007"/>
  <testcase name="selectParkingChargesTabTwice" classname="com.selenium.PosManagement" time="3.016"/>
  <testcase name="clickVerifyAddReserveBtn" classname="com.selenium.PosManagement" time="3.007"/>
  <testcase name="addReservationChargesVehicleType" classname="com.selenium.PosManagement" time="3.006"/>
  <testcase name="addReservationInputCharges" classname="com.selenium.PosManagement" time="3.015"/>
  <testcase name="addReservationChargesDateSelection" classname="com.selenium.PosManagement" time="3.015"/>
  <testcase name="addReservationChargesDay" classname="com.selenium.PosManagement" time="3.017"/>
  <testcase name="addReservationChargesDuration" classname="com.selenium.PosManagement" time="3.005"/>
  <testcase name="clickVerifySaveReserveBtn" classname="com.selenium.PosManagement" time="6.015"/>
  <testcase name="extractAddReservationCharges" classname="com.selenium.PosManagement" time="2.002"/>
  <testcase name="okStatusAddReservation" classname="com.selenium.PosManagement" time="1.007"/>
  <testcase name="popUpCloseAddReservation" classname="com.selenium.PosManagement" time="2.014"/>
  <testcase name="selectParkingChargesTabThrice" classname="com.selenium.PosManagement" time="3.071"/>
  <testcase name="selectSpecialCharges" classname="com.selenium.PosManagement" time="5.29"/>
  <testcase name="splChargesWeekBtn" classname="com.selenium.PosManagement" time="11.552"/>
  <testcase name="clickSCAddBtn" classname="com.selenium.PosManagement" time="2.212"/>
  <testcase name="selectWednesdayButtonTwice" classname="com.selenium.PosManagement" time="3.24"/>
  <testcase name="splChargesStartHour" classname="com.selenium.PosManagement" time="2.27"/>
  <testcase name="splChargesEndHour" classname="com.selenium.PosManagement" time="2.417"/>
  <testcase name="splChargesEnterCharges" classname="com.selenium.PosManagement" time="2.248"/>
  <testcase name="splChargesEnterDisCharges" classname="com.selenium.PosManagement" time="2.25"/>
  <testcase name="splChargeCardDisCharges" classname="com.selenium.PosManagement" time="2.247"/>
  <testcase name="splChargeUPIDisCharges" classname="com.selenium.PosManagement" time="2.229"/>
  <testcase name="addSplChargesSubmitBtn" classname="com.selenium.PosManagement" time="2.217"/>
  <testcase name="addSpecialChargesPopUptext" classname="com.selenium.PosManagement" time="3.056"/>
  <testcase name="addSpecialChargesStatusOK" classname="com.selenium.PosManagement" time="2.221"/>
  <testcase name="specialChargesView" classname="com.selenium.PosManagement" time="5.532"/>
  <testcase name="selectWednesdayButtonThrice" classname="com.selenium.PosManagement" time="3.222"/>
  <testcase name="deleteSpecialCharges" classname="com.selenium.PosManagement" time="5.234"/>
  <testcase name="deleteSpecialChargesPopUptext" classname="com.selenium.PosManagement" time="3.029"/>
  <testcase name="deleteSpecialChargesStatusOK" classname="com.selenium.PosManagement" time="2.221"/>
  <testcase name="parkingChargesViewTwice" classname="com.selenium.PosManagement" time="3.017"/>
  <testcase name="selectSpecialChargesTwice" classname="com.selenium.PosManagement" time="5.031"/>
  <testcase name="selectValetCharges" classname="com.selenium.PosManagement" time="5.291"/>
  <testcase name="clickValetChargesAddBtn" classname="com.selenium.PosManagement" time="4.223"/>
  <testcase name="editValetCharges" classname="com.selenium.PosManagement" time="2.26"/>
  <testcase name="addValetChargesDateSelection" classname="com.selenium.PosManagement" time="11.735"/>
  <testcase name="addValetChargesDay" classname="com.selenium.PosManagement" time="3.734"/>
  <testcase name="addValetChargesDuration" classname="com.selenium.PosManagement" time="3.003"/>
  <testcase name="addValetChargesSubmitBtn" classname="com.selenium.PosManagement" time="3.242"/>
  <testcase name="addValetChargesPopupText" classname="com.selenium.PosManagement" time="3.02"/>
  <testcase name="addValetChargesStatusOK" classname="com.selenium.PosManagement" time="14.682"/>
  <testcase name="clickValetChargesEditBtn" classname="com.selenium.PosManagement" time="5.007"/>
  <testcase name="updateChargeInValetCharges" classname="com.selenium.PosManagement" time="3.008"/>
  <testcase name="updateValetChargesDateSelection" classname="com.selenium.PosManagement" time="3.015"/>
  <testcase name="updateValetChargesSubmitBtn" classname="com.selenium.PosManagement" time="3.008"/>
  <testcase name="updateValetChargesPopupText" classname="com.selenium.PosManagement" time="3.002"/>
  <testcase name="updateValetChargesStatusOK" classname="com.selenium.PosManagement" time="2.002"/>
  <testcase name="parkingPassesTab" classname="com.selenium.PosManagement" time="3.896"/>
  <testcase name="clickParkingPassesEditBtn" classname="com.selenium.PosManagement" time="3.265"/>
  <testcase name="setPassPrice" classname="com.selenium.PosManagement" time="2.053"/>
  <testcase name="clickUpdatePassButton" classname="com.selenium.PosManagement" time="2.249"/>
  <testcase name="updatePassPopupText" classname="com.selenium.PosManagement" time="2.026"/>
  <testcase name="updatePassstatusOK" classname="com.selenium.PosManagement" time="1.225"/>
  <testcase name="selectOptionFromDropdown" classname="com.selenium.PosManagement" time="3.251"/>
  <testcase name="performPassesTabSearch" classname="com.selenium.PosManagement" time="3.05"/>
  <testcase name="attenderShiftsTab" classname="com.selenium.PosManagement" time="3.222"/>
  <testcase name="openModalDialog" classname="com.selenium.PosManagement" time="3.214"/>
  <testcase name="updateShifts" classname="com.selenium.PosManagement" time="3.329"/>
  <testcase name="updateShiftPopupText" classname="com.selenium.PosManagement" time="4.058"/>
  <testcase name="updateShiftstatusOK" classname="com.selenium.PosManagement" time="3.214"/>
  <testcase name="clickAddAttenderShiftButton" classname="com.selenium.PosManagement" time="3.222"/>
  <testcase name="addAttenderShift" classname="com.selenium.PosManagement" time="12.585"/>
  <testcase name="addShiftPopupText" classname="com.selenium.PosManagement" time="2.033"/>
  <testcase name="addShiftstatusOK" classname="com.selenium.PosManagement" time="1.224"/>
  <testcase name="addShiftPopUPClose" classname="com.selenium.PosManagement" time="2.224"/>
  <testcase name="hawkerTab" classname="com.selenium.PosManagement" time="3.227"/>
  <testcase name="clickAddHawkerButton" classname="com.selenium.PosManagement" time="2.235"/>
  <testcase name="clickEditHawkerButton" classname="com.selenium.PosManagement" time="16.698"/>
  <testcase name="updateHawker" classname="com.selenium.PosManagement" time="2.23"/>
  <testcase name="AddHawkerPopUp" classname="com.selenium.PosManagement" time="4.054"/>
  <testcase name="AddHawkerPopUpStatus" classname="com.selenium.PosManagement" time="3.221"/>
  <testcase name="viewHawkerDetails" classname="com.selenium.PosManagement" time="2.215"/>
  <testcase name="updateHawkerDetails" classname="com.selenium.PosManagement" time="4.239"/>
  <testcase name="hawkerUpdate" classname="com.selenium.PosManagement" time="2.22"/>
  <testcase name="hawkerUpdatePopUp" classname="com.selenium.PosManagement" time="4.056"/>
  <testcase name="hawkerUpdateStatus" classname="com.selenium.PosManagement" time="3.228"/>
  <testcase name="deleteHawker" classname="com.selenium.PosManagement" time="1.223"/>
  <testcase name="hawkerDeletePopUp" classname="com.selenium.PosManagement" time="3.027"/>
  <testcase name="hawkerDeleteStatus" classname="com.selenium.PosManagement" time="2.218"/>
  <testcase name="verifyAdvertisementTab" classname="com.selenium.PosManagement" time="3.227"/>
  <testcase name="advertisementTab" classname="com.selenium.PosManagement" time="0.25"/>
  <testcase name="clickAddAdvertisementButton" classname="com.selenium.PosManagement" time="2.223"/>
  <testcase name="sendKeysToFieldsAdvertTypeField" classname="com.selenium.PosManagement" time="2.019"/>
  <testcase name="sendKeysInAdvertSubTypeField" classname="com.selenium.PosManagement" time="2.034"/>
  <testcase name="sendKeysTophoneNumberField" classname="com.selenium.PosManagement" time="2.035"/>
  <testcase name="sendKeysToaddressField" classname="com.selenium.PosManagement" time="2.018"/>
  <testcase name="advertiseSendKeysStartDateTime" classname="com.selenium.PosManagement" time="2.382"/>
  <testcase name="advertiseSendKeysEndDateTime" classname="com.selenium.PosManagement" time="2.425"/>
  <testcase name="advertiseSendKeysCharges" classname="com.selenium.PosManagement" time="2.017"/>
  <testcase name="addAdvertiseButton" classname="com.selenium.PosManagement" time="3.225"/>
  <testcase name="advertiseAddPopUp" classname="com.selenium.PosManagement" time="2.03"/>
  <testcase name="advertiseAddStatus" classname="com.selenium.PosManagement" time="1.23"/>
  <testcase name="performAdvertiseSearch" classname="com.selenium.PosManagement" time="3.024"/>
  <testcase name="logout" classname="com.selenium.PosManagement" time="5.265"/>
  <testcase name="login" classname="com.selenium.PaymentManagement" time="3.622"/>
  <testcase name="revenueDashboard" classname="com.selenium.PaymentManagement" time="5.109"/>
  <testcase name="paymentMgmtPage" classname="com.selenium.PaymentManagement" time="6.411"/>
  <testcase name="selectCreatedPageSite" classname="com.selenium.PaymentManagement" time="2.007"/>
  <testcase name="selectStartDate" classname="com.selenium.PaymentManagement" time="3.008"/>
  <testcase name="selectEndDate" classname="com.selenium.PaymentManagement" time="3.036"/>
  <testcase name="selectEntryType" classname="com.selenium.PaymentManagement" time="3.362"/>
  <testcase name="selectTransactionEntry" classname="com.selenium.PaymentManagement" time="10.008"/>
  <testcase name="verifyAutoFillFields" classname="com.selenium.PaymentManagement" time="0.061"/>
  <testcase name="select" classname="com.selenium.PaymentManagement" time="3.062"/>
  <testcase name="enterVehicleNumber" classname="com.selenium.PaymentManagement" time="1.017"/>
  <testcase name="selectVehicleType" classname="com.selenium.PaymentManagement" time="3.065"/>
  <testcase name="enterEmail" classname="com.selenium.PaymentManagement" time="0.029"/>
  <testcase name="discountAmount" classname="com.selenium.PaymentManagement" time="0.007"/>
  <testcase name="selectPaymentType" classname="com.selenium.PaymentManagement" time="0.02"/>
  <testcase name="selectStatusType" classname="com.selenium.PaymentManagement" time="0.018"/>
  <testcase name="addPaymentBtn" classname="com.selenium.PaymentManagement" time="5.083"/>
  <testcase name="getEntryTransDetails" classname="com.selenium.PaymentManagement" time="5.211"/>
  <testcase name="extractPopupText" classname="com.selenium.PaymentManagement" time="2.008"/>
  <testcase name="statusOK" classname="com.selenium.PaymentManagement" time="2.007"/>
  <testcase name="selectStartDateExit" classname="com.selenium.PaymentManagement" time="3.847"/>
  <testcase name="selectEndDateExit" classname="com.selenium.PaymentManagement" time="3.023"/>
  <testcase name="selectExitType" classname="com.selenium.PaymentManagement" time="3.32"/>
  <testcase name="selectTransactionExit" classname="com.selenium.PaymentManagement" time="0.003"/>
  <testcase name="selectTransactionTypeExit" classname="com.selenium.PaymentManagement" time="0.025"/>
  <testcase name="enterVehicleNumberExit" classname="com.selenium.PaymentManagement" time="1.037"/>
  <testcase name="selectVehicleTypeExit" classname="com.selenium.PaymentManagement" time="3.061"/>
  <testcase name="enterEmailExit" classname="com.selenium.PaymentManagement" time="0.04"/>
  <testcase name="discountAmountExit" classname="com.selenium.PaymentManagement" time="0.01"/>
  <testcase name="selectPaymentTypeExit" classname="com.selenium.PaymentManagement" time="0.019"/>
  <testcase name="selectStatusTypeExit" classname="com.selenium.PaymentManagement" time="0.032"/>
  <testcase name="getExitTransDetails" classname="com.selenium.PaymentManagement" time="5.168"/>
  <testcase name="addPaymentBtnExit" classname="com.selenium.PaymentManagement" time="5.087"/>
  <testcase name="extractPopupTextExit" classname="com.selenium.PaymentManagement" time="2.004"/>
  <testcase name="statusOKExit" classname="com.selenium.PaymentManagement" time="2.008"/>
  <testcase name="selectStartDatePass" classname="com.selenium.PaymentManagement" time="3.702"/>
  <testcase name="selectEndDatePass" classname="com.selenium.PaymentManagement" time="3.02"/>
  <testcase name="selectPassType" classname="com.selenium.PaymentManagement" time="3.326"/>
  <testcase name="selectPassTrans" classname="com.selenium.PaymentManagement" time="0.003"/>
  <testcase name="selectPassTransType" classname="com.selenium.PaymentManagement" time="0.031"/>
  <testcase name="enterPassVehicleNumber" classname="com.selenium.PaymentManagement" time="1.021"/>
  <testcase name="selectPassVehicleType" classname="com.selenium.PaymentManagement" time="3.06"/>
  <testcase name="enterPassEmail" classname="com.selenium.PaymentManagement" time="0.042"/>
  <testcase name="discountAmountPass" classname="com.selenium.PaymentManagement" time="0.01"/>
  <testcase name="selectPaymentTypePass" classname="com.selenium.PaymentManagement" time="0.027"/>
  <testcase name="selectStatusTypePass" classname="com.selenium.PaymentManagement" time="0.024"/>
  <testcase name="getPassTransDetails" classname="com.selenium.PaymentManagement" time="5.211"/>
  <testcase name="addPaymentBtnPass" classname="com.selenium.PaymentManagement" time="5.127"/>
  <testcase name="extractPopupTextPass" classname="com.selenium.PaymentManagement" time="2.002"/>
  <testcase name="statusOKPass" classname="com.selenium.PaymentManagement" time="2.006"/>
  <testcase name="selectStartDateReserve" classname="com.selenium.PaymentManagement" time="3.666"/>
  <testcase name="selectEndDateReserve" classname="com.selenium.PaymentManagement" time="3.007"/>
  <testcase name="selectReserveType" classname="com.selenium.PaymentManagement" time="3.304"/>
  <testcase name="tableNextPage" classname="com.selenium.PaymentManagement" time="3.232"/>
  <testcase name="selectReserveTrans" classname="com.selenium.PaymentManagement" time="5.009"/>
  <testcase name="selectReserveTransType" classname="com.selenium.PaymentManagement" time="0.047"/>
  <testcase name="enterReserveVehicleNumber" classname="com.selenium.PaymentManagement" time="1.028"/>
  <testcase name="selectReserveVehicleType" classname="com.selenium.PaymentManagement" time="3.078"/>
  <testcase name="enterReserveEmail" classname="com.selenium.PaymentManagement" time="0.051"/>
  <testcase name="discountAmountReserve" classname="com.selenium.PaymentManagement" time="0.008"/>
  <testcase name="selectPaymentTypeReserve" classname="com.selenium.PaymentManagement" time="0.023"/>
  <testcase name="selectStatusTypeReserve" classname="com.selenium.PaymentManagement" time="0.022"/>
  <testcase name="getReserveTransDetails" classname="com.selenium.PaymentManagement" time="5.221"/>
  <testcase name="addPaymentBtnReserve" classname="com.selenium.PaymentManagement" time="5.074"/>
  <testcase name="extractPopupTextReserve" classname="com.selenium.PaymentManagement" time="2.003"/>
  <testcase name="statusOKReserve" classname="com.selenium.PaymentManagement" time="2.004"/>
  <testcase name="selectSite" classname="com.selenium.PaymentManagement" time="1.527"/>
  <testcase name="redirectManagePage" classname="com.selenium.PaymentManagement" time="3.018"/>
  <testcase name="manageDatesEnabled" classname="com.selenium.PaymentManagement" time="3.002"/>
  <testcase name="selectManageStartDate" classname="com.selenium.PaymentManagement" time="1.007"/>
  <testcase name="selectManageEndDate" classname="com.selenium.PaymentManagement" time="0.005"/>
  <testcase name="selectMPOSdeviceType" classname="com.selenium.PaymentManagement" time="3.006"/>
  <testcase name="selectAndroiddeviceType" classname="com.selenium.PaymentManagement" time="3.007"/>
  <testcase name="selectIOSdeviceType" classname="com.selenium.PaymentManagement" time="3.006"/>
  <testcase name="selectMobileMposdeviceType" classname="com.selenium.PaymentManagement" time="3.007"/>
  <testcase name="selectIOSdeviceTypeAction" classname="com.selenium.PaymentManagement" time="3.006"/>
  <testcase name="manageViewBtn" classname="com.selenium.PaymentManagement" time="3.006"/>
  <testcase name="getDataMPOS" classname="com.selenium.PaymentManagement" time="0.007"/>
  <testcase name="performPaymentActions" classname="com.selenium.PaymentManagement" time="0.006"/>
  <testcase name="paymentPopUpClose" classname="com.selenium.PaymentManagement" time="2.006"/>
  <testcase name="deleteRecord" classname="com.selenium.PaymentManagement" time="0.002"/>
  <testcase name="selectOptionFromDropdown" classname="com.selenium.PaymentManagement" time="3.006"/>
  <testcase name="performSearch" classname="com.selenium.PaymentManagement" time="3.006"/>
  <testcase name="performSearchValidate" classname="com.selenium.PaymentManagement" time="3.006"/>
  <testcase name="login" classname="com.selenium.Roles" time="4.022"/>
  <testcase name="revenueDashboard" classname="com.selenium.Roles" time="5.088"/>
  <testcase name="userMgmtPage" classname="com.selenium.Roles" time="3.323"/>
  <testcase name="clickAddRoleBtn" classname="com.selenium.Roles" time="5.221"/>
  <testcase name="selectAdminRole" classname="com.selenium.Roles" time="0.301"/>
  <testcase name="verifyAutoFillForAdminRole" classname="com.selenium.Roles" time="3.127">
    <failure message="expected [Auto-Filled-Value-For-AccessType] but found [Write]" type="java.lang.AssertionError">java.lang.AssertionError: expected [Auto-Filled-Value-For-AccessType] but found [Write]
	at com.selenium.Roles.verifyAutoFillForAdminRole(Roles.java:130)
</failure>
  </testcase>
  <testcase name="clickSaveButton" classname="com.selenium.Roles" time="0.215"/>
  <testcase name="extractPopupText" classname="com.selenium.Roles" time="2.052"/>
  <testcase name="statusOK" classname="com.selenium.Roles" time="2.212"/>
  <testcase name="addRolesPopUpClose" classname="com.selenium.Roles" time="2.233"/>
  <testcase name="verifyAdminActions" classname="com.selenium.Roles" time="0.07"/>
  <testcase name="clickCSVButton" classname="com.selenium.Roles" time="3.234"/>
  <testcase name="clickPDFButton" classname="com.selenium.Roles" time="3.349"/>
  <testcase name="performManagerRoleEdit" classname="com.selenium.Roles" time="4.243"/>
  <testcase name="selectAccessTypeRead" classname="com.selenium.Roles" time="0.01"/>
  <testcase name="getEditRoleDetails" classname="com.selenium.Roles" time="3.098"/>
  <testcase name="checkUpdateButton" classname="com.selenium.Roles" time="3.261"/>
  <testcase name="updateUser" classname="com.selenium.Roles" time="2.055"/>
  <testcase name="updateStatusOK" classname="com.selenium.Roles" time="2.237"/>
  <testcase name="performManagerRoleDelete" classname="com.selenium.Roles" time="5.248"/>
  <testcase name="confirmDeleteAction" classname="com.selenium.Roles" time="0.247"/>
  <testcase name="verifyManagerRoleDeletion" classname="com.selenium.Roles" time="0.037"/>
  <testcase name="tableNextPage" classname="com.selenium.Roles" time="6.458"/>
  <testcase name="clickAddRoleBtnTwice" classname="com.selenium.Roles" time="5.221"/>
  <testcase name="verifyAutoFillForAttenderRole" classname="com.selenium.Roles" time="3.328">
    <failure message="expected [Auto-Filled-Value-For-AccessType] but found [Read]" type="java.lang.AssertionError">java.lang.AssertionError: expected [Auto-Filled-Value-For-AccessType] but found [Read]
	at com.selenium.Roles.verifyAutoFillForAttenderRole(Roles.java:496)
</failure>
  </testcase>
  <testcase name="clickSaveButtonTwice" classname="com.selenium.Roles" time="0.211"/>
  <testcase name="extractPopupTextTwice" classname="com.selenium.Roles" time="2.068"/>
  <testcase name="statusOKTwice" classname="com.selenium.Roles" time="2.221"/>
  <testcase name="addRolesPopUpCloseTwice" classname="com.selenium.Roles" time="2.247"/>
  <testcase name="performAttenderRoleEdit" classname="com.selenium.Roles" time="4.302"/>
  <testcase name="selectAccessTypeAttenderRead" classname="com.selenium.Roles" time="0.01"/>
  <testcase name="getEditAttenderRoleDetails" classname="com.selenium.Roles" time="3.088"/>
  <testcase name="checkAttenderUpdateButton" classname="com.selenium.Roles" time="3.267"/>
  <testcase name="updateUserTwice" classname="com.selenium.Roles" time="2.06"/>
  <testcase name="updateStatusOKTwice" classname="com.selenium.Roles" time="2.223"/>
  <testcase name="performAttenderRoleDelete" classname="com.selenium.Roles" time="5.24"/>
  <testcase name="confirmAttenderDeleteAction" classname="com.selenium.Roles" time="0.255"/>
  <testcase name="verifyAttenderRoleDeletion" classname="com.selenium.Roles" time="0.037"/>
  <testcase name="searchUserRole" classname="com.selenium.Roles" time="5.06"/>
  <testcase name="logout" classname="com.selenium.Roles" time="2.285"/>
  <testcase name="login" classname="com.selenium.Users" time="3.803"/>
  <testcase name="revenueDashboard" classname="com.selenium.Users" time="5.184"/>
  <testcase name="userMgmtPage" classname="com.selenium.Users" time="3.372"/>
  <testcase name="clickAddUserButton" classname="com.selenium.Users" time="3.224"/>
  <testcase name="fillAndSubmitUserForm" classname="com.selenium.Users" time="0.41"/>
  <testcase name="clickSaveButton" classname="com.selenium.Users" time="3.273"/>
  <testcase name="extractPopupText" classname="com.selenium.Users" time="3.008"/>
  <testcase name="statusOK" classname="com.selenium.Users" time="5.007"/>
  <testcase name="addUsersPopUpClose" classname="com.selenium.Users" time="2.019"/>
  <testcase name="clickAddUserButtonTwice" classname="com.selenium.Users" time="8.007"/>
  <testcase name="verifyAdminUserDetailsInTable" classname="com.selenium.Users" time="5.008"/>
  <testcase name="fillAttederUserForm" classname="com.selenium.Users" time="0.049"/>
  <testcase name="clickAttenderSaveButton" classname="com.selenium.Users" time="3.014"/>
  <testcase name="extractPopupTextAttender" classname="com.selenium.Users" time="3.006"/>
  <testcase name="statusOKAttender" classname="com.selenium.Users" time="5.007"/>
  <testcase name="verifyAttenderUserDetailsInTable" classname="com.selenium.Users" time="5.007"/>
  <testcase name="verifyAdminActions" classname="com.selenium.Users" time="0.005"/>
  <testcase name="verifyAttenderUserEdit" classname="com.selenium.Users" time="0.062"/>
  <testcase name="verifyAttenderUserDelete" classname="com.selenium.Users" time="3.055"/>
  <testcase name="confirmAttenderDeleteAction" classname="com.selenium.Users" time="0.002"/>
  <testcase name="extractPopupTextDeleteAttender" classname="com.selenium.Users" time="8.006"/>
  <testcase name="statusOKDeleteAttender" classname="com.selenium.Users" time="5.006"/>
  <testcase name="verifyAttenderRoleDeletion" classname="com.selenium.Users" time="3.105"/>
  <testcase name="tableNextPage" classname="com.selenium.Users" time="3.015"/>
  <testcase name="searchAndVerifyAdminCount" classname="com.selenium.Users" time="7.091"/>
  <testcase name="downloadCSV" classname="com.selenium.Users" time="5.045"/>
  <testcase name="downloadPDF" classname="com.selenium.Users" time="3.064"/>
  <testcase name="logout" classname="com.selenium.Users" time="2.019"/>
  <testcase name="login" classname="com.selenium.UserSiteAssign" time="3.92"/>
  <testcase name="revenueDashboard" classname="com.selenium.UserSiteAssign" time="5.147"/>
  <testcase name="userMgmtPage" classname="com.selenium.UserSiteAssign" time="6.354"/>
  <testcase name="selectManagerFromDropdown" classname="com.selenium.UserSiteAssign" time="3.259"/>
  <testcase name="selectjncManager" classname="com.selenium.UserSiteAssign" time="3.471"/>
  <testcase name="managerCount" classname="com.selenium.UserSiteAssign" time="5.242"/>
  <testcase name="clickUnAssignButton" classname="com.selenium.UserSiteAssign" time="5.008"/>
  <testcase name="confirmManagerUnassignAction" classname="com.selenium.UserSiteAssign" time="0.006"/>
  <testcase name="extractPopupTextManager" classname="com.selenium.UserSiteAssign" time="3.004"/>
  <testcase name="statusOKManager" classname="com.selenium.UserSiteAssign" time="5.002"/>
  <testcase name="verifyTableAfterUnAssign" classname="com.selenium.UserSiteAssign" time="0.005"/>
  <testcase name="clickAssignSiteButton" classname="com.selenium.UserSiteAssign" time="0.215"/>
  <testcase name="selectSiteFromDropdown" classname="com.selenium.UserSiteAssign" time="3.268"/>
  <testcase name="selectSite" classname="com.selenium.UserSiteAssign" time="0.73">
    <failure message="Element &lt;form id=&quot;assignSiteMngr&quot;&gt; is not reachable by keyboard&#10;Build info: version: &apos;4.10.0&apos;, revision: &apos;c14d967899&apos;&#10;System info: os.name: &apos;Linux&apos;, os.arch: &apos;amd64&apos;, os.version: &apos;6.2.0-39-generic&apos;, java.version: &apos;18.0.2-ea&apos;&#10;Driver info: org.openqa.selenium.firefox.FirefoxDriver&#10;Command: [f105247a-081b-458c-bf65-7aaa1eb213fa, sendKeysToElement {id=80ec6335-1921-4719-a7fb-faf29774050a, value=[Ljava.lang.CharSequence;@6ee473eb}]&#10;Capabilities {acceptInsecureCerts: true, browserName: firefox, browserVersion: 124.0.2, moz:accessibilityChecks: false, moz:buildID: 20240401184549, moz:debuggerAddress: 127.0.0.1:11066, moz:geckodriverVersion: 0.34.0, moz:headless: true, moz:platformVersion: 6.2.0-39-generic, moz:processID: 144993, moz:profile: /tmp/rust_mozprofilePRziFc, moz:shutdownTimeout: 60000, moz:webdriverClick: true, moz:windowless: false, pageLoadStrategy: normal, platformName: linux, proxy: Proxy(), se:cdp: ws://127.0.0.1:11066/devtoo..., se:cdpVersion: 85.0, setWindowRect: true, strictFileInteractability: false, timeouts: {implicit: 0, pageLoad: 300000, script: 30000}, unhandledPromptBehavior: dismiss and notify}&#10;Element: [[FirefoxDriver: firefox on linux (f105247a-081b-458c-bf65-7aaa1eb213fa)] -&gt; id: assignSiteMngr]&#10;Session ID: f105247a-081b-458c-bf65-7aaa1eb213fa" type="org.openqa.selenium.ElementNotInteractableException"><![CDATA[org.openqa.selenium.ElementNotInteractableException: 
Element <form id="assignSiteMngr"> is not reachable by keyboard
Build info: version: '4.10.0', revision: 'c14d967899'
System info: os.name: 'Linux', os.arch: 'amd64', os.version: '6.2.0-39-generic', java.version: '18.0.2-ea'
Driver info: org.openqa.selenium.firefox.FirefoxDriver
Command: [f105247a-081b-458c-bf65-7aaa1eb213fa, sendKeysToElement {id=80ec6335-1921-4719-a7fb-faf29774050a, value=[Ljava.lang.CharSequence;@6ee473eb}]
Capabilities {acceptInsecureCerts: true, browserName: firefox, browserVersion: 124.0.2, moz:accessibilityChecks: false, moz:buildID: 20240401184549, moz:debuggerAddress: 127.0.0.1:11066, moz:geckodriverVersion: 0.34.0, moz:headless: true, moz:platformVersion: 6.2.0-39-generic, moz:processID: 144993, moz:profile: /tmp/rust_mozprofilePRziFc, moz:shutdownTimeout: 60000, moz:webdriverClick: true, moz:windowless: false, pageLoadStrategy: normal, platformName: linux, proxy: Proxy(), se:cdp: ws://127.0.0.1:11066/devtoo..., se:cdpVersion: 85.0, setWindowRect: true, strictFileInteractability: false, timeouts: {implicit: 0, pageLoad: 300000, script: 30000}, unhandledPromptBehavior: dismiss and notify}
Element: [[FirefoxDriver: firefox on linux (f105247a-081b-458c-bf65-7aaa1eb213fa)] -> id: assignSiteMngr]
Session ID: f105247a-081b-458c-bf65-7aaa1eb213fa
	at com.selenium.UserSiteAssign.selectSite(UserSiteAssign.java:269)
]]></failure>
    <system-out><![CDATA[ITI Road
6
]]></system-out>
  </testcase>
  <testcase name="clickAddSitesButton" classname="com.selenium.UserSiteAssign" time="3.216"/>
  <testcase name="extractPopupTextAssign" classname="com.selenium.UserSiteAssign" time="3.052"/>
  <testcase name="statusOKAssign" classname="com.selenium.UserSiteAssign" time="5.252"/>
  <testcase name="verifyTableAfterAssign" classname="com.selenium.UserSiteAssign" time="0"/>
  <testcase name="clickAttendersTab" classname="com.selenium.UserSiteAssign" time="5.218"/>
  <testcase name="unassignAttender" classname="com.selenium.UserSiteAssign" time="0.005"/>
  <testcase name="extractPopupWarningTextAttender" classname="com.selenium.UserSiteAssign" time="5.007"/>
  <testcase name="statusOKAttender" classname="com.selenium.UserSiteAssign" time="3.007"/>
  <testcase name="extractPopupTextAttender" classname="com.selenium.UserSiteAssign" time="3.006"/>
  <testcase name="statusOKUnAssignAttender" classname="com.selenium.UserSiteAssign" time="5.011"/>
  <testcase name="attendreCount" classname="com.selenium.UserSiteAssign" time="5.336"/>
  <testcase name="searchAttender" classname="com.selenium.UserSiteAssign" time="5.042"/>
  <testcase name="clickAddMoreButton" classname="com.selenium.UserSiteAssign" time="3.008"/>
  <testcase name="clickDropdownButton" classname="com.selenium.UserSiteAssign" time="3.015"/>
  <testcase name="selectAttenderListItem" classname="com.selenium.UserSiteAssign" time="0.01"/>
  <testcase name="clickAssignAttenderButton" classname="com.selenium.UserSiteAssign" time="5.284"/>
  <testcase name="extractPopupTextAddAttender" classname="com.selenium.UserSiteAssign" time="3.007"/>
  <testcase name="statusOKAddAttender" classname="com.selenium.UserSiteAssign" time="5.006"/>
  <testcase name="logout" classname="com.selenium.UserSiteAssign" time="2.282"/>
  <testcase name="login" classname="com.selenium.UserZoneAssign" time="3.691"/>
  <testcase name="revenueDashboard" classname="com.selenium.UserZoneAssign" time="5.137"/>
  <testcase name="userMgmtPage" classname="com.selenium.UserZoneAssign" time="3.353"/>
  <testcase name="officerCount" classname="com.selenium.UserZoneAssign" time="5.34"/>
  <testcase name="searchOfficer" classname="com.selenium.UserZoneAssign" time="5.061"/>
  <testcase name="clickAddMoreOfficerButton" classname="com.selenium.UserZoneAssign" time="3.222"/>
  <testcase name="selectOfficerList" classname="com.selenium.UserZoneAssign" time="3.037"/>
  <testcase name="addMorePopUpClose" classname="com.selenium.UserZoneAssign" time="2.211"/>
  <testcase name="clickOperatorTab" classname="com.selenium.UserZoneAssign" time="5.219"/>
  <testcase name="operatorCount" classname="com.selenium.UserZoneAssign" time="5.312"/>
  <testcase name="searchOperator" classname="com.selenium.UserZoneAssign" time="3.056"/>
  <testcase name="selectOperatorList" classname="com.selenium.UserZoneAssign" time="3.011"/>
  <testcase name="addMoreOperatorPopUpClose" classname="com.selenium.UserZoneAssign" time="2.016"/>
  <testcase name="clickMonitorTab" classname="com.selenium.UserZoneAssign" time="5.222"/>
  <testcase name="monitorCount" classname="com.selenium.UserZoneAssign" time="5.314"/>
  <testcase name="searchMonitor" classname="com.selenium.UserZoneAssign" time="5.033"/>
  <testcase name="clickAddMoreMonitorButton" classname="com.selenium.UserZoneAssign" time="3.007"/>
  <testcase name="selectMonitor" classname="com.selenium.UserZoneAssign" time="3.019"/>
  <testcase name="addMoreMonitorPopUpClose" classname="com.selenium.UserZoneAssign" time="2.005"/>
  <testcase name="logout" classname="com.selenium.UserZoneAssign" time="2.308"/>
  <testcase name="login" classname="com.selenium.UserLogs" time="3.695"/>
  <testcase name="revenueDashboard" classname="com.selenium.UserLogs" time="5.095"/>
  <testcase name="userLogsActivityPage" classname="com.selenium.UserLogs" time="3.353"/>
  <testcase name="selectAdminUserRole" classname="com.selenium.UserLogs" time="5.28"/>
  <testcase name="selectUserRoleList" classname="com.selenium.UserLogs" time="3.146"/>
  <testcase name="selectAdminUser" classname="com.selenium.UserLogs" time="3.37"/>
  <testcase name="selectUserList" classname="com.selenium.UserLogs" time="3.295"/>
  <testcase name="activityDatesEnabled" classname="com.selenium.UserLogs" time="1.008"/>
  <testcase name="tableNextPage" classname="com.selenium.UserLogs" time="26.026"/>
  <testcase name="downloadAdminCSV" classname="com.selenium.UserLogs" time="3.248"/>
  <testcase name="downlaodAdminPDFButton" classname="com.selenium.UserLogs" time="3.431"/>
  <testcase name="selectAccountUserRole" classname="com.selenium.UserLogs" time="5.014"/>
  <testcase name="selectAccountUser" classname="com.selenium.UserLogs" time="3.097"/>
  <testcase name="downloadAccountCSV" classname="com.selenium.UserLogs" time="3.28"/>
  <testcase name="downlaodAccountPDFButton" classname="com.selenium.UserLogs" time="3.439"/>
  <testcase name="selectAttenderUserRole" classname="com.selenium.UserLogs" time="5.295"/>
  <testcase name="selectAttenderUser" classname="com.selenium.UserLogs" time="3.357"/>
  <testcase name="downloadAttenderCSV" classname="com.selenium.UserLogs" time="3.234"/>
  <testcase name="downlaodAttenderPDFButton" classname="com.selenium.UserLogs" time="3.362"/>
  <testcase name="selectHelpDeskUserRole" classname="com.selenium.UserLogs" time="5.33"/>
  <testcase name="selectHelpDeskUser" classname="com.selenium.UserLogs" time="3.061"/>
  <testcase name="downloadHelpDeskCSV" classname="com.selenium.UserLogs" time="3.265"/>
  <testcase name="downlaodAHelpDeskPDFButton" classname="com.selenium.UserLogs" time="3.307"/>
  <testcase name="selectManagerUserRole" classname="com.selenium.UserLogs" time="5.325"/>
  <testcase name="selectManagerUser" classname="com.selenium.UserLogs" time="3.347"/>
  <testcase name="downloadManagerCSV" classname="com.selenium.UserLogs" time="3.235"/>
  <testcase name="downlaodManagerPDFButton" classname="com.selenium.UserLogs" time="3.288"/>
  <testcase name="selectMonitorUserRole" classname="com.selenium.UserLogs" time="5.328"/>
  <testcase name="selectMonitorUser" classname="com.selenium.UserLogs" time="3.06"/>
  <testcase name="downloadMonitorCSV" classname="com.selenium.UserLogs" time="3.26"/>
  <testcase name="downlaodMonitorPDFButton" classname="com.selenium.UserLogs" time="3.283"/>
  <testcase name="selectOperatorUserRole" classname="com.selenium.UserLogs" time="5.384"/>
  <testcase name="selectOperatorUser" classname="com.selenium.UserLogs" time="3.032"/>
  <testcase name="downloadOperatorCSV" classname="com.selenium.UserLogs" time="3.283"/>
  <testcase name="downlaodOperatorPDFButton" classname="com.selenium.UserLogs" time="3.316"/>
  <testcase name="selectServiceUserRole" classname="com.selenium.UserLogs" time="5.351"/>
  <testcase name="selectServiceUser" classname="com.selenium.UserLogs" time="3.027"/>
  <testcase name="downloadServiceCSV" classname="com.selenium.UserLogs" time="3.27"/>
  <testcase name="downlaodServicePDFButton" classname="com.selenium.UserLogs" time="3.329"/>
  <testcase name="selectSupportUserRole" classname="com.selenium.UserLogs" time="5.394"/>
  <testcase name="selectSupportUser" classname="com.selenium.UserLogs" time="3.027"/>
  <testcase name="downloadSupportCSV" classname="com.selenium.UserLogs" time="3.238"/>
  <testcase name="downlaodSupportPDFButton" classname="com.selenium.UserLogs" time="3.318"/>
  <testcase name="logout" classname="com.selenium.UserLogs" time="5.275"/>
  <testcase name="login" classname="com.selenium.AttenderLiveSessions" time="3.78"/>
  <testcase name="revenueDashboard" classname="com.selenium.AttenderLiveSessions" time="5.175"/>
  <testcase name="attenderLiveSessionsPage" classname="com.selenium.AttenderLiveSessions" time="3.381"/>
  <testcase name="selectSitesList" classname="com.selenium.AttenderLiveSessions" time="8.573"/>
  <testcase name="attenderSessionCount" classname="com.selenium.AttenderLiveSessions" time="5.284"/>
  <testcase name="clickLogoutButton" classname="com.selenium.AttenderLiveSessions" time="0.008"/>
  <testcase name="confirmAttenderLogoutAction" classname="com.selenium.AttenderLiveSessions" time="0.006"/>
  <testcase name="selectReason" classname="com.selenium.AttenderLiveSessions" time="3.034"/>
  <testcase name="clickSubmitButtonWithExplicitWait" classname="com.selenium.AttenderLiveSessions" time="5.212"/>
  <testcase name="extractPopupText" classname="com.selenium.AttenderLiveSessions" time="3.006"/>
  <testcase name="statusOK" classname="com.selenium.AttenderLiveSessions" time="5.006"/>
  <testcase name="selectSitesListTwice" classname="com.selenium.AttenderLiveSessions" time="8.499"/>
  <testcase name="logout" classname="com.selenium.AttenderLiveSessions" time="5.278"/>
  <testcase name="login" classname="com.selenium.Coupons" time="3.868"/>
  <testcase name="revenueDashboard" classname="com.selenium.Coupons" time="5.136"/>
  <testcase name="attenderLiveSessionsPage" classname="com.selenium.Coupons" time="4.126"/>
  <testcase name="selectSitesList" classname="com.selenium.Coupons" time="8.583"/>
  <testcase name="enterVehicleNumber" classname="com.selenium.Coupons" time="0.058"/>
  <testcase name="enterMobileNumber" classname="com.selenium.Coupons" time="0.012"/>
  <testcase name="entercouponAmount" classname="com.selenium.Coupons" time="0.006"/>
  <testcase name="enterCouponCode" classname="com.selenium.Coupons" time="0.009"/>
  <testcase name="generateButton" classname="com.selenium.Coupons" time="6.228"/>
  <testcase name="extractPopupText" classname="com.selenium.Coupons" time="2.045"/>
  <testcase name="statusOK" classname="com.selenium.Coupons" time="2.209"/>
  <testcase name="logout" classname="com.selenium.Coupons" time="5.247"/>
  <testcase name="login" classname="com.selenium.Feedback" time="3.77"/>
  <testcase name="revenueDashboard" classname="com.selenium.Feedback" time="5.128"/>
  <testcase name="redirectFeedBackPage" classname="com.selenium.Feedback" time="3.105"/>
  <testcase name="selectFeedbackSitesList" classname="com.selenium.Feedback" time="8.563"/>
  <testcase name="feedbackDatesEnabled" classname="com.selenium.Feedback" time="3.692"/>
  <testcase name="selectFeedbackStartDate" classname="com.selenium.Feedback" time="7.745"/>
  <testcase name="selectFeedbackEndDate" classname="com.selenium.Feedback" time="8.423"/>
  <testcase name="clickComplaintsTab" classname="com.selenium.Feedback" time="5.91"/>
  <testcase name="selectComplaintSitesList" classname="com.selenium.Feedback" time="8.545"/>
  <testcase name="complaintsDatesEnabled" classname="com.selenium.Feedback" time="3.699"/>
  <testcase name="selectComplaintStartDate" classname="com.selenium.Feedback" time="7.4"/>
  <testcase name="selectComplaintEndDate" classname="com.selenium.Feedback" time="6.469"/>
  <testcase name="logout" classname="com.selenium.Feedback" time="5.295"/>
</testsuite>