<?xml version="1.0" encoding="UTF-8"?>
<testsuite xmlns:xsi="http://www.w3.org/2001/XMLSchema-instance" xsi:noNamespaceSchemaLocation="https://maven.apache.org/surefire/maven-surefire-plugin/xsd/surefire-test-report.xsd" name="com.selenium.PosManagement" time="345.509" tests="103" errors="0" skipped="0" failures="0">
  <properties>
    <property name="java.specification.version" value="18"/>
    <property name="sun.jnu.encoding" value="UTF-8"/>
    <property name="java.class.path" value="/home/iramtech/Documents/silvassa/target/test-classes:/home/iramtech/Documents/silvassa/target/classes:/home/iramtech/.m2/repository/org/testng/testng/7.7.1/testng-7.7.1.jar:/home/iramtech/.m2/repository/org/slf4j/slf4j-api/1.7.36/slf4j-api-1.7.36.jar:/home/iramtech/.m2/repository/com/beust/jcommander/1.82/jcommander-1.82.jar:/home/iramtech/.m2/repository/org/webjars/jquery/3.6.1/jquery-3.6.1.jar:/home/iramtech/.m2/repository/org/seleniumhq/selenium/selenium-java/4.10.0/selenium-java-4.10.0.jar:/home/iramtech/.m2/repository/org/seleniumhq/selenium/selenium-api/4.10.0/selenium-api-4.10.0.jar:/home/iramtech/.m2/repository/org/seleniumhq/selenium/selenium-chrome-driver/4.10.0/selenium-chrome-driver-4.10.0.jar:/home/iramtech/.m2/repository/com/google/auto/service/auto-service-annotations/1.0.1/auto-service-annotations-1.0.1.jar:/home/iramtech/.m2/repository/com/google/auto/service/auto-service/1.0.1/auto-service-1.0.1.jar:/home/iramtech/.m2/repository/com/google/auto/auto-common/1.2/auto-common-1.2.jar:/home/iramtech/.m2/repository/com/google/guava/guava/31.1-jre/guava-31.1-jre.jar:/home/iramtech/.m2/repository/com/google/guava/failureaccess/1.0.1/failureaccess-1.0.1.jar:/home/iramtech/.m2/repository/com/google/guava/listenablefuture/9999.0-empty-to-avoid-conflict-with-guava/listenablefuture-9999.0-empty-to-avoid-conflict-with-guava.jar:/home/iramtech/.m2/repository/com/google/code/findbugs/jsr305/3.0.2/jsr305-3.0.2.jar:/home/iramtech/.m2/repository/org/checkerframework/checker-qual/3.12.0/checker-qual-3.12.0.jar:/home/iramtech/.m2/repository/com/google/errorprone/error_prone_annotations/2.11.0/error_prone_annotations-2.11.0.jar:/home/iramtech/.m2/repository/com/google/j2objc/j2objc-annotations/1.3/j2objc-annotations-1.3.jar:/home/iramtech/.m2/repository/org/seleniumhq/selenium/selenium-chromium-driver/4.10.0/selenium-chromium-driver-4.10.0.jar:/home/iramtech/.m2/repository/org/seleniumhq/selenium/selenium-json/4.10.0/selenium-json-4.10.0.jar:/home/iramtech/.m2/repository/org/seleniumhq/selenium/selenium-manager/4.10.0/selenium-manager-4.10.0.jar:/home/iramtech/.m2/repository/org/seleniumhq/selenium/selenium-devtools-v112/4.10.0/selenium-devtools-v112-4.10.0.jar:/home/iramtech/.m2/repository/org/seleniumhq/selenium/selenium-devtools-v113/4.10.0/selenium-devtools-v113-4.10.0.jar:/home/iramtech/.m2/repository/org/seleniumhq/selenium/selenium-devtools-v114/4.10.0/selenium-devtools-v114-4.10.0.jar:/home/iramtech/.m2/repository/org/seleniumhq/selenium/selenium-devtools-v85/4.10.0/selenium-devtools-v85-4.10.0.jar:/home/iramtech/.m2/repository/org/seleniumhq/selenium/selenium-edge-driver/4.10.0/selenium-edge-driver-4.10.0.jar:/home/iramtech/.m2/repository/org/seleniumhq/selenium/selenium-firefox-driver/4.10.0/selenium-firefox-driver-4.10.0.jar:/home/iramtech/.m2/repository/org/seleniumhq/selenium/selenium-http/4.10.0/selenium-http-4.10.0.jar:/home/iramtech/.m2/repository/dev/failsafe/failsafe/3.3.1/failsafe-3.3.1.jar:/home/iramtech/.m2/repository/org/seleniumhq/selenium/selenium-ie-driver/4.10.0/selenium-ie-driver-4.10.0.jar:/home/iramtech/.m2/repository/org/seleniumhq/selenium/selenium-remote-driver/4.10.0/selenium-remote-driver-4.10.0.jar:/home/iramtech/.m2/repository/io/netty/netty-buffer/4.1.92.Final/netty-buffer-4.1.92.Final.jar:/home/iramtech/.m2/repository/io/netty/netty-codec-http/4.1.92.Final/netty-codec-http-4.1.92.Final.jar:/home/iramtech/.m2/repository/io/netty/netty-codec/4.1.92.Final/netty-codec-4.1.92.Final.jar:/home/iramtech/.m2/repository/io/netty/netty-handler/4.1.92.Final/netty-handler-4.1.92.Final.jar:/home/iramtech/.m2/repository/io/netty/netty-common/4.1.92.Final/netty-common-4.1.92.Final.jar:/home/iramtech/.m2/repository/io/netty/netty-transport-classes-epoll/4.1.92.Final/netty-transport-classes-epoll-4.1.92.Final.jar:/home/iramtech/.m2/repository/io/netty/netty-transport-classes-kqueue/4.1.92.Final/netty-transport-classes-kqueue-4.1.92.Final.jar:/home/iramtech/.m2/repository/io/netty/netty-transport-native-epoll/4.1.92.Final/netty-transport-native-epoll-4.1.92.Final.jar:/home/iramtech/.m2/repository/io/netty/netty-transport-native-kqueue/4.1.92.Final/netty-transport-native-kqueue-4.1.92.Final.jar:/home/iramtech/.m2/repository/io/netty/netty-transport-native-unix-common/4.1.92.Final/netty-transport-native-unix-common-4.1.92.Final.jar:/home/iramtech/.m2/repository/io/netty/netty-transport/4.1.92.Final/netty-transport-4.1.92.Final.jar:/home/iramtech/.m2/repository/io/netty/netty-resolver/4.1.92.Final/netty-resolver-4.1.92.Final.jar:/home/iramtech/.m2/repository/io/opentelemetry/opentelemetry-api/1.26.0/opentelemetry-api-1.26.0.jar:/home/iramtech/.m2/repository/io/opentelemetry/opentelemetry-context/1.26.0/opentelemetry-context-1.26.0.jar:/home/iramtech/.m2/repository/io/opentelemetry/opentelemetry-exporter-logging/1.26.0/opentelemetry-exporter-logging-1.26.0.jar:/home/iramtech/.m2/repository/io/opentelemetry/opentelemetry-sdk-metrics/1.26.0/opentelemetry-sdk-metrics-1.26.0.jar:/home/iramtech/.m2/repository/io/opentelemetry/opentelemetry-extension-incubator/1.26.0-alpha/opentelemetry-extension-incubator-1.26.0-alpha.jar:/home/iramtech/.m2/repository/io/opentelemetry/opentelemetry-sdk-logs/1.26.0-alpha/opentelemetry-sdk-logs-1.26.0-alpha.jar:/home/iramtech/.m2/repository/io/opentelemetry/opentelemetry-api-logs/1.26.0-alpha/opentelemetry-api-logs-1.26.0-alpha.jar:/home/iramtech/.m2/repository/io/opentelemetry/opentelemetry-api-events/1.26.0-alpha/opentelemetry-api-events-1.26.0-alpha.jar:/home/iramtech/.m2/repository/io/opentelemetry/opentelemetry-sdk-common/1.26.0/opentelemetry-sdk-common-1.26.0.jar:/home/iramtech/.m2/repository/io/opentelemetry/opentelemetry-sdk-extension-autoconfigure-spi/1.26.0/opentelemetry-sdk-extension-autoconfigure-spi-1.26.0.jar:/home/iramtech/.m2/repository/io/opentelemetry/opentelemetry-sdk-extension-autoconfigure/1.26.0-alpha/opentelemetry-sdk-extension-autoconfigure-1.26.0-alpha.jar:/home/iramtech/.m2/repository/io/opentelemetry/opentelemetry-sdk-trace/1.26.0/opentelemetry-sdk-trace-1.26.0.jar:/home/iramtech/.m2/repository/io/opentelemetry/opentelemetry-sdk/1.26.0/opentelemetry-sdk-1.26.0.jar:/home/iramtech/.m2/repository/io/opentelemetry/opentelemetry-semconv/1.26.0-alpha/opentelemetry-semconv-1.26.0-alpha.jar:/home/iramtech/.m2/repository/net/bytebuddy/byte-buddy/1.14.4/byte-buddy-1.14.4.jar:/home/iramtech/.m2/repository/org/apache/commons/commons-exec/1.3/commons-exec-1.3.jar:/home/iramtech/.m2/repository/org/asynchttpclient/async-http-client/2.12.3/async-http-client-2.12.3.jar:/home/iramtech/.m2/repository/org/asynchttpclient/async-http-client-netty-utils/2.12.3/async-http-client-netty-utils-2.12.3.jar:/home/iramtech/.m2/repository/io/netty/netty-codec-socks/4.1.60.Final/netty-codec-socks-4.1.60.Final.jar:/home/iramtech/.m2/repository/io/netty/netty-handler-proxy/4.1.60.Final/netty-handler-proxy-4.1.60.Final.jar:/home/iramtech/.m2/repository/io/netty/netty-transport-native-epoll/4.1.60.Final/netty-transport-native-epoll-4.1.60.Final-linux-x86_64.jar:/home/iramtech/.m2/repository/io/netty/netty-transport-native-kqueue/4.1.60.Final/netty-transport-native-kqueue-4.1.60.Final-osx-x86_64.jar:/home/iramtech/.m2/repository/com/typesafe/netty/netty-reactive-streams/2.0.4/netty-reactive-streams-2.0.4.jar:/home/iramtech/.m2/repository/com/sun/activation/jakarta.activation/1.2.2/jakarta.activation-1.2.2.jar:/home/iramtech/.m2/repository/org/seleniumhq/selenium/selenium-safari-driver/4.10.0/selenium-safari-driver-4.10.0.jar:/home/iramtech/.m2/repository/org/seleniumhq/selenium/selenium-support/4.10.0/selenium-support-4.10.0.jar:/home/iramtech/.m2/repository/com/aventstack/extentreports/5.0.8/extentreports-5.0.8.jar:/home/iramtech/.m2/repository/io/reactivex/rxjava3/rxjava/3.0.4/rxjava-3.0.4.jar:/home/iramtech/.m2/repository/org/reactivestreams/reactive-streams/1.0.3/reactive-streams-1.0.3.jar:/home/iramtech/.m2/repository/org/freemarker/freemarker/2.3.30/freemarker-2.3.30.jar:/home/iramtech/.m2/repository/com/google/code/gson/gson/2.8.6/gson-2.8.6.jar:/home/iramtech/.m2/repository/org/projectlombok/lombok/1.18.26/lombok-1.18.26.jar:/home/iramtech/.m2/repository/io/rest-assured/rest-assured/4.4.0/rest-assured-4.4.0.jar:/home/iramtech/.m2/repository/org/codehaus/groovy/groovy/3.0.8/groovy-3.0.8.jar:/home/iramtech/.m2/repository/org/codehaus/groovy/groovy-xml/3.0.8/groovy-xml-3.0.8.jar:/home/iramtech/.m2/repository/org/apache/httpcomponents/httpclient/4.5.13/httpclient-4.5.13.jar:/home/iramtech/.m2/repository/org/apache/httpcomponents/httpcore/4.4.13/httpcore-4.4.13.jar:/home/iramtech/.m2/repository/commons-logging/commons-logging/1.2/commons-logging-1.2.jar:/home/iramtech/.m2/repository/commons-codec/commons-codec/1.11/commons-codec-1.11.jar:/home/iramtech/.m2/repository/org/apache/httpcomponents/httpmime/4.5.13/httpmime-4.5.13.jar:/home/iramtech/.m2/repository/org/hamcrest/hamcrest/2.1/hamcrest-2.1.jar:/home/iramtech/.m2/repository/org/ccil/cowan/tagsoup/tagsoup/1.2.1/tagsoup-1.2.1.jar:/home/iramtech/.m2/repository/io/rest-assured/json-path/4.4.0/json-path-4.4.0.jar:/home/iramtech/.m2/repository/org/codehaus/groovy/groovy-json/3.0.8/groovy-json-3.0.8.jar:/home/iramtech/.m2/repository/io/rest-assured/rest-assured-common/4.4.0/rest-assured-common-4.4.0.jar:/home/iramtech/.m2/repository/io/rest-assured/xml-path/4.4.0/xml-path-4.4.0.jar:/home/iramtech/.m2/repository/org/apache/commons/commons-lang3/3.11/commons-lang3-3.11.jar:/home/iramtech/.m2/repository/jakarta/xml/bind/jakarta.xml.bind-api/2.3.3/jakarta.xml.bind-api-2.3.3.jar:/home/iramtech/.m2/repository/jakarta/activation/jakarta.activation-api/1.2.2/jakarta.activation-api-1.2.2.jar:/home/iramtech/.m2/repository/com/sun/xml/bind/jaxb-impl/2.3.3/jaxb-impl-2.3.3.jar:"/>
    <property name="java.vm.vendor" value="Private Build"/>
    <property name="sun.arch.data.model" value="64"/>
    <property name="java.vendor.url" value="Unknown"/>
    <property name="os.name" value="Linux"/>
    <property name="java.vm.specification.version" value="18"/>
    <property name="sun.java.launcher" value="SUN_STANDARD"/>
    <property name="user.country" value="US"/>
    <property name="sun.boot.library.path" value="/usr/lib/jvm/java-18-openjdk-amd64/lib"/>
    <property name="sun.java.command" value="/home/iramtech/Documents/silvassa/target/surefire/surefirebooter17844683487725514455.jar /home/iramtech/Documents/silvassa/target/surefire 2024-04-12T12-29-35_863-jvmRun1 surefire5287377861715121062tmp surefire_07244087943264298607tmp"/>
    <property name="jdk.debug" value="release"/>
    <property name="test" value="PosManagement.java"/>
    <property name="surefire.test.class.path" value="/home/iramtech/Documents/silvassa/target/test-classes:/home/iramtech/Documents/silvassa/target/classes:/home/iramtech/.m2/repository/org/testng/testng/7.7.1/testng-7.7.1.jar:/home/iramtech/.m2/repository/org/slf4j/slf4j-api/1.7.36/slf4j-api-1.7.36.jar:/home/iramtech/.m2/repository/com/beust/jcommander/1.82/jcommander-1.82.jar:/home/iramtech/.m2/repository/org/webjars/jquery/3.6.1/jquery-3.6.1.jar:/home/iramtech/.m2/repository/org/seleniumhq/selenium/selenium-java/4.10.0/selenium-java-4.10.0.jar:/home/iramtech/.m2/repository/org/seleniumhq/selenium/selenium-api/4.10.0/selenium-api-4.10.0.jar:/home/iramtech/.m2/repository/org/seleniumhq/selenium/selenium-chrome-driver/4.10.0/selenium-chrome-driver-4.10.0.jar:/home/iramtech/.m2/repository/com/google/auto/service/auto-service-annotations/1.0.1/auto-service-annotations-1.0.1.jar:/home/iramtech/.m2/repository/com/google/auto/service/auto-service/1.0.1/auto-service-1.0.1.jar:/home/iramtech/.m2/repository/com/google/auto/auto-common/1.2/auto-common-1.2.jar:/home/iramtech/.m2/repository/com/google/guava/guava/31.1-jre/guava-31.1-jre.jar:/home/iramtech/.m2/repository/com/google/guava/failureaccess/1.0.1/failureaccess-1.0.1.jar:/home/iramtech/.m2/repository/com/google/guava/listenablefuture/9999.0-empty-to-avoid-conflict-with-guava/listenablefuture-9999.0-empty-to-avoid-conflict-with-guava.jar:/home/iramtech/.m2/repository/com/google/code/findbugs/jsr305/3.0.2/jsr305-3.0.2.jar:/home/iramtech/.m2/repository/org/checkerframework/checker-qual/3.12.0/checker-qual-3.12.0.jar:/home/iramtech/.m2/repository/com/google/errorprone/error_prone_annotations/2.11.0/error_prone_annotations-2.11.0.jar:/home/iramtech/.m2/repository/com/google/j2objc/j2objc-annotations/1.3/j2objc-annotations-1.3.jar:/home/iramtech/.m2/repository/org/seleniumhq/selenium/selenium-chromium-driver/4.10.0/selenium-chromium-driver-4.10.0.jar:/home/iramtech/.m2/repository/org/seleniumhq/selenium/selenium-json/4.10.0/selenium-json-4.10.0.jar:/home/iramtech/.m2/repository/org/seleniumhq/selenium/selenium-manager/4.10.0/selenium-manager-4.10.0.jar:/home/iramtech/.m2/repository/org/seleniumhq/selenium/selenium-devtools-v112/4.10.0/selenium-devtools-v112-4.10.0.jar:/home/iramtech/.m2/repository/org/seleniumhq/selenium/selenium-devtools-v113/4.10.0/selenium-devtools-v113-4.10.0.jar:/home/iramtech/.m2/repository/org/seleniumhq/selenium/selenium-devtools-v114/4.10.0/selenium-devtools-v114-4.10.0.jar:/home/iramtech/.m2/repository/org/seleniumhq/selenium/selenium-devtools-v85/4.10.0/selenium-devtools-v85-4.10.0.jar:/home/iramtech/.m2/repository/org/seleniumhq/selenium/selenium-edge-driver/4.10.0/selenium-edge-driver-4.10.0.jar:/home/iramtech/.m2/repository/org/seleniumhq/selenium/selenium-firefox-driver/4.10.0/selenium-firefox-driver-4.10.0.jar:/home/iramtech/.m2/repository/org/seleniumhq/selenium/selenium-http/4.10.0/selenium-http-4.10.0.jar:/home/iramtech/.m2/repository/dev/failsafe/failsafe/3.3.1/failsafe-3.3.1.jar:/home/iramtech/.m2/repository/org/seleniumhq/selenium/selenium-ie-driver/4.10.0/selenium-ie-driver-4.10.0.jar:/home/iramtech/.m2/repository/org/seleniumhq/selenium/selenium-remote-driver/4.10.0/selenium-remote-driver-4.10.0.jar:/home/iramtech/.m2/repository/io/netty/netty-buffer/4.1.92.Final/netty-buffer-4.1.92.Final.jar:/home/iramtech/.m2/repository/io/netty/netty-codec-http/4.1.92.Final/netty-codec-http-4.1.92.Final.jar:/home/iramtech/.m2/repository/io/netty/netty-codec/4.1.92.Final/netty-codec-4.1.92.Final.jar:/home/iramtech/.m2/repository/io/netty/netty-handler/4.1.92.Final/netty-handler-4.1.92.Final.jar:/home/iramtech/.m2/repository/io/netty/netty-common/4.1.92.Final/netty-common-4.1.92.Final.jar:/home/iramtech/.m2/repository/io/netty/netty-transport-classes-epoll/4.1.92.Final/netty-transport-classes-epoll-4.1.92.Final.jar:/home/iramtech/.m2/repository/io/netty/netty-transport-classes-kqueue/4.1.92.Final/netty-transport-classes-kqueue-4.1.92.Final.jar:/home/iramtech/.m2/repository/io/netty/netty-transport-native-epoll/4.1.92.Final/netty-transport-native-epoll-4.1.92.Final.jar:/home/iramtech/.m2/repository/io/netty/netty-transport-native-kqueue/4.1.92.Final/netty-transport-native-kqueue-4.1.92.Final.jar:/home/iramtech/.m2/repository/io/netty/netty-transport-native-unix-common/4.1.92.Final/netty-transport-native-unix-common-4.1.92.Final.jar:/home/iramtech/.m2/repository/io/netty/netty-transport/4.1.92.Final/netty-transport-4.1.92.Final.jar:/home/iramtech/.m2/repository/io/netty/netty-resolver/4.1.92.Final/netty-resolver-4.1.92.Final.jar:/home/iramtech/.m2/repository/io/opentelemetry/opentelemetry-api/1.26.0/opentelemetry-api-1.26.0.jar:/home/iramtech/.m2/repository/io/opentelemetry/opentelemetry-context/1.26.0/opentelemetry-context-1.26.0.jar:/home/iramtech/.m2/repository/io/opentelemetry/opentelemetry-exporter-logging/1.26.0/opentelemetry-exporter-logging-1.26.0.jar:/home/iramtech/.m2/repository/io/opentelemetry/opentelemetry-sdk-metrics/1.26.0/opentelemetry-sdk-metrics-1.26.0.jar:/home/iramtech/.m2/repository/io/opentelemetry/opentelemetry-extension-incubator/1.26.0-alpha/opentelemetry-extension-incubator-1.26.0-alpha.jar:/home/iramtech/.m2/repository/io/opentelemetry/opentelemetry-sdk-logs/1.26.0-alpha/opentelemetry-sdk-logs-1.26.0-alpha.jar:/home/iramtech/.m2/repository/io/opentelemetry/opentelemetry-api-logs/1.26.0-alpha/opentelemetry-api-logs-1.26.0-alpha.jar:/home/iramtech/.m2/repository/io/opentelemetry/opentelemetry-api-events/1.26.0-alpha/opentelemetry-api-events-1.26.0-alpha.jar:/home/iramtech/.m2/repository/io/opentelemetry/opentelemetry-sdk-common/1.26.0/opentelemetry-sdk-common-1.26.0.jar:/home/iramtech/.m2/repository/io/opentelemetry/opentelemetry-sdk-extension-autoconfigure-spi/1.26.0/opentelemetry-sdk-extension-autoconfigure-spi-1.26.0.jar:/home/iramtech/.m2/repository/io/opentelemetry/opentelemetry-sdk-extension-autoconfigure/1.26.0-alpha/opentelemetry-sdk-extension-autoconfigure-1.26.0-alpha.jar:/home/iramtech/.m2/repository/io/opentelemetry/opentelemetry-sdk-trace/1.26.0/opentelemetry-sdk-trace-1.26.0.jar:/home/iramtech/.m2/repository/io/opentelemetry/opentelemetry-sdk/1.26.0/opentelemetry-sdk-1.26.0.jar:/home/iramtech/.m2/repository/io/opentelemetry/opentelemetry-semconv/1.26.0-alpha/opentelemetry-semconv-1.26.0-alpha.jar:/home/iramtech/.m2/repository/net/bytebuddy/byte-buddy/1.14.4/byte-buddy-1.14.4.jar:/home/iramtech/.m2/repository/org/apache/commons/commons-exec/1.3/commons-exec-1.3.jar:/home/iramtech/.m2/repository/org/asynchttpclient/async-http-client/2.12.3/async-http-client-2.12.3.jar:/home/iramtech/.m2/repository/org/asynchttpclient/async-http-client-netty-utils/2.12.3/async-http-client-netty-utils-2.12.3.jar:/home/iramtech/.m2/repository/io/netty/netty-codec-socks/4.1.60.Final/netty-codec-socks-4.1.60.Final.jar:/home/iramtech/.m2/repository/io/netty/netty-handler-proxy/4.1.60.Final/netty-handler-proxy-4.1.60.Final.jar:/home/iramtech/.m2/repository/io/netty/netty-transport-native-epoll/4.1.60.Final/netty-transport-native-epoll-4.1.60.Final-linux-x86_64.jar:/home/iramtech/.m2/repository/io/netty/netty-transport-native-kqueue/4.1.60.Final/netty-transport-native-kqueue-4.1.60.Final-osx-x86_64.jar:/home/iramtech/.m2/repository/com/typesafe/netty/netty-reactive-streams/2.0.4/netty-reactive-streams-2.0.4.jar:/home/iramtech/.m2/repository/com/sun/activation/jakarta.activation/1.2.2/jakarta.activation-1.2.2.jar:/home/iramtech/.m2/repository/org/seleniumhq/selenium/selenium-safari-driver/4.10.0/selenium-safari-driver-4.10.0.jar:/home/iramtech/.m2/repository/org/seleniumhq/selenium/selenium-support/4.10.0/selenium-support-4.10.0.jar:/home/iramtech/.m2/repository/com/aventstack/extentreports/5.0.8/extentreports-5.0.8.jar:/home/iramtech/.m2/repository/io/reactivex/rxjava3/rxjava/3.0.4/rxjava-3.0.4.jar:/home/iramtech/.m2/repository/org/reactivestreams/reactive-streams/1.0.3/reactive-streams-1.0.3.jar:/home/iramtech/.m2/repository/org/freemarker/freemarker/2.3.30/freemarker-2.3.30.jar:/home/iramtech/.m2/repository/com/google/code/gson/gson/2.8.6/gson-2.8.6.jar:/home/iramtech/.m2/repository/org/projectlombok/lombok/1.18.26/lombok-1.18.26.jar:/home/iramtech/.m2/repository/io/rest-assured/rest-assured/4.4.0/rest-assured-4.4.0.jar:/home/iramtech/.m2/repository/org/codehaus/groovy/groovy/3.0.8/groovy-3.0.8.jar:/home/iramtech/.m2/repository/org/codehaus/groovy/groovy-xml/3.0.8/groovy-xml-3.0.8.jar:/home/iramtech/.m2/repository/org/apache/httpcomponents/httpclient/4.5.13/httpclient-4.5.13.jar:/home/iramtech/.m2/repository/org/apache/httpcomponents/httpcore/4.4.13/httpcore-4.4.13.jar:/home/iramtech/.m2/repository/commons-logging/commons-logging/1.2/commons-logging-1.2.jar:/home/iramtech/.m2/repository/commons-codec/commons-codec/1.11/commons-codec-1.11.jar:/home/iramtech/.m2/repository/org/apache/httpcomponents/httpmime/4.5.13/httpmime-4.5.13.jar:/home/iramtech/.m2/repository/org/hamcrest/hamcrest/2.1/hamcrest-2.1.jar:/home/iramtech/.m2/repository/org/ccil/cowan/tagsoup/tagsoup/1.2.1/tagsoup-1.2.1.jar:/home/iramtech/.m2/repository/io/rest-assured/json-path/4.4.0/json-path-4.4.0.jar:/home/iramtech/.m2/repository/org/codehaus/groovy/groovy-json/3.0.8/groovy-json-3.0.8.jar:/home/iramtech/.m2/repository/io/rest-assured/rest-assured-common/4.4.0/rest-assured-common-4.4.0.jar:/home/iramtech/.m2/repository/io/rest-assured/xml-path/4.4.0/xml-path-4.4.0.jar:/home/iramtech/.m2/repository/org/apache/commons/commons-lang3/3.11/commons-lang3-3.11.jar:/home/iramtech/.m2/repository/jakarta/xml/bind/jakarta.xml.bind-api/2.3.3/jakarta.xml.bind-api-2.3.3.jar:/home/iramtech/.m2/repository/jakarta/activation/jakarta.activation-api/1.2.2/jakarta.activation-api-1.2.2.jar:/home/iramtech/.m2/repository/com/sun/xml/bind/jaxb-impl/2.3.3/jaxb-impl-2.3.3.jar:"/>
    <property name="sun.cpu.endian" value="little"/>
    <property name="user.home" value="/home/iramtech"/>
    <property name="user.language" value="en"/>
    <property name="java.specification.vendor" value="Oracle Corporation"/>
    <property name="java.version.date" value="2022-07-19"/>
    <property name="java.home" value="/usr/lib/jvm/java-18-openjdk-amd64"/>
    <property name="file.separator" value="/"/>
    <property name="basedir" value="/home/iramtech/Documents/silvassa"/>
    <property name="java.vm.compressedOopsMode" value="Zero based"/>
    <property name="line.separator" value="&#10;"/>
    <property name="java.vm.specification.vendor" value="Oracle Corporation"/>
    <property name="java.specification.name" value="Java Platform API Specification"/>
    <property name="surefire.real.class.path" value="/home/iramtech/Documents/silvassa/target/surefire/surefirebooter17844683487725514455.jar"/>
    <property name="sun.management.compiler" value="HotSpot 64-Bit Tiered Compilers"/>
    <property name="java.runtime.version" value="18.0.2-ea+9-Ubuntu-222.04"/>
    <property name="user.name" value="iramtech"/>
    <property name="path.separator" value=":"/>
    <property name="os.version" value="6.2.0-39-generic"/>
    <property name="java.runtime.name" value="OpenJDK Runtime Environment"/>
    <property name="file.encoding" value="UTF-8"/>
    <property name="java.vm.name" value="OpenJDK 64-Bit Server VM"/>
    <property name="localRepository" value="/home/iramtech/.m2/repository"/>
    <property name="java.vendor.url.bug" value="Unknown"/>
    <property name="java.io.tmpdir" value="/tmp"/>
    <property name="java.version" value="18.0.2-ea"/>
    <property name="user.dir" value="/home/iramtech/Documents/silvassa"/>
    <property name="os.arch" value="amd64"/>
    <property name="java.vm.specification.name" value="Java Virtual Machine Specification"/>
    <property name="native.encoding" value="UTF-8"/>
    <property name="java.library.path" value="/usr/java/packages/lib:/usr/lib/x86_64-linux-gnu/jni:/lib/x86_64-linux-gnu:/usr/lib/x86_64-linux-gnu:/usr/lib/jni:/lib:/usr/lib"/>
    <property name="java.vm.info" value="mixed mode, sharing"/>
    <property name="java.vendor" value="Private Build"/>
    <property name="java.vm.version" value="18.0.2-ea+9-Ubuntu-222.04"/>
    <property name="sun.io.unicode.encoding" value="UnicodeLittle"/>
    <property name="java.class.version" value="62.0"/>
  </properties>
  <testcase name="login" classname="com.selenium.PosManagement" time="3.804"/>
  <testcase name="revenueDashboardOpen" classname="com.selenium.PosManagement" time="5.111"/>
  <testcase name="posConfigurationPage" classname="com.selenium.PosManagement" time="6.386"/>
  <testcase name="selectSiteName" classname="com.selenium.PosManagement" time="6.664"/>
  <testcase name="parkingVehicleTab" classname="com.selenium.PosManagement" time="3.246"/>
  <testcase name="clickAddParkVehicle" classname="com.selenium.PosManagement" time="3.25"/>
  <testcase name="selectVehicle" classname="com.selenium.PosManagement" time="5.67"/>
  <testcase name="addVehicleBtn" classname="com.selenium.PosManagement" time="5.249"/>
  <testcase name="extractPopupTextAddVehicle" classname="com.selenium.PosManagement" time="3.058"/>
  <testcase name="statusOKAddVehicle" classname="com.selenium.PosManagement" time="2.239"/>
  <testcase name="parkingChargesTab" classname="com.selenium.PosManagement" time="3.235"/>
  <testcase name="parkingChargesView" classname="com.selenium.PosManagement" time="3.287"/>
  <testcase name="selectAllWeekButtons" classname="com.selenium.PosManagement" time="11.669"/>
  <testcase name="selectWednesdayButton" classname="com.selenium.PosManagement" time="3.224"/>
  <testcase name="updateInputValue" classname="com.selenium.PosManagement" time="3.084"/>
  <testcase name="pChargesSubmitBtn" classname="com.selenium.PosManagement" time="2.222"/>
  <testcase name="extractUpdateParckingChargesText" classname="com.selenium.PosManagement" time="2.062"/>
  <testcase name="parkingChargeStatusOK" classname="com.selenium.PosManagement" time="1.254"/>
  <testcase name="selectReserveCharges" classname="com.selenium.PosManagement" time="0.312"/>
  <testcase name="reserveChargesEditBtn" classname="com.selenium.PosManagement" time="0.248"/>
  <testcase name="updatereservationCharges" classname="com.selenium.PosManagement" time="0.042"/>
  <testcase name="updateReservationsSubmitBtn" classname="com.selenium.PosManagement" time="2.309"/>
  <testcase name="reserveChargesUpdatePopupText" classname="com.selenium.PosManagement" time="2.068"/>
  <testcase name="reserveChargeUpdateStatusOK" classname="com.selenium.PosManagement" time="1.253"/>
  <testcase name="selectParkingChargesTabTwice" classname="com.selenium.PosManagement" time="3.249"/>
  <testcase name="clickVerifyAddReserveBtn" classname="com.selenium.PosManagement" time="3.312"/>
  <testcase name="addReservationChargesVehicleType" classname="com.selenium.PosManagement" time="5.76"/>
  <testcase name="addReservationInputCharges" classname="com.selenium.PosManagement" time="3.052"/>
  <testcase name="addReservationChargesDateSelection" classname="com.selenium.PosManagement" time="11.745"/>
  <testcase name="addReservationChargesDay" classname="com.selenium.PosManagement" time="3.77"/>
  <testcase name="addReservationChargesDuration" classname="com.selenium.PosManagement" time="3.029"/>
  <testcase name="clickVerifySaveReserveBtn" classname="com.selenium.PosManagement" time="6.286"/>
  <testcase name="extractAddReservationCharges" classname="com.selenium.PosManagement" time="2.047"/>
  <testcase name="okStatusAddReservation" classname="com.selenium.PosManagement" time="1.232"/>
  <testcase name="popUpCloseAddReservation" classname="com.selenium.PosManagement" time="4.244"/>
  <testcase name="selectParkingChargesTabThrice" classname="com.selenium.PosManagement" time="3.638"/>
  <testcase name="selectSpecialCharges" classname="com.selenium.PosManagement" time="5.278"/>
  <testcase name="splChargesWeekBtn" classname="com.selenium.PosManagement" time="11.701"/>
  <testcase name="selectWednesdayButtonTwice" classname="com.selenium.PosManagement" time="3.221"/>
  <testcase name="clickSpecialChargeAddBtn" classname="com.selenium.PosManagement" time="2.23"/>
  <testcase name="splChargesStartHour" classname="com.selenium.PosManagement" time="2.255"/>
  <testcase name="splChargesEndHour" classname="com.selenium.PosManagement" time="2.428"/>
  <testcase name="splChargesEnterCharges" classname="com.selenium.PosManagement" time="2.271"/>
  <testcase name="splChargesEnterDisCharges" classname="com.selenium.PosManagement" time="2.256"/>
  <testcase name="splChargeCardDisCharges" classname="com.selenium.PosManagement" time="2.274"/>
  <testcase name="splChargeUPIDisCharges" classname="com.selenium.PosManagement" time="2.245"/>
  <testcase name="addSplChargesSubmitBtn" classname="com.selenium.PosManagement" time="2.249"/>
  <testcase name="addSpecialChargesPopUptext" classname="com.selenium.PosManagement" time="3.028"/>
  <testcase name="addSpecialChargesStatusOK" classname="com.selenium.PosManagement" time="2.232"/>
  <testcase name="specialChargesView" classname="com.selenium.PosManagement" time="5.124"/>
  <testcase name="selectWednesdayButtonThrice" classname="com.selenium.PosManagement" time="3.024"/>
  <testcase name="deleteSpecialCharges" classname="com.selenium.PosManagement" time="5.012"/>
  <testcase name="deleteSpecialChargesPopUptext" classname="com.selenium.PosManagement" time="3.01"/>
  <testcase name="deleteSpecialChargesStatusOK" classname="com.selenium.PosManagement" time="2.008"/>
  <testcase name="parkingChargesViewTwice" classname="com.selenium.PosManagement" time="3.271"/>
  <testcase name="selectSpecialChargesTwice" classname="com.selenium.PosManagement" time="5.252"/>
  <testcase name="parkingPassesTab" classname="com.selenium.PosManagement" time="3.93"/>
  <testcase name="clickParkingPassesEditBtn" classname="com.selenium.PosManagement" time="3.26"/>
  <testcase name="setPassPrice" classname="com.selenium.PosManagement" time="2.063"/>
  <testcase name="clickUpdatePassButton" classname="com.selenium.PosManagement" time="2.258"/>
  <testcase name="updatePassPopupText" classname="com.selenium.PosManagement" time="2.082"/>
  <testcase name="updatePassstatusOK" classname="com.selenium.PosManagement" time="1.222"/>
  <testcase name="selectOptionFromDropdown" classname="com.selenium.PosManagement" time="3.272"/>
  <testcase name="performPassesTabSearch" classname="com.selenium.PosManagement" time="3.053"/>
  <testcase name="attenderShiftsTab" classname="com.selenium.PosManagement" time="3.218"/>
  <testcase name="openModalDialog" classname="com.selenium.PosManagement" time="3.245"/>
  <testcase name="updateShifts" classname="com.selenium.PosManagement" time="3.336"/>
  <testcase name="updateShiftPopupText" classname="com.selenium.PosManagement" time="4.079"/>
  <testcase name="updateShiftstatusOK" classname="com.selenium.PosManagement" time="3.235"/>
  <testcase name="clickAddAttenderShiftButton" classname="com.selenium.PosManagement" time="3.253"/>
  <testcase name="addAttenderShift" classname="com.selenium.PosManagement" time="12.604"/>
  <testcase name="addShiftPopupText" classname="com.selenium.PosManagement" time="2.021"/>
  <testcase name="addShiftstatusOK" classname="com.selenium.PosManagement" time="1.23"/>
  <testcase name="addShiftPopUPClose" classname="com.selenium.PosManagement" time="2.221"/>
  <testcase name="hawkerTab" classname="com.selenium.PosManagement" time="3.01"/>
  <testcase name="clickAddHawkerButton" classname="com.selenium.PosManagement" time="2.027"/>
  <testcase name="clickEditHawkerButton" classname="com.selenium.PosManagement" time="2.06"/>
  <testcase name="updateHawker" classname="com.selenium.PosManagement" time="2.01"/>
  <testcase name="AddHawkerPopUp" classname="com.selenium.PosManagement" time="4.013"/>
  <testcase name="AddHawkerPopUpStatus" classname="com.selenium.PosManagement" time="3.009"/>
  <testcase name="viewHawkerDetails" classname="com.selenium.PosManagement" time="2.004"/>
  <testcase name="updateHawkerDetails" classname="com.selenium.PosManagement" time="2.008"/>
  <testcase name="hawkerUpdate" classname="com.selenium.PosManagement" time="2.01"/>
  <testcase name="hawkerUpdatePopUp" classname="com.selenium.PosManagement" time="4.01"/>
  <testcase name="hawkerUpdateStatus" classname="com.selenium.PosManagement" time="3.004"/>
  <testcase name="deleteHawker" classname="com.selenium.PosManagement" time="6.073"/>
  <testcase name="hawkerDeletePopUp" classname="com.selenium.PosManagement" time="3.007"/>
  <testcase name="hawkerDeleteStatus" classname="com.selenium.PosManagement" time="2.002"/>
  <testcase name="verifyAdvertisementTab" classname="com.selenium.PosManagement" time="3.009"/>
  <testcase name="advertisementTab" classname="com.selenium.PosManagement" time="5.091"/>
  <testcase name="clickAddAdvertisementButton" classname="com.selenium.PosManagement" time="2.028"/>
  <testcase name="sendKeysToFieldsAdvertTypeField" classname="com.selenium.PosManagement" time="2.023"/>
  <testcase name="sendKeysInAdvertSubTypeField" classname="com.selenium.PosManagement" time="2.016"/>
  <testcase name="sendKeysTophoneNumberField" classname="com.selenium.PosManagement" time="2.018"/>
  <testcase name="sendKeysToaddressField" classname="com.selenium.PosManagement" time="2.017"/>
  <testcase name="advertiseSendKeysStartDateTime" classname="com.selenium.PosManagement" time="2.013"/>
  <testcase name="advertiseSendKeysEndDateTime" classname="com.selenium.PosManagement" time="2.008"/>
  <testcase name="advertiseSendKeysCharges" classname="com.selenium.PosManagement" time="2.006"/>
  <testcase name="addAdvertiseButton" classname="com.selenium.PosManagement" time="3.018"/>
  <testcase name="advertiseAddPopUp" classname="com.selenium.PosManagement" time="2.011"/>
  <testcase name="advertiseAddStatus" classname="com.selenium.PosManagement" time="1.009"/>
  <testcase name="performAdvertiseSearch" classname="com.selenium.PosManagement" time="3.026"/>
  <testcase name="logout" classname="com.selenium.PosManagement" time="5.286"/>
</testsuite>