<?xml version="1.0" encoding="UTF-8"?>
<testsuite xmlns:xsi="http://www.w3.org/2001/XMLSchema-instance" xsi:noNamespaceSchemaLocation="https://maven.apache.org/surefire/maven-surefire-plugin/xsd/surefire-test-report.xsd" name="com.selenium.POSReports" time="436.711" tests="109" errors="0" skipped="0" failures="0">
  <properties>
    <property name="java.specification.version" value="18"/>
    <property name="sun.jnu.encoding" value="UTF-8"/>
    <property name="java.class.path" value="/home/iramtech/Documents/silvassa/target/test-classes:/home/iramtech/Documents/silvassa/target/classes:/home/iramtech/.m2/repository/org/testng/testng/7.7.1/testng-7.7.1.jar:/home/iramtech/.m2/repository/org/slf4j/slf4j-api/1.7.36/slf4j-api-1.7.36.jar:/home/iramtech/.m2/repository/com/beust/jcommander/1.82/jcommander-1.82.jar:/home/iramtech/.m2/repository/org/webjars/jquery/3.6.1/jquery-3.6.1.jar:/home/iramtech/.m2/repository/org/seleniumhq/selenium/selenium-java/4.10.0/selenium-java-4.10.0.jar:/home/iramtech/.m2/repository/org/seleniumhq/selenium/selenium-api/4.10.0/selenium-api-4.10.0.jar:/home/iramtech/.m2/repository/org/seleniumhq/selenium/selenium-chrome-driver/4.10.0/selenium-chrome-driver-4.10.0.jar:/home/iramtech/.m2/repository/com/google/auto/service/auto-service-annotations/1.0.1/auto-service-annotations-1.0.1.jar:/home/iramtech/.m2/repository/com/google/auto/service/auto-service/1.0.1/auto-service-1.0.1.jar:/home/iramtech/.m2/repository/com/google/auto/auto-common/1.2/auto-common-1.2.jar:/home/iramtech/.m2/repository/com/google/guava/guava/31.1-jre/guava-31.1-jre.jar:/home/iramtech/.m2/repository/com/google/guava/failureaccess/1.0.1/failureaccess-1.0.1.jar:/home/iramtech/.m2/repository/com/google/guava/listenablefuture/9999.0-empty-to-avoid-conflict-with-guava/listenablefuture-9999.0-empty-to-avoid-conflict-with-guava.jar:/home/iramtech/.m2/repository/com/google/code/findbugs/jsr305/3.0.2/jsr305-3.0.2.jar:/home/iramtech/.m2/repository/org/checkerframework/checker-qual/3.12.0/checker-qual-3.12.0.jar:/home/iramtech/.m2/repository/com/google/errorprone/error_prone_annotations/2.11.0/error_prone_annotations-2.11.0.jar:/home/iramtech/.m2/repository/com/google/j2objc/j2objc-annotations/1.3/j2objc-annotations-1.3.jar:/home/iramtech/.m2/repository/org/seleniumhq/selenium/selenium-chromium-driver/4.10.0/selenium-chromium-driver-4.10.0.jar:/home/iramtech/.m2/repository/org/seleniumhq/selenium/selenium-json/4.10.0/selenium-json-4.10.0.jar:/home/iramtech/.m2/repository/org/seleniumhq/selenium/selenium-manager/4.10.0/selenium-manager-4.10.0.jar:/home/iramtech/.m2/repository/org/seleniumhq/selenium/selenium-devtools-v112/4.10.0/selenium-devtools-v112-4.10.0.jar:/home/iramtech/.m2/repository/org/seleniumhq/selenium/selenium-devtools-v113/4.10.0/selenium-devtools-v113-4.10.0.jar:/home/iramtech/.m2/repository/org/seleniumhq/selenium/selenium-devtools-v114/4.10.0/selenium-devtools-v114-4.10.0.jar:/home/iramtech/.m2/repository/org/seleniumhq/selenium/selenium-devtools-v85/4.10.0/selenium-devtools-v85-4.10.0.jar:/home/iramtech/.m2/repository/org/seleniumhq/selenium/selenium-edge-driver/4.10.0/selenium-edge-driver-4.10.0.jar:/home/iramtech/.m2/repository/org/seleniumhq/selenium/selenium-firefox-driver/4.10.0/selenium-firefox-driver-4.10.0.jar:/home/iramtech/.m2/repository/org/seleniumhq/selenium/selenium-http/4.10.0/selenium-http-4.10.0.jar:/home/iramtech/.m2/repository/dev/failsafe/failsafe/3.3.1/failsafe-3.3.1.jar:/home/iramtech/.m2/repository/org/seleniumhq/selenium/selenium-ie-driver/4.10.0/selenium-ie-driver-4.10.0.jar:/home/iramtech/.m2/repository/org/seleniumhq/selenium/selenium-remote-driver/4.10.0/selenium-remote-driver-4.10.0.jar:/home/iramtech/.m2/repository/io/netty/netty-buffer/4.1.92.Final/netty-buffer-4.1.92.Final.jar:/home/iramtech/.m2/repository/io/netty/netty-codec-http/4.1.92.Final/netty-codec-http-4.1.92.Final.jar:/home/iramtech/.m2/repository/io/netty/netty-codec/4.1.92.Final/netty-codec-4.1.92.Final.jar:/home/iramtech/.m2/repository/io/netty/netty-handler/4.1.92.Final/netty-handler-4.1.92.Final.jar:/home/iramtech/.m2/repository/io/netty/netty-common/4.1.92.Final/netty-common-4.1.92.Final.jar:/home/iramtech/.m2/repository/io/netty/netty-transport-classes-epoll/4.1.92.Final/netty-transport-classes-epoll-4.1.92.Final.jar:/home/iramtech/.m2/repository/io/netty/netty-transport-classes-kqueue/4.1.92.Final/netty-transport-classes-kqueue-4.1.92.Final.jar:/home/iramtech/.m2/repository/io/netty/netty-transport-native-epoll/4.1.92.Final/netty-transport-native-epoll-4.1.92.Final.jar:/home/iramtech/.m2/repository/io/netty/netty-transport-native-kqueue/4.1.92.Final/netty-transport-native-kqueue-4.1.92.Final.jar:/home/iramtech/.m2/repository/io/netty/netty-transport-native-unix-common/4.1.92.Final/netty-transport-native-unix-common-4.1.92.Final.jar:/home/iramtech/.m2/repository/io/netty/netty-transport/4.1.92.Final/netty-transport-4.1.92.Final.jar:/home/iramtech/.m2/repository/io/netty/netty-resolver/4.1.92.Final/netty-resolver-4.1.92.Final.jar:/home/iramtech/.m2/repository/io/opentelemetry/opentelemetry-api/1.26.0/opentelemetry-api-1.26.0.jar:/home/iramtech/.m2/repository/io/opentelemetry/opentelemetry-context/1.26.0/opentelemetry-context-1.26.0.jar:/home/iramtech/.m2/repository/io/opentelemetry/opentelemetry-exporter-logging/1.26.0/opentelemetry-exporter-logging-1.26.0.jar:/home/iramtech/.m2/repository/io/opentelemetry/opentelemetry-sdk-metrics/1.26.0/opentelemetry-sdk-metrics-1.26.0.jar:/home/iramtech/.m2/repository/io/opentelemetry/opentelemetry-extension-incubator/1.26.0-alpha/opentelemetry-extension-incubator-1.26.0-alpha.jar:/home/iramtech/.m2/repository/io/opentelemetry/opentelemetry-sdk-logs/1.26.0-alpha/opentelemetry-sdk-logs-1.26.0-alpha.jar:/home/iramtech/.m2/repository/io/opentelemetry/opentelemetry-api-logs/1.26.0-alpha/opentelemetry-api-logs-1.26.0-alpha.jar:/home/iramtech/.m2/repository/io/opentelemetry/opentelemetry-api-events/1.26.0-alpha/opentelemetry-api-events-1.26.0-alpha.jar:/home/iramtech/.m2/repository/io/opentelemetry/opentelemetry-sdk-common/1.26.0/opentelemetry-sdk-common-1.26.0.jar:/home/iramtech/.m2/repository/io/opentelemetry/opentelemetry-sdk-extension-autoconfigure-spi/1.26.0/opentelemetry-sdk-extension-autoconfigure-spi-1.26.0.jar:/home/iramtech/.m2/repository/io/opentelemetry/opentelemetry-sdk-extension-autoconfigure/1.26.0-alpha/opentelemetry-sdk-extension-autoconfigure-1.26.0-alpha.jar:/home/iramtech/.m2/repository/io/opentelemetry/opentelemetry-sdk-trace/1.26.0/opentelemetry-sdk-trace-1.26.0.jar:/home/iramtech/.m2/repository/io/opentelemetry/opentelemetry-sdk/1.26.0/opentelemetry-sdk-1.26.0.jar:/home/iramtech/.m2/repository/io/opentelemetry/opentelemetry-semconv/1.26.0-alpha/opentelemetry-semconv-1.26.0-alpha.jar:/home/iramtech/.m2/repository/net/bytebuddy/byte-buddy/1.14.4/byte-buddy-1.14.4.jar:/home/iramtech/.m2/repository/org/apache/commons/commons-exec/1.3/commons-exec-1.3.jar:/home/iramtech/.m2/repository/org/asynchttpclient/async-http-client/2.12.3/async-http-client-2.12.3.jar:/home/iramtech/.m2/repository/org/asynchttpclient/async-http-client-netty-utils/2.12.3/async-http-client-netty-utils-2.12.3.jar:/home/iramtech/.m2/repository/io/netty/netty-codec-socks/4.1.60.Final/netty-codec-socks-4.1.60.Final.jar:/home/iramtech/.m2/repository/io/netty/netty-handler-proxy/4.1.60.Final/netty-handler-proxy-4.1.60.Final.jar:/home/iramtech/.m2/repository/io/netty/netty-transport-native-epoll/4.1.60.Final/netty-transport-native-epoll-4.1.60.Final-linux-x86_64.jar:/home/iramtech/.m2/repository/io/netty/netty-transport-native-kqueue/4.1.60.Final/netty-transport-native-kqueue-4.1.60.Final-osx-x86_64.jar:/home/iramtech/.m2/repository/com/typesafe/netty/netty-reactive-streams/2.0.4/netty-reactive-streams-2.0.4.jar:/home/iramtech/.m2/repository/com/sun/activation/jakarta.activation/1.2.2/jakarta.activation-1.2.2.jar:/home/iramtech/.m2/repository/org/seleniumhq/selenium/selenium-safari-driver/4.10.0/selenium-safari-driver-4.10.0.jar:/home/iramtech/.m2/repository/org/seleniumhq/selenium/selenium-support/4.10.0/selenium-support-4.10.0.jar:/home/iramtech/.m2/repository/com/aventstack/extentreports/5.0.8/extentreports-5.0.8.jar:/home/iramtech/.m2/repository/io/reactivex/rxjava3/rxjava/3.0.4/rxjava-3.0.4.jar:/home/iramtech/.m2/repository/org/reactivestreams/reactive-streams/1.0.3/reactive-streams-1.0.3.jar:/home/iramtech/.m2/repository/org/freemarker/freemarker/2.3.30/freemarker-2.3.30.jar:/home/iramtech/.m2/repository/com/google/code/gson/gson/2.8.6/gson-2.8.6.jar:/home/iramtech/.m2/repository/org/projectlombok/lombok/1.18.26/lombok-1.18.26.jar:/home/iramtech/.m2/repository/io/rest-assured/rest-assured/4.4.0/rest-assured-4.4.0.jar:/home/iramtech/.m2/repository/org/codehaus/groovy/groovy/3.0.8/groovy-3.0.8.jar:/home/iramtech/.m2/repository/org/codehaus/groovy/groovy-xml/3.0.8/groovy-xml-3.0.8.jar:/home/iramtech/.m2/repository/org/apache/httpcomponents/httpclient/4.5.13/httpclient-4.5.13.jar:/home/iramtech/.m2/repository/org/apache/httpcomponents/httpcore/4.4.13/httpcore-4.4.13.jar:/home/iramtech/.m2/repository/commons-logging/commons-logging/1.2/commons-logging-1.2.jar:/home/iramtech/.m2/repository/commons-codec/commons-codec/1.11/commons-codec-1.11.jar:/home/iramtech/.m2/repository/org/apache/httpcomponents/httpmime/4.5.13/httpmime-4.5.13.jar:/home/iramtech/.m2/repository/org/hamcrest/hamcrest/2.1/hamcrest-2.1.jar:/home/iramtech/.m2/repository/org/ccil/cowan/tagsoup/tagsoup/1.2.1/tagsoup-1.2.1.jar:/home/iramtech/.m2/repository/io/rest-assured/json-path/4.4.0/json-path-4.4.0.jar:/home/iramtech/.m2/repository/org/codehaus/groovy/groovy-json/3.0.8/groovy-json-3.0.8.jar:/home/iramtech/.m2/repository/io/rest-assured/rest-assured-common/4.4.0/rest-assured-common-4.4.0.jar:/home/iramtech/.m2/repository/io/rest-assured/xml-path/4.4.0/xml-path-4.4.0.jar:/home/iramtech/.m2/repository/org/apache/commons/commons-lang3/3.11/commons-lang3-3.11.jar:/home/iramtech/.m2/repository/jakarta/xml/bind/jakarta.xml.bind-api/2.3.3/jakarta.xml.bind-api-2.3.3.jar:/home/iramtech/.m2/repository/jakarta/activation/jakarta.activation-api/1.2.2/jakarta.activation-api-1.2.2.jar:/home/iramtech/.m2/repository/com/sun/xml/bind/jaxb-impl/2.3.3/jaxb-impl-2.3.3.jar:"/>
    <property name="java.vm.vendor" value="Private Build"/>
    <property name="sun.arch.data.model" value="64"/>
    <property name="java.vendor.url" value="Unknown"/>
    <property name="os.name" value="Linux"/>
    <property name="java.vm.specification.version" value="18"/>
    <property name="sun.java.launcher" value="SUN_STANDARD"/>
    <property name="user.country" value="US"/>
    <property name="sun.boot.library.path" value="/usr/lib/jvm/java-18-openjdk-amd64/lib"/>
    <property name="sun.java.command" value="/home/iramtech/Documents/silvassa/target/surefire/surefirebooter16560082267835386179.jar /home/iramtech/Documents/silvassa/target/surefire 2024-04-11T17-37-03_064-jvmRun1 surefire6062600536050847071tmp surefire_04663679916305587180tmp"/>
    <property name="jdk.debug" value="release"/>
    <property name="test" value="POSReports.java"/>
    <property name="surefire.test.class.path" value="/home/iramtech/Documents/silvassa/target/test-classes:/home/iramtech/Documents/silvassa/target/classes:/home/iramtech/.m2/repository/org/testng/testng/7.7.1/testng-7.7.1.jar:/home/iramtech/.m2/repository/org/slf4j/slf4j-api/1.7.36/slf4j-api-1.7.36.jar:/home/iramtech/.m2/repository/com/beust/jcommander/1.82/jcommander-1.82.jar:/home/iramtech/.m2/repository/org/webjars/jquery/3.6.1/jquery-3.6.1.jar:/home/iramtech/.m2/repository/org/seleniumhq/selenium/selenium-java/4.10.0/selenium-java-4.10.0.jar:/home/iramtech/.m2/repository/org/seleniumhq/selenium/selenium-api/4.10.0/selenium-api-4.10.0.jar:/home/iramtech/.m2/repository/org/seleniumhq/selenium/selenium-chrome-driver/4.10.0/selenium-chrome-driver-4.10.0.jar:/home/iramtech/.m2/repository/com/google/auto/service/auto-service-annotations/1.0.1/auto-service-annotations-1.0.1.jar:/home/iramtech/.m2/repository/com/google/auto/service/auto-service/1.0.1/auto-service-1.0.1.jar:/home/iramtech/.m2/repository/com/google/auto/auto-common/1.2/auto-common-1.2.jar:/home/iramtech/.m2/repository/com/google/guava/guava/31.1-jre/guava-31.1-jre.jar:/home/iramtech/.m2/repository/com/google/guava/failureaccess/1.0.1/failureaccess-1.0.1.jar:/home/iramtech/.m2/repository/com/google/guava/listenablefuture/9999.0-empty-to-avoid-conflict-with-guava/listenablefuture-9999.0-empty-to-avoid-conflict-with-guava.jar:/home/iramtech/.m2/repository/com/google/code/findbugs/jsr305/3.0.2/jsr305-3.0.2.jar:/home/iramtech/.m2/repository/org/checkerframework/checker-qual/3.12.0/checker-qual-3.12.0.jar:/home/iramtech/.m2/repository/com/google/errorprone/error_prone_annotations/2.11.0/error_prone_annotations-2.11.0.jar:/home/iramtech/.m2/repository/com/google/j2objc/j2objc-annotations/1.3/j2objc-annotations-1.3.jar:/home/iramtech/.m2/repository/org/seleniumhq/selenium/selenium-chromium-driver/4.10.0/selenium-chromium-driver-4.10.0.jar:/home/iramtech/.m2/repository/org/seleniumhq/selenium/selenium-json/4.10.0/selenium-json-4.10.0.jar:/home/iramtech/.m2/repository/org/seleniumhq/selenium/selenium-manager/4.10.0/selenium-manager-4.10.0.jar:/home/iramtech/.m2/repository/org/seleniumhq/selenium/selenium-devtools-v112/4.10.0/selenium-devtools-v112-4.10.0.jar:/home/iramtech/.m2/repository/org/seleniumhq/selenium/selenium-devtools-v113/4.10.0/selenium-devtools-v113-4.10.0.jar:/home/iramtech/.m2/repository/org/seleniumhq/selenium/selenium-devtools-v114/4.10.0/selenium-devtools-v114-4.10.0.jar:/home/iramtech/.m2/repository/org/seleniumhq/selenium/selenium-devtools-v85/4.10.0/selenium-devtools-v85-4.10.0.jar:/home/iramtech/.m2/repository/org/seleniumhq/selenium/selenium-edge-driver/4.10.0/selenium-edge-driver-4.10.0.jar:/home/iramtech/.m2/repository/org/seleniumhq/selenium/selenium-firefox-driver/4.10.0/selenium-firefox-driver-4.10.0.jar:/home/iramtech/.m2/repository/org/seleniumhq/selenium/selenium-http/4.10.0/selenium-http-4.10.0.jar:/home/iramtech/.m2/repository/dev/failsafe/failsafe/3.3.1/failsafe-3.3.1.jar:/home/iramtech/.m2/repository/org/seleniumhq/selenium/selenium-ie-driver/4.10.0/selenium-ie-driver-4.10.0.jar:/home/iramtech/.m2/repository/org/seleniumhq/selenium/selenium-remote-driver/4.10.0/selenium-remote-driver-4.10.0.jar:/home/iramtech/.m2/repository/io/netty/netty-buffer/4.1.92.Final/netty-buffer-4.1.92.Final.jar:/home/iramtech/.m2/repository/io/netty/netty-codec-http/4.1.92.Final/netty-codec-http-4.1.92.Final.jar:/home/iramtech/.m2/repository/io/netty/netty-codec/4.1.92.Final/netty-codec-4.1.92.Final.jar:/home/iramtech/.m2/repository/io/netty/netty-handler/4.1.92.Final/netty-handler-4.1.92.Final.jar:/home/iramtech/.m2/repository/io/netty/netty-common/4.1.92.Final/netty-common-4.1.92.Final.jar:/home/iramtech/.m2/repository/io/netty/netty-transport-classes-epoll/4.1.92.Final/netty-transport-classes-epoll-4.1.92.Final.jar:/home/iramtech/.m2/repository/io/netty/netty-transport-classes-kqueue/4.1.92.Final/netty-transport-classes-kqueue-4.1.92.Final.jar:/home/iramtech/.m2/repository/io/netty/netty-transport-native-epoll/4.1.92.Final/netty-transport-native-epoll-4.1.92.Final.jar:/home/iramtech/.m2/repository/io/netty/netty-transport-native-kqueue/4.1.92.Final/netty-transport-native-kqueue-4.1.92.Final.jar:/home/iramtech/.m2/repository/io/netty/netty-transport-native-unix-common/4.1.92.Final/netty-transport-native-unix-common-4.1.92.Final.jar:/home/iramtech/.m2/repository/io/netty/netty-transport/4.1.92.Final/netty-transport-4.1.92.Final.jar:/home/iramtech/.m2/repository/io/netty/netty-resolver/4.1.92.Final/netty-resolver-4.1.92.Final.jar:/home/iramtech/.m2/repository/io/opentelemetry/opentelemetry-api/1.26.0/opentelemetry-api-1.26.0.jar:/home/iramtech/.m2/repository/io/opentelemetry/opentelemetry-context/1.26.0/opentelemetry-context-1.26.0.jar:/home/iramtech/.m2/repository/io/opentelemetry/opentelemetry-exporter-logging/1.26.0/opentelemetry-exporter-logging-1.26.0.jar:/home/iramtech/.m2/repository/io/opentelemetry/opentelemetry-sdk-metrics/1.26.0/opentelemetry-sdk-metrics-1.26.0.jar:/home/iramtech/.m2/repository/io/opentelemetry/opentelemetry-extension-incubator/1.26.0-alpha/opentelemetry-extension-incubator-1.26.0-alpha.jar:/home/iramtech/.m2/repository/io/opentelemetry/opentelemetry-sdk-logs/1.26.0-alpha/opentelemetry-sdk-logs-1.26.0-alpha.jar:/home/iramtech/.m2/repository/io/opentelemetry/opentelemetry-api-logs/1.26.0-alpha/opentelemetry-api-logs-1.26.0-alpha.jar:/home/iramtech/.m2/repository/io/opentelemetry/opentelemetry-api-events/1.26.0-alpha/opentelemetry-api-events-1.26.0-alpha.jar:/home/iramtech/.m2/repository/io/opentelemetry/opentelemetry-sdk-common/1.26.0/opentelemetry-sdk-common-1.26.0.jar:/home/iramtech/.m2/repository/io/opentelemetry/opentelemetry-sdk-extension-autoconfigure-spi/1.26.0/opentelemetry-sdk-extension-autoconfigure-spi-1.26.0.jar:/home/iramtech/.m2/repository/io/opentelemetry/opentelemetry-sdk-extension-autoconfigure/1.26.0-alpha/opentelemetry-sdk-extension-autoconfigure-1.26.0-alpha.jar:/home/iramtech/.m2/repository/io/opentelemetry/opentelemetry-sdk-trace/1.26.0/opentelemetry-sdk-trace-1.26.0.jar:/home/iramtech/.m2/repository/io/opentelemetry/opentelemetry-sdk/1.26.0/opentelemetry-sdk-1.26.0.jar:/home/iramtech/.m2/repository/io/opentelemetry/opentelemetry-semconv/1.26.0-alpha/opentelemetry-semconv-1.26.0-alpha.jar:/home/iramtech/.m2/repository/net/bytebuddy/byte-buddy/1.14.4/byte-buddy-1.14.4.jar:/home/iramtech/.m2/repository/org/apache/commons/commons-exec/1.3/commons-exec-1.3.jar:/home/iramtech/.m2/repository/org/asynchttpclient/async-http-client/2.12.3/async-http-client-2.12.3.jar:/home/iramtech/.m2/repository/org/asynchttpclient/async-http-client-netty-utils/2.12.3/async-http-client-netty-utils-2.12.3.jar:/home/iramtech/.m2/repository/io/netty/netty-codec-socks/4.1.60.Final/netty-codec-socks-4.1.60.Final.jar:/home/iramtech/.m2/repository/io/netty/netty-handler-proxy/4.1.60.Final/netty-handler-proxy-4.1.60.Final.jar:/home/iramtech/.m2/repository/io/netty/netty-transport-native-epoll/4.1.60.Final/netty-transport-native-epoll-4.1.60.Final-linux-x86_64.jar:/home/iramtech/.m2/repository/io/netty/netty-transport-native-kqueue/4.1.60.Final/netty-transport-native-kqueue-4.1.60.Final-osx-x86_64.jar:/home/iramtech/.m2/repository/com/typesafe/netty/netty-reactive-streams/2.0.4/netty-reactive-streams-2.0.4.jar:/home/iramtech/.m2/repository/com/sun/activation/jakarta.activation/1.2.2/jakarta.activation-1.2.2.jar:/home/iramtech/.m2/repository/org/seleniumhq/selenium/selenium-safari-driver/4.10.0/selenium-safari-driver-4.10.0.jar:/home/iramtech/.m2/repository/org/seleniumhq/selenium/selenium-support/4.10.0/selenium-support-4.10.0.jar:/home/iramtech/.m2/repository/com/aventstack/extentreports/5.0.8/extentreports-5.0.8.jar:/home/iramtech/.m2/repository/io/reactivex/rxjava3/rxjava/3.0.4/rxjava-3.0.4.jar:/home/iramtech/.m2/repository/org/reactivestreams/reactive-streams/1.0.3/reactive-streams-1.0.3.jar:/home/iramtech/.m2/repository/org/freemarker/freemarker/2.3.30/freemarker-2.3.30.jar:/home/iramtech/.m2/repository/com/google/code/gson/gson/2.8.6/gson-2.8.6.jar:/home/iramtech/.m2/repository/org/projectlombok/lombok/1.18.26/lombok-1.18.26.jar:/home/iramtech/.m2/repository/io/rest-assured/rest-assured/4.4.0/rest-assured-4.4.0.jar:/home/iramtech/.m2/repository/org/codehaus/groovy/groovy/3.0.8/groovy-3.0.8.jar:/home/iramtech/.m2/repository/org/codehaus/groovy/groovy-xml/3.0.8/groovy-xml-3.0.8.jar:/home/iramtech/.m2/repository/org/apache/httpcomponents/httpclient/4.5.13/httpclient-4.5.13.jar:/home/iramtech/.m2/repository/org/apache/httpcomponents/httpcore/4.4.13/httpcore-4.4.13.jar:/home/iramtech/.m2/repository/commons-logging/commons-logging/1.2/commons-logging-1.2.jar:/home/iramtech/.m2/repository/commons-codec/commons-codec/1.11/commons-codec-1.11.jar:/home/iramtech/.m2/repository/org/apache/httpcomponents/httpmime/4.5.13/httpmime-4.5.13.jar:/home/iramtech/.m2/repository/org/hamcrest/hamcrest/2.1/hamcrest-2.1.jar:/home/iramtech/.m2/repository/org/ccil/cowan/tagsoup/tagsoup/1.2.1/tagsoup-1.2.1.jar:/home/iramtech/.m2/repository/io/rest-assured/json-path/4.4.0/json-path-4.4.0.jar:/home/iramtech/.m2/repository/org/codehaus/groovy/groovy-json/3.0.8/groovy-json-3.0.8.jar:/home/iramtech/.m2/repository/io/rest-assured/rest-assured-common/4.4.0/rest-assured-common-4.4.0.jar:/home/iramtech/.m2/repository/io/rest-assured/xml-path/4.4.0/xml-path-4.4.0.jar:/home/iramtech/.m2/repository/org/apache/commons/commons-lang3/3.11/commons-lang3-3.11.jar:/home/iramtech/.m2/repository/jakarta/xml/bind/jakarta.xml.bind-api/2.3.3/jakarta.xml.bind-api-2.3.3.jar:/home/iramtech/.m2/repository/jakarta/activation/jakarta.activation-api/1.2.2/jakarta.activation-api-1.2.2.jar:/home/iramtech/.m2/repository/com/sun/xml/bind/jaxb-impl/2.3.3/jaxb-impl-2.3.3.jar:"/>
    <property name="sun.cpu.endian" value="little"/>
    <property name="user.home" value="/home/iramtech"/>
    <property name="user.language" value="en"/>
    <property name="java.specification.vendor" value="Oracle Corporation"/>
    <property name="java.version.date" value="2022-07-19"/>
    <property name="java.home" value="/usr/lib/jvm/java-18-openjdk-amd64"/>
    <property name="file.separator" value="/"/>
    <property name="basedir" value="/home/iramtech/Documents/silvassa"/>
    <property name="java.vm.compressedOopsMode" value="Zero based"/>
    <property name="line.separator" value="&#10;"/>
    <property name="java.vm.specification.vendor" value="Oracle Corporation"/>
    <property name="java.specification.name" value="Java Platform API Specification"/>
    <property name="surefire.real.class.path" value="/home/iramtech/Documents/silvassa/target/surefire/surefirebooter16560082267835386179.jar"/>
    <property name="sun.management.compiler" value="HotSpot 64-Bit Tiered Compilers"/>
    <property name="java.runtime.version" value="18.0.2-ea+9-Ubuntu-222.04"/>
    <property name="user.name" value="iramtech"/>
    <property name="path.separator" value=":"/>
    <property name="os.version" value="6.2.0-39-generic"/>
    <property name="java.runtime.name" value="OpenJDK Runtime Environment"/>
    <property name="file.encoding" value="UTF-8"/>
    <property name="java.vm.name" value="OpenJDK 64-Bit Server VM"/>
    <property name="localRepository" value="/home/iramtech/.m2/repository"/>
    <property name="java.vendor.url.bug" value="Unknown"/>
    <property name="java.io.tmpdir" value="/tmp"/>
    <property name="java.version" value="18.0.2-ea"/>
    <property name="user.dir" value="/home/iramtech/Documents/silvassa"/>
    <property name="os.arch" value="amd64"/>
    <property name="java.vm.specification.name" value="Java Virtual Machine Specification"/>
    <property name="native.encoding" value="UTF-8"/>
    <property name="java.library.path" value="/usr/java/packages/lib:/usr/lib/x86_64-linux-gnu/jni:/lib/x86_64-linux-gnu:/usr/lib/x86_64-linux-gnu:/usr/lib/jni:/lib:/usr/lib"/>
    <property name="java.vm.info" value="mixed mode, sharing"/>
    <property name="java.vendor" value="Private Build"/>
    <property name="java.vm.version" value="18.0.2-ea+9-Ubuntu-222.04"/>
    <property name="sun.io.unicode.encoding" value="UnicodeLittle"/>
    <property name="java.class.version" value="62.0"/>
  </properties>
  <testcase name="login" classname="com.selenium.POSReports" time="4.387"/>
  <testcase name="revenueDashboardOpen" classname="com.selenium.POSReports" time="5.199"/>
  <testcase name="posRevenuepage" classname="com.selenium.POSReports" time="6.354"/>
  <testcase name="posRevenueSelectSite" classname="com.selenium.POSReports" time="6.671"/>
  <testcase name="posRevenuedatesEnabled" classname="com.selenium.POSReports" time="4.894"/>
  <testcase name="selectPosRevenueStartDate" classname="com.selenium.POSReports" time="8.766"/>
  <testcase name="selectReserveEndDate" classname="com.selenium.POSReports" time="6.765"/>
  <testcase name="posRevenueSelectTwoWheeler" classname="com.selenium.POSReports" time="2.045"/>
  <testcase name="posRevenueposNumber" classname="com.selenium.POSReports" time="3.615"/>
  <testcase name="posRevenueSubmitButtonTwo" classname="com.selenium.POSReports" time="1.243"/>
  <testcase name="posRevenueFormTwoW" classname="com.selenium.POSReports" time="5.235"/>
  <testcase name="posRevenueShiftMorningTwoW" classname="com.selenium.POSReports" time="2.032"/>
  <testcase name="posRevenueShiftEveningTwoW" classname="com.selenium.POSReports" time="2.031"/>
  <testcase name="posRevenueShiftAllTwoW" classname="com.selenium.POSReports" time="2.029"/>
  <testcase name="posRevenueCSVTwoW" classname="com.selenium.POSReports" time="2.23"/>
  <testcase name="posRevenuePDFTwoW" classname="com.selenium.POSReports" time="16.662"/>
  <testcase name="posRevenuePopUPCloseTwoW" classname="com.selenium.POSReports" time="5.229"/>
  <testcase name="twoWheelerPOSRevenue" classname="com.selenium.POSReports" time="2.047"/>
  <testcase name="posRevenueSelectFourWheeler" classname="com.selenium.POSReports" time="2.029"/>
  <testcase name="posRevenueSubmitBtnFourW" classname="com.selenium.POSReports" time="1.217"/>
  <testcase name="posRevenueFormFourW" classname="com.selenium.POSReports" time="5.233"/>
  <testcase name="posRevenueShiftMorningFourW" classname="com.selenium.POSReports" time="2.038"/>
  <testcase name="posRevenueShiftEveningFouW" classname="com.selenium.POSReports" time="2.012"/>
  <testcase name="posRevenueShiftAllFourW" classname="com.selenium.POSReports" time="2.01"/>
  <testcase name="posRevenueCSVFourW" classname="com.selenium.POSReports" time="2.252"/>
  <testcase name="posRevenuePDFFourW" classname="com.selenium.POSReports" time="16.61"/>
  <testcase name="posRevenuePopUPCloseFourW" classname="com.selenium.POSReports" time="5.243"/>
  <testcase name="fourWheelerPOSRevenue" classname="com.selenium.POSReports" time="2.037"/>
  <testcase name="posRevenueSelectThreeWheeler" classname="com.selenium.POSReports" time="2.037"/>
  <testcase name="posRevenueSubmitBtnThreeW" classname="com.selenium.POSReports" time="1.22"/>
  <testcase name="posRevenueFormThreeW" classname="com.selenium.POSReports" time="5.237"/>
  <testcase name="posRevenueShiftMorningThreeW" classname="com.selenium.POSReports" time="2.029"/>
  <testcase name="posRevenueShiftEveningThreeW" classname="com.selenium.POSReports" time="2.016"/>
  <testcase name="posRevenueShiftAllThreeW" classname="com.selenium.POSReports" time="2.013"/>
  <testcase name="posRevenueCSVThreeW" classname="com.selenium.POSReports" time="2.283"/>
  <testcase name="posRevenuePDFThreeW" classname="com.selenium.POSReports" time="16.681"/>
  <testcase name="posRevenuePopUPCloseThreeW" classname="com.selenium.POSReports" time="5.218"/>
  <testcase name="threeWheelerPOSRevenue" classname="com.selenium.POSReports" time="2.042"/>
  <testcase name="posTransactions" classname="com.selenium.POSReports" time="2.229"/>
  <testcase name="posTransactionsDateRange" classname="com.selenium.POSReports" time="8.7"/>
  <testcase name="posTransaction_StartDate" classname="com.selenium.POSReports" time="3.282"/>
  <testcase name="posTransaction_EndDate" classname="com.selenium.POSReports" time="0.005"/>
  <testcase name="posTransaction_TwoWheeler" classname="com.selenium.POSReports" time="2.046"/>
  <testcase name="transaction_FourWheeler_Exit_PdfFile" classname="com.selenium.POSReports" time="3.02"/>
  <testcase name="transaction_TwoWheeler_EntryType" classname="com.selenium.POSReports" time="2.034"/>
  <testcase name="transaction_TwoWheeler_PosSerial" classname="com.selenium.POSReports" time="3.639"/>
  <testcase name="transaction_TwoWheeler_Entry_SubmitBtn" classname="com.selenium.POSReports" time="3.216"/>
  <testcase name="twoWheeler_Entry_Transaction" classname="com.selenium.POSReports" time="2.041"/>
  <testcase name="transaction_TwoWheeler_Entry_ViewDetails" classname="com.selenium.POSReports" time="2.217"/>
  <testcase name="transaction_TwoWheeler_Entry_length" classname="com.selenium.POSReports" time="2.284"/>
  <testcase name="transaction_TwoWheeler_Entry_CsvFile" classname="com.selenium.POSReports" time="2.225"/>
  <testcase name="transaction_TwoWheeler_Entry_PdfFile" classname="com.selenium.POSReports" time="16.57"/>
  <testcase name="transaction_TwoWheeler_Entry_PopUpClose" classname="com.selenium.POSReports" time="5.243"/>
  <testcase name="transaction_TwoWheeler_ExitType" classname="com.selenium.POSReports" time="2.013"/>
  <testcase name="transaction_TwoWheeler_Exit_SubmitBtn" classname="com.selenium.POSReports" time="3.245"/>
  <testcase name="twoWheeler_Exit_Transactions" classname="com.selenium.POSReports" time="2.024"/>
  <testcase name="transaction_TwoWheeler_Exit_ViewDetails" classname="com.selenium.POSReports" time="2.214"/>
  <testcase name="transaction_TwoWheeler_Exit_Length" classname="com.selenium.POSReports" time="2.069"/>
  <testcase name="transaction_TwoWheeler_Exit_CsvFile" classname="com.selenium.POSReports" time="2.268"/>
  <testcase name="transaction_TwoWheeler_Exit_PdfFile" classname="com.selenium.POSReports" time="16.557"/>
  <testcase name="transaction_TwoWheeler_Exit_PopUpClose" classname="com.selenium.POSReports" time="5.227"/>
  <testcase name="posTransaction_FourWheeler" classname="com.selenium.POSReports" time="2.024"/>
  <testcase name="transaction_FourWheeler_EntryType" classname="com.selenium.POSReports" time="2.047"/>
  <testcase name="transaction_FourWheeler_PosSerial" classname="com.selenium.POSReports" time="3.571"/>
  <testcase name="transaction_FourWheeler_Entry_SubmitBtn" classname="com.selenium.POSReports" time="3.228"/>
  <testcase name="fourWheeler_Entry_Transaction" classname="com.selenium.POSReports" time="2.021"/>
  <testcase name="transaction_FourWheeler_Entry_ViewDetails" classname="com.selenium.POSReports" time="2.233"/>
  <testcase name="transaction_FourWheeler_Entry_Length" classname="com.selenium.POSReports" time="2.039"/>
  <testcase name="transaction_FourWheeler_Entry_CsvFile" classname="com.selenium.POSReports" time="2.269"/>
  <testcase name="transaction_FourWheeler_Entry_PdfFile" classname="com.selenium.POSReports" time="16.569"/>
  <testcase name="transaction_FourWheeler_Entry_PopUpClose" classname="com.selenium.POSReports" time="5.221"/>
  <testcase name="transaction_FourWheeler_ExitType" classname="com.selenium.POSReports" time="2.021"/>
  <testcase name="transaction_FourWheeler_Exit_SubmitBtn" classname="com.selenium.POSReports" time="3.23"/>
  <testcase name="fourWheeler_Exit_Transaction" classname="com.selenium.POSReports" time="2.04"/>
  <testcase name="transaction_FourWheeler_Exit_ViewDetails" classname="com.selenium.POSReports" time="2.226"/>
  <testcase name="transaction_FourWheeler_Exit_Length" classname="com.selenium.POSReports" time="2.026"/>
  <testcase name="transaction_FourWheeler_Exit_CsvFile" classname="com.selenium.POSReports" time="2.233"/>
  <testcase name="transaction_FourWheeler_Exit_PopUpClose" classname="com.selenium.POSReports" time="5.222"/>
  <testcase name="posTransaction_AllWheeler" classname="com.selenium.POSReports" time="2.017"/>
  <testcase name="transaction_allWheeler_EntryType" classname="com.selenium.POSReports" time="2.019"/>
  <testcase name="transaction_allWheeler_PosSerial" classname="com.selenium.POSReports" time="3.555"/>
  <testcase name="transaction_allWheeler_Entry_SubmitBtn" classname="com.selenium.POSReports" time="3.246"/>
  <testcase name="all_Entry_Transaction" classname="com.selenium.POSReports" time="2.042"/>
  <testcase name="transaction_allWheeler_Entry_ViewDetails" classname="com.selenium.POSReports" time="2.231"/>
  <testcase name="transaction_allWheeler_Entry_Length" classname="com.selenium.POSReports" time="2.068"/>
  <testcase name="transaction_allWheeler_Entry_CsvFile" classname="com.selenium.POSReports" time="2.279"/>
  <testcase name="transaction_allWheeler_Entry_PdfFile" classname="com.selenium.POSReports" time="16.559"/>
  <testcase name="transaction_allWheeler_Entry_PopUpClose" classname="com.selenium.POSReports" time="5.243"/>
  <testcase name="transaction_allWheeler_ExitType" classname="com.selenium.POSReports" time="2.02"/>
  <testcase name="transaction_allWheeler_Exit_SubmitBtn" classname="com.selenium.POSReports" time="3.219"/>
  <testcase name="all_Exit_Transaction" classname="com.selenium.POSReports" time="2.013"/>
  <testcase name="transaction_allWheeler_Exit_ViewDetails" classname="com.selenium.POSReports" time="2.243"/>
  <testcase name="transaction_allWheeler_Exit_Length" classname="com.selenium.POSReports" time="2.054"/>
  <testcase name="transaction_allWheeler_Exit_CsvFile" classname="com.selenium.POSReports" time="2.263"/>
  <testcase name="transaction_allWheeler_Exit_PdfFile" classname="com.selenium.POSReports" time="16.528"/>
  <testcase name="transaction_allWheeler_Exit_PopUpClose" classname="com.selenium.POSReports" time="5.228"/>
  <testcase name="posAttender" classname="com.selenium.POSReports" time="2.215"/>
  <testcase name="posAttenderDay" classname="com.selenium.POSReports" time="3.226"/>
  <testcase name="attenderUsageDay" classname="com.selenium.POSReports" time="2.042"/>
  <testcase name="posAttenderWeek" classname="com.selenium.POSReports" time="3.226"/>
  <testcase name="attenderUsageWeek" classname="com.selenium.POSReports" time="2.038"/>
  <testcase name="posAttenderMonth" classname="com.selenium.POSReports" time="3.232"/>
  <testcase name="attenderUsageMonth" classname="com.selenium.POSReports" time="2.039"/>
  <testcase name="attender_ViewDetails" classname="com.selenium.POSReports" time="2.241"/>
  <testcase name="attender_CsvFile" classname="com.selenium.POSReports" time="2.238"/>
  <testcase name="attender_PdfFile" classname="com.selenium.POSReports" time="2.974"/>
  <testcase name="attender_PopUPClose" classname="com.selenium.POSReports" time="2.237"/>
  <testcase name="attender_iOS_PdfFile" classname="com.selenium.POSReports" time="2.019"/>
  <testcase name="logout" classname="com.selenium.POSReports" time="2.254"/>
</testsuite>