<?xml version="1.0" encoding="UTF-8"?>
<testsuite xmlns:xsi="http://www.w3.org/2001/XMLSchema-instance" xsi:noNamespaceSchemaLocation="https://maven.apache.org/surefire/maven-surefire-plugin/xsd/surefire-test-report.xsd" name="com.selenium.MobileReports" time="322.659" tests="126" errors="0" skipped="0" failures="0">
  <properties>
    <property name="java.specification.version" value="18"/>
    <property name="sun.jnu.encoding" value="UTF-8"/>
    <property name="java.class.path" value="/home/iramtech/Documents/silvassa/target/test-classes:/home/iramtech/Documents/silvassa/target/classes:/home/iramtech/.m2/repository/org/testng/testng/7.7.1/testng-7.7.1.jar:/home/iramtech/.m2/repository/org/slf4j/slf4j-api/1.7.36/slf4j-api-1.7.36.jar:/home/iramtech/.m2/repository/com/beust/jcommander/1.82/jcommander-1.82.jar:/home/iramtech/.m2/repository/org/webjars/jquery/3.6.1/jquery-3.6.1.jar:/home/iramtech/.m2/repository/org/seleniumhq/selenium/selenium-java/4.10.0/selenium-java-4.10.0.jar:/home/iramtech/.m2/repository/org/seleniumhq/selenium/selenium-api/4.10.0/selenium-api-4.10.0.jar:/home/iramtech/.m2/repository/org/seleniumhq/selenium/selenium-chrome-driver/4.10.0/selenium-chrome-driver-4.10.0.jar:/home/iramtech/.m2/repository/com/google/auto/service/auto-service-annotations/1.0.1/auto-service-annotations-1.0.1.jar:/home/iramtech/.m2/repository/com/google/auto/service/auto-service/1.0.1/auto-service-1.0.1.jar:/home/iramtech/.m2/repository/com/google/auto/auto-common/1.2/auto-common-1.2.jar:/home/iramtech/.m2/repository/com/google/guava/guava/31.1-jre/guava-31.1-jre.jar:/home/iramtech/.m2/repository/com/google/guava/failureaccess/1.0.1/failureaccess-1.0.1.jar:/home/iramtech/.m2/repository/com/google/guava/listenablefuture/9999.0-empty-to-avoid-conflict-with-guava/listenablefuture-9999.0-empty-to-avoid-conflict-with-guava.jar:/home/iramtech/.m2/repository/com/google/code/findbugs/jsr305/3.0.2/jsr305-3.0.2.jar:/home/iramtech/.m2/repository/org/checkerframework/checker-qual/3.12.0/checker-qual-3.12.0.jar:/home/iramtech/.m2/repository/com/google/errorprone/error_prone_annotations/2.11.0/error_prone_annotations-2.11.0.jar:/home/iramtech/.m2/repository/com/google/j2objc/j2objc-annotations/1.3/j2objc-annotations-1.3.jar:/home/iramtech/.m2/repository/org/seleniumhq/selenium/selenium-chromium-driver/4.10.0/selenium-chromium-driver-4.10.0.jar:/home/iramtech/.m2/repository/org/seleniumhq/selenium/selenium-json/4.10.0/selenium-json-4.10.0.jar:/home/iramtech/.m2/repository/org/seleniumhq/selenium/selenium-manager/4.10.0/selenium-manager-4.10.0.jar:/home/iramtech/.m2/repository/org/seleniumhq/selenium/selenium-devtools-v112/4.10.0/selenium-devtools-v112-4.10.0.jar:/home/iramtech/.m2/repository/org/seleniumhq/selenium/selenium-devtools-v113/4.10.0/selenium-devtools-v113-4.10.0.jar:/home/iramtech/.m2/repository/org/seleniumhq/selenium/selenium-devtools-v114/4.10.0/selenium-devtools-v114-4.10.0.jar:/home/iramtech/.m2/repository/org/seleniumhq/selenium/selenium-devtools-v85/4.10.0/selenium-devtools-v85-4.10.0.jar:/home/iramtech/.m2/repository/org/seleniumhq/selenium/selenium-edge-driver/4.10.0/selenium-edge-driver-4.10.0.jar:/home/iramtech/.m2/repository/org/seleniumhq/selenium/selenium-firefox-driver/4.10.0/selenium-firefox-driver-4.10.0.jar:/home/iramtech/.m2/repository/org/seleniumhq/selenium/selenium-http/4.10.0/selenium-http-4.10.0.jar:/home/iramtech/.m2/repository/dev/failsafe/failsafe/3.3.1/failsafe-3.3.1.jar:/home/iramtech/.m2/repository/org/seleniumhq/selenium/selenium-ie-driver/4.10.0/selenium-ie-driver-4.10.0.jar:/home/iramtech/.m2/repository/org/seleniumhq/selenium/selenium-remote-driver/4.10.0/selenium-remote-driver-4.10.0.jar:/home/iramtech/.m2/repository/io/netty/netty-buffer/4.1.92.Final/netty-buffer-4.1.92.Final.jar:/home/iramtech/.m2/repository/io/netty/netty-codec-http/4.1.92.Final/netty-codec-http-4.1.92.Final.jar:/home/iramtech/.m2/repository/io/netty/netty-codec/4.1.92.Final/netty-codec-4.1.92.Final.jar:/home/iramtech/.m2/repository/io/netty/netty-handler/4.1.92.Final/netty-handler-4.1.92.Final.jar:/home/iramtech/.m2/repository/io/netty/netty-common/4.1.92.Final/netty-common-4.1.92.Final.jar:/home/iramtech/.m2/repository/io/netty/netty-transport-classes-epoll/4.1.92.Final/netty-transport-classes-epoll-4.1.92.Final.jar:/home/iramtech/.m2/repository/io/netty/netty-transport-classes-kqueue/4.1.92.Final/netty-transport-classes-kqueue-4.1.92.Final.jar:/home/iramtech/.m2/repository/io/netty/netty-transport-native-epoll/4.1.92.Final/netty-transport-native-epoll-4.1.92.Final.jar:/home/iramtech/.m2/repository/io/netty/netty-transport-native-kqueue/4.1.92.Final/netty-transport-native-kqueue-4.1.92.Final.jar:/home/iramtech/.m2/repository/io/netty/netty-transport-native-unix-common/4.1.92.Final/netty-transport-native-unix-common-4.1.92.Final.jar:/home/iramtech/.m2/repository/io/netty/netty-transport/4.1.92.Final/netty-transport-4.1.92.Final.jar:/home/iramtech/.m2/repository/io/netty/netty-resolver/4.1.92.Final/netty-resolver-4.1.92.Final.jar:/home/iramtech/.m2/repository/io/opentelemetry/opentelemetry-api/1.26.0/opentelemetry-api-1.26.0.jar:/home/iramtech/.m2/repository/io/opentelemetry/opentelemetry-context/1.26.0/opentelemetry-context-1.26.0.jar:/home/iramtech/.m2/repository/io/opentelemetry/opentelemetry-exporter-logging/1.26.0/opentelemetry-exporter-logging-1.26.0.jar:/home/iramtech/.m2/repository/io/opentelemetry/opentelemetry-sdk-metrics/1.26.0/opentelemetry-sdk-metrics-1.26.0.jar:/home/iramtech/.m2/repository/io/opentelemetry/opentelemetry-extension-incubator/1.26.0-alpha/opentelemetry-extension-incubator-1.26.0-alpha.jar:/home/iramtech/.m2/repository/io/opentelemetry/opentelemetry-sdk-logs/1.26.0-alpha/opentelemetry-sdk-logs-1.26.0-alpha.jar:/home/iramtech/.m2/repository/io/opentelemetry/opentelemetry-api-logs/1.26.0-alpha/opentelemetry-api-logs-1.26.0-alpha.jar:/home/iramtech/.m2/repository/io/opentelemetry/opentelemetry-api-events/1.26.0-alpha/opentelemetry-api-events-1.26.0-alpha.jar:/home/iramtech/.m2/repository/io/opentelemetry/opentelemetry-sdk-common/1.26.0/opentelemetry-sdk-common-1.26.0.jar:/home/iramtech/.m2/repository/io/opentelemetry/opentelemetry-sdk-extension-autoconfigure-spi/1.26.0/opentelemetry-sdk-extension-autoconfigure-spi-1.26.0.jar:/home/iramtech/.m2/repository/io/opentelemetry/opentelemetry-sdk-extension-autoconfigure/1.26.0-alpha/opentelemetry-sdk-extension-autoconfigure-1.26.0-alpha.jar:/home/iramtech/.m2/repository/io/opentelemetry/opentelemetry-sdk-trace/1.26.0/opentelemetry-sdk-trace-1.26.0.jar:/home/iramtech/.m2/repository/io/opentelemetry/opentelemetry-sdk/1.26.0/opentelemetry-sdk-1.26.0.jar:/home/iramtech/.m2/repository/io/opentelemetry/opentelemetry-semconv/1.26.0-alpha/opentelemetry-semconv-1.26.0-alpha.jar:/home/iramtech/.m2/repository/net/bytebuddy/byte-buddy/1.14.4/byte-buddy-1.14.4.jar:/home/iramtech/.m2/repository/org/apache/commons/commons-exec/1.3/commons-exec-1.3.jar:/home/iramtech/.m2/repository/org/asynchttpclient/async-http-client/2.12.3/async-http-client-2.12.3.jar:/home/iramtech/.m2/repository/org/asynchttpclient/async-http-client-netty-utils/2.12.3/async-http-client-netty-utils-2.12.3.jar:/home/iramtech/.m2/repository/io/netty/netty-codec-socks/4.1.60.Final/netty-codec-socks-4.1.60.Final.jar:/home/iramtech/.m2/repository/io/netty/netty-handler-proxy/4.1.60.Final/netty-handler-proxy-4.1.60.Final.jar:/home/iramtech/.m2/repository/io/netty/netty-transport-native-epoll/4.1.60.Final/netty-transport-native-epoll-4.1.60.Final-linux-x86_64.jar:/home/iramtech/.m2/repository/io/netty/netty-transport-native-kqueue/4.1.60.Final/netty-transport-native-kqueue-4.1.60.Final-osx-x86_64.jar:/home/iramtech/.m2/repository/com/typesafe/netty/netty-reactive-streams/2.0.4/netty-reactive-streams-2.0.4.jar:/home/iramtech/.m2/repository/com/sun/activation/jakarta.activation/1.2.2/jakarta.activation-1.2.2.jar:/home/iramtech/.m2/repository/org/seleniumhq/selenium/selenium-safari-driver/4.10.0/selenium-safari-driver-4.10.0.jar:/home/iramtech/.m2/repository/org/seleniumhq/selenium/selenium-support/4.10.0/selenium-support-4.10.0.jar:/home/iramtech/.m2/repository/com/aventstack/extentreports/5.0.8/extentreports-5.0.8.jar:/home/iramtech/.m2/repository/io/reactivex/rxjava3/rxjava/3.0.4/rxjava-3.0.4.jar:/home/iramtech/.m2/repository/org/reactivestreams/reactive-streams/1.0.3/reactive-streams-1.0.3.jar:/home/iramtech/.m2/repository/org/freemarker/freemarker/2.3.30/freemarker-2.3.30.jar:/home/iramtech/.m2/repository/com/google/code/gson/gson/2.8.6/gson-2.8.6.jar:/home/iramtech/.m2/repository/org/projectlombok/lombok/1.18.26/lombok-1.18.26.jar:/home/iramtech/.m2/repository/io/rest-assured/rest-assured/4.4.0/rest-assured-4.4.0.jar:/home/iramtech/.m2/repository/org/codehaus/groovy/groovy/3.0.8/groovy-3.0.8.jar:/home/iramtech/.m2/repository/org/codehaus/groovy/groovy-xml/3.0.8/groovy-xml-3.0.8.jar:/home/iramtech/.m2/repository/org/apache/httpcomponents/httpclient/4.5.13/httpclient-4.5.13.jar:/home/iramtech/.m2/repository/org/apache/httpcomponents/httpcore/4.4.13/httpcore-4.4.13.jar:/home/iramtech/.m2/repository/commons-logging/commons-logging/1.2/commons-logging-1.2.jar:/home/iramtech/.m2/repository/commons-codec/commons-codec/1.11/commons-codec-1.11.jar:/home/iramtech/.m2/repository/org/apache/httpcomponents/httpmime/4.5.13/httpmime-4.5.13.jar:/home/iramtech/.m2/repository/org/hamcrest/hamcrest/2.1/hamcrest-2.1.jar:/home/iramtech/.m2/repository/org/ccil/cowan/tagsoup/tagsoup/1.2.1/tagsoup-1.2.1.jar:/home/iramtech/.m2/repository/io/rest-assured/json-path/4.4.0/json-path-4.4.0.jar:/home/iramtech/.m2/repository/org/codehaus/groovy/groovy-json/3.0.8/groovy-json-3.0.8.jar:/home/iramtech/.m2/repository/io/rest-assured/rest-assured-common/4.4.0/rest-assured-common-4.4.0.jar:/home/iramtech/.m2/repository/io/rest-assured/xml-path/4.4.0/xml-path-4.4.0.jar:/home/iramtech/.m2/repository/org/apache/commons/commons-lang3/3.11/commons-lang3-3.11.jar:/home/iramtech/.m2/repository/jakarta/xml/bind/jakarta.xml.bind-api/2.3.3/jakarta.xml.bind-api-2.3.3.jar:/home/iramtech/.m2/repository/jakarta/activation/jakarta.activation-api/1.2.2/jakarta.activation-api-1.2.2.jar:/home/iramtech/.m2/repository/com/sun/xml/bind/jaxb-impl/2.3.3/jaxb-impl-2.3.3.jar:"/>
    <property name="java.vm.vendor" value="Private Build"/>
    <property name="sun.arch.data.model" value="64"/>
    <property name="java.vendor.url" value="Unknown"/>
    <property name="os.name" value="Linux"/>
    <property name="java.vm.specification.version" value="18"/>
    <property name="sun.java.launcher" value="SUN_STANDARD"/>
    <property name="user.country" value="US"/>
    <property name="sun.boot.library.path" value="/usr/lib/jvm/java-18-openjdk-amd64/lib"/>
    <property name="sun.java.command" value="/home/iramtech/Documents/silvassa/target/surefire/surefirebooter16623949499775076709.jar /home/iramtech/Documents/silvassa/target/surefire 2024-04-05T12-54-28_019-jvmRun1 surefire14798455420010987985tmp surefire_05189951578277950782tmp"/>
    <property name="jdk.debug" value="release"/>
    <property name="test" value="MobileReports.java"/>
    <property name="surefire.test.class.path" value="/home/iramtech/Documents/silvassa/target/test-classes:/home/iramtech/Documents/silvassa/target/classes:/home/iramtech/.m2/repository/org/testng/testng/7.7.1/testng-7.7.1.jar:/home/iramtech/.m2/repository/org/slf4j/slf4j-api/1.7.36/slf4j-api-1.7.36.jar:/home/iramtech/.m2/repository/com/beust/jcommander/1.82/jcommander-1.82.jar:/home/iramtech/.m2/repository/org/webjars/jquery/3.6.1/jquery-3.6.1.jar:/home/iramtech/.m2/repository/org/seleniumhq/selenium/selenium-java/4.10.0/selenium-java-4.10.0.jar:/home/iramtech/.m2/repository/org/seleniumhq/selenium/selenium-api/4.10.0/selenium-api-4.10.0.jar:/home/iramtech/.m2/repository/org/seleniumhq/selenium/selenium-chrome-driver/4.10.0/selenium-chrome-driver-4.10.0.jar:/home/iramtech/.m2/repository/com/google/auto/service/auto-service-annotations/1.0.1/auto-service-annotations-1.0.1.jar:/home/iramtech/.m2/repository/com/google/auto/service/auto-service/1.0.1/auto-service-1.0.1.jar:/home/iramtech/.m2/repository/com/google/auto/auto-common/1.2/auto-common-1.2.jar:/home/iramtech/.m2/repository/com/google/guava/guava/31.1-jre/guava-31.1-jre.jar:/home/iramtech/.m2/repository/com/google/guava/failureaccess/1.0.1/failureaccess-1.0.1.jar:/home/iramtech/.m2/repository/com/google/guava/listenablefuture/9999.0-empty-to-avoid-conflict-with-guava/listenablefuture-9999.0-empty-to-avoid-conflict-with-guava.jar:/home/iramtech/.m2/repository/com/google/code/findbugs/jsr305/3.0.2/jsr305-3.0.2.jar:/home/iramtech/.m2/repository/org/checkerframework/checker-qual/3.12.0/checker-qual-3.12.0.jar:/home/iramtech/.m2/repository/com/google/errorprone/error_prone_annotations/2.11.0/error_prone_annotations-2.11.0.jar:/home/iramtech/.m2/repository/com/google/j2objc/j2objc-annotations/1.3/j2objc-annotations-1.3.jar:/home/iramtech/.m2/repository/org/seleniumhq/selenium/selenium-chromium-driver/4.10.0/selenium-chromium-driver-4.10.0.jar:/home/iramtech/.m2/repository/org/seleniumhq/selenium/selenium-json/4.10.0/selenium-json-4.10.0.jar:/home/iramtech/.m2/repository/org/seleniumhq/selenium/selenium-manager/4.10.0/selenium-manager-4.10.0.jar:/home/iramtech/.m2/repository/org/seleniumhq/selenium/selenium-devtools-v112/4.10.0/selenium-devtools-v112-4.10.0.jar:/home/iramtech/.m2/repository/org/seleniumhq/selenium/selenium-devtools-v113/4.10.0/selenium-devtools-v113-4.10.0.jar:/home/iramtech/.m2/repository/org/seleniumhq/selenium/selenium-devtools-v114/4.10.0/selenium-devtools-v114-4.10.0.jar:/home/iramtech/.m2/repository/org/seleniumhq/selenium/selenium-devtools-v85/4.10.0/selenium-devtools-v85-4.10.0.jar:/home/iramtech/.m2/repository/org/seleniumhq/selenium/selenium-edge-driver/4.10.0/selenium-edge-driver-4.10.0.jar:/home/iramtech/.m2/repository/org/seleniumhq/selenium/selenium-firefox-driver/4.10.0/selenium-firefox-driver-4.10.0.jar:/home/iramtech/.m2/repository/org/seleniumhq/selenium/selenium-http/4.10.0/selenium-http-4.10.0.jar:/home/iramtech/.m2/repository/dev/failsafe/failsafe/3.3.1/failsafe-3.3.1.jar:/home/iramtech/.m2/repository/org/seleniumhq/selenium/selenium-ie-driver/4.10.0/selenium-ie-driver-4.10.0.jar:/home/iramtech/.m2/repository/org/seleniumhq/selenium/selenium-remote-driver/4.10.0/selenium-remote-driver-4.10.0.jar:/home/iramtech/.m2/repository/io/netty/netty-buffer/4.1.92.Final/netty-buffer-4.1.92.Final.jar:/home/iramtech/.m2/repository/io/netty/netty-codec-http/4.1.92.Final/netty-codec-http-4.1.92.Final.jar:/home/iramtech/.m2/repository/io/netty/netty-codec/4.1.92.Final/netty-codec-4.1.92.Final.jar:/home/iramtech/.m2/repository/io/netty/netty-handler/4.1.92.Final/netty-handler-4.1.92.Final.jar:/home/iramtech/.m2/repository/io/netty/netty-common/4.1.92.Final/netty-common-4.1.92.Final.jar:/home/iramtech/.m2/repository/io/netty/netty-transport-classes-epoll/4.1.92.Final/netty-transport-classes-epoll-4.1.92.Final.jar:/home/iramtech/.m2/repository/io/netty/netty-transport-classes-kqueue/4.1.92.Final/netty-transport-classes-kqueue-4.1.92.Final.jar:/home/iramtech/.m2/repository/io/netty/netty-transport-native-epoll/4.1.92.Final/netty-transport-native-epoll-4.1.92.Final.jar:/home/iramtech/.m2/repository/io/netty/netty-transport-native-kqueue/4.1.92.Final/netty-transport-native-kqueue-4.1.92.Final.jar:/home/iramtech/.m2/repository/io/netty/netty-transport-native-unix-common/4.1.92.Final/netty-transport-native-unix-common-4.1.92.Final.jar:/home/iramtech/.m2/repository/io/netty/netty-transport/4.1.92.Final/netty-transport-4.1.92.Final.jar:/home/iramtech/.m2/repository/io/netty/netty-resolver/4.1.92.Final/netty-resolver-4.1.92.Final.jar:/home/iramtech/.m2/repository/io/opentelemetry/opentelemetry-api/1.26.0/opentelemetry-api-1.26.0.jar:/home/iramtech/.m2/repository/io/opentelemetry/opentelemetry-context/1.26.0/opentelemetry-context-1.26.0.jar:/home/iramtech/.m2/repository/io/opentelemetry/opentelemetry-exporter-logging/1.26.0/opentelemetry-exporter-logging-1.26.0.jar:/home/iramtech/.m2/repository/io/opentelemetry/opentelemetry-sdk-metrics/1.26.0/opentelemetry-sdk-metrics-1.26.0.jar:/home/iramtech/.m2/repository/io/opentelemetry/opentelemetry-extension-incubator/1.26.0-alpha/opentelemetry-extension-incubator-1.26.0-alpha.jar:/home/iramtech/.m2/repository/io/opentelemetry/opentelemetry-sdk-logs/1.26.0-alpha/opentelemetry-sdk-logs-1.26.0-alpha.jar:/home/iramtech/.m2/repository/io/opentelemetry/opentelemetry-api-logs/1.26.0-alpha/opentelemetry-api-logs-1.26.0-alpha.jar:/home/iramtech/.m2/repository/io/opentelemetry/opentelemetry-api-events/1.26.0-alpha/opentelemetry-api-events-1.26.0-alpha.jar:/home/iramtech/.m2/repository/io/opentelemetry/opentelemetry-sdk-common/1.26.0/opentelemetry-sdk-common-1.26.0.jar:/home/iramtech/.m2/repository/io/opentelemetry/opentelemetry-sdk-extension-autoconfigure-spi/1.26.0/opentelemetry-sdk-extension-autoconfigure-spi-1.26.0.jar:/home/iramtech/.m2/repository/io/opentelemetry/opentelemetry-sdk-extension-autoconfigure/1.26.0-alpha/opentelemetry-sdk-extension-autoconfigure-1.26.0-alpha.jar:/home/iramtech/.m2/repository/io/opentelemetry/opentelemetry-sdk-trace/1.26.0/opentelemetry-sdk-trace-1.26.0.jar:/home/iramtech/.m2/repository/io/opentelemetry/opentelemetry-sdk/1.26.0/opentelemetry-sdk-1.26.0.jar:/home/iramtech/.m2/repository/io/opentelemetry/opentelemetry-semconv/1.26.0-alpha/opentelemetry-semconv-1.26.0-alpha.jar:/home/iramtech/.m2/repository/net/bytebuddy/byte-buddy/1.14.4/byte-buddy-1.14.4.jar:/home/iramtech/.m2/repository/org/apache/commons/commons-exec/1.3/commons-exec-1.3.jar:/home/iramtech/.m2/repository/org/asynchttpclient/async-http-client/2.12.3/async-http-client-2.12.3.jar:/home/iramtech/.m2/repository/org/asynchttpclient/async-http-client-netty-utils/2.12.3/async-http-client-netty-utils-2.12.3.jar:/home/iramtech/.m2/repository/io/netty/netty-codec-socks/4.1.60.Final/netty-codec-socks-4.1.60.Final.jar:/home/iramtech/.m2/repository/io/netty/netty-handler-proxy/4.1.60.Final/netty-handler-proxy-4.1.60.Final.jar:/home/iramtech/.m2/repository/io/netty/netty-transport-native-epoll/4.1.60.Final/netty-transport-native-epoll-4.1.60.Final-linux-x86_64.jar:/home/iramtech/.m2/repository/io/netty/netty-transport-native-kqueue/4.1.60.Final/netty-transport-native-kqueue-4.1.60.Final-osx-x86_64.jar:/home/iramtech/.m2/repository/com/typesafe/netty/netty-reactive-streams/2.0.4/netty-reactive-streams-2.0.4.jar:/home/iramtech/.m2/repository/com/sun/activation/jakarta.activation/1.2.2/jakarta.activation-1.2.2.jar:/home/iramtech/.m2/repository/org/seleniumhq/selenium/selenium-safari-driver/4.10.0/selenium-safari-driver-4.10.0.jar:/home/iramtech/.m2/repository/org/seleniumhq/selenium/selenium-support/4.10.0/selenium-support-4.10.0.jar:/home/iramtech/.m2/repository/com/aventstack/extentreports/5.0.8/extentreports-5.0.8.jar:/home/iramtech/.m2/repository/io/reactivex/rxjava3/rxjava/3.0.4/rxjava-3.0.4.jar:/home/iramtech/.m2/repository/org/reactivestreams/reactive-streams/1.0.3/reactive-streams-1.0.3.jar:/home/iramtech/.m2/repository/org/freemarker/freemarker/2.3.30/freemarker-2.3.30.jar:/home/iramtech/.m2/repository/com/google/code/gson/gson/2.8.6/gson-2.8.6.jar:/home/iramtech/.m2/repository/org/projectlombok/lombok/1.18.26/lombok-1.18.26.jar:/home/iramtech/.m2/repository/io/rest-assured/rest-assured/4.4.0/rest-assured-4.4.0.jar:/home/iramtech/.m2/repository/org/codehaus/groovy/groovy/3.0.8/groovy-3.0.8.jar:/home/iramtech/.m2/repository/org/codehaus/groovy/groovy-xml/3.0.8/groovy-xml-3.0.8.jar:/home/iramtech/.m2/repository/org/apache/httpcomponents/httpclient/4.5.13/httpclient-4.5.13.jar:/home/iramtech/.m2/repository/org/apache/httpcomponents/httpcore/4.4.13/httpcore-4.4.13.jar:/home/iramtech/.m2/repository/commons-logging/commons-logging/1.2/commons-logging-1.2.jar:/home/iramtech/.m2/repository/commons-codec/commons-codec/1.11/commons-codec-1.11.jar:/home/iramtech/.m2/repository/org/apache/httpcomponents/httpmime/4.5.13/httpmime-4.5.13.jar:/home/iramtech/.m2/repository/org/hamcrest/hamcrest/2.1/hamcrest-2.1.jar:/home/iramtech/.m2/repository/org/ccil/cowan/tagsoup/tagsoup/1.2.1/tagsoup-1.2.1.jar:/home/iramtech/.m2/repository/io/rest-assured/json-path/4.4.0/json-path-4.4.0.jar:/home/iramtech/.m2/repository/org/codehaus/groovy/groovy-json/3.0.8/groovy-json-3.0.8.jar:/home/iramtech/.m2/repository/io/rest-assured/rest-assured-common/4.4.0/rest-assured-common-4.4.0.jar:/home/iramtech/.m2/repository/io/rest-assured/xml-path/4.4.0/xml-path-4.4.0.jar:/home/iramtech/.m2/repository/org/apache/commons/commons-lang3/3.11/commons-lang3-3.11.jar:/home/iramtech/.m2/repository/jakarta/xml/bind/jakarta.xml.bind-api/2.3.3/jakarta.xml.bind-api-2.3.3.jar:/home/iramtech/.m2/repository/jakarta/activation/jakarta.activation-api/1.2.2/jakarta.activation-api-1.2.2.jar:/home/iramtech/.m2/repository/com/sun/xml/bind/jaxb-impl/2.3.3/jaxb-impl-2.3.3.jar:"/>
    <property name="sun.cpu.endian" value="little"/>
    <property name="user.home" value="/home/iramtech"/>
    <property name="user.language" value="en"/>
    <property name="java.specification.vendor" value="Oracle Corporation"/>
    <property name="java.version.date" value="2022-07-19"/>
    <property name="java.home" value="/usr/lib/jvm/java-18-openjdk-amd64"/>
    <property name="file.separator" value="/"/>
    <property name="basedir" value="/home/iramtech/Documents/silvassa"/>
    <property name="java.vm.compressedOopsMode" value="Zero based"/>
    <property name="line.separator" value="&#10;"/>
    <property name="java.vm.specification.vendor" value="Oracle Corporation"/>
    <property name="java.specification.name" value="Java Platform API Specification"/>
    <property name="surefire.real.class.path" value="/home/iramtech/Documents/silvassa/target/surefire/surefirebooter16623949499775076709.jar"/>
    <property name="sun.management.compiler" value="HotSpot 64-Bit Tiered Compilers"/>
    <property name="java.runtime.version" value="18.0.2-ea+9-Ubuntu-222.04"/>
    <property name="user.name" value="iramtech"/>
    <property name="path.separator" value=":"/>
    <property name="os.version" value="6.2.0-39-generic"/>
    <property name="java.runtime.name" value="OpenJDK Runtime Environment"/>
    <property name="file.encoding" value="UTF-8"/>
    <property name="java.vm.name" value="OpenJDK 64-Bit Server VM"/>
    <property name="localRepository" value="/home/iramtech/.m2/repository"/>
    <property name="java.vendor.url.bug" value="Unknown"/>
    <property name="java.io.tmpdir" value="/tmp"/>
    <property name="java.version" value="18.0.2-ea"/>
    <property name="user.dir" value="/home/iramtech/Documents/silvassa"/>
    <property name="os.arch" value="amd64"/>
    <property name="java.vm.specification.name" value="Java Virtual Machine Specification"/>
    <property name="native.encoding" value="UTF-8"/>
    <property name="java.library.path" value="/usr/java/packages/lib:/usr/lib/x86_64-linux-gnu/jni:/lib/x86_64-linux-gnu:/usr/lib/x86_64-linux-gnu:/usr/lib/jni:/lib:/usr/lib"/>
    <property name="java.vm.info" value="mixed mode, sharing"/>
    <property name="java.vendor" value="Private Build"/>
    <property name="java.vm.version" value="18.0.2-ea+9-Ubuntu-222.04"/>
    <property name="sun.io.unicode.encoding" value="UnicodeLittle"/>
    <property name="java.class.version" value="62.0"/>
  </properties>
  <testcase name="login" classname="com.selenium.MobileReports" time="3.745"/>
  <testcase name="revenueDashboardOpen" classname="com.selenium.MobileReports" time="5.134"/>
  <testcase name="reportsAnalyticsPage" classname="com.selenium.MobileReports" time="2.236"/>
  <testcase name="mobileReportsPage" classname="com.selenium.MobileReports" time="4.134"/>
  <testcase name="mobileReportsOneDay" classname="com.selenium.MobileReports" time="1.216"/>
  <testcase name="selectAndroid" classname="com.selenium.MobileReports" time="2.053"/>
  <testcase name="selectOneDayVehicleTypeAll" classname="com.selenium.MobileReports" time="0.039"/>
  <testcase name="dayRSubmitButton" classname="com.selenium.MobileReports" time="1.221"/>
  <testcase name="mobileDayRViewDetails" classname="com.selenium.MobileReports" time="2.22"/>
  <testcase name="dayRPopUPClose" classname="com.selenium.MobileReports" time="4.256"/>
  <testcase name="getDayMobileRevenue" classname="com.selenium.MobileReports" time="4.048"/>
  <testcase name="selectVehicleTypeTwo" classname="com.selenium.MobileReports" time="0.313"/>
  <testcase name="dayRSubmitButtonTwo" classname="com.selenium.MobileReports" time="1.241"/>
  <testcase name="dayRevenueViewDetailsTWO" classname="com.selenium.MobileReports" time="2.218"/>
  <testcase name="dayRPopUPCloseTWO" classname="com.selenium.MobileReports" time="4.234"/>
  <testcase name="getDayRevenueTWO" classname="com.selenium.MobileReports" time="4.018"/>
  <testcase name="selectVehicleTypeFOUR" classname="com.selenium.MobileReports" time="0.245"/>
  <testcase name="dayRSubmitButtonFOUR" classname="com.selenium.MobileReports" time="1.239"/>
  <testcase name="dayRViewDetailsFOUR" classname="com.selenium.MobileReports" time="2.224"/>
  <testcase name="dayRevenuePopUPCloseFOUR" classname="com.selenium.MobileReports" time="4.242"/>
  <testcase name="getDayRevenueFOUR" classname="com.selenium.MobileReports" time="4.047"/>
  <testcase name="selectIOS" classname="com.selenium.MobileReports" time="2.036"/>
  <testcase name="selectIOSAll" classname="com.selenium.MobileReports" time="0.247"/>
  <testcase name="dayRSubmitButtonIOS" classname="com.selenium.MobileReports" time="1.236"/>
  <testcase name="dayRViewDetailsIOS" classname="com.selenium.MobileReports" time="2.26"/>
  <testcase name="dayRevenuePopUPCloseIOS" classname="com.selenium.MobileReports" time="4.238"/>
  <testcase name="getDayMobileRevenueIOS" classname="com.selenium.MobileReports" time="4.015"/>
  <testcase name="selectOneDayTypeTwoIOS" classname="com.selenium.MobileReports" time="0.253"/>
  <testcase name="dayRSubmitButtonTwoIOS" classname="com.selenium.MobileReports" time="1.216"/>
  <testcase name="dayRViewDetailsTWOIOS" classname="com.selenium.MobileReports" time="2.238"/>
  <testcase name="dayRPopUPCloseTWOIOS" classname="com.selenium.MobileReports" time="4.261"/>
  <testcase name="getDayRevenueTWOIOS" classname="com.selenium.MobileReports" time="4.047"/>
  <testcase name="selectOneDayTypeFOURIOS" classname="com.selenium.MobileReports" time="0.325"/>
  <testcase name="dayRSubmitButtonFOURIOS" classname="com.selenium.MobileReports" time="1.248"/>
  <testcase name="dayViewDetailsFOURIOS" classname="com.selenium.MobileReports" time="2.253"/>
  <testcase name="dayRPopUPCloseFOURIOS" classname="com.selenium.MobileReports" time="4.258"/>
  <testcase name="getDayRevenueFOURIOS" classname="com.selenium.MobileReports" time="4.047"/>
  <testcase name="mobileReportsWEEK" classname="com.selenium.MobileReports" time="1.225"/>
  <testcase name="selectAndroidWEEK" classname="com.selenium.MobileReports" time="2.036"/>
  <testcase name="selectAllWEEK" classname="com.selenium.MobileReports" time="0.276"/>
  <testcase name="weekRSubmitButton" classname="com.selenium.MobileReports" time="1.245"/>
  <testcase name="weekRViewDetails" classname="com.selenium.MobileReports" time="2.216"/>
  <testcase name="weekRPopUPClose" classname="com.selenium.MobileReports" time="4.237"/>
  <testcase name="getWEEKMobileRevenueALL" classname="com.selenium.MobileReports" time="4.047"/>
  <testcase name="weeklyAndroidTypeTwo" classname="com.selenium.MobileReports" time="0.271"/>
  <testcase name="weekAndroidSubmitButtonTwo" classname="com.selenium.MobileReports" time="1.245"/>
  <testcase name="weeklyAndroidViewDetailsTWO" classname="com.selenium.MobileReports" time="2.24"/>
  <testcase name="weekRPopUPCloseTWO" classname="com.selenium.MobileReports" time="4.24"/>
  <testcase name="getWeekRevenueTWO" classname="com.selenium.MobileReports" time="4.037"/>
  <testcase name="weeklyAndroidTypeFour" classname="com.selenium.MobileReports" time="0.268"/>
  <testcase name="weeklyAndroidSubmitButtonFOUR" classname="com.selenium.MobileReports" time="1.243"/>
  <testcase name="weeklyAndroidViewDetailsFOUR" classname="com.selenium.MobileReports" time="2.241"/>
  <testcase name="weeklyAndroidPopUPCloseFOUR" classname="com.selenium.MobileReports" time="4.221"/>
  <testcase name="getWeekRevenueFOUR" classname="com.selenium.MobileReports" time="4.036"/>
  <testcase name="selectIOSWEEK" classname="com.selenium.MobileReports" time="2.029"/>
  <testcase name="weekyIOSTypeAll" classname="com.selenium.MobileReports" time="0.252"/>
  <testcase name="weeklyIOSSubmitButtonAll" classname="com.selenium.MobileReports" time="1.238"/>
  <testcase name="weeklyIOSViewDetailsAll" classname="com.selenium.MobileReports" time="2.228"/>
  <testcase name="weeklyIOSPopUPCloseAll" classname="com.selenium.MobileReports" time="4.224"/>
  <testcase name="getWeekMobileRevenueIOS" classname="com.selenium.MobileReports" time="4.053"/>
  <testcase name="selectWEEKTypeTwoIOS" classname="com.selenium.MobileReports" time="0.239"/>
  <testcase name="weeklyIOSSubmitButtonTwo" classname="com.selenium.MobileReports" time="1.236"/>
  <testcase name="weeklyIOSViewDetailsTwo" classname="com.selenium.MobileReports" time="2.25"/>
  <testcase name="weeklyIOSPopUPCloseTwo" classname="com.selenium.MobileReports" time="4.243"/>
  <testcase name="getWeekRevenueTwoIOS" classname="com.selenium.MobileReports" time="4.038"/>
  <testcase name="selectWEEKTypeFOURIOS" classname="com.selenium.MobileReports" time="0.29"/>
  <testcase name="weeklyIOSSubmitButtonFOUR" classname="com.selenium.MobileReports" time="1.24"/>
  <testcase name="weeklyIOSViewDetailsFOUR" classname="com.selenium.MobileReports" time="2.241"/>
  <testcase name="weeklyIOSPopUPCloseFOUR" classname="com.selenium.MobileReports" time="4.242"/>
  <testcase name="getWeekRevenueFOURIOS" classname="com.selenium.MobileReports" time="4.044"/>
  <testcase name="mobileReportsMonth" classname="com.selenium.MobileReports" time="1.273"/>
  <testcase name="selectMonthAndroid" classname="com.selenium.MobileReports" time="2.034"/>
  <testcase name="monthlyAndroidTypeAll" classname="com.selenium.MobileReports" time="0.266"/>
  <testcase name="monthlyAndroidSubmitButtonAll" classname="com.selenium.MobileReports" time="1.219"/>
  <testcase name="monthlyAndroidViewDetailsAll" classname="com.selenium.MobileReports" time="2.217"/>
  <testcase name="monthlyAndroidPopUPCloseAll" classname="com.selenium.MobileReports" time="4.239"/>
  <testcase name="getMonthMobileRevenue" classname="com.selenium.MobileReports" time="4.046"/>
  <testcase name="monthlyAndroidTypeTwo" classname="com.selenium.MobileReports" time="0.293"/>
  <testcase name="monthlyAndroidSubmitButtonTwo" classname="com.selenium.MobileReports" time="1.263"/>
  <testcase name="monthlyAndroidViewDetailsTwo" classname="com.selenium.MobileReports" time="2.216"/>
  <testcase name="monthlyAndroidPopUPCloseTwo" classname="com.selenium.MobileReports" time="4.227"/>
  <testcase name="getMonthRevenueTWO" classname="com.selenium.MobileReports" time="4.045"/>
  <testcase name="selectMonthTypeFOUR" classname="com.selenium.MobileReports" time="0.27"/>
  <testcase name="monthlyAndroidSubmitButtonFOUR" classname="com.selenium.MobileReports" time="1.239"/>
  <testcase name="monthlyAndroidViewDetailsFOUR" classname="com.selenium.MobileReports" time="2.239"/>
  <testcase name="monthlyAndroidPopUPCloseFOUR" classname="com.selenium.MobileReports" time="4.256"/>
  <testcase name="getMonthRevenueFOUR" classname="com.selenium.MobileReports" time="4.048"/>
  <testcase name="selectMonthIOS" classname="com.selenium.MobileReports" time="2.032"/>
  <testcase name="monthlyIOSTypeAll" classname="com.selenium.MobileReports" time="0.235"/>
  <testcase name="monthlyIOSSubmitButtonAll" classname="com.selenium.MobileReports" time="1.246"/>
  <testcase name="monthlyIOSViewDetailsAll" classname="com.selenium.MobileReports" time="2.24"/>
  <testcase name="monthlyIOSPopUPCloseAll" classname="com.selenium.MobileReports" time="4.238"/>
  <testcase name="getMonthMobileRevenueIOS" classname="com.selenium.MobileReports" time="4.054"/>
  <testcase name="selectMonthTypeTwoIOS" classname="com.selenium.MobileReports" time="0.31"/>
  <testcase name="monthlyIOSSubmitButtonTwo" classname="com.selenium.MobileReports" time="1.238"/>
  <testcase name="monthlyIOSViewDetailsTwo" classname="com.selenium.MobileReports" time="2.243"/>
  <testcase name="monthlyIOSPopUPCloseTwo" classname="com.selenium.MobileReports" time="4.24"/>
  <testcase name="getMonthRevenueTWOIOS" classname="com.selenium.MobileReports" time="4.045"/>
  <testcase name="selectMonthTypeFOURIOS" classname="com.selenium.MobileReports" time="0.292"/>
  <testcase name="monthlyIOSSubmitButtonFOUR" classname="com.selenium.MobileReports" time="1.238"/>
  <testcase name="monthlyIOSViewDetailsFOUR" classname="com.selenium.MobileReports" time="2.24"/>
  <testcase name="monthlyIOSPopUPCloseFOUR" classname="com.selenium.MobileReports" time="4.239"/>
  <testcase name="getMonthRevenueFOURIOS" classname="com.selenium.MobileReports" time="4.041"/>
  <testcase name="selectMobileRevenueStartDate" classname="com.selenium.MobileReports" time="8.767"/>
  <testcase name="selectMobileRevenueEndDate" classname="com.selenium.MobileReports" time="6.728"/>
  <testcase name="mobileTransactions" classname="com.selenium.MobileReports" time="2.243"/>
  <testcase name="mobileTransactionDates" classname="com.selenium.MobileReports" time="6.733"/>
  <testcase name="selectTransactionsAndroid" classname="com.selenium.MobileReports" time="2.035"/>
  <testcase name="selectTransactionsVehicleTypeTwo" classname="com.selenium.MobileReports" time="0.054"/>
  <testcase name="transSubmitBtnTwo" classname="com.selenium.MobileReports" time="3.22"/>
  <testcase name="transViewDetailsTWO" classname="com.selenium.MobileReports" time="2.235"/>
  <testcase name="dayTransPopUPCloseTWO" classname="com.selenium.MobileReports" time="4.259"/>
  <testcase name="selectTransactionsTypeFOUR" classname="com.selenium.MobileReports" time="0.273"/>
  <testcase name="dayTransSubmitBtnFOUR" classname="com.selenium.MobileReports" time="3.237"/>
  <testcase name="dayTransViewDetailsFOUR" classname="com.selenium.MobileReports" time="2.244"/>
  <testcase name="dayTransPopUPCloseFOUR" classname="com.selenium.MobileReports" time="4.237"/>
  <testcase name="selectTransIOS" classname="com.selenium.MobileReports" time="2.014"/>
  <testcase name="selectTransactionsTypeTwoIOS" classname="com.selenium.MobileReports" time="0.23"/>
  <testcase name="transSubmitBtnTwoIOS" classname="com.selenium.MobileReports" time="3.238"/>
  <testcase name="transViewDetailsTWOIOS" classname="com.selenium.MobileReports" time="2.237"/>
  <testcase name="transPopUPCloseTWOIOS" classname="com.selenium.MobileReports" time="4.238"/>
  <testcase name="selectTransactionsTypeFourIOS" classname="com.selenium.MobileReports" time="0.287"/>
  <testcase name="transSubmitBtnFourIOS" classname="com.selenium.MobileReports" time="3.238"/>
  <testcase name="transViewDetailsFourIOS" classname="com.selenium.MobileReports" time="2.237"/>
  <testcase name="transPopUPCloseFourIOS" classname="com.selenium.MobileReports" time="4.234"/>
  <testcase name="logout" classname="com.selenium.MobileReports" time="2.314"/>
</testsuite>