<?xml version="1.0" encoding="UTF-8"?>
<!-- Generated by org.testng.reporters.JUnitReportReporter -->
<testsuite hostname="iramtech-Vostro-3470" failures="0" tests="20" name="com.selenium.UserZoneAssign" time="75.810" errors="0" timestamp="2024-04-12T14:45:09 IST" skipped="0">
  <testcase classname="com.selenium.UserZoneAssign" name="login" time="3.791"/>
  <system-out/>
  <testcase classname="com.selenium.UserZoneAssign" name="revenueDashboard" time="5.115"/>
  <system-out/>
  <testcase classname="com.selenium.UserZoneAssign" name="userMgmtPage" time="3.361"/>
  <system-out/>
  <testcase classname="com.selenium.UserZoneAssign" name="officerCount" time="5.317"/>
  <system-out/>
  <testcase classname="com.selenium.UserZoneAssign" name="searchOfficer" time="5.043"/>
  <system-out/>
  <testcase classname="com.selenium.UserZoneAssign" name="clickAddMoreOfficerButton" time="3.236"/>
  <system-out/>
  <testcase classname="com.selenium.UserZoneAssign" name="selectOfficerList" time="3.073"/>
  <system-out/>
  <testcase classname="com.selenium.UserZoneAssign" name="addMorePopUpClose" time="2.241"/>
  <system-out/>
  <testcase classname="com.selenium.UserZoneAssign" name="clickOperatorTab" time="5.239"/>
  <system-out/>
  <testcase classname="com.selenium.UserZoneAssign" name="operatorCount" time="5.277"/>
  <system-out/>
  <testcase classname="com.selenium.UserZoneAssign" name="searchOperator" time="3.044"/>
  <system-out/>
  <testcase classname="com.selenium.UserZoneAssign" name="selectOperatorList" time="3.018"/>
  <system-out/>
  <testcase classname="com.selenium.UserZoneAssign" name="addMoreOperatorPopUpClose" time="2.039"/>
  <system-out/>
  <testcase classname="com.selenium.UserZoneAssign" name="clickMonitorTab" time="5.222"/>
  <system-out/>
  <testcase classname="com.selenium.UserZoneAssign" name="monitorCount" time="5.327"/>
  <system-out/>
  <testcase classname="com.selenium.UserZoneAssign" name="searchMonitor" time="5.066"/>
  <system-out/>
  <testcase classname="com.selenium.UserZoneAssign" name="clickAddMoreMonitorButton" time="3.016"/>
  <system-out/>
  <testcase classname="com.selenium.UserZoneAssign" name="selectMonitor" time="3.029"/>
  <system-out/>
  <testcase classname="com.selenium.UserZoneAssign" name="addMoreMonitorPopUpClose" time="2.034"/>
  <system-out/>
  <testcase classname="com.selenium.UserZoneAssign" name="logout" time="2.322"/>
  <system-out/>
</testsuite> <!-- com.selenium.UserZoneAssign -->
