<?xml version="1.0" encoding="UTF-8"?>
<!-- Generated by org.testng.reporters.JUnitReportReporter -->
<testsuite hostname="iramtech-Vostro-3470" failures="0" tests="22" name="com.selenium.TicketNumberSearch" time="48.084" errors="0" timestamp="2024-04-04T13:53:31 IST" skipped="0">
  <testcase classname="com.selenium.TicketNumberSearch" name="login" time="3.807"/>
  <system-out/>
  <testcase classname="com.selenium.TicketNumberSearch" name="revenueDashboardOpen" time="5.094"/>
  <system-out/>
  <testcase classname="com.selenium.TicketNumberSearch" name="clickReportsAnalyticsPage" time="3.215"/>
  <system-out/>
  <testcase classname="com.selenium.TicketNumberSearch" name="ticketNumberSearchPage" time="4.123"/>
  <system-out/>
  <testcase classname="com.selenium.TicketNumberSearch" name="ticketNumberEnterInvalid" time="2.051"/>
  <system-out/>
  <testcase classname="com.selenium.TicketNumberSearch" name="ticketNumberSubmit" time="2.264"/>
  <system-out/>
  <testcase classname="com.selenium.TicketNumberSearch" name="selectTicketNumberSearchCount" time="2.276"/>
  <system-out/>
  <testcase classname="com.selenium.TicketNumberSearch" name="ticketNumberTransactionsTable" time="6.079"/>
  <system-out/>
  <testcase classname="com.selenium.TicketNumberSearch" name="ticketNumberSearchPageAgain" time="4.221"/>
  <system-out/>
  <testcase classname="com.selenium.TicketNumberSearch" name="ticketNumberEnterValid" time="2.017"/>
  <system-out/>
  <testcase classname="com.selenium.TicketNumberSearch" name="ticketNumberSubmitAgain" time="2.226"/>
  <system-out/>
  <testcase classname="com.selenium.TicketNumberSearch" name="selectTicketNumberSearchCountAgain" time="2.239"/>
  <system-out/>
  <testcase classname="com.selenium.TicketNumberSearch" name="ticketNumberTableValid" time="6.068"/>
  <system-out/>
  <testcase classname="com.selenium.TicketNumberSearch" name="validateTicketTransactionId" time="0.025"/>
  <system-out/>
  <testcase classname="com.selenium.TicketNumberSearch" name="validateTicketTransactionType" time="0.026"/>
  <system-out/>
  <testcase classname="com.selenium.TicketNumberSearch" name="validateTicketVehicleNumber" time="0.016"/>
  <system-out/>
  <testcase classname="com.selenium.TicketNumberSearch" name="validateTicketDateTime" time="0.014"/>
  <system-out/>
  <testcase classname="com.selenium.TicketNumberSearch" name="validateTicketStartDate" time="0.014"/>
  <system-out/>
  <testcase classname="com.selenium.TicketNumberSearch" name="validateTicketEndDate" time="0.013"/>
  <system-out/>
  <testcase classname="com.selenium.TicketNumberSearch" name="validateTicketAmount" time="0.014"/>
  <system-out/>
  <testcase classname="com.selenium.TicketNumberSearch" name="validateTicketStatus" time="0.015"/>
  <system-out/>
  <testcase classname="com.selenium.TicketNumberSearch" name="logout" time="2.267"/>
  <system-out/>
</testsuite> <!-- com.selenium.TicketNumberSearch -->
