<?xml version="1.0" encoding="UTF-8"?>
<!-- Generated by org.testng.reporters.JUnitReportReporter -->
<testsuite hostname="iramtech-Vostro-3470" failures="0" tests="28" name="com.selenium.Users" time="97.881" errors="0" timestamp="2024-04-04T13:53:31 IST" skipped="0">
  <testcase classname="com.selenium.Users" name="login" time="3.804"/>
  <system-out/>
  <testcase classname="com.selenium.Users" name="revenueDashboard" time="5.184"/>
  <system-out/>
  <testcase classname="com.selenium.Users" name="userMgmtPage" time="3.373"/>
  <system-out/>
  <testcase classname="com.selenium.Users" name="clickAddUserButton" time="3.225"/>
  <system-out/>
  <testcase classname="com.selenium.Users" name="fillAndSubmitUserForm" time="0.411"/>
  <system-out/>
  <testcase classname="com.selenium.Users" name="clickSaveButton" time="3.272"/>
  <system-out/>
  <testcase classname="com.selenium.Users" name="extractPopupText" time="3.008"/>
  <system-out/>
  <testcase classname="com.selenium.Users" name="statusOK" time="5.007"/>
  <system-out/>
  <testcase classname="com.selenium.Users" name="addUsersPopUpClose" time="2.019"/>
  <system-out/>
  <testcase classname="com.selenium.Users" name="verifyAdminUserDetailsInTable" time="5.008"/>
  <system-out/>
  <testcase classname="com.selenium.Users" name="clickAddUserButtonTwice" time="8.008"/>
  <system-out/>
  <testcase classname="com.selenium.Users" name="fillAttederUserForm" time="0.049"/>
  <system-out/>
  <testcase classname="com.selenium.Users" name="clickAttenderSaveButton" time="3.015"/>
  <system-out/>
  <testcase classname="com.selenium.Users" name="extractPopupTextAttender" time="3.006"/>
  <system-out/>
  <testcase classname="com.selenium.Users" name="statusOKAttender" time="5.006"/>
  <system-out/>
  <testcase classname="com.selenium.Users" name="verifyAttenderUserDetailsInTable" time="5.006"/>
  <system-out/>
  <testcase classname="com.selenium.Users" name="verifyAdminActions" time="0.006"/>
  <system-out/>
  <testcase classname="com.selenium.Users" name="verifyAttenderUserEdit" time="0.062"/>
  <system-out/>
  <testcase classname="com.selenium.Users" name="verifyAttenderUserDelete" time="3.056"/>
  <system-out/>
  <testcase classname="com.selenium.Users" name="confirmAttenderDeleteAction" time="0.002"/>
  <system-out/>
  <testcase classname="com.selenium.Users" name="extractPopupTextDeleteAttender" time="8.006"/>
  <system-out/>
  <testcase classname="com.selenium.Users" name="statusOKDeleteAttender" time="5.008"/>
  <system-out/>
  <testcase classname="com.selenium.Users" name="verifyAttenderRoleDeletion" time="3.106"/>
  <system-out/>
  <testcase classname="com.selenium.Users" name="tableNextPage" time="3.015"/>
  <system-out/>
  <testcase classname="com.selenium.Users" name="searchAndVerifyAdminCount" time="7.091"/>
  <system-out/>
  <testcase classname="com.selenium.Users" name="downloadCSV" time="5.044"/>
  <system-out/>
  <testcase classname="com.selenium.Users" name="downloadPDF" time="3.065"/>
  <system-out/>
  <testcase classname="com.selenium.Users" name="logout" time="2.019"/>
  <system-out/>
</testsuite> <!-- com.selenium.Users -->
