<?xml version="1.0" encoding="UTF-8"?>
<!-- Generated by org.testng.reporters.JUnitReportReporter -->
<testsuite hostname="iramtech-Vostro-3470" failures="0" tests="126" name="com.selenium.MobileReports" time="318.099" errors="0" timestamp="2024-04-05T12:59:50 IST" skipped="0">
  <testcase classname="com.selenium.MobileReports" name="login" time="3.746"/>
  <system-out/>
  <testcase classname="com.selenium.MobileReports" name="revenueDashboardOpen" time="5.134"/>
  <system-out/>
  <testcase classname="com.selenium.MobileReports" name="reportsAnalyticsPage" time="2.237"/>
  <system-out/>
  <testcase classname="com.selenium.MobileReports" name="mobileReportsPage" time="4.132"/>
  <system-out/>
  <testcase classname="com.selenium.MobileReports" name="mobileReportsOneDay" time="1.217"/>
  <system-out/>
  <testcase classname="com.selenium.MobileReports" name="selectAndroid" time="2.053"/>
  <system-out/>
  <testcase classname="com.selenium.MobileReports" name="selectOneDayVehicleTypeAll" time="0.039"/>
  <system-out/>
  <testcase classname="com.selenium.MobileReports" name="dayRSubmitButton" time="1.221"/>
  <system-out/>
  <testcase classname="com.selenium.MobileReports" name="mobileDayRViewDetails" time="2.220"/>
  <system-out/>
  <testcase classname="com.selenium.MobileReports" name="dayRPopUPClose" time="4.257"/>
  <system-out/>
  <testcase classname="com.selenium.MobileReports" name="getDayMobileRevenue" time="4.049"/>
  <system-out/>
  <testcase classname="com.selenium.MobileReports" name="selectVehicleTypeTwo" time="0.312"/>
  <system-out/>
  <testcase classname="com.selenium.MobileReports" name="dayRSubmitButtonTwo" time="1.242"/>
  <system-out/>
  <testcase classname="com.selenium.MobileReports" name="dayRevenueViewDetailsTWO" time="2.219"/>
  <system-out/>
  <testcase classname="com.selenium.MobileReports" name="dayRPopUPCloseTWO" time="4.234"/>
  <system-out/>
  <testcase classname="com.selenium.MobileReports" name="getDayRevenueTWO" time="4.019"/>
  <system-out/>
  <testcase classname="com.selenium.MobileReports" name="selectVehicleTypeFOUR" time="0.245"/>
  <system-out/>
  <testcase classname="com.selenium.MobileReports" name="dayRSubmitButtonFOUR" time="1.240"/>
  <system-out/>
  <testcase classname="com.selenium.MobileReports" name="dayRViewDetailsFOUR" time="2.224"/>
  <system-out/>
  <testcase classname="com.selenium.MobileReports" name="dayRevenuePopUPCloseFOUR" time="4.244"/>
  <system-out/>
  <testcase classname="com.selenium.MobileReports" name="getDayRevenueFOUR" time="4.048"/>
  <system-out/>
  <testcase classname="com.selenium.MobileReports" name="selectIOS" time="2.038"/>
  <system-out/>
  <testcase classname="com.selenium.MobileReports" name="selectIOSAll" time="0.247"/>
  <system-out/>
  <testcase classname="com.selenium.MobileReports" name="dayRSubmitButtonIOS" time="1.235"/>
  <system-out/>
  <testcase classname="com.selenium.MobileReports" name="dayRViewDetailsIOS" time="2.262"/>
  <system-out/>
  <testcase classname="com.selenium.MobileReports" name="dayRevenuePopUPCloseIOS" time="4.238"/>
  <system-out/>
  <testcase classname="com.selenium.MobileReports" name="getDayMobileRevenueIOS" time="4.017"/>
  <system-out/>
  <testcase classname="com.selenium.MobileReports" name="selectOneDayTypeTwoIOS" time="0.253"/>
  <system-out/>
  <testcase classname="com.selenium.MobileReports" name="dayRSubmitButtonTwoIOS" time="1.216"/>
  <system-out/>
  <testcase classname="com.selenium.MobileReports" name="dayRViewDetailsTWOIOS" time="2.239"/>
  <system-out/>
  <testcase classname="com.selenium.MobileReports" name="dayRPopUPCloseTWOIOS" time="4.261"/>
  <system-out/>
  <testcase classname="com.selenium.MobileReports" name="getDayRevenueTWOIOS" time="4.048"/>
  <system-out/>
  <testcase classname="com.selenium.MobileReports" name="selectOneDayTypeFOURIOS" time="0.326"/>
  <system-out/>
  <testcase classname="com.selenium.MobileReports" name="dayRSubmitButtonFOURIOS" time="1.248"/>
  <system-out/>
  <testcase classname="com.selenium.MobileReports" name="dayViewDetailsFOURIOS" time="2.255"/>
  <system-out/>
  <testcase classname="com.selenium.MobileReports" name="dayRPopUPCloseFOURIOS" time="4.259"/>
  <system-out/>
  <testcase classname="com.selenium.MobileReports" name="getDayRevenueFOURIOS" time="4.047"/>
  <system-out/>
  <testcase classname="com.selenium.MobileReports" name="mobileReportsWEEK" time="1.226"/>
  <system-out/>
  <testcase classname="com.selenium.MobileReports" name="selectAndroidWEEK" time="2.036"/>
  <system-out/>
  <testcase classname="com.selenium.MobileReports" name="selectAllWEEK" time="0.278"/>
  <system-out/>
  <testcase classname="com.selenium.MobileReports" name="weekRSubmitButton" time="1.247"/>
  <system-out/>
  <testcase classname="com.selenium.MobileReports" name="weekRViewDetails" time="2.216"/>
  <system-out/>
  <testcase classname="com.selenium.MobileReports" name="weekRPopUPClose" time="4.238"/>
  <system-out/>
  <testcase classname="com.selenium.MobileReports" name="getWEEKMobileRevenueALL" time="4.048"/>
  <system-out/>
  <testcase classname="com.selenium.MobileReports" name="weeklyAndroidTypeTwo" time="0.272"/>
  <system-out/>
  <testcase classname="com.selenium.MobileReports" name="weekAndroidSubmitButtonTwo" time="1.246"/>
  <system-out/>
  <testcase classname="com.selenium.MobileReports" name="weeklyAndroidViewDetailsTWO" time="2.242"/>
  <system-out/>
  <testcase classname="com.selenium.MobileReports" name="weekRPopUPCloseTWO" time="4.241"/>
  <system-out/>
  <testcase classname="com.selenium.MobileReports" name="getWeekRevenueTWO" time="4.037"/>
  <system-out/>
  <testcase classname="com.selenium.MobileReports" name="weeklyAndroidTypeFour" time="0.269"/>
  <system-out/>
  <testcase classname="com.selenium.MobileReports" name="weeklyAndroidSubmitButtonFOUR" time="1.243"/>
  <system-out/>
  <testcase classname="com.selenium.MobileReports" name="weeklyAndroidViewDetailsFOUR" time="2.242"/>
  <system-out/>
  <testcase classname="com.selenium.MobileReports" name="weeklyAndroidPopUPCloseFOUR" time="4.222"/>
  <system-out/>
  <testcase classname="com.selenium.MobileReports" name="getWeekRevenueFOUR" time="4.037"/>
  <system-out/>
  <testcase classname="com.selenium.MobileReports" name="selectIOSWEEK" time="2.029"/>
  <system-out/>
  <testcase classname="com.selenium.MobileReports" name="weekyIOSTypeAll" time="0.254"/>
  <system-out/>
  <testcase classname="com.selenium.MobileReports" name="weeklyIOSSubmitButtonAll" time="1.239"/>
  <system-out/>
  <testcase classname="com.selenium.MobileReports" name="weeklyIOSViewDetailsAll" time="2.228"/>
  <system-out/>
  <testcase classname="com.selenium.MobileReports" name="weeklyIOSPopUPCloseAll" time="4.225"/>
  <system-out/>
  <testcase classname="com.selenium.MobileReports" name="getWeekMobileRevenueIOS" time="4.055"/>
  <system-out/>
  <testcase classname="com.selenium.MobileReports" name="selectWEEKTypeTwoIOS" time="0.238"/>
  <system-out/>
  <testcase classname="com.selenium.MobileReports" name="weeklyIOSSubmitButtonTwo" time="1.237"/>
  <system-out/>
  <testcase classname="com.selenium.MobileReports" name="weeklyIOSViewDetailsTwo" time="2.251"/>
  <system-out/>
  <testcase classname="com.selenium.MobileReports" name="weeklyIOSPopUPCloseTwo" time="4.243"/>
  <system-out/>
  <testcase classname="com.selenium.MobileReports" name="getWeekRevenueTwoIOS" time="4.037"/>
  <system-out/>
  <testcase classname="com.selenium.MobileReports" name="selectWEEKTypeFOURIOS" time="0.291"/>
  <system-out/>
  <testcase classname="com.selenium.MobileReports" name="weeklyIOSSubmitButtonFOUR" time="1.242"/>
  <system-out/>
  <testcase classname="com.selenium.MobileReports" name="weeklyIOSViewDetailsFOUR" time="2.242"/>
  <system-out/>
  <testcase classname="com.selenium.MobileReports" name="weeklyIOSPopUPCloseFOUR" time="4.243"/>
  <system-out/>
  <testcase classname="com.selenium.MobileReports" name="getWeekRevenueFOURIOS" time="4.046"/>
  <system-out/>
  <testcase classname="com.selenium.MobileReports" name="mobileReportsMonth" time="1.275"/>
  <system-out/>
  <testcase classname="com.selenium.MobileReports" name="selectMonthAndroid" time="2.036"/>
  <system-out/>
  <testcase classname="com.selenium.MobileReports" name="monthlyAndroidTypeAll" time="0.267"/>
  <system-out/>
  <testcase classname="com.selenium.MobileReports" name="monthlyAndroidSubmitButtonAll" time="1.220"/>
  <system-out/>
  <testcase classname="com.selenium.MobileReports" name="monthlyAndroidViewDetailsAll" time="2.218"/>
  <system-out/>
  <testcase classname="com.selenium.MobileReports" name="monthlyAndroidPopUPCloseAll" time="4.240"/>
  <system-out/>
  <testcase classname="com.selenium.MobileReports" name="getMonthMobileRevenue" time="4.045"/>
  <system-out/>
  <testcase classname="com.selenium.MobileReports" name="monthlyAndroidTypeTwo" time="0.293"/>
  <system-out/>
  <testcase classname="com.selenium.MobileReports" name="monthlyAndroidSubmitButtonTwo" time="1.265"/>
  <system-out/>
  <testcase classname="com.selenium.MobileReports" name="monthlyAndroidViewDetailsTwo" time="2.217"/>
  <system-out/>
  <testcase classname="com.selenium.MobileReports" name="monthlyAndroidPopUPCloseTwo" time="4.227"/>
  <system-out/>
  <testcase classname="com.selenium.MobileReports" name="getMonthRevenueTWO" time="4.048"/>
  <system-out/>
  <testcase classname="com.selenium.MobileReports" name="selectMonthTypeFOUR" time="0.271"/>
  <system-out/>
  <testcase classname="com.selenium.MobileReports" name="monthlyAndroidSubmitButtonFOUR" time="1.240"/>
  <system-out/>
  <testcase classname="com.selenium.MobileReports" name="monthlyAndroidViewDetailsFOUR" time="2.239"/>
  <system-out/>
  <testcase classname="com.selenium.MobileReports" name="monthlyAndroidPopUPCloseFOUR" time="4.257"/>
  <system-out/>
  <testcase classname="com.selenium.MobileReports" name="getMonthRevenueFOUR" time="4.049"/>
  <system-out/>
  <testcase classname="com.selenium.MobileReports" name="selectMonthIOS" time="2.034"/>
  <system-out/>
  <testcase classname="com.selenium.MobileReports" name="monthlyIOSTypeAll" time="0.236"/>
  <system-out/>
  <testcase classname="com.selenium.MobileReports" name="monthlyIOSSubmitButtonAll" time="1.245"/>
  <system-out/>
  <testcase classname="com.selenium.MobileReports" name="monthlyIOSViewDetailsAll" time="2.242"/>
  <system-out/>
  <testcase classname="com.selenium.MobileReports" name="monthlyIOSPopUPCloseAll" time="4.237"/>
  <system-out/>
  <testcase classname="com.selenium.MobileReports" name="getMonthMobileRevenueIOS" time="4.054"/>
  <system-out/>
  <testcase classname="com.selenium.MobileReports" name="selectMonthTypeTwoIOS" time="0.311"/>
  <system-out/>
  <testcase classname="com.selenium.MobileReports" name="monthlyIOSSubmitButtonTwo" time="1.241"/>
  <system-out/>
  <testcase classname="com.selenium.MobileReports" name="monthlyIOSViewDetailsTwo" time="2.243"/>
  <system-out/>
  <testcase classname="com.selenium.MobileReports" name="monthlyIOSPopUPCloseTwo" time="4.239"/>
  <system-out/>
  <testcase classname="com.selenium.MobileReports" name="getMonthRevenueTWOIOS" time="4.046"/>
  <system-out/>
  <testcase classname="com.selenium.MobileReports" name="selectMonthTypeFOURIOS" time="0.292"/>
  <system-out/>
  <testcase classname="com.selenium.MobileReports" name="monthlyIOSSubmitButtonFOUR" time="1.237"/>
  <system-out/>
  <testcase classname="com.selenium.MobileReports" name="monthlyIOSViewDetailsFOUR" time="2.240"/>
  <system-out/>
  <testcase classname="com.selenium.MobileReports" name="monthlyIOSPopUPCloseFOUR" time="4.239"/>
  <system-out/>
  <testcase classname="com.selenium.MobileReports" name="getMonthRevenueFOURIOS" time="4.041"/>
  <system-out/>
  <testcase classname="com.selenium.MobileReports" name="selectMobileRevenueStartDate" time="8.767"/>
  <system-out/>
  <testcase classname="com.selenium.MobileReports" name="selectMobileRevenueEndDate" time="6.734"/>
  <system-out/>
  <testcase classname="com.selenium.MobileReports" name="mobileTransactions" time="2.244"/>
  <system-out/>
  <testcase classname="com.selenium.MobileReports" name="mobileTransactionDates" time="6.735"/>
  <system-out/>
  <testcase classname="com.selenium.MobileReports" name="selectTransactionsAndroid" time="2.036"/>
  <system-out/>
  <testcase classname="com.selenium.MobileReports" name="selectTransactionsVehicleTypeTwo" time="0.054"/>
  <system-out/>
  <testcase classname="com.selenium.MobileReports" name="transSubmitBtnTwo" time="3.220"/>
  <system-out/>
  <testcase classname="com.selenium.MobileReports" name="transViewDetailsTWO" time="2.236"/>
  <system-out/>
  <testcase classname="com.selenium.MobileReports" name="dayTransPopUPCloseTWO" time="4.261"/>
  <system-out/>
  <testcase classname="com.selenium.MobileReports" name="selectTransactionsTypeFOUR" time="0.274"/>
  <system-out/>
  <testcase classname="com.selenium.MobileReports" name="dayTransSubmitBtnFOUR" time="3.239"/>
  <system-out/>
  <testcase classname="com.selenium.MobileReports" name="dayTransViewDetailsFOUR" time="2.244"/>
  <system-out/>
  <testcase classname="com.selenium.MobileReports" name="dayTransPopUPCloseFOUR" time="4.236"/>
  <system-out/>
  <testcase classname="com.selenium.MobileReports" name="selectTransIOS" time="2.015"/>
  <system-out/>
  <testcase classname="com.selenium.MobileReports" name="selectTransactionsTypeTwoIOS" time="0.231"/>
  <system-out/>
  <testcase classname="com.selenium.MobileReports" name="transSubmitBtnTwoIOS" time="3.238"/>
  <system-out/>
  <testcase classname="com.selenium.MobileReports" name="transViewDetailsTWOIOS" time="2.238"/>
  <system-out/>
  <testcase classname="com.selenium.MobileReports" name="transPopUPCloseTWOIOS" time="4.239"/>
  <system-out/>
  <testcase classname="com.selenium.MobileReports" name="selectTransactionsTypeFourIOS" time="0.287"/>
  <system-out/>
  <testcase classname="com.selenium.MobileReports" name="transSubmitBtnFourIOS" time="3.238"/>
  <system-out/>
  <testcase classname="com.selenium.MobileReports" name="transViewDetailsFourIOS" time="2.238"/>
  <system-out/>
  <testcase classname="com.selenium.MobileReports" name="transPopUPCloseFourIOS" time="4.235"/>
  <system-out/>
  <testcase classname="com.selenium.MobileReports" name="logout" time="2.315"/>
  <system-out/>
</testsuite> <!-- com.selenium.MobileReports -->
