<?xml version="1.0" encoding="UTF-8"?>
<!-- Generated by org.testng.reporters.JUnitReportReporter -->
<testsuite hostname="iramtech-Vostro-3470" failures="0" tests="50" name="com.selenium.AlarmsNotifications" time="110.674" errors="0" timestamp="2024-04-04T13:53:31 IST" skipped="0">
  <testcase classname="com.selenium.AlarmsNotifications" name="login" time="3.756"/>
  <system-out/>
  <testcase classname="com.selenium.AlarmsNotifications" name="revenueDashboardOpen" time="5.091"/>
  <system-out/>
  <testcase classname="com.selenium.AlarmsNotifications" name="alarmsNotificationsPage" time="4.089"/>
  <system-out/>
  <testcase classname="com.selenium.AlarmsNotifications" name="clickManualAlert" time="7.285"/>
  <system-out/>
  <testcase classname="com.selenium.AlarmsNotifications" name="createManualTask" time="4.215"/>
  <system-out/>
  <testcase classname="com.selenium.AlarmsNotifications" name="createMsgSelectSite" time="0.309"/>
  <system-out/>
  <testcase classname="com.selenium.AlarmsNotifications" name="selectManualServiceUser" time="3.081"/>
  <system-out/>
  <testcase classname="com.selenium.AlarmsNotifications" name="selectAlertType" time="0.325"/>
  <system-out/>
  <testcase classname="com.selenium.AlarmsNotifications" name="alertDescription" time="0.112"/>
  <system-out/>
  <testcase classname="com.selenium.AlarmsNotifications" name="manualTaskSubmit" time="2.236"/>
  <system-out/>
  <testcase classname="com.selenium.AlarmsNotifications" name="manualTaskAlertStatus" time="6.027"/>
  <system-out/>
  <testcase classname="com.selenium.AlarmsNotifications" name="clickManualAlertOKButton" time="0.223"/>
  <system-out/>
  <testcase classname="com.selenium.AlarmsNotifications" name="manualTaskCsv" time="0.019"/>
  <system-out/>
  <testcase classname="com.selenium.AlarmsNotifications" name="manualTaskPdf" time="3.052"/>
  <system-out/>
  <testcase classname="com.selenium.AlarmsNotifications" name="clickOverTime" time="5.016"/>
  <system-out/>
  <testcase classname="com.selenium.AlarmsNotifications" name="selectSiteOverTimeVehicle" time="0.021"/>
  <system-out/>
  <testcase classname="com.selenium.AlarmsNotifications" name="downloadOTCSVFiles" time="0.014"/>
  <system-out/>
  <testcase classname="com.selenium.AlarmsNotifications" name="downloadOTPDFFiles" time="3.021"/>
  <system-out/>
  <testcase classname="com.selenium.AlarmsNotifications" name="selectOTFourWheeler" time="3.015"/>
  <system-out/>
  <testcase classname="com.selenium.AlarmsNotifications" name="selectOTTwoWheeler" time="0.015"/>
  <system-out/>
  <testcase classname="com.selenium.AlarmsNotifications" name="clickTransactionAlert" time="2.017"/>
  <system-out/>
  <testcase classname="com.selenium.AlarmsNotifications" name="trasnactionCsv" time="0.014"/>
  <system-out/>
  <testcase classname="com.selenium.AlarmsNotifications" name="transactionPdf" time="0.033"/>
  <system-out/>
  <testcase classname="com.selenium.AlarmsNotifications" name="clickPOSAlert" time="2.017"/>
  <system-out/>
  <testcase classname="com.selenium.AlarmsNotifications" name="posAlertsDatesEnabled" time="3.192"/>
  <system-out/>
  <testcase classname="com.selenium.AlarmsNotifications" name="posCsv" time="0.015"/>
  <system-out/>
  <testcase classname="com.selenium.AlarmsNotifications" name="posPdf" time="3.038"/>
  <system-out/>
  <testcase classname="com.selenium.AlarmsNotifications" name="clickDeviceAlert" time="5.016"/>
  <system-out/>
  <testcase classname="com.selenium.AlarmsNotifications" name="devcieAlertsCsv" time="0.014"/>
  <system-out/>
  <testcase classname="com.selenium.AlarmsNotifications" name="deviceAlertsPdf" time="3.015"/>
  <system-out/>
  <testcase classname="com.selenium.AlarmsNotifications" name="deviceAlertsNextPage" time="3.015"/>
  <system-out/>
  <testcase classname="com.selenium.AlarmsNotifications" name="editTaskDeviceAlerts" time="2.009"/>
  <system-out/>
  <testcase classname="com.selenium.AlarmsNotifications" name="selectServiceUser" time="0.013"/>
  <system-out/>
  <testcase classname="com.selenium.AlarmsNotifications" name="taskSubmitBtn" time="2.016"/>
  <system-out/>
  <testcase classname="com.selenium.AlarmsNotifications" name="taskAlertStatus" time="3.003"/>
  <system-out/>
  <testcase classname="com.selenium.AlarmsNotifications" name="clickSweetAlertOKButton" time="0.003"/>
  <system-out/>
  <testcase classname="com.selenium.AlarmsNotifications" name="taskPopUPClose" time="3.009"/>
  <system-out/>
  <testcase classname="com.selenium.AlarmsNotifications" name="clickTaskViewButton" time="3.016"/>
  <system-out/>
  <testcase classname="com.selenium.AlarmsNotifications" name="viewTaskCsv" time="2.015"/>
  <system-out/>
  <testcase classname="com.selenium.AlarmsNotifications" name="viewTaskPdf" time="3.015"/>
  <system-out/>
  <testcase classname="com.selenium.AlarmsNotifications" name="logAlertDetails" time="0.116"/>
  <system-out/>
  <testcase classname="com.selenium.AlarmsNotifications" name="clickCompleteStatusButton" time="3.016"/>
  <system-out/>
  <testcase classname="com.selenium.AlarmsNotifications" name="completedStatusSweetAlert" time="3.004"/>
  <system-out/>
  <testcase classname="com.selenium.AlarmsNotifications" name="clickCompleteSweetAlertOKButton" time="0.002"/>
  <system-out/>
  <testcase classname="com.selenium.AlarmsNotifications" name="deviceDetailsPopUPClose" time="4.015"/>
  <system-out/>
  <testcase classname="com.selenium.AlarmsNotifications" name="unAssignAlert" time="2.014"/>
  <system-out/>
  <testcase classname="com.selenium.AlarmsNotifications" name="unAssignAlertStatus" time="3.008"/>
  <system-out/>
  <testcase classname="com.selenium.AlarmsNotifications" name="unAssignSweetAlertOKButton" time="0.007"/>
  <system-out/>
  <testcase classname="com.selenium.AlarmsNotifications" name="validateActionStatus" time="0.069"/>
  <system-out/>
  <testcase classname="com.selenium.AlarmsNotifications" name="logout" time="5.016"/>
  <system-out/>
</testsuite> <!-- com.selenium.AlarmsNotifications -->
