<?xml version="1.0" encoding="UTF-8"?>
<!-- Generated by org.testng.reporters.JUnitReportReporter -->
<testsuite hostname="iramtech-Vostro-3470" failures="0" tests="13" name="com.selenium.Feedback" time="78.228" errors="0" timestamp="2024-04-12T14:48:18 IST" skipped="0">
  <testcase classname="com.selenium.Feedback" name="login" time="3.757"/>
  <system-out/>
  <testcase classname="com.selenium.Feedback" name="revenueDashboard" time="5.134"/>
  <system-out/>
  <testcase classname="com.selenium.Feedback" name="redirectFeedBackPage" time="3.117"/>
  <system-out/>
  <testcase classname="com.selenium.Feedback" name="selectFeedbackSitesList" time="8.692"/>
  <system-out/>
  <testcase classname="com.selenium.Feedback" name="feedbackDatesEnabled" time="3.772"/>
  <system-out/>
  <testcase classname="com.selenium.Feedback" name="selectFeedbackStartDate" time="7.680"/>
  <system-out/>
  <testcase classname="com.selenium.Feedback" name="selectFeedbackEndDate" time="8.479"/>
  <system-out/>
  <testcase classname="com.selenium.Feedback" name="clickComplaintsTab" time="5.970"/>
  <system-out/>
  <testcase classname="com.selenium.Feedback" name="selectComplaintSitesList" time="8.602"/>
  <system-out/>
  <testcase classname="com.selenium.Feedback" name="complaintsDatesEnabled" time="3.717"/>
  <system-out/>
  <testcase classname="com.selenium.Feedback" name="selectComplaintStartDate" time="7.482"/>
  <system-out/>
  <testcase classname="com.selenium.Feedback" name="selectComplaintEndDate" time="6.504"/>
  <system-out/>
  <testcase classname="com.selenium.Feedback" name="logout" time="5.322"/>
  <system-out/>
</testsuite> <!-- com.selenium.Feedback -->
