<?xml version="1.0" encoding="UTF-8"?>
<!-- Generated by org.testng.reporters.JUnitReportReporter -->
<testsuite hostname="iramtech-Vostro-3470" failures="0" tests="25" name="com.selenium.Slot_Analysis" time="75.773" errors="0" timestamp="2024-04-04T13:53:31 IST" skipped="0">
  <testcase classname="com.selenium.Slot_Analysis" name="login" time="3.832"/>
  <system-out/>
  <testcase classname="com.selenium.Slot_Analysis" name="revenueDashboardOpen" time="5.093"/>
  <system-out/>
  <testcase classname="com.selenium.Slot_Analysis" name="reportsAnalyticsPage" time="2.230"/>
  <system-out/>
  <testcase classname="com.selenium.Slot_Analysis" name="redirectSlotAnalysis" time="4.156"/>
  <system-out/>
  <testcase classname="com.selenium.Slot_Analysis" name="SlotAnalysis_selectSite" time="6.575"/>
  <system-out/>
  <testcase classname="com.selenium.Slot_Analysis" name="getSlot_AnalysisTab" time="0.013"/>
  <system-out/>
  <testcase classname="com.selenium.Slot_Analysis" name="dayHour_Occupancy_Dates" time="4.687"/>
  <system-out/>
  <testcase classname="com.selenium.Slot_Analysis" name="dayHour_Occupancy_Menu_ToClickSgv" time="2.009"/>
  <system-out/>
  <testcase classname="com.selenium.Slot_Analysis" name="dayHour_Occupancy_Sgv" time="2.007"/>
  <system-out/>
  <testcase classname="com.selenium.Slot_Analysis" name="dayHour_Occupancy_Menu_ToClickPng" time="2.005"/>
  <system-out/>
  <testcase classname="com.selenium.Slot_Analysis" name="dayHour_Occupancy_Png" time="3.007"/>
  <system-out/>
  <testcase classname="com.selenium.Slot_Analysis" name="peakHoursTab" time="2.235"/>
  <system-out/>
  <testcase classname="com.selenium.Slot_Analysis" name="select_PeakHours_TwoWheeler" time="2.030"/>
  <system-out/>
  <testcase classname="com.selenium.Slot_Analysis" name="peakHour_Dates_2W" time="4.675"/>
  <system-out/>
  <testcase classname="com.selenium.Slot_Analysis" name="select_PeakHours_FourWheeler" time="2.030"/>
  <system-out/>
  <testcase classname="com.selenium.Slot_Analysis" name="peakHour_Dates_4W" time="4.701"/>
  <system-out/>
  <testcase classname="com.selenium.Slot_Analysis" name="slotAvgDuration_Tab" time="2.262"/>
  <system-out/>
  <testcase classname="com.selenium.Slot_Analysis" name="slotAvgDuration_Dates" time="4.681"/>
  <system-out/>
  <testcase classname="com.selenium.Slot_Analysis" name="slotRotation_Tab" time="2.234"/>
  <system-out/>
  <testcase classname="com.selenium.Slot_Analysis" name="slotRotation_Dates" time="1.014"/>
  <system-out/>
  <testcase classname="com.selenium.Slot_Analysis" name="slotRotation_Menu_ToClickSgv" time="2.007"/>
  <system-out/>
  <testcase classname="com.selenium.Slot_Analysis" name="slotRotation_Sgv" time="2.007"/>
  <system-out/>
  <testcase classname="com.selenium.Slot_Analysis" name="slotRotation_Menu_ToClickPng" time="2.007"/>
  <system-out/>
  <testcase classname="com.selenium.Slot_Analysis" name="slotRotation_Png" time="3.008"/>
  <system-out/>
  <testcase classname="com.selenium.Slot_Analysis" name="logout" time="5.268"/>
  <system-out/>
</testsuite> <!-- com.selenium.Slot_Analysis -->
