<?xml version="1.0" encoding="UTF-8"?>
<!-- Generated by org.testng.reporters.JUnitReportReporter -->
<testsuite hostname="iramtech-Vostro-3470" failures="0" tests="24" name="com.selenium.CouponReports" time="100.520" errors="0" timestamp="2024-04-04T13:53:31 IST" skipped="0">
  <testcase classname="com.selenium.CouponReports" name="login" time="3.743"/>
  <system-out/>
  <testcase classname="com.selenium.CouponReports" name="revenueDashboardOpen" time="5.102"/>
  <system-out/>
  <testcase classname="com.selenium.CouponReports" name="redirectCouponReportsPage" time="4.353"/>
  <system-out/>
  <testcase classname="com.selenium.CouponReports" name="viewCouponSiteList" time="3.594"/>
  <system-out/>
  <testcase classname="com.selenium.CouponReports" name="vehicleBlockListDates" time="4.927"/>
  <system-out/>
  <testcase classname="com.selenium.CouponReports" name="selectCouponStartDate" time="8.777"/>
  <system-out/>
  <testcase classname="com.selenium.CouponReports" name="selectCouponEndDate" time="11.517"/>
  <system-out/>
  <testcase classname="com.selenium.CouponReports" name="selectListCount" time="2.282"/>
  <system-out/>
  <testcase classname="com.selenium.CouponReports" name="getCouponsTable" time="15.390"/>
  <system-out/>
  <testcase classname="com.selenium.CouponReports" name="searchVehicleNumber" time="7.050"/>
  <system-out/>
  <testcase classname="com.selenium.CouponReports" name="searchCouponMobileNumber" time="7.077"/>
  <system-out/>
  <testcase classname="com.selenium.CouponReports" name="searchCouponCode" time="7.111"/>
  <system-out/>
  <testcase classname="com.selenium.CouponReports" name="searchCouponStatus" time="7.153"/>
  <system-out/>
  <testcase classname="com.selenium.CouponReports" name="searchCouponCreatedTime" time="7.123"/>
  <system-out/>
  <testcase classname="com.selenium.CouponReports" name="validateCouponVehicleNumber" time="0.016"/>
  <system-out/>
  <testcase classname="com.selenium.CouponReports" name="validateCouponMobileNumber" time="0.007"/>
  <system-out/>
  <testcase classname="com.selenium.CouponReports" name="validateCouponCode" time="0.006"/>
  <system-out/>
  <testcase classname="com.selenium.CouponReports" name="validateCouponAmount" time="0.007"/>
  <system-out/>
  <testcase classname="com.selenium.CouponReports" name="validateCouponStatusNull" time="0.007"/>
  <system-out/>
  <testcase classname="com.selenium.CouponReports" name="validateCouponStatusInvalid" time="0.006"/>
  <system-out/>
  <testcase classname="com.selenium.CouponReports" name="validateCouponCreatedTime" time="0.005"/>
  <system-out/>
  <testcase classname="com.selenium.CouponReports" name="validateCouponStartTime" time="0.006"/>
  <system-out/>
  <testcase classname="com.selenium.CouponReports" name="validateCouponEndDate" time="0.007"/>
  <system-out/>
  <testcase classname="com.selenium.CouponReports" name="logout" time="5.254"/>
  <system-out/>
</testsuite> <!-- com.selenium.CouponReports -->
