<?xml version="1.0" encoding="UTF-8"?>
<!-- Generated by org.testng.reporters.JUnitReportReporter -->
<testsuite hostname="iramtech-Vostro-3470" failures="0" tests="22" name="com.selenium.ReservationReports" time="94.716" errors="0" timestamp="2024-04-11T16:53:00 IST" skipped="0">
  <testcase classname="com.selenium.ReservationReports" name="login" time="4.262"/>
  <system-out/>
  <testcase classname="com.selenium.ReservationReports" name="revenueDashboardOpen" time="5.161"/>
  <system-out/>
  <testcase classname="com.selenium.ReservationReports" name="redirectReservationReportsPage" time="4.330"/>
  <system-out/>
  <testcase classname="com.selenium.ReservationReports" name="selectReservationSitesList" time="3.655"/>
  <system-out/>
  <testcase classname="com.selenium.ReservationReports" name="reservationReportDateEnabled" time="4.866"/>
  <system-out/>
  <testcase classname="com.selenium.ReservationReports" name="selectReservationStartDate" time="8.774"/>
  <system-out/>
  <testcase classname="com.selenium.ReservationReports" name="selectReservationEndDate" time="11.620"/>
  <system-out/>
  <testcase classname="com.selenium.ReservationReports" name="selectCountReservations" time="2.251"/>
  <system-out/>
  <testcase classname="com.selenium.ReservationReports" name="selectReservations" time="2.034"/>
  <system-out/>
  <testcase classname="com.selenium.ReservationReports" name="getreservationsList" time="0.014"/>
  <system-out/>
  <testcase classname="com.selenium.ReservationReports" name="verify_ReservationsTiming" time="0.011"/>
  <system-out/>
  <testcase classname="com.selenium.ReservationReports" name="selectPasses" time="4.047"/>
  <system-out/>
  <testcase classname="com.selenium.ReservationReports" name="getPassesList" time="0.118"/>
  <system-out/>
  <testcase classname="com.selenium.ReservationReports" name="verify_PassBookingTimings" time="0.011"/>
  <system-out/>
  <testcase classname="com.selenium.ReservationReports" name="selectGuestpasses" time="4.029"/>
  <system-out/>
  <testcase classname="com.selenium.ReservationReports" name="selectgPassesStartDate" time="8.714"/>
  <system-out/>
  <testcase classname="com.selenium.ReservationReports" name="selectPassesEndDate" time="11.461"/>
  <system-out/>
  <testcase classname="com.selenium.ReservationReports" name="getGuestPassesList" time="5.025"/>
  <system-out/>
  <testcase classname="com.selenium.ReservationReports" name="verify_GuestPass_EntryExitDateTime" time="5.035"/>
  <system-out/>
  <testcase classname="com.selenium.ReservationReports" name="guestPassesViewButton" time="2.018"/>
  <system-out/>
  <testcase classname="com.selenium.ReservationReports" name="guestPassPopUpClose" time="2.019"/>
  <system-out/>
  <testcase classname="com.selenium.ReservationReports" name="logout" time="5.261"/>
  <system-out/>
</testsuite> <!-- com.selenium.ReservationReports -->
