<?xml version="1.0" encoding="UTF-8"?>
<!-- Generated by org.testng.reporters.JUnitReportReporter -->
<testsuite hostname="iramtech-Vostro-3470" failures="0" tests="103" name="com.selenium.PosManagement" time="341.128" errors="0" timestamp="2024-04-12T12:35:21 IST" skipped="0">
  <testcase classname="com.selenium.PosManagement" name="login" time="3.803"/>
  <system-out/>
  <testcase classname="com.selenium.PosManagement" name="revenueDashboardOpen" time="5.111"/>
  <system-out/>
  <testcase classname="com.selenium.PosManagement" name="posConfigurationPage" time="6.386"/>
  <system-out/>
  <testcase classname="com.selenium.PosManagement" name="selectSiteName" time="6.664"/>
  <system-out/>
  <testcase classname="com.selenium.PosManagement" name="parkingVehicleTab" time="3.247"/>
  <system-out/>
  <testcase classname="com.selenium.PosManagement" name="clickAddParkVehicle" time="3.251"/>
  <system-out/>
  <testcase classname="com.selenium.PosManagement" name="selectVehicle" time="5.670"/>
  <system-out/>
  <testcase classname="com.selenium.PosManagement" name="addVehicleBtn" time="5.251"/>
  <system-out/>
  <testcase classname="com.selenium.PosManagement" name="extractPopupTextAddVehicle" time="3.059"/>
  <system-out/>
  <testcase classname="com.selenium.PosManagement" name="statusOKAddVehicle" time="2.238"/>
  <system-out/>
  <testcase classname="com.selenium.PosManagement" name="parkingChargesTab" time="3.236"/>
  <system-out/>
  <testcase classname="com.selenium.PosManagement" name="parkingChargesView" time="3.286"/>
  <system-out/>
  <testcase classname="com.selenium.PosManagement" name="selectAllWeekButtons" time="11.671"/>
  <system-out/>
  <testcase classname="com.selenium.PosManagement" name="selectWednesdayButton" time="3.224"/>
  <system-out/>
  <testcase classname="com.selenium.PosManagement" name="updateInputValue" time="3.084"/>
  <system-out/>
  <testcase classname="com.selenium.PosManagement" name="pChargesSubmitBtn" time="2.222"/>
  <system-out/>
  <testcase classname="com.selenium.PosManagement" name="extractUpdateParckingChargesText" time="2.063"/>
  <system-out/>
  <testcase classname="com.selenium.PosManagement" name="parkingChargeStatusOK" time="1.254"/>
  <system-out/>
  <testcase classname="com.selenium.PosManagement" name="selectReserveCharges" time="0.311"/>
  <system-out/>
  <testcase classname="com.selenium.PosManagement" name="reserveChargesEditBtn" time="0.249"/>
  <system-out/>
  <testcase classname="com.selenium.PosManagement" name="updatereservationCharges" time="0.042"/>
  <system-out/>
  <testcase classname="com.selenium.PosManagement" name="updateReservationsSubmitBtn" time="2.309"/>
  <system-out/>
  <testcase classname="com.selenium.PosManagement" name="reserveChargesUpdatePopupText" time="2.069"/>
  <system-out/>
  <testcase classname="com.selenium.PosManagement" name="reserveChargeUpdateStatusOK" time="1.254"/>
  <system-out/>
  <testcase classname="com.selenium.PosManagement" name="selectParkingChargesTabTwice" time="3.249"/>
  <system-out/>
  <testcase classname="com.selenium.PosManagement" name="clickVerifyAddReserveBtn" time="3.313"/>
  <system-out/>
  <testcase classname="com.selenium.PosManagement" name="addReservationChargesVehicleType" time="5.759"/>
  <system-out/>
  <testcase classname="com.selenium.PosManagement" name="addReservationInputCharges" time="3.052"/>
  <system-out/>
  <testcase classname="com.selenium.PosManagement" name="addReservationChargesDateSelection" time="11.746"/>
  <system-out/>
  <testcase classname="com.selenium.PosManagement" name="addReservationChargesDay" time="3.770"/>
  <system-out/>
  <testcase classname="com.selenium.PosManagement" name="addReservationChargesDuration" time="3.029"/>
  <system-out/>
  <testcase classname="com.selenium.PosManagement" name="clickVerifySaveReserveBtn" time="6.286"/>
  <system-out/>
  <testcase classname="com.selenium.PosManagement" name="extractAddReservationCharges" time="2.046"/>
  <system-out/>
  <testcase classname="com.selenium.PosManagement" name="okStatusAddReservation" time="1.233"/>
  <system-out/>
  <testcase classname="com.selenium.PosManagement" name="popUpCloseAddReservation" time="4.244"/>
  <system-out/>
  <testcase classname="com.selenium.PosManagement" name="selectParkingChargesTabThrice" time="3.637"/>
  <system-out/>
  <testcase classname="com.selenium.PosManagement" name="selectSpecialCharges" time="5.278"/>
  <system-out/>
  <testcase classname="com.selenium.PosManagement" name="splChargesWeekBtn" time="11.701"/>
  <system-out/>
  <testcase classname="com.selenium.PosManagement" name="selectWednesdayButtonTwice" time="3.221"/>
  <system-out/>
  <testcase classname="com.selenium.PosManagement" name="clickSpecialChargeAddBtn" time="2.229"/>
  <system-out/>
  <testcase classname="com.selenium.PosManagement" name="splChargesStartHour" time="2.256"/>
  <system-out/>
  <testcase classname="com.selenium.PosManagement" name="splChargesEndHour" time="2.428"/>
  <system-out/>
  <testcase classname="com.selenium.PosManagement" name="splChargesEnterCharges" time="2.272"/>
  <system-out/>
  <testcase classname="com.selenium.PosManagement" name="splChargesEnterDisCharges" time="2.255"/>
  <system-out/>
  <testcase classname="com.selenium.PosManagement" name="splChargeCardDisCharges" time="2.273"/>
  <system-out/>
  <testcase classname="com.selenium.PosManagement" name="splChargeUPIDisCharges" time="2.246"/>
  <system-out/>
  <testcase classname="com.selenium.PosManagement" name="addSplChargesSubmitBtn" time="2.249"/>
  <system-out/>
  <testcase classname="com.selenium.PosManagement" name="addSpecialChargesPopUptext" time="3.027"/>
  <system-out/>
  <testcase classname="com.selenium.PosManagement" name="addSpecialChargesStatusOK" time="2.233"/>
  <system-out/>
  <testcase classname="com.selenium.PosManagement" name="specialChargesView" time="5.125"/>
  <system-out/>
  <testcase classname="com.selenium.PosManagement" name="selectWednesdayButtonThrice" time="3.024"/>
  <system-out/>
  <testcase classname="com.selenium.PosManagement" name="deleteSpecialCharges" time="5.012"/>
  <system-out/>
  <testcase classname="com.selenium.PosManagement" name="deleteSpecialChargesPopUptext" time="3.013"/>
  <system-out/>
  <testcase classname="com.selenium.PosManagement" name="deleteSpecialChargesStatusOK" time="2.009"/>
  <system-out/>
  <testcase classname="com.selenium.PosManagement" name="parkingChargesViewTwice" time="3.271"/>
  <system-out/>
  <testcase classname="com.selenium.PosManagement" name="selectSpecialChargesTwice" time="5.252"/>
  <system-out/>
  <testcase classname="com.selenium.PosManagement" name="parkingPassesTab" time="3.931"/>
  <system-out/>
  <testcase classname="com.selenium.PosManagement" name="clickParkingPassesEditBtn" time="3.260"/>
  <system-out/>
  <testcase classname="com.selenium.PosManagement" name="setPassPrice" time="2.064"/>
  <system-out/>
  <testcase classname="com.selenium.PosManagement" name="clickUpdatePassButton" time="2.258"/>
  <system-out/>
  <testcase classname="com.selenium.PosManagement" name="updatePassPopupText" time="2.082"/>
  <system-out/>
  <testcase classname="com.selenium.PosManagement" name="updatePassstatusOK" time="1.223"/>
  <system-out/>
  <testcase classname="com.selenium.PosManagement" name="selectOptionFromDropdown" time="3.272"/>
  <system-out/>
  <testcase classname="com.selenium.PosManagement" name="performPassesTabSearch" time="3.053"/>
  <system-out/>
  <testcase classname="com.selenium.PosManagement" name="attenderShiftsTab" time="3.220"/>
  <system-out/>
  <testcase classname="com.selenium.PosManagement" name="openModalDialog" time="3.244"/>
  <system-out/>
  <testcase classname="com.selenium.PosManagement" name="updateShifts" time="3.337"/>
  <system-out/>
  <testcase classname="com.selenium.PosManagement" name="updateShiftPopupText" time="4.079"/>
  <system-out/>
  <testcase classname="com.selenium.PosManagement" name="updateShiftstatusOK" time="3.235"/>
  <system-out/>
  <testcase classname="com.selenium.PosManagement" name="clickAddAttenderShiftButton" time="3.253"/>
  <system-out/>
  <testcase classname="com.selenium.PosManagement" name="addAttenderShift" time="12.604"/>
  <system-out/>
  <testcase classname="com.selenium.PosManagement" name="addShiftPopupText" time="2.021"/>
  <system-out/>
  <testcase classname="com.selenium.PosManagement" name="addShiftstatusOK" time="1.230"/>
  <system-out/>
  <testcase classname="com.selenium.PosManagement" name="addShiftPopUPClose" time="2.223"/>
  <system-out/>
  <testcase classname="com.selenium.PosManagement" name="hawkerTab" time="3.012"/>
  <system-out/>
  <testcase classname="com.selenium.PosManagement" name="clickAddHawkerButton" time="2.027"/>
  <system-out/>
  <testcase classname="com.selenium.PosManagement" name="clickEditHawkerButton" time="2.066"/>
  <system-out/>
  <testcase classname="com.selenium.PosManagement" name="updateHawker" time="2.009"/>
  <system-out/>
  <testcase classname="com.selenium.PosManagement" name="AddHawkerPopUp" time="4.013"/>
  <system-out/>
  <testcase classname="com.selenium.PosManagement" name="AddHawkerPopUpStatus" time="3.011"/>
  <system-out/>
  <testcase classname="com.selenium.PosManagement" name="viewHawkerDetails" time="2.005"/>
  <system-out/>
  <testcase classname="com.selenium.PosManagement" name="updateHawkerDetails" time="2.009"/>
  <system-out/>
  <testcase classname="com.selenium.PosManagement" name="hawkerUpdate" time="2.011"/>
  <system-out/>
  <testcase classname="com.selenium.PosManagement" name="hawkerUpdatePopUp" time="4.009"/>
  <system-out/>
  <testcase classname="com.selenium.PosManagement" name="hawkerUpdateStatus" time="3.005"/>
  <system-out/>
  <testcase classname="com.selenium.PosManagement" name="deleteHawker" time="6.074"/>
  <system-out/>
  <testcase classname="com.selenium.PosManagement" name="hawkerDeletePopUp" time="3.006"/>
  <system-out/>
  <testcase classname="com.selenium.PosManagement" name="hawkerDeleteStatus" time="2.004"/>
  <system-out/>
  <testcase classname="com.selenium.PosManagement" name="verifyAdvertisementTab" time="3.009"/>
  <system-out/>
  <testcase classname="com.selenium.PosManagement" name="advertisementTab" time="5.090"/>
  <system-out/>
  <testcase classname="com.selenium.PosManagement" name="clickAddAdvertisementButton" time="2.029"/>
  <system-out/>
  <testcase classname="com.selenium.PosManagement" name="sendKeysToFieldsAdvertTypeField" time="2.023"/>
  <system-out/>
  <testcase classname="com.selenium.PosManagement" name="sendKeysInAdvertSubTypeField" time="2.018"/>
  <system-out/>
  <testcase classname="com.selenium.PosManagement" name="sendKeysTophoneNumberField" time="2.019"/>
  <system-out/>
  <testcase classname="com.selenium.PosManagement" name="sendKeysToaddressField" time="2.017"/>
  <system-out/>
  <testcase classname="com.selenium.PosManagement" name="advertiseSendKeysStartDateTime" time="2.013"/>
  <system-out/>
  <testcase classname="com.selenium.PosManagement" name="advertiseSendKeysEndDateTime" time="2.008"/>
  <system-out/>
  <testcase classname="com.selenium.PosManagement" name="advertiseSendKeysCharges" time="2.006"/>
  <system-out/>
  <testcase classname="com.selenium.PosManagement" name="addAdvertiseButton" time="3.019"/>
  <system-out/>
  <testcase classname="com.selenium.PosManagement" name="advertiseAddPopUp" time="2.011"/>
  <system-out/>
  <testcase classname="com.selenium.PosManagement" name="advertiseAddStatus" time="1.009"/>
  <system-out/>
  <testcase classname="com.selenium.PosManagement" name="performAdvertiseSearch" time="3.027"/>
  <system-out/>
  <testcase classname="com.selenium.PosManagement" name="logout" time="5.288"/>
  <system-out/>
</testsuite> <!-- com.selenium.PosManagement -->
