<?xml version="1.0" encoding="UTF-8"?>
<!-- Generated by org.testng.reporters.JUnitReportReporter -->
<testsuite hostname="iramtech-Vostro-3470" failures="0" tests="191" name="com.selenium.PosReports" time="455.422" errors="1" timestamp="2024-01-09T10:28:00 IST" skipped="0">
  <testcase classname="com.selenium.PosReports" name="tearDown" time="0.293">
    <error message="Tried to run command without establishing a connection
Build info: version: &#039;4.10.0&#039;, revision: &#039;c14d967899&#039;
System info: os.name: &#039;Linux&#039;, os.arch: &#039;amd64&#039;, os.version: &#039;6.2.0-39-generic&#039;, java.version: &#039;18.0.2-ea&#039;
Driver info: org.openqa.selenium.firefox.FirefoxDriver
Command: [cae2aaee-23d0-4075-aa27-d4ea05f5b299, quit {}]
Capabilities {acceptInsecureCerts: true, browserName: firefox, browserVersion: 121.0, moz:accessibilityChecks: false, moz:buildID: 20231220184444, moz:debuggerAddress: 127.0.0.1:14945, moz:geckodriverVersion: 0.33.0, moz:headless: false, moz:platformVersion: 6.2.0-39-generic, moz:processID: 23736, moz:profile: /tmp/rust_mozprofile40PAzY, moz:shutdownTimeout: 60000, moz:webdriverClick: true, moz:windowless: false, pageLoadStrategy: normal, platformName: linux, proxy: Proxy(), se:cdp: ws://127.0.0.1:14945/devtoo..., se:cdpVersion: 85.0, setWindowRect: true, strictFileInteractability: false, timeouts: {implicit: 0, pageLoad: 300000, script: 30000}, unhandledPromptBehavior: dismiss and notify}
Session ID: cae2aaee-23d0-4075-aa27-d4ea05f5b299" type="org.openqa.selenium.NoSuchSessionException">
      <![CDATA[org.openqa.selenium.NoSuchSessionException: Tried to run command without establishing a connection
Build info: version: '4.10.0', revision: 'c14d967899'
System info: os.name: 'Linux', os.arch: 'amd64', os.version: '6.2.0-39-generic', java.version: '18.0.2-ea'
Driver info: org.openqa.selenium.firefox.FirefoxDriver
Command: [cae2aaee-23d0-4075-aa27-d4ea05f5b299, quit {}]
Capabilities {acceptInsecureCerts: true, browserName: firefox, browserVersion: 121.0, moz:accessibilityChecks: false, moz:buildID: 20231220184444, moz:debuggerAddress: 127.0.0.1:14945, moz:geckodriverVersion: 0.33.0, moz:headless: false, moz:platformVersion: 6.2.0-39-generic, moz:processID: 23736, moz:profile: /tmp/rust_mozprofile40PAzY, moz:shutdownTimeout: 60000, moz:webdriverClick: true, moz:windowless: false, pageLoadStrategy: normal, platformName: linux, proxy: Proxy(), se:cdp: ws://127.0.0.1:14945/devtoo..., se:cdpVersion: 85.0, setWindowRect: true, strictFileInteractability: false, timeouts: {implicit: 0, pageLoad: 300000, script: 30000}, unhandledPromptBehavior: dismiss and notify}
Session ID: cae2aaee-23d0-4075-aa27-d4ea05f5b299
at java.base/jdk.internal.reflect.DirectConstructorHandleAccessor.newInstance(DirectConstructorHandleAccessor.java:67)
at java.base/java.lang.reflect.Constructor.newInstanceWithCaller(Constructor.java:499)
at java.base/java.lang.reflect.Constructor.newInstance(Constructor.java:483)
at org.openqa.selenium.remote.codec.w3c.W3CHttpResponseCodec.createException(W3CHttpResponseCodec.java:199)
at org.openqa.selenium.remote.codec.w3c.W3CHttpResponseCodec.decode(W3CHttpResponseCodec.java:132)
at org.openqa.selenium.remote.codec.w3c.W3CHttpResponseCodec.decode(W3CHttpResponseCodec.java:51)
at org.openqa.selenium.remote.HttpCommandExecutor.execute(HttpCommandExecutor.java:191)
at org.openqa.selenium.remote.service.DriverCommandExecutor.invokeExecute(DriverCommandExecutor.java:196)
at org.openqa.selenium.remote.service.DriverCommandExecutor.lambda$execute$1(DriverCommandExecutor.java:128)
at java.base/java.util.concurrent.CompletableFuture$AsyncSupply.run(CompletableFuture.java:1768)
at java.base/java.util.concurrent.ThreadPoolExecutor.runWorker(ThreadPoolExecutor.java:1136)
at java.base/java.util.concurrent.ThreadPoolExecutor$Worker.run(ThreadPoolExecutor.java:635)
at java.base/java.lang.Thread.run(Thread.java:833)
]]>
    </error>
  </testcase> <!-- tearDown -->
  <system-out/>
  <testcase classname="com.selenium.PosReports" name="login" time="4.847"/>
  <system-out/>
  <testcase classname="com.selenium.PosReports" name="revenueDashboard" time="2.216"/>
  <system-out/>
  <testcase classname="com.selenium.PosReports" name="posRevenuepage" time="2.388"/>
  <system-out/>
  <testcase classname="com.selenium.PosReports" name="posRevenuedatesEnabled" time="9.696"/>
  <system-out/>
  <testcase classname="com.selenium.PosReports" name="posRevenueSelectSite" time="6.594"/>
  <system-out/>
  <testcase classname="com.selenium.PosReports" name="selectPosRevenueStartDate" time="7.498"/>
  <system-out/>
  <testcase classname="com.selenium.PosReports" name="selectReserveEndDate" time="8.201"/>
  <system-out/>
  <testcase classname="com.selenium.PosReports" name="posRevenueSelectTwoWheeler" time="2.024"/>
  <system-out/>
  <testcase classname="com.selenium.PosReports" name="posRevenueposNumber" time="3.534"/>
  <system-out/>
  <testcase classname="com.selenium.PosReports" name="posRevenueSubmitButtonTwo" time="1.246"/>
  <system-out/>
  <testcase classname="com.selenium.PosReports" name="posRevenueFormTwoW" time="2.241"/>
  <system-out/>
  <testcase classname="com.selenium.PosReports" name="posRevenueShiftMorningTwoW" time="2.290"/>
  <system-out/>
  <testcase classname="com.selenium.PosReports" name="posRevenueShiftEveningTwoW" time="2.202"/>
  <system-out/>
  <testcase classname="com.selenium.PosReports" name="posRevenueShiftAllTwoW" time="2.056"/>
  <system-out/>
  <testcase classname="com.selenium.PosReports" name="posRevenueCSVTwoW" time="2.237"/>
  <system-out/>
  <testcase classname="com.selenium.PosReports" name="posRevenuePopUPCloseTwoW" time="2.245"/>
  <system-out/>
  <testcase classname="com.selenium.PosReports" name="posRevenuePDFTwoW" time="5.023"/>
  <system-out/>
  <testcase classname="com.selenium.PosReports" name="twoWheelerPOSRevenue" time="2.022"/>
  <system-out/>
  <testcase classname="com.selenium.PosReports" name="posRevenueSelectFourWheeler" time="2.041"/>
  <system-out/>
  <testcase classname="com.selenium.PosReports" name="posRevenueSubmitBtnFourW" time="1.233"/>
  <system-out/>
  <testcase classname="com.selenium.PosReports" name="posRevenueFormFourW" time="2.224"/>
  <system-out/>
  <testcase classname="com.selenium.PosReports" name="posRevenueShiftMorningFourW" time="2.558"/>
  <system-out/>
  <testcase classname="com.selenium.PosReports" name="posRevenueShiftEveningFouW" time="2.329"/>
  <system-out/>
  <testcase classname="com.selenium.PosReports" name="posRevenueShiftAllFourW" time="2.071"/>
  <system-out/>
  <testcase classname="com.selenium.PosReports" name="posRevenueCSVFourW" time="2.272"/>
  <system-out/>
  <testcase classname="com.selenium.PosReports" name="posRevenuePDFFourW" time="15.365"/>
  <system-out/>
  <testcase classname="com.selenium.PosReports" name="posRevenuePopUPCloseFourW" time="2.217"/>
  <system-out/>
  <testcase classname="com.selenium.PosReports" name="fourWheelerPOSRevenue" time="2.014"/>
  <system-out/>
  <testcase classname="com.selenium.PosReports" name="posRevenueSelectThreeWheeler" time="2.024"/>
  <system-out/>
  <testcase classname="com.selenium.PosReports" name="posRevenueSubmitBtnThreeW" time="1.219"/>
  <system-out/>
  <testcase classname="com.selenium.PosReports" name="posRevenueFormThreeW" time="2.251"/>
  <system-out/>
  <testcase classname="com.selenium.PosReports" name="posRevenueShiftMorningThreeW" time="2.775"/>
  <system-out/>
  <testcase classname="com.selenium.PosReports" name="posRevenueShiftEveningThreeW" time="2.486"/>
  <system-out/>
  <testcase classname="com.selenium.PosReports" name="posRevenueShiftAllThreeW" time="2.065"/>
  <system-out/>
  <testcase classname="com.selenium.PosReports" name="posRevenueCSVThreeW" time="2.256"/>
  <system-out/>
  <testcase classname="com.selenium.PosReports" name="posRevenuePDFThreeW" time="15.335"/>
  <system-out/>
  <testcase classname="com.selenium.PosReports" name="posRevenuePopUPCloseThreeW" time="2.243"/>
  <system-out/>
  <testcase classname="com.selenium.PosReports" name="threeWheelerPOSRevenue" time="2.043"/>
  <system-out/>
  <testcase classname="com.selenium.PosReports" name="posRevenueSelectSixWheeler" time="2.019"/>
  <system-out/>
  <testcase classname="com.selenium.PosReports" name="posRevenueSubmitBtnSixW" time="1.220"/>
  <system-out/>
  <testcase classname="com.selenium.PosReports" name="posRevenueFormSixW" time="2.235"/>
  <system-out/>
  <testcase classname="com.selenium.PosReports" name="posRevenueShiftMorningSixW" time="3.007"/>
  <system-out/>
  <testcase classname="com.selenium.PosReports" name="posRevenueShiftEveningSixW" time="2.578"/>
  <system-out/>
  <testcase classname="com.selenium.PosReports" name="posRevenueShiftAllSixW" time="2.087"/>
  <system-out/>
  <testcase classname="com.selenium.PosReports" name="posRevenueCSVSixW" time="2.238"/>
  <system-out/>
  <testcase classname="com.selenium.PosReports" name="posRevenuePDFSixW" time="15.389"/>
  <system-out/>
  <testcase classname="com.selenium.PosReports" name="posRevenuePopUPCloseSixW" time="2.244"/>
  <system-out/>
  <testcase classname="com.selenium.PosReports" name="sixWheelerPOSRevenue" time="2.036"/>
  <system-out/>
  <testcase classname="com.selenium.PosReports" name="posRevenueSelectEightWheeler" time="2.014"/>
  <system-out/>
  <testcase classname="com.selenium.PosReports" name="posRevenueSubmitBtnEightW" time="1.217"/>
  <system-out/>
  <testcase classname="com.selenium.PosReports" name="posRevenueFormEightW" time="2.233"/>
  <system-out/>
  <testcase classname="com.selenium.PosReports" name="posRevenueShiftMorningEightW" time="3.247"/>
  <system-out/>
  <testcase classname="com.selenium.PosReports" name="posRevenueShiftEveningEightW" time="2.721"/>
  <system-out/>
  <testcase classname="com.selenium.PosReports" name="posRevenueShiftAllEightW" time="2.048"/>
  <system-out/>
  <testcase classname="com.selenium.PosReports" name="posRevenueCSVEightW" time="2.223"/>
  <system-out/>
  <testcase classname="com.selenium.PosReports" name="posRevenuePDFEightW" time="15.346"/>
  <system-out/>
  <testcase classname="com.selenium.PosReports" name="posRevenuePopUPCloseEightW" time="2.256"/>
  <system-out/>
  <testcase classname="com.selenium.PosReports" name="eightWheelerPOSRevenue" time="2.020"/>
  <system-out/>
  <testcase classname="com.selenium.PosReports" name="posRevenueSelectTenWheeler" time="2.043"/>
  <system-out/>
  <testcase classname="com.selenium.PosReports" name="posRevenueSubmitBtnTenW" time="1.239"/>
  <system-out/>
  <testcase classname="com.selenium.PosReports" name="posRevenueFormTenW" time="2.234"/>
  <system-out/>
  <testcase classname="com.selenium.PosReports" name="posRevenueShiftMorningTenW" time="3.499"/>
  <system-out/>
  <testcase classname="com.selenium.PosReports" name="posRevenueShiftEveningTenW" time="2.872"/>
  <system-out/>
  <testcase classname="com.selenium.PosReports" name="posRevenueShiftAllTenW" time="2.053"/>
  <system-out/>
  <testcase classname="com.selenium.PosReports" name="posRevenueCSVTenW" time="2.254"/>
  <system-out/>
  <testcase classname="com.selenium.PosReports" name="posRevenuePDFTenW" time="2.229"/>
  <system-out/>
  <testcase classname="com.selenium.PosReports" name="posRevenuePopUPCloseTenW" time="2.242"/>
  <system-out/>
  <testcase classname="com.selenium.PosReports" name="tenWheelerPOSRevenue" time="2.020"/>
  <system-out/>
  <testcase classname="com.selenium.PosReports" name="posRevenueSelectTwelveWheeler" time="2.040"/>
  <system-out/>
  <testcase classname="com.selenium.PosReports" name="posRevenueSubmitBtnTwelveW" time="1.218"/>
  <system-out/>
  <testcase classname="com.selenium.PosReports" name="posRevenueFormTwelveW" time="2.241"/>
  <system-out/>
  <testcase classname="com.selenium.PosReports" name="posRevenueShiftMorningTwelveW" time="3.732"/>
  <system-out/>
  <testcase classname="com.selenium.PosReports" name="posRevenueShiftEveningTwelveW" time="3.042"/>
  <system-out/>
  <testcase classname="com.selenium.PosReports" name="posRevenueShiftAllTwelveW" time="2.060"/>
  <system-out/>
  <testcase classname="com.selenium.PosReports" name="posRevenueCSVTwelveW" time="2.230"/>
  <system-out/>
  <testcase classname="com.selenium.PosReports" name="posRevenuePDFTwelveW" time="15.343"/>
  <system-out/>
  <testcase classname="com.selenium.PosReports" name="posRevenuePopUPCloseTwelveW" time="2.214"/>
  <system-out/>
  <testcase classname="com.selenium.PosReports" name="twelveWheelerPOSRevenue" time="2.037"/>
  <system-out/>
  <testcase classname="com.selenium.PosReports" name="selectIOS" time="2.230"/>
  <system-out/>
  <testcase classname="com.selenium.PosReports" name="posRevenueSubmitBtnIOS" time="1.250"/>
  <system-out/>
  <testcase classname="com.selenium.PosReports" name="posRevenueFormIOS" time="2.235"/>
  <system-out/>
  <testcase classname="com.selenium.PosReports" name="posRevenueShiftMorningIOS" time="3.963"/>
  <system-out/>
  <testcase classname="com.selenium.PosReports" name="posRevenueShiftEveningIOS" time="3.107"/>
  <system-out/>
  <testcase classname="com.selenium.PosReports" name="posRevenueShiftAllIOS" time="2.069"/>
  <system-out/>
  <testcase classname="com.selenium.PosReports" name="posRevenueCSVIOS" time="2.244"/>
  <system-out/>
  <testcase classname="com.selenium.PosReports" name="posRevenuePDFIOS" time="2.230"/>
  <system-out/>
  <testcase classname="com.selenium.PosReports" name="posRevenuePopUPCloseIOS" time="2.243"/>
  <system-out/>
  <testcase classname="com.selenium.PosReports" name="iOSPOSRevenue" time="2.035"/>
  <system-out/>
  <testcase classname="com.selenium.PosReports" name="selectAndroid" time="2.217"/>
  <system-out/>
  <testcase classname="com.selenium.PosReports" name="posRevenueSubmitBtnAndroid" time="1.253"/>
  <system-out/>
  <testcase classname="com.selenium.PosReports" name="posRevenueFormAndroid" time="2.244"/>
  <system-out/>
  <testcase classname="com.selenium.PosReports" name="posRevenueShiftMorningAndroid" time="4.223"/>
  <system-out/>
  <testcase classname="com.selenium.PosReports" name="posRevenueShiftEveningAndroid" time="3.292"/>
  <system-out/>
  <testcase classname="com.selenium.PosReports" name="posRevenueShiftAllAndroid" time="2.074"/>
  <system-out/>
  <testcase classname="com.selenium.PosReports" name="posRevenueCSVAndroid" time="2.232"/>
  <system-out/>
  <testcase classname="com.selenium.PosReports" name="posRevenuePDFAndroid" time="2.262"/>
  <system-out/>
  <testcase classname="com.selenium.PosReports" name="posRevenuePopUPCloseAndroid" time="2.220"/>
  <system-out/>
  <testcase classname="com.selenium.PosReports" name="androidPOSRevenue" time="2.020"/>
  <system-out/>
  <testcase classname="com.selenium.PosReports" name="selectFasTag" time="0.218"/>
  <system-out/>
  <testcase classname="com.selenium.PosReports" name="posRevenueSubmitBtnFastag" time="0.016"/>
  <system-out/>
  <testcase classname="com.selenium.PosReports" name="posRevenueFormFastTag" time="0.010"/>
  <system-out/>
  <testcase classname="com.selenium.PosReports" name="posRevenueShiftMorningFasTag" time="0.007"/>
  <system-out/>
  <testcase classname="com.selenium.PosReports" name="posRevenueShiftEveningFasTag" time="0.008"/>
  <system-out/>
  <testcase classname="com.selenium.PosReports" name="posRevenueShiftAllFasTag" time="0.007"/>
  <system-out/>
  <testcase classname="com.selenium.PosReports" name="posRevenueCSVFasTag" time="2.028"/>
  <system-out/>
  <testcase classname="com.selenium.PosReports" name="posRevenuePDFFasTag" time="2.019"/>
  <system-out/>
  <testcase classname="com.selenium.PosReports" name="posRevenuePopUPCloseFasTag" time="2.019"/>
  <system-out/>
  <testcase classname="com.selenium.PosReports" name="fasTagPOSRevenue" time="2.015"/>
  <system-out/>
  <testcase classname="com.selenium.PosReports" name="posTransactions" time="2.020"/>
  <system-out/>
  <testcase classname="com.selenium.PosReports" name="posTransactionsDateRange" time="1.019"/>
  <system-out/>
  <testcase classname="com.selenium.PosReports" name="posTransTypeTwoEntry" time="3.016"/>
  <system-out/>
  <testcase classname="com.selenium.PosReports" name="posVehicleTypeTwoWheeler" time="0.060"/>
  <system-out/>
  <testcase classname="com.selenium.PosReports" name="posTransactionSubmitButton" time="0.007"/>
  <system-out/>
  <testcase classname="com.selenium.PosReports" name="posTransactionForm" time="0.007"/>
  <system-out/>
  <testcase classname="com.selenium.PosReports" name="posTransactionCSVTwoEntry" time="3.023"/>
  <system-out/>
  <testcase classname="com.selenium.PosReports" name="posTransactionsPDFTwoEntry" time="2.010"/>
  <system-out/>
  <testcase classname="com.selenium.PosReports" name="posTransPopUPCloseTwoEntry" time="2.025"/>
  <system-out/>
  <testcase classname="com.selenium.PosReports" name="EntryPosTransTwoWheeler" time="2.014"/>
  <system-out/>
  <testcase classname="com.selenium.PosReports" name="posTransTypeTwoExit" time="2.014"/>
  <system-out/>
  <testcase classname="com.selenium.PosReports" name="posTransactionSubmitBtnTwoExit" time="0.007"/>
  <system-out/>
  <testcase classname="com.selenium.PosReports" name="posTransactionsFormTwoExit" time="0.007"/>
  <system-out/>
  <testcase classname="com.selenium.PosReports" name="posTransactionCSVTwoExit" time="3.016"/>
  <system-out/>
  <testcase classname="com.selenium.PosReports" name="posTransactionPDFTwoExit" time="2.010"/>
  <system-out/>
  <testcase classname="com.selenium.PosReports" name="posTransPopUPCloseTwoExit" time="2.018"/>
  <system-out/>
  <testcase classname="com.selenium.PosReports" name="ExitPosTransTwoWheeler" time="2.012"/>
  <system-out/>
  <testcase classname="com.selenium.PosReports" name="posTransTypeFourWheelerEntry" time="2.010"/>
  <system-out/>
  <testcase classname="com.selenium.PosReports" name="posVehicleTypeFourWheeler" time="2.035"/>
  <system-out/>
  <testcase classname="com.selenium.PosReports" name="posTransactionSubmitBtnFourEntry" time="0.006"/>
  <system-out/>
  <testcase classname="com.selenium.PosReports" name="posTransactionFormFourEntry" time="0.009"/>
  <system-out/>
  <testcase classname="com.selenium.PosReports" name="posTransactionCSVFourEntry" time="3.037"/>
  <system-out/>
  <testcase classname="com.selenium.PosReports" name="posTransactionsPDFFourEntry" time="2.008"/>
  <system-out/>
  <testcase classname="com.selenium.PosReports" name="posTransPopUPCloseFourEntry" time="2.018"/>
  <system-out/>
  <testcase classname="com.selenium.PosReports" name="EntryPosTransFourWheeler" time="2.011"/>
  <system-out/>
  <testcase classname="com.selenium.PosReports" name="posTransTypeFourExit" time="2.015"/>
  <system-out/>
  <testcase classname="com.selenium.PosReports" name="posTransactionSubmitBtnFourExit" time="0.025"/>
  <system-out/>
  <testcase classname="com.selenium.PosReports" name="posTransactionsFormFourExit" time="0.009"/>
  <system-out/>
  <testcase classname="com.selenium.PosReports" name="posTransactionCSVFourExit" time="3.038"/>
  <system-out/>
  <testcase classname="com.selenium.PosReports" name="posTransactionPDFFourExit" time="2.009"/>
  <system-out/>
  <testcase classname="com.selenium.PosReports" name="posTransPopUPCloseFourExit" time="2.019"/>
  <system-out/>
  <testcase classname="com.selenium.PosReports" name="posTransFourExit" time="2.018"/>
  <system-out/>
  <testcase classname="com.selenium.PosReports" name="selectTransIOS" time="2.236"/>
  <system-out/>
  <testcase classname="com.selenium.PosReports" name="posTransSubmitBtnIOS" time="0.018"/>
  <system-out/>
  <testcase classname="com.selenium.PosReports" name="posTransFormIOS" time="0.018"/>
  <system-out/>
  <testcase classname="com.selenium.PosReports" name="posRTransCSViOS" time="3.020"/>
  <system-out/>
  <testcase classname="com.selenium.PosReports" name="posTransPDFiOS" time="2.008"/>
  <system-out/>
  <testcase classname="com.selenium.PosReports" name="posTransPopUPCloseiOS" time="2.017"/>
  <system-out/>
  <testcase classname="com.selenium.PosReports" name="iOSPosTransaction" time="2.009"/>
  <system-out/>
  <testcase classname="com.selenium.PosReports" name="selectTransAndroid" time="2.225"/>
  <system-out/>
  <testcase classname="com.selenium.PosReports" name="posTransSubmitBtnAndroid" time="0.019"/>
  <system-out/>
  <testcase classname="com.selenium.PosReports" name="posTransFormAndroid" time="0.019"/>
  <system-out/>
  <testcase classname="com.selenium.PosReports" name="posTransCSVAndroid" time="3.038"/>
  <system-out/>
  <testcase classname="com.selenium.PosReports" name="posTransPDFAndroid" time="2.004"/>
  <system-out/>
  <testcase classname="com.selenium.PosReports" name="posTransPopUPCloseSAndroid" time="2.018"/>
  <system-out/>
  <testcase classname="com.selenium.PosReports" name="androidPosTransaction" time="2.034"/>
  <system-out/>
  <testcase classname="com.selenium.PosReports" name="selectFastag" time="2.233"/>
  <system-out/>
  <testcase classname="com.selenium.PosReports" name="posTransSubmitBtnFasTag" time="0.020"/>
  <system-out/>
  <testcase classname="com.selenium.PosReports" name="posTransFormFasTag" time="0.020"/>
  <system-out/>
  <testcase classname="com.selenium.PosReports" name="posRTransCSVFasTag" time="3.018"/>
  <system-out/>
  <testcase classname="com.selenium.PosReports" name="posTransPDFFasTag" time="2.009"/>
  <system-out/>
  <testcase classname="com.selenium.PosReports" name="posTransPopUPCloseFasTag" time="2.020"/>
  <system-out/>
  <testcase classname="com.selenium.PosReports" name="fasTagPosTransaction" time="2.016"/>
  <system-out/>
  <testcase classname="com.selenium.PosReports" name="posAttender" time="2.220"/>
  <system-out/>
  <testcase classname="com.selenium.PosReports" name="posAttenderDay" time="0.010"/>
  <system-out/>
  <testcase classname="com.selenium.PosReports" name="attenderUsageDay" time="2.016"/>
  <system-out/>
  <testcase classname="com.selenium.PosReports" name="posAttenderWeek" time="0.007"/>
  <system-out/>
  <testcase classname="com.selenium.PosReports" name="attenderUsageWeek" time="2.015"/>
  <system-out/>
  <testcase classname="com.selenium.PosReports" name="posAttenderMonth" time="0.006"/>
  <system-out/>
  <testcase classname="com.selenium.PosReports" name="attenderUsageMonth" time="2.013"/>
  <system-out/>
  <testcase classname="com.selenium.PosReports" name="posAttenderForm" time="2.217"/>
  <system-out/>
  <testcase classname="com.selenium.PosReports" name="posAttenderCsv" time="2.265"/>
  <system-out/>
  <testcase classname="com.selenium.PosReports" name="posAttenderPdf" time="2.906"/>
  <system-out/>
  <testcase classname="com.selenium.PosReports" name="posAttenderPopUPClose" time="2.004"/>
  <system-out/>
  <testcase classname="com.selenium.PosReports" name="selectAttenderIOS" time="2.006"/>
  <system-out/>
  <testcase classname="com.selenium.PosReports" name="posAttenderFormSecond" time="0.005"/>
  <system-out/>
  <testcase classname="com.selenium.PosReports" name="posAttenderCsvSecond" time="2.005"/>
  <system-out/>
  <testcase classname="com.selenium.PosReports" name="posAttenderPdfSecond" time="2.005"/>
  <system-out/>
  <testcase classname="com.selenium.PosReports" name="posAttenderPopUPCloseSecond" time="2.005"/>
  <system-out/>
  <testcase classname="com.selenium.PosReports" name="iOSPosAttender" time="2.004"/>
  <system-out/>
  <testcase classname="com.selenium.PosReports" name="selectAttenderAndroid" time="2.005"/>
  <system-out/>
  <testcase classname="com.selenium.PosReports" name="posAttenderFormThird" time="0.007"/>
  <system-out/>
  <testcase classname="com.selenium.PosReports" name="posAttenderCsvThird" time="2.005"/>
  <system-out/>
  <testcase classname="com.selenium.PosReports" name="posAttenderPdfThird" time="2.006"/>
  <system-out/>
  <testcase classname="com.selenium.PosReports" name="posAttenderPopUPCloseThird" time="2.005"/>
  <system-out/>
  <testcase classname="com.selenium.PosReports" name="androidPosAttender" time="2.006"/>
  <system-out/>
  <testcase classname="com.selenium.PosReports" name="selectFastagattender" time="2.004"/>
  <system-out/>
  <testcase classname="com.selenium.PosReports" name="posAttenderFormFourth" time="0.002"/>
  <system-out/>
  <testcase classname="com.selenium.PosReports" name="posAttenderCsvForth" time="2.005"/>
  <system-out/>
  <testcase classname="com.selenium.PosReports" name="posAttenderPdfForth" time="2.004"/>
  <system-out/>
  <testcase classname="com.selenium.PosReports" name="posAttenderPopUPCloseForth" time="2.005"/>
  <system-out/>
  <testcase classname="com.selenium.PosReports" name="fasTagPosAttender" time="2.004"/>
  <system-out/>
</testsuite> <!-- com.selenium.PosReports -->
