<?xml version="1.0" encoding="UTF-8"?>
<!-- Generated by org.testng.reporters.JUnitReportReporter -->
<testsuite hostname="iramtech-Vostro-3470" failures="0" tests="49" name="com.selenium.AlertMessages" time="161.150" errors="0" timestamp="2024-04-04T13:53:31 IST" skipped="0">
  <testcase classname="com.selenium.AlertMessages" name="login" time="3.722"/>
  <system-out/>
  <testcase classname="com.selenium.AlertMessages" name="revenueDashboardOpen" time="5.120"/>
  <system-out/>
  <testcase classname="com.selenium.AlertMessages" name="siteConfigurationPage" time="2.372"/>
  <system-out/>
  <testcase classname="com.selenium.AlertMessages" name="jstreeOrg" time="3.224"/>
  <system-out/>
  <testcase classname="com.selenium.AlertMessages" name="applicationMsgs" time="2.241"/>
  <system-out/>
  <testcase classname="com.selenium.AlertMessages" name="applicationMsgsAnchor" time="5.262"/>
  <system-out/>
  <testcase classname="com.selenium.AlertMessages" name="selectEng" time="3.324"/>
  <system-out/>
  <testcase classname="com.selenium.AlertMessages" name="createMessage_English" time="0.068"/>
  <system-out/>
  <testcase classname="com.selenium.AlertMessages" name="msgSubmit" time="3.236"/>
  <system-out/>
  <testcase classname="com.selenium.AlertMessages" name="alertStatus" time="3.040"/>
  <system-out/>
  <testcase classname="com.selenium.AlertMessages" name="engStatusOk" time="3.245"/>
  <system-out/>
  <testcase classname="com.selenium.AlertMessages" name="messagesToView" time="5.262"/>
  <system-out/>
  <testcase classname="com.selenium.AlertMessages" name="getAlertMessagesTableDetails" time="0.278"/>
  <system-out/>
  <testcase classname="com.selenium.AlertMessages" name="engMsgDeleteRow" time="5.124"/>
  <system-out/>
  <testcase classname="com.selenium.AlertMessages" name="engMsgDeleteBtn" time="2.233"/>
  <system-out/>
  <testcase classname="com.selenium.AlertMessages" name="alertDelStatus" time="3.057"/>
  <system-out/>
  <testcase classname="com.selenium.AlertMessages" name="engDeleteOK" time="3.224"/>
  <system-out/>
  <testcase classname="com.selenium.AlertMessages" name="applicationMsgs_ToCreate_Hindi" time="5.235"/>
  <system-out/>
  <testcase classname="com.selenium.AlertMessages" name="selectHindi" time="3.348"/>
  <system-out/>
  <testcase classname="com.selenium.AlertMessages" name="createMessageHindi" time="0.063"/>
  <system-out/>
  <testcase classname="com.selenium.AlertMessages" name="hindiSubmit" time="3.222"/>
  <system-out/>
  <testcase classname="com.selenium.AlertMessages" name="alertHindiStatus" time="6.064"/>
  <system-out/>
  <testcase classname="com.selenium.AlertMessages" name="hindiOK" time="3.234"/>
  <system-out/>
  <testcase classname="com.selenium.AlertMessages" name="messagesToView_AfterCreate_Hindi" time="5.243"/>
  <system-out/>
  <testcase classname="com.selenium.AlertMessages" name="messsgesAnchorHindi" time="0.286"/>
  <system-out/>
  <testcase classname="com.selenium.AlertMessages" name="hindiMsgDeleteRow" time="0.006"/>
  <system-out/>
  <testcase classname="com.selenium.AlertMessages" name="deleteAlertMsgHindi" time="2.244"/>
  <system-out/>
  <testcase classname="com.selenium.AlertMessages" name="alertHindiDelStatus" time="6.065"/>
  <system-out/>
  <testcase classname="com.selenium.AlertMessages" name="hindiDeleteOK" time="3.221"/>
  <system-out/>
  <testcase classname="com.selenium.AlertMessages" name="applicationMsgs_ToCreate_TwiceEnglish" time="5.233"/>
  <system-out/>
  <testcase classname="com.selenium.AlertMessages" name="secondSelectEng" time="3.326"/>
  <system-out/>
  <testcase classname="com.selenium.AlertMessages" name="secondCreateEng" time="0.052"/>
  <system-out/>
  <testcase classname="com.selenium.AlertMessages" name="secondMsgSubmit" time="3.235"/>
  <system-out/>
  <testcase classname="com.selenium.AlertMessages" name="secondStatus" time="6.062"/>
  <system-out/>
  <testcase classname="com.selenium.AlertMessages" name="secondStatusOk" time="3.237"/>
  <system-out/>
  <testcase classname="com.selenium.AlertMessages" name="messagesToView_AfterCreate_TwiceEnglish" time="5.234"/>
  <system-out/>
  <testcase classname="com.selenium.AlertMessages" name="applicationMsgs_ToCreate_Marathi" time="5.230"/>
  <system-out/>
  <testcase classname="com.selenium.AlertMessages" name="selectMarathi" time="3.308"/>
  <system-out/>
  <testcase classname="com.selenium.AlertMessages" name="createMessageMarathi" time="2.019"/>
  <system-out/>
  <testcase classname="com.selenium.AlertMessages" name="MarathiSubmit" time="3.232"/>
  <system-out/>
  <testcase classname="com.selenium.AlertMessages" name="alertMarathiStatus" time="6.061"/>
  <system-out/>
  <testcase classname="com.selenium.AlertMessages" name="marathiOK" time="3.266"/>
  <system-out/>
  <testcase classname="com.selenium.AlertMessages" name="messagesToView_AfterCreate_Marathi" time="5.242"/>
  <system-out/>
  <testcase classname="com.selenium.AlertMessages" name="messsgesAnchorMarathi" time="0.328"/>
  <system-out/>
  <testcase classname="com.selenium.AlertMessages" name="marathiMsgDeleteRow" time="0.007"/>
  <system-out/>
  <testcase classname="com.selenium.AlertMessages" name="deleteAlertMsgMarathi" time="2.249"/>
  <system-out/>
  <testcase classname="com.selenium.AlertMessages" name="alertMarathiDelStatus" time="6.057"/>
  <system-out/>
  <testcase classname="com.selenium.AlertMessages" name="marathiDeleteOK" time="0.237"/>
  <system-out/>
  <testcase classname="com.selenium.AlertMessages" name="logout" time="5.272"/>
  <system-out/>
</testsuite> <!-- com.selenium.AlertMessages -->
