<?xml version="1.0" encoding="UTF-8"?>
<!-- Generated by org.testng.reporters.JUnitReportReporter -->
<testsuite hostname="iramtech-Vostro-3470" failures="0" tests="41" name="com.selenium.ClassD" time="251.746" errors="0" timestamp="2023-12-20T15:36:03 IST" skipped="0">
  <testcase classname="com.selenium.ClassD" name="login" time="4.765"/>
  <system-out/>
  <testcase classname="com.selenium.ClassD" name="revenueDashboardOpen" time="3.248"/>
  <system-out/>
  <testcase classname="com.selenium.ClassD" name="configurationPage" time="4.231"/>
  <system-out/>
  <testcase classname="com.selenium.ClassD" name="siteConfigurationPage" time="4.167"/>
  <system-out/>
  <testcase classname="com.selenium.ClassD" name="jstreeOrg" time="4.268"/>
  <system-out/>
  <testcase classname="com.selenium.ClassD" name="jstreeCity" time="4.234"/>
  <system-out/>
  <testcase classname="com.selenium.ClassD" name="jstreeZone" time="4.224"/>
  <system-out/>
  <testcase classname="com.selenium.ClassD" name="jstreeSite" time="4.286"/>
  <system-out/>
  <testcase classname="com.selenium.ClassD" name="jstreeOffStreet" time="4.542"/>
  <system-out/>
  <testcase classname="com.selenium.ClassD" name="offStreetCarSlotsCountUpdate" time="0.076"/>
  <system-out/>
  <testcase classname="com.selenium.ClassD" name="offStreetSlotsUpdateButton" time="4.281"/>
  <system-out/>
  <testcase classname="com.selenium.ClassD" name="extractOffStreetUpdateSlots" time="3.027"/>
  <system-out/>
  <testcase classname="com.selenium.ClassD" name="updateOffstreetSlotsStatus" time="2.250"/>
  <system-out/>
  <testcase classname="com.selenium.ClassD" name="viewJsTreeUpToOffStreet" time="21.588"/>
  <system-out/>
  <testcase classname="com.selenium.ClassD" name="offStreetVipSlotsUpdate" time="0.027"/>
  <system-out/>
  <testcase classname="com.selenium.ClassD" name="offStreetVipReserveSlotsUpdate" time="0.026"/>
  <system-out/>
  <testcase classname="com.selenium.ClassD" name="offStreetVipSlotsUpdateButton" time="9.552"/>
  <system-out/>
  <testcase classname="com.selenium.ClassD" name="viewJsTreeUpToOffStreetThrice" time="21.719"/>
  <system-out/>
  <testcase classname="com.selenium.ClassD" name="offStreetBikeSlotsCountUpdate" time="0.045"/>
  <system-out/>
  <testcase classname="com.selenium.ClassD" name="offStreetBikeSlotsUpdateButton" time="9.520"/>
  <system-out/>
  <testcase classname="com.selenium.ClassD" name="viewJsTreeUpToOffStreetFourTh" time="21.648"/>
  <system-out/>
  <testcase classname="com.selenium.ClassD" name="offStreetTruckSlotsCountUpdate" time="0.025"/>
  <system-out/>
  <testcase classname="com.selenium.ClassD" name="offStreetTruckSlotsSensorsCountUpdate" time="0.021"/>
  <system-out/>
  <testcase classname="com.selenium.ClassD" name="offStreetTruckSlotsUpdateButton" time="9.513"/>
  <system-out/>
  <testcase classname="com.selenium.ClassD" name="viewJsTreeUpToOffStreetFifTh" time="21.762"/>
  <system-out/>
  <testcase classname="com.selenium.ClassD" name="offStreetTotalFireSlotsUpdate" time="0.025"/>
  <system-out/>
  <testcase classname="com.selenium.ClassD" name="offStreetTotalReserveFireSlotsUpdate" time="0.023"/>
  <system-out/>
  <testcase classname="com.selenium.ClassD" name="offStreetTotalPassFireSlotsUpdate" time="0.022"/>
  <system-out/>
  <testcase classname="com.selenium.ClassD" name="offStreetFireSlotsUpdateButton" time="9.543"/>
  <system-out/>
  <testcase classname="com.selenium.ClassD" name="viewJsTreeUpToOffStreetSixTh" time="21.728"/>
  <system-out/>
  <testcase classname="com.selenium.ClassD" name="offStreetTotalPhyChallengeSlotsUpdate" time="0.028"/>
  <system-out/>
  <testcase classname="com.selenium.ClassD" name="offStreetTotalPhyChalangeReserveSlotsUpdate" time="0.018"/>
  <system-out/>
  <testcase classname="com.selenium.ClassD" name="offStreetTotalPassPhyChalangeSlotsUpdate" time="0.018"/>
  <system-out/>
  <testcase classname="com.selenium.ClassD" name="offStreetPhyChalangeSlotsUpdateButton" time="9.497"/>
  <system-out/>
  <testcase classname="com.selenium.ClassD" name="viewJsTreeUpToOffStreetSevenTh" time="21.874"/>
  <system-out/>
  <testcase classname="com.selenium.ClassD" name="offStreetAddSingleButton" time="0.256"/>
  <system-out/>
  <testcase classname="com.selenium.ClassD" name="selectFasTag" time="1.818"/>
  <system-out/>
  <testcase classname="com.selenium.ClassD" name="fasTagControllerDetails" time="2.097"/>
  <system-out/>
  <testcase classname="com.selenium.ClassD" name="ftControllerSaveButton" time="4.240"/>
  <system-out/>
  <testcase classname="com.selenium.ClassD" name="ftControllerSavePopUp" time="5.244"/>
  <system-out/>
  <testcase classname="com.selenium.ClassD" name="viewJsTreeUpToOffStreetEighTh" time="12.270"/>
  <system-out/>
</testsuite> <!-- com.selenium.ClassD -->
