<?xml version="1.0" encoding="UTF-8"?>
<!-- Generated by org.testng.reporters.JUnitReportReporter -->
<testsuite hostname="iramtech-Vostro-3470" failures="0" tests="12" name="com.selenium.Coupons" time="37.528" errors="0" timestamp="2024-04-04T13:53:31 IST" skipped="0">
  <testcase classname="com.selenium.Coupons" name="login" time="3.867"/>
  <system-out/>
  <testcase classname="com.selenium.Coupons" name="revenueDashboard" time="5.132"/>
  <system-out/>
  <testcase classname="com.selenium.Coupons" name="attenderLiveSessionsPage" time="4.131"/>
  <system-out/>
  <testcase classname="com.selenium.Coupons" name="selectSitesList" time="8.583"/>
  <system-out/>
  <testcase classname="com.selenium.Coupons" name="enterVehicleNumber" time="0.058"/>
  <system-out/>
  <testcase classname="com.selenium.Coupons" name="enterMobileNumber" time="0.012"/>
  <system-out/>
  <testcase classname="com.selenium.Coupons" name="entercouponAmount" time="0.007"/>
  <system-out/>
  <testcase classname="com.selenium.Coupons" name="enterCouponCode" time="0.009"/>
  <system-out/>
  <testcase classname="com.selenium.Coupons" name="generateButton" time="6.228"/>
  <system-out/>
  <testcase classname="com.selenium.Coupons" name="extractPopupText" time="2.045"/>
  <system-out/>
  <testcase classname="com.selenium.Coupons" name="statusOK" time="2.209"/>
  <system-out/>
  <testcase classname="com.selenium.Coupons" name="logout" time="5.247"/>
  <system-out/>
</testsuite> <!-- com.selenium.Coupons -->
