<?xml version="1.0" encoding="UTF-8"?>
<!-- Generated by org.testng.reporters.JUnitReportReporter -->
<testsuite hostname="iramtech-Vostro-3470" failures="0" tests="26" name="com.selenium.Audit_Reservations" time="141.290" errors="0" timestamp="2024-04-11T18:07:03 IST" skipped="0">
  <testcase classname="com.selenium.Audit_Reservations" name="login" time="4.552"/>
  <system-out/>
  <testcase classname="com.selenium.Audit_Reservations" name="revenueDashboardOpen" time="5.152"/>
  <system-out/>
  <testcase classname="com.selenium.Audit_Reservations" name="redirectAudiTrailPage" time="4.347"/>
  <system-out/>
  <testcase classname="com.selenium.Audit_Reservations" name="typeReservations" time="5.329"/>
  <system-out/>
  <testcase classname="com.selenium.Audit_Reservations" name="getSitesList" time="6.644"/>
  <system-out/>
  <testcase classname="com.selenium.Audit_Reservations" name="reserveDatesEnabled" time="4.938"/>
  <system-out/>
  <testcase classname="com.selenium.Audit_Reservations" name="selectReserveStartDate" time="8.802"/>
  <system-out/>
  <testcase classname="com.selenium.Audit_Reservations" name="selectReserveEndDate" time="11.585"/>
  <system-out/>
  <testcase classname="com.selenium.Audit_Reservations" name="selectCountReservations25" time="2.309"/>
  <system-out/>
  <testcase classname="com.selenium.Audit_Reservations" name="selectCountReservations10" time="2.255"/>
  <system-out/>
  <testcase classname="com.selenium.Audit_Reservations" name="reservationTable" time="9.265"/>
  <system-out/>
  <testcase classname="com.selenium.Audit_Reservations" name="compareReserveExpiryTime" time="0.076"/>
  <system-out/>
  <testcase classname="com.selenium.Audit_Reservations" name="reservationsCsv" time="2.272"/>
  <system-out/>
  <testcase classname="com.selenium.Audit_Reservations" name="reservationsPdf" time="3.406"/>
  <system-out/>
  <testcase classname="com.selenium.Audit_Reservations" name="reserveTypePass" time="6.244"/>
  <system-out/>
  <testcase classname="com.selenium.Audit_Reservations" name="passesDatesEnabled" time="9.992"/>
  <system-out/>
  <testcase classname="com.selenium.Audit_Reservations" name="selectStartDatePasses" time="8.795"/>
  <system-out/>
  <testcase classname="com.selenium.Audit_Reservations" name="selectEndDatePasses" time="11.601"/>
  <system-out/>
  <testcase classname="com.selenium.Audit_Reservations" name="selectCountPasses25" time="2.305"/>
  <system-out/>
  <testcase classname="com.selenium.Audit_Reservations" name="selectCountPasses10" time="2.240"/>
  <system-out/>
  <testcase classname="com.selenium.Audit_Reservations" name="passesCsv" time="2.234"/>
  <system-out/>
  <testcase classname="com.selenium.Audit_Reservations" name="passesPdf" time="13.358"/>
  <system-out/>
  <testcase classname="com.selenium.Audit_Reservations" name="passesTable" time="6.033"/>
  <system-out/>
  <testcase classname="com.selenium.Audit_Reservations" name="comparePassReserveExpiryDate" time="0.012"/>
  <system-out/>
  <testcase classname="com.selenium.Audit_Reservations" name="clickPOSdevice" time="2.226"/>
  <system-out/>
  <testcase classname="com.selenium.Audit_Reservations" name="logout" time="5.318"/>
  <system-out/>
</testsuite> <!-- com.selenium.Audit_Reservations -->
