<?xml version="1.0" encoding="UTF-8"?>
<!-- Generated by org.testng.reporters.JUnitReportReporter -->
<testsuite hostname="iramtech-Vostro-3470" failures="0" tests="109" name="com.selenium.POSReports" time="432.337" errors="0" timestamp="2024-04-11T17:44:20 IST" skipped="0">
  <testcase classname="com.selenium.POSReports" name="login" time="4.387"/>
  <system-out/>
  <testcase classname="com.selenium.POSReports" name="revenueDashboardOpen" time="5.197"/>
  <system-out/>
  <testcase classname="com.selenium.POSReports" name="posRevenuepage" time="6.354"/>
  <system-out/>
  <testcase classname="com.selenium.POSReports" name="posRevenuedatesEnabled" time="4.895"/>
  <system-out/>
  <testcase classname="com.selenium.POSReports" name="posRevenueSelectSite" time="6.673"/>
  <system-out/>
  <testcase classname="com.selenium.POSReports" name="selectPosRevenueStartDate" time="8.766"/>
  <system-out/>
  <testcase classname="com.selenium.POSReports" name="selectReserveEndDate" time="6.766"/>
  <system-out/>
  <testcase classname="com.selenium.POSReports" name="posRevenueSelectTwoWheeler" time="2.045"/>
  <system-out/>
  <testcase classname="com.selenium.POSReports" name="posRevenueposNumber" time="3.615"/>
  <system-out/>
  <testcase classname="com.selenium.POSReports" name="posRevenueSubmitButtonTwo" time="1.242"/>
  <system-out/>
  <testcase classname="com.selenium.POSReports" name="posRevenueFormTwoW" time="5.236"/>
  <system-out/>
  <testcase classname="com.selenium.POSReports" name="posRevenueShiftMorningTwoW" time="2.033"/>
  <system-out/>
  <testcase classname="com.selenium.POSReports" name="posRevenueShiftEveningTwoW" time="2.031"/>
  <system-out/>
  <testcase classname="com.selenium.POSReports" name="posRevenueShiftAllTwoW" time="2.029"/>
  <system-out/>
  <testcase classname="com.selenium.POSReports" name="posRevenueCSVTwoW" time="2.231"/>
  <system-out/>
  <testcase classname="com.selenium.POSReports" name="posRevenuePDFTwoW" time="16.661"/>
  <system-out/>
  <testcase classname="com.selenium.POSReports" name="posRevenuePopUPCloseTwoW" time="5.230"/>
  <system-out/>
  <testcase classname="com.selenium.POSReports" name="twoWheelerPOSRevenue" time="2.047"/>
  <system-out/>
  <testcase classname="com.selenium.POSReports" name="posRevenueSelectFourWheeler" time="2.029"/>
  <system-out/>
  <testcase classname="com.selenium.POSReports" name="posRevenueSubmitBtnFourW" time="1.217"/>
  <system-out/>
  <testcase classname="com.selenium.POSReports" name="posRevenueFormFourW" time="5.233"/>
  <system-out/>
  <testcase classname="com.selenium.POSReports" name="posRevenueShiftMorningFourW" time="2.038"/>
  <system-out/>
  <testcase classname="com.selenium.POSReports" name="posRevenueShiftEveningFouW" time="2.013"/>
  <system-out/>
  <testcase classname="com.selenium.POSReports" name="posRevenueShiftAllFourW" time="2.009"/>
  <system-out/>
  <testcase classname="com.selenium.POSReports" name="posRevenueCSVFourW" time="2.252"/>
  <system-out/>
  <testcase classname="com.selenium.POSReports" name="posRevenuePDFFourW" time="16.613"/>
  <system-out/>
  <testcase classname="com.selenium.POSReports" name="posRevenuePopUPCloseFourW" time="5.242"/>
  <system-out/>
  <testcase classname="com.selenium.POSReports" name="fourWheelerPOSRevenue" time="2.038"/>
  <system-out/>
  <testcase classname="com.selenium.POSReports" name="posRevenueSelectThreeWheeler" time="2.039"/>
  <system-out/>
  <testcase classname="com.selenium.POSReports" name="posRevenueSubmitBtnThreeW" time="1.220"/>
  <system-out/>
  <testcase classname="com.selenium.POSReports" name="posRevenueFormThreeW" time="5.238"/>
  <system-out/>
  <testcase classname="com.selenium.POSReports" name="posRevenueShiftMorningThreeW" time="2.029"/>
  <system-out/>
  <testcase classname="com.selenium.POSReports" name="posRevenueShiftEveningThreeW" time="2.017"/>
  <system-out/>
  <testcase classname="com.selenium.POSReports" name="posRevenueShiftAllThreeW" time="2.013"/>
  <system-out/>
  <testcase classname="com.selenium.POSReports" name="posRevenueCSVThreeW" time="2.284"/>
  <system-out/>
  <testcase classname="com.selenium.POSReports" name="posRevenuePDFThreeW" time="16.681"/>
  <system-out/>
  <testcase classname="com.selenium.POSReports" name="posRevenuePopUPCloseThreeW" time="5.216"/>
  <system-out/>
  <testcase classname="com.selenium.POSReports" name="threeWheelerPOSRevenue" time="2.042"/>
  <system-out/>
  <testcase classname="com.selenium.POSReports" name="posTransactions" time="2.230"/>
  <system-out/>
  <testcase classname="com.selenium.POSReports" name="posTransactionsDateRange" time="8.702"/>
  <system-out/>
  <testcase classname="com.selenium.POSReports" name="posTransaction_StartDate" time="3.282"/>
  <system-out/>
  <testcase classname="com.selenium.POSReports" name="posTransaction_EndDate" time="0.006"/>
  <system-out/>
  <testcase classname="com.selenium.POSReports" name="posTransaction_TwoWheeler" time="2.047"/>
  <system-out/>
  <testcase classname="com.selenium.POSReports" name="transaction_FourWheeler_Exit_PdfFile" time="3.021"/>
  <system-out/>
  <testcase classname="com.selenium.POSReports" name="transaction_TwoWheeler_EntryType" time="2.036"/>
  <system-out/>
  <testcase classname="com.selenium.POSReports" name="transaction_TwoWheeler_PosSerial" time="3.639"/>
  <system-out/>
  <testcase classname="com.selenium.POSReports" name="transaction_TwoWheeler_Entry_SubmitBtn" time="3.217"/>
  <system-out/>
  <testcase classname="com.selenium.POSReports" name="twoWheeler_Entry_Transaction" time="2.041"/>
  <system-out/>
  <testcase classname="com.selenium.POSReports" name="transaction_TwoWheeler_Entry_ViewDetails" time="2.217"/>
  <system-out/>
  <testcase classname="com.selenium.POSReports" name="transaction_TwoWheeler_Entry_length" time="2.285"/>
  <system-out/>
  <testcase classname="com.selenium.POSReports" name="transaction_TwoWheeler_Entry_CsvFile" time="2.226"/>
  <system-out/>
  <testcase classname="com.selenium.POSReports" name="transaction_TwoWheeler_Entry_PdfFile" time="16.571"/>
  <system-out/>
  <testcase classname="com.selenium.POSReports" name="transaction_TwoWheeler_Entry_PopUpClose" time="5.244"/>
  <system-out/>
  <testcase classname="com.selenium.POSReports" name="transaction_TwoWheeler_ExitType" time="2.014"/>
  <system-out/>
  <testcase classname="com.selenium.POSReports" name="transaction_TwoWheeler_Exit_SubmitBtn" time="3.244"/>
  <system-out/>
  <testcase classname="com.selenium.POSReports" name="twoWheeler_Exit_Transactions" time="2.025"/>
  <system-out/>
  <testcase classname="com.selenium.POSReports" name="transaction_TwoWheeler_Exit_ViewDetails" time="2.216"/>
  <system-out/>
  <testcase classname="com.selenium.POSReports" name="transaction_TwoWheeler_Exit_Length" time="2.069"/>
  <system-out/>
  <testcase classname="com.selenium.POSReports" name="transaction_TwoWheeler_Exit_CsvFile" time="2.269"/>
  <system-out/>
  <testcase classname="com.selenium.POSReports" name="transaction_TwoWheeler_Exit_PdfFile" time="16.556"/>
  <system-out/>
  <testcase classname="com.selenium.POSReports" name="transaction_TwoWheeler_Exit_PopUpClose" time="5.227"/>
  <system-out/>
  <testcase classname="com.selenium.POSReports" name="posTransaction_FourWheeler" time="2.024"/>
  <system-out/>
  <testcase classname="com.selenium.POSReports" name="transaction_FourWheeler_EntryType" time="2.048"/>
  <system-out/>
  <testcase classname="com.selenium.POSReports" name="transaction_FourWheeler_PosSerial" time="3.571"/>
  <system-out/>
  <testcase classname="com.selenium.POSReports" name="transaction_FourWheeler_Entry_SubmitBtn" time="3.228"/>
  <system-out/>
  <testcase classname="com.selenium.POSReports" name="fourWheeler_Entry_Transaction" time="2.021"/>
  <system-out/>
  <testcase classname="com.selenium.POSReports" name="transaction_FourWheeler_Entry_ViewDetails" time="2.234"/>
  <system-out/>
  <testcase classname="com.selenium.POSReports" name="transaction_FourWheeler_Entry_Length" time="2.040"/>
  <system-out/>
  <testcase classname="com.selenium.POSReports" name="transaction_FourWheeler_Entry_CsvFile" time="2.268"/>
  <system-out/>
  <testcase classname="com.selenium.POSReports" name="transaction_FourWheeler_Entry_PdfFile" time="16.570"/>
  <system-out/>
  <testcase classname="com.selenium.POSReports" name="transaction_FourWheeler_Entry_PopUpClose" time="5.223"/>
  <system-out/>
  <testcase classname="com.selenium.POSReports" name="transaction_FourWheeler_ExitType" time="2.022"/>
  <system-out/>
  <testcase classname="com.selenium.POSReports" name="transaction_FourWheeler_Exit_SubmitBtn" time="3.231"/>
  <system-out/>
  <testcase classname="com.selenium.POSReports" name="fourWheeler_Exit_Transaction" time="2.041"/>
  <system-out/>
  <testcase classname="com.selenium.POSReports" name="transaction_FourWheeler_Exit_ViewDetails" time="2.228"/>
  <system-out/>
  <testcase classname="com.selenium.POSReports" name="transaction_FourWheeler_Exit_Length" time="2.025"/>
  <system-out/>
  <testcase classname="com.selenium.POSReports" name="transaction_FourWheeler_Exit_CsvFile" time="2.233"/>
  <system-out/>
  <testcase classname="com.selenium.POSReports" name="transaction_FourWheeler_Exit_PopUpClose" time="5.225"/>
  <system-out/>
  <testcase classname="com.selenium.POSReports" name="posTransaction_AllWheeler" time="2.017"/>
  <system-out/>
  <testcase classname="com.selenium.POSReports" name="transaction_allWheeler_EntryType" time="2.018"/>
  <system-out/>
  <testcase classname="com.selenium.POSReports" name="transaction_allWheeler_PosSerial" time="3.556"/>
  <system-out/>
  <testcase classname="com.selenium.POSReports" name="transaction_allWheeler_Entry_SubmitBtn" time="3.246"/>
  <system-out/>
  <testcase classname="com.selenium.POSReports" name="all_Entry_Transaction" time="2.044"/>
  <system-out/>
  <testcase classname="com.selenium.POSReports" name="transaction_allWheeler_Entry_ViewDetails" time="2.231"/>
  <system-out/>
  <testcase classname="com.selenium.POSReports" name="transaction_allWheeler_Entry_Length" time="2.068"/>
  <system-out/>
  <testcase classname="com.selenium.POSReports" name="transaction_allWheeler_Entry_CsvFile" time="2.281"/>
  <system-out/>
  <testcase classname="com.selenium.POSReports" name="transaction_allWheeler_Entry_PdfFile" time="16.559"/>
  <system-out/>
  <testcase classname="com.selenium.POSReports" name="transaction_allWheeler_ExitType" time="2.021"/>
  <system-out/>
  <testcase classname="com.selenium.POSReports" name="transaction_allWheeler_Entry_PopUpClose" time="5.243"/>
  <system-out/>
  <testcase classname="com.selenium.POSReports" name="transaction_allWheeler_Exit_SubmitBtn" time="3.218"/>
  <system-out/>
  <testcase classname="com.selenium.POSReports" name="all_Exit_Transaction" time="2.012"/>
  <system-out/>
  <testcase classname="com.selenium.POSReports" name="transaction_allWheeler_Exit_ViewDetails" time="2.243"/>
  <system-out/>
  <testcase classname="com.selenium.POSReports" name="transaction_allWheeler_Exit_Length" time="2.054"/>
  <system-out/>
  <testcase classname="com.selenium.POSReports" name="transaction_allWheeler_Exit_CsvFile" time="2.264"/>
  <system-out/>
  <testcase classname="com.selenium.POSReports" name="transaction_allWheeler_Exit_PdfFile" time="16.530"/>
  <system-out/>
  <testcase classname="com.selenium.POSReports" name="transaction_allWheeler_Exit_PopUpClose" time="5.227"/>
  <system-out/>
  <testcase classname="com.selenium.POSReports" name="posAttender" time="2.216"/>
  <system-out/>
  <testcase classname="com.selenium.POSReports" name="posAttenderDay" time="3.226"/>
  <system-out/>
  <testcase classname="com.selenium.POSReports" name="attenderUsageDay" time="2.042"/>
  <system-out/>
  <testcase classname="com.selenium.POSReports" name="posAttenderWeek" time="3.227"/>
  <system-out/>
  <testcase classname="com.selenium.POSReports" name="attenderUsageWeek" time="2.039"/>
  <system-out/>
  <testcase classname="com.selenium.POSReports" name="posAttenderMonth" time="3.232"/>
  <system-out/>
  <testcase classname="com.selenium.POSReports" name="attenderUsageMonth" time="2.039"/>
  <system-out/>
  <testcase classname="com.selenium.POSReports" name="attender_ViewDetails" time="2.243"/>
  <system-out/>
  <testcase classname="com.selenium.POSReports" name="attender_CsvFile" time="2.238"/>
  <system-out/>
  <testcase classname="com.selenium.POSReports" name="attender_PdfFile" time="2.975"/>
  <system-out/>
  <testcase classname="com.selenium.POSReports" name="attender_PopUPClose" time="2.238"/>
  <system-out/>
  <testcase classname="com.selenium.POSReports" name="attender_iOS_PdfFile" time="2.020"/>
  <system-out/>
  <testcase classname="com.selenium.POSReports" name="logout" time="2.253"/>
  <system-out/>
</testsuite> <!-- com.selenium.POSReports -->
