<?xml version="1.0" encoding="UTF-8"?>
<!-- Generated by org.testng.reporters.JUnitReportReporter -->
<testsuite hostname="iramtech-Vostro-3470" failures="0" tests="38" name="com.selenium.Site_Analysis" time="136.303" errors="0" timestamp="2024-04-04T13:53:31 IST" skipped="0">
  <testcase classname="com.selenium.Site_Analysis" name="login" time="3.698"/>
  <system-out/>
  <testcase classname="com.selenium.Site_Analysis" name="revenueDashboardOpen" time="5.128"/>
  <system-out/>
  <testcase classname="com.selenium.Site_Analysis" name="reportsAnalyticsPage" time="2.216"/>
  <system-out/>
  <testcase classname="com.selenium.Site_Analysis" name="redirectSiteAnalysis" time="4.142"/>
  <system-out/>
  <testcase classname="com.selenium.Site_Analysis" name="siteAnalysis_selectSite" time="6.589"/>
  <system-out/>
  <testcase classname="com.selenium.Site_Analysis" name="getSite_AnalysisTab" time="0.007"/>
  <system-out/>
  <testcase classname="com.selenium.Site_Analysis" name="select_AvgDuration_TwoWheeler" time="4.245"/>
  <system-out/>
  <testcase classname="com.selenium.Site_Analysis" name="avgDuration_2WDates" time="4.914"/>
  <system-out/>
  <testcase classname="com.selenium.Site_Analysis" name="avgDuration_ViewDetails" time="2.232"/>
  <system-out/>
  <testcase classname="com.selenium.Site_Analysis" name="avgDuration_2WCsv" time="2.264"/>
  <system-out/>
  <testcase classname="com.selenium.Site_Analysis" name="avgDuration_2WPdf" time="3.426"/>
  <system-out/>
  <testcase classname="com.selenium.Site_Analysis" name="avgDuration_2WSelectCount_25" time="2.231"/>
  <system-out/>
  <testcase classname="com.selenium.Site_Analysis" name="avgDuration_2WSearch" time="8.067"/>
  <system-out/>
  <testcase classname="com.selenium.Site_Analysis" name="avgDuration_2WPoPup_Close" time="2.235"/>
  <system-out/>
  <testcase classname="com.selenium.Site_Analysis" name="select_AvgDuration_FourWheeler" time="4.266"/>
  <system-out/>
  <testcase classname="com.selenium.Site_Analysis" name="avgDuration_ViewDetails_4W" time="2.225"/>
  <system-out/>
  <testcase classname="com.selenium.Site_Analysis" name="avgDuration_4WCsv" time="2.261"/>
  <system-out/>
  <testcase classname="com.selenium.Site_Analysis" name="avgDuration_4WPdf" time="3.447"/>
  <system-out/>
  <testcase classname="com.selenium.Site_Analysis" name="avgDuration_4WSelectCount_25" time="2.232"/>
  <system-out/>
  <testcase classname="com.selenium.Site_Analysis" name="avgDuration_4WSearch" time="8.094"/>
  <system-out/>
  <testcase classname="com.selenium.Site_Analysis" name="avgDuration_4WPoPup_Close" time="2.266"/>
  <system-out/>
  <testcase classname="com.selenium.Site_Analysis" name="transaction_FrequencyTab" time="2.235"/>
  <system-out/>
  <testcase classname="com.selenium.Site_Analysis" name="transFrequency_Dates" time="4.724"/>
  <system-out/>
  <testcase classname="com.selenium.Site_Analysis" name="transFrequency_ViewDetails" time="2.234"/>
  <system-out/>
  <testcase classname="com.selenium.Site_Analysis" name="transFrequency_Csv" time="2.267"/>
  <system-out/>
  <testcase classname="com.selenium.Site_Analysis" name="transFrequency_Pdf" time="3.512"/>
  <system-out/>
  <testcase classname="com.selenium.Site_Analysis" name="transFrequency_SelectCount_25" time="2.229"/>
  <system-out/>
  <testcase classname="com.selenium.Site_Analysis" name="transFrequency_Search" time="8.061"/>
  <system-out/>
  <testcase classname="com.selenium.Site_Analysis" name="transFrequency_PoPup_Close" time="2.237"/>
  <system-out/>
  <testcase classname="com.selenium.Site_Analysis" name="occupancyMinutes_Tab" time="2.235"/>
  <system-out/>
  <testcase classname="com.selenium.Site_Analysis" name="occupancyMinutes_Dates" time="4.711"/>
  <system-out/>
  <testcase classname="com.selenium.Site_Analysis" name="occupancyMinutes_ViewDetails" time="2.236"/>
  <system-out/>
  <testcase classname="com.selenium.Site_Analysis" name="occupancyMinutes_Csv" time="2.232"/>
  <system-out/>
  <testcase classname="com.selenium.Site_Analysis" name="occupancyMinutes_Pdf" time="3.424"/>
  <system-out/>
  <testcase classname="com.selenium.Site_Analysis" name="occupancyMinutes_SelectCount_25" time="2.228"/>
  <system-out/>
  <testcase classname="com.selenium.Site_Analysis" name="occupancyMinutes_Search" time="8.057"/>
  <system-out/>
  <testcase classname="com.selenium.Site_Analysis" name="occpancyMinutes_PoPup_Close" time="2.224"/>
  <system-out/>
  <testcase classname="com.selenium.Site_Analysis" name="logout" time="5.272"/>
  <system-out/>
</testsuite> <!-- com.selenium.Site_Analysis -->
