<?xml version="1.0" encoding="UTF-8"?>
<!-- Generated by org.testng.reporters.JUnitReportReporter -->
<testsuite hostname="iramtech-Vostro-3470" failures="0" tests="44" name="com.selenium.UserLogs" time="186.368" errors="0" timestamp="2024-04-04T13:53:31 IST" skipped="0">
  <testcase classname="com.selenium.UserLogs" name="login" time="3.696"/>
  <system-out/>
  <testcase classname="com.selenium.UserLogs" name="revenueDashboard" time="5.095"/>
  <system-out/>
  <testcase classname="com.selenium.UserLogs" name="userLogsActivityPage" time="3.354"/>
  <system-out/>
  <testcase classname="com.selenium.UserLogs" name="selectAdminUserRole" time="5.281"/>
  <system-out/>
  <testcase classname="com.selenium.UserLogs" name="selectUserRoleList" time="3.147"/>
  <system-out/>
  <testcase classname="com.selenium.UserLogs" name="selectAdminUser" time="3.370"/>
  <system-out/>
  <testcase classname="com.selenium.UserLogs" name="selectUserList" time="3.296"/>
  <system-out/>
  <testcase classname="com.selenium.UserLogs" name="activityDatesEnabled" time="1.008"/>
  <system-out/>
  <testcase classname="com.selenium.UserLogs" name="tableNextPage" time="26.026"/>
  <system-out/>
  <testcase classname="com.selenium.UserLogs" name="downloadAdminCSV" time="3.247"/>
  <system-out/>
  <testcase classname="com.selenium.UserLogs" name="downlaodAdminPDFButton" time="3.432"/>
  <system-out/>
  <testcase classname="com.selenium.UserLogs" name="selectAccountUserRole" time="5.015"/>
  <system-out/>
  <testcase classname="com.selenium.UserLogs" name="selectAccountUser" time="3.097"/>
  <system-out/>
  <testcase classname="com.selenium.UserLogs" name="downloadAccountCSV" time="3.280"/>
  <system-out/>
  <testcase classname="com.selenium.UserLogs" name="downlaodAccountPDFButton" time="3.440"/>
  <system-out/>
  <testcase classname="com.selenium.UserLogs" name="selectAttenderUserRole" time="5.296"/>
  <system-out/>
  <testcase classname="com.selenium.UserLogs" name="selectAttenderUser" time="3.356"/>
  <system-out/>
  <testcase classname="com.selenium.UserLogs" name="downloadAttenderCSV" time="3.234"/>
  <system-out/>
  <testcase classname="com.selenium.UserLogs" name="downlaodAttenderPDFButton" time="3.362"/>
  <system-out/>
  <testcase classname="com.selenium.UserLogs" name="selectHelpDeskUserRole" time="5.331"/>
  <system-out/>
  <testcase classname="com.selenium.UserLogs" name="selectHelpDeskUser" time="3.060"/>
  <system-out/>
  <testcase classname="com.selenium.UserLogs" name="downloadHelpDeskCSV" time="3.264"/>
  <system-out/>
  <testcase classname="com.selenium.UserLogs" name="downlaodAHelpDeskPDFButton" time="3.307"/>
  <system-out/>
  <testcase classname="com.selenium.UserLogs" name="selectManagerUserRole" time="5.325"/>
  <system-out/>
  <testcase classname="com.selenium.UserLogs" name="selectManagerUser" time="3.347"/>
  <system-out/>
  <testcase classname="com.selenium.UserLogs" name="downloadManagerCSV" time="3.235"/>
  <system-out/>
  <testcase classname="com.selenium.UserLogs" name="downlaodManagerPDFButton" time="3.288"/>
  <system-out/>
  <testcase classname="com.selenium.UserLogs" name="selectMonitorUserRole" time="5.328"/>
  <system-out/>
  <testcase classname="com.selenium.UserLogs" name="selectMonitorUser" time="3.061"/>
  <system-out/>
  <testcase classname="com.selenium.UserLogs" name="downloadMonitorCSV" time="3.260"/>
  <system-out/>
  <testcase classname="com.selenium.UserLogs" name="downlaodMonitorPDFButton" time="3.283"/>
  <system-out/>
  <testcase classname="com.selenium.UserLogs" name="selectOperatorUserRole" time="5.383"/>
  <system-out/>
  <testcase classname="com.selenium.UserLogs" name="selectOperatorUser" time="3.034"/>
  <system-out/>
  <testcase classname="com.selenium.UserLogs" name="downloadOperatorCSV" time="3.283"/>
  <system-out/>
  <testcase classname="com.selenium.UserLogs" name="downlaodOperatorPDFButton" time="3.317"/>
  <system-out/>
  <testcase classname="com.selenium.UserLogs" name="selectServiceUserRole" time="5.351"/>
  <system-out/>
  <testcase classname="com.selenium.UserLogs" name="selectServiceUser" time="3.027"/>
  <system-out/>
  <testcase classname="com.selenium.UserLogs" name="downloadServiceCSV" time="3.270"/>
  <system-out/>
  <testcase classname="com.selenium.UserLogs" name="downlaodServicePDFButton" time="3.330"/>
  <system-out/>
  <testcase classname="com.selenium.UserLogs" name="selectSupportUserRole" time="5.394"/>
  <system-out/>
  <testcase classname="com.selenium.UserLogs" name="selectSupportUser" time="3.027"/>
  <system-out/>
  <testcase classname="com.selenium.UserLogs" name="downloadSupportCSV" time="3.238"/>
  <system-out/>
  <testcase classname="com.selenium.UserLogs" name="downlaodSupportPDFButton" time="3.318"/>
  <system-out/>
  <testcase classname="com.selenium.UserLogs" name="logout" time="5.275"/>
  <system-out/>
</testsuite> <!-- com.selenium.UserLogs -->
