<?xml version="1.0" encoding="UTF-8"?>
<!-- Generated by org.testng.reporters.JUnitReportReporter -->
<testsuite hostname="iramtech-Vostro-3470" failures="0" tests="13" name="com.selenium.AttenderLiveSessions" time="56.247" errors="0" timestamp="2024-04-04T13:53:31 IST" skipped="0">
  <testcase classname="com.selenium.AttenderLiveSessions" name="login" time="3.781"/>
  <system-out/>
  <testcase classname="com.selenium.AttenderLiveSessions" name="revenueDashboard" time="5.175"/>
  <system-out/>
  <testcase classname="com.selenium.AttenderLiveSessions" name="attenderLiveSessionsPage" time="3.381"/>
  <system-out/>
  <testcase classname="com.selenium.AttenderLiveSessions" name="selectSitesList" time="8.574"/>
  <system-out/>
  <testcase classname="com.selenium.AttenderLiveSessions" name="attenderSessionCount" time="5.285"/>
  <system-out/>
  <testcase classname="com.selenium.AttenderLiveSessions" name="clickLogoutButton" time="0.007"/>
  <system-out/>
  <testcase classname="com.selenium.AttenderLiveSessions" name="confirmAttenderLogoutAction" time="0.007"/>
  <system-out/>
  <testcase classname="com.selenium.AttenderLiveSessions" name="selectReason" time="3.034"/>
  <system-out/>
  <testcase classname="com.selenium.AttenderLiveSessions" name="clickSubmitButtonWithExplicitWait" time="5.212"/>
  <system-out/>
  <testcase classname="com.selenium.AttenderLiveSessions" name="extractPopupText" time="3.006"/>
  <system-out/>
  <testcase classname="com.selenium.AttenderLiveSessions" name="statusOK" time="5.007"/>
  <system-out/>
  <testcase classname="com.selenium.AttenderLiveSessions" name="selectSitesListTwice" time="8.499"/>
  <system-out/>
  <testcase classname="com.selenium.AttenderLiveSessions" name="logout" time="5.279"/>
  <system-out/>
</testsuite> <!-- com.selenium.AttenderLiveSessions -->
