<?xml version="1.0" encoding="UTF-8"?>
<!-- Generated by org.testng.reporters.JUnitReportReporter -->
<testsuite hostname="iramtech-Vostro-3470" failures="0" tests="51" name="com.selenium.AudiTrail_PosDevice" time="160.186" errors="0" timestamp="2024-04-11T18:11:39 IST" skipped="0">
  <testcase classname="com.selenium.AudiTrail_PosDevice" name="login" time="4.422"/>
  <system-out/>
  <testcase classname="com.selenium.AudiTrail_PosDevice" name="revenueDashboardOpen" time="5.156"/>
  <system-out/>
  <testcase classname="com.selenium.AudiTrail_PosDevice" name="redirectAudiTrailPage" time="4.385"/>
  <system-out/>
  <testcase classname="com.selenium.AudiTrail_PosDevice" name="typeReservations" time="5.349"/>
  <system-out/>
  <testcase classname="com.selenium.AudiTrail_PosDevice" name="clickPOSdevice" time="2.281"/>
  <system-out/>
  <testcase classname="com.selenium.AudiTrail_PosDevice" name="statusTypeALL" time="0.121"/>
  <system-out/>
  <testcase classname="com.selenium.AudiTrail_PosDevice" name="allPOSDatesEnabled" time="6.779"/>
  <system-out/>
  <testcase classname="com.selenium.AudiTrail_PosDevice" name="selectPosDevice_AllTrans_StartDate" time="8.773"/>
  <system-out/>
  <testcase classname="com.selenium.AudiTrail_PosDevice" name="selectPosDevice_AllTrans_EndDate" time="11.574"/>
  <system-out/>
  <testcase classname="com.selenium.AudiTrail_PosDevice" name="selectAttachment" time="5.019"/>
  <system-out/>
  <testcase classname="com.selenium.AudiTrail_PosDevice" name="selectedImage1Details" time="6.030"/>
  <system-out/>
  <testcase classname="com.selenium.AudiTrail_PosDevice" name="imagePopUpClose" time="2.026"/>
  <system-out/>
  <testcase classname="com.selenium.AudiTrail_PosDevice" name="selectCountAllDevice50" time="2.307"/>
  <system-out/>
  <testcase classname="com.selenium.AudiTrail_PosDevice" name="selectCountAllDevice10" time="2.267"/>
  <system-out/>
  <testcase classname="com.selenium.AudiTrail_PosDevice" name="selectCountAllDevice25" time="2.305"/>
  <system-out/>
  <testcase classname="com.selenium.AudiTrail_PosDevice" name="viewDetails1All" time="2.252"/>
  <system-out/>
  <testcase classname="com.selenium.AudiTrail_PosDevice" name="viewDetailPopUpClose" time="2.031"/>
  <system-out/>
  <testcase classname="com.selenium.AudiTrail_PosDevice" name="getSitesList" time="6.648"/>
  <system-out/>
  <testcase classname="com.selenium.AudiTrail_PosDevice" name="allTransactionsTable" time="6.046"/>
  <system-out/>
  <testcase classname="com.selenium.AudiTrail_PosDevice" name="compareEntryExitDateTime" time="0.130"/>
  <system-out/>
  <testcase classname="com.selenium.AudiTrail_PosDevice" name="viewDetails2All" time="0.005"/>
  <system-out/>
  <testcase classname="com.selenium.AudiTrail_PosDevice" name="allCsv" time="3.044"/>
  <system-out/>
  <testcase classname="com.selenium.AudiTrail_PosDevice" name="allPdf" time="3.028"/>
  <system-out/>
  <testcase classname="com.selenium.AudiTrail_PosDevice" name="statusTypeEntry" time="0.046"/>
  <system-out/>
  <testcase classname="com.selenium.AudiTrail_PosDevice" name="activeStatusDatesEnabled" time="2.023"/>
  <system-out/>
  <testcase classname="com.selenium.AudiTrail_PosDevice" name="selectStartDateActive" time="4.057"/>
  <system-out/>
  <testcase classname="com.selenium.AudiTrail_PosDevice" name="selectEndDateActive" time="2.022"/>
  <system-out/>
  <testcase classname="com.selenium.AudiTrail_PosDevice" name="selectCountActive50" time="2.085"/>
  <system-out/>
  <testcase classname="com.selenium.AudiTrail_PosDevice" name="selectCountActive25" time="2.057"/>
  <system-out/>
  <testcase classname="com.selenium.AudiTrail_PosDevice" name="selectCountActive10" time="2.040"/>
  <system-out/>
  <testcase classname="com.selenium.AudiTrail_PosDevice" name="activeCsv" time="3.022"/>
  <system-out/>
  <testcase classname="com.selenium.AudiTrail_PosDevice" name="activePdf" time="3.035"/>
  <system-out/>
  <testcase classname="com.selenium.AudiTrail_PosDevice" name="statusTypeExit" time="0.026"/>
  <system-out/>
  <testcase classname="com.selenium.AudiTrail_PosDevice" name="inActiveStatusDatesEnabled" time="2.023"/>
  <system-out/>
  <testcase classname="com.selenium.AudiTrail_PosDevice" name="selectStartDateInActive" time="4.044"/>
  <system-out/>
  <testcase classname="com.selenium.AudiTrail_PosDevice" name="selectEndDateInActive" time="2.008"/>
  <system-out/>
  <testcase classname="com.selenium.AudiTrail_PosDevice" name="inActiveCsv" time="3.017"/>
  <system-out/>
  <testcase classname="com.selenium.AudiTrail_PosDevice" name="inActivePdf" time="3.030"/>
  <system-out/>
  <testcase classname="com.selenium.AudiTrail_PosDevice" name="typeMaintenance" time="0.026"/>
  <system-out/>
  <testcase classname="com.selenium.AudiTrail_PosDevice" name="maintenanceDatesEnabled" time="2.020"/>
  <system-out/>
  <testcase classname="com.selenium.AudiTrail_PosDevice" name="selectStartDateMaintenance" time="4.052"/>
  <system-out/>
  <testcase classname="com.selenium.AudiTrail_PosDevice" name="selectEndDateMaintenance" time="2.021"/>
  <system-out/>
  <testcase classname="com.selenium.AudiTrail_PosDevice" name="maintenanceCsv" time="3.049"/>
  <system-out/>
  <testcase classname="com.selenium.AudiTrail_PosDevice" name="maintenancePdf" time="3.045"/>
  <system-out/>
  <testcase classname="com.selenium.AudiTrail_PosDevice" name="statusTypeForceExit" time="0.030"/>
  <system-out/>
  <testcase classname="com.selenium.AudiTrail_PosDevice" name="forceExitStatusDatesEnabled" time="2.017"/>
  <system-out/>
  <testcase classname="com.selenium.AudiTrail_PosDevice" name="selectStartDateForceExit" time="4.061"/>
  <system-out/>
  <testcase classname="com.selenium.AudiTrail_PosDevice" name="selectEndDateForceExit" time="2.016"/>
  <system-out/>
  <testcase classname="com.selenium.AudiTrail_PosDevice" name="forceExitCsv" time="3.030"/>
  <system-out/>
  <testcase classname="com.selenium.AudiTrail_PosDevice" name="forceExitPdf" time="3.019"/>
  <system-out/>
  <testcase classname="com.selenium.AudiTrail_PosDevice" name="logout" time="5.287"/>
  <system-out/>
</testsuite> <!-- com.selenium.AudiTrail_PosDevice -->
