<?xml version="1.0" encoding="UTF-8"?>
<!-- Generated by org.testng.reporters.JUnitReportReporter -->
<testsuite hostname="iramtech-Vostro-3470" failures="0" tests="84" name="com.selenium.PaymentManagement" time="189.872" errors="0" timestamp="2024-04-04T13:53:31 IST" skipped="0">
  <testcase classname="com.selenium.PaymentManagement" name="login" time="3.622"/>
  <system-out/>
  <testcase classname="com.selenium.PaymentManagement" name="revenueDashboard" time="5.109"/>
  <system-out/>
  <testcase classname="com.selenium.PaymentManagement" name="paymentMgmtPage" time="6.412"/>
  <system-out/>
  <testcase classname="com.selenium.PaymentManagement" name="selectCreatedPageSite" time="2.003"/>
  <system-out/>
  <testcase classname="com.selenium.PaymentManagement" name="selectStartDate" time="3.011"/>
  <system-out/>
  <testcase classname="com.selenium.PaymentManagement" name="selectEndDate" time="3.036"/>
  <system-out/>
  <testcase classname="com.selenium.PaymentManagement" name="selectEntryType" time="3.364"/>
  <system-out/>
  <testcase classname="com.selenium.PaymentManagement" name="selectTransactionEntry" time="10.008"/>
  <system-out/>
  <testcase classname="com.selenium.PaymentManagement" name="verifyAutoFillFields" time="0.061"/>
  <system-out/>
  <testcase classname="com.selenium.PaymentManagement" name="select" time="3.063"/>
  <system-out/>
  <testcase classname="com.selenium.PaymentManagement" name="enterVehicleNumber" time="1.017"/>
  <system-out/>
  <testcase classname="com.selenium.PaymentManagement" name="selectVehicleType" time="3.064"/>
  <system-out/>
  <testcase classname="com.selenium.PaymentManagement" name="enterEmail" time="0.029"/>
  <system-out/>
  <testcase classname="com.selenium.PaymentManagement" name="discountAmount" time="0.007"/>
  <system-out/>
  <testcase classname="com.selenium.PaymentManagement" name="selectPaymentType" time="0.019"/>
  <system-out/>
  <testcase classname="com.selenium.PaymentManagement" name="selectStatusType" time="0.018"/>
  <system-out/>
  <testcase classname="com.selenium.PaymentManagement" name="addPaymentBtn" time="5.083"/>
  <system-out/>
  <testcase classname="com.selenium.PaymentManagement" name="getEntryTransDetails" time="5.210"/>
  <system-out/>
  <testcase classname="com.selenium.PaymentManagement" name="extractPopupText" time="2.007"/>
  <system-out/>
  <testcase classname="com.selenium.PaymentManagement" name="statusOK" time="2.007"/>
  <system-out/>
  <testcase classname="com.selenium.PaymentManagement" name="selectStartDateExit" time="3.846"/>
  <system-out/>
  <testcase classname="com.selenium.PaymentManagement" name="selectEndDateExit" time="3.022"/>
  <system-out/>
  <testcase classname="com.selenium.PaymentManagement" name="selectExitType" time="3.321"/>
  <system-out/>
  <testcase classname="com.selenium.PaymentManagement" name="selectTransactionExit" time="0.002"/>
  <system-out/>
  <testcase classname="com.selenium.PaymentManagement" name="selectTransactionTypeExit" time="0.025"/>
  <system-out/>
  <testcase classname="com.selenium.PaymentManagement" name="enterVehicleNumberExit" time="1.038"/>
  <system-out/>
  <testcase classname="com.selenium.PaymentManagement" name="selectVehicleTypeExit" time="3.060"/>
  <system-out/>
  <testcase classname="com.selenium.PaymentManagement" name="enterEmailExit" time="0.042"/>
  <system-out/>
  <testcase classname="com.selenium.PaymentManagement" name="discountAmountExit" time="0.010"/>
  <system-out/>
  <testcase classname="com.selenium.PaymentManagement" name="selectPaymentTypeExit" time="0.019"/>
  <system-out/>
  <testcase classname="com.selenium.PaymentManagement" name="selectStatusTypeExit" time="0.031"/>
  <system-out/>
  <testcase classname="com.selenium.PaymentManagement" name="getExitTransDetails" time="5.168"/>
  <system-out/>
  <testcase classname="com.selenium.PaymentManagement" name="addPaymentBtnExit" time="5.086"/>
  <system-out/>
  <testcase classname="com.selenium.PaymentManagement" name="extractPopupTextExit" time="2.005"/>
  <system-out/>
  <testcase classname="com.selenium.PaymentManagement" name="statusOKExit" time="2.008"/>
  <system-out/>
  <testcase classname="com.selenium.PaymentManagement" name="selectStartDatePass" time="3.703"/>
  <system-out/>
  <testcase classname="com.selenium.PaymentManagement" name="selectEndDatePass" time="3.021"/>
  <system-out/>
  <testcase classname="com.selenium.PaymentManagement" name="selectPassType" time="3.327"/>
  <system-out/>
  <testcase classname="com.selenium.PaymentManagement" name="selectPassTrans" time="0.004"/>
  <system-out/>
  <testcase classname="com.selenium.PaymentManagement" name="selectPassTransType" time="0.031"/>
  <system-out/>
  <testcase classname="com.selenium.PaymentManagement" name="enterPassVehicleNumber" time="1.022"/>
  <system-out/>
  <testcase classname="com.selenium.PaymentManagement" name="selectPassVehicleType" time="3.060"/>
  <system-out/>
  <testcase classname="com.selenium.PaymentManagement" name="enterPassEmail" time="0.042"/>
  <system-out/>
  <testcase classname="com.selenium.PaymentManagement" name="discountAmountPass" time="0.010"/>
  <system-out/>
  <testcase classname="com.selenium.PaymentManagement" name="selectPaymentTypePass" time="0.027"/>
  <system-out/>
  <testcase classname="com.selenium.PaymentManagement" name="selectStatusTypePass" time="0.024"/>
  <system-out/>
  <testcase classname="com.selenium.PaymentManagement" name="getPassTransDetails" time="5.210"/>
  <system-out/>
  <testcase classname="com.selenium.PaymentManagement" name="addPaymentBtnPass" time="5.127"/>
  <system-out/>
  <testcase classname="com.selenium.PaymentManagement" name="extractPopupTextPass" time="2.002"/>
  <system-out/>
  <testcase classname="com.selenium.PaymentManagement" name="statusOKPass" time="2.007"/>
  <system-out/>
  <testcase classname="com.selenium.PaymentManagement" name="selectStartDateReserve" time="3.666"/>
  <system-out/>
  <testcase classname="com.selenium.PaymentManagement" name="selectEndDateReserve" time="3.007"/>
  <system-out/>
  <testcase classname="com.selenium.PaymentManagement" name="selectReserveType" time="3.304"/>
  <system-out/>
  <testcase classname="com.selenium.PaymentManagement" name="tableNextPage" time="3.233"/>
  <system-out/>
  <testcase classname="com.selenium.PaymentManagement" name="selectReserveTrans" time="5.009"/>
  <system-out/>
  <testcase classname="com.selenium.PaymentManagement" name="selectReserveTransType" time="0.048"/>
  <system-out/>
  <testcase classname="com.selenium.PaymentManagement" name="enterReserveVehicleNumber" time="1.029"/>
  <system-out/>
  <testcase classname="com.selenium.PaymentManagement" name="selectReserveVehicleType" time="3.078"/>
  <system-out/>
  <testcase classname="com.selenium.PaymentManagement" name="enterReserveEmail" time="0.051"/>
  <system-out/>
  <testcase classname="com.selenium.PaymentManagement" name="discountAmountReserve" time="0.009"/>
  <system-out/>
  <testcase classname="com.selenium.PaymentManagement" name="selectPaymentTypeReserve" time="0.023"/>
  <system-out/>
  <testcase classname="com.selenium.PaymentManagement" name="selectStatusTypeReserve" time="0.022"/>
  <system-out/>
  <testcase classname="com.selenium.PaymentManagement" name="getReserveTransDetails" time="5.220"/>
  <system-out/>
  <testcase classname="com.selenium.PaymentManagement" name="addPaymentBtnReserve" time="5.075"/>
  <system-out/>
  <testcase classname="com.selenium.PaymentManagement" name="extractPopupTextReserve" time="2.004"/>
  <system-out/>
  <testcase classname="com.selenium.PaymentManagement" name="statusOKReserve" time="2.004"/>
  <system-out/>
  <testcase classname="com.selenium.PaymentManagement" name="selectSite" time="1.527"/>
  <system-out/>
  <testcase classname="com.selenium.PaymentManagement" name="redirectManagePage" time="3.017"/>
  <system-out/>
  <testcase classname="com.selenium.PaymentManagement" name="manageDatesEnabled" time="3.002"/>
  <system-out/>
  <testcase classname="com.selenium.PaymentManagement" name="selectManageStartDate" time="1.007"/>
  <system-out/>
  <testcase classname="com.selenium.PaymentManagement" name="selectManageEndDate" time="0.005"/>
  <system-out/>
  <testcase classname="com.selenium.PaymentManagement" name="selectMPOSdeviceType" time="3.006"/>
  <system-out/>
  <testcase classname="com.selenium.PaymentManagement" name="selectAndroiddeviceType" time="3.006"/>
  <system-out/>
  <testcase classname="com.selenium.PaymentManagement" name="selectIOSdeviceType" time="3.007"/>
  <system-out/>
  <testcase classname="com.selenium.PaymentManagement" name="selectMobileMposdeviceType" time="3.007"/>
  <system-out/>
  <testcase classname="com.selenium.PaymentManagement" name="selectIOSdeviceTypeAction" time="3.006"/>
  <system-out/>
  <testcase classname="com.selenium.PaymentManagement" name="manageViewBtn" time="3.007"/>
  <system-out/>
  <testcase classname="com.selenium.PaymentManagement" name="getDataMPOS" time="0.007"/>
  <system-out/>
  <testcase classname="com.selenium.PaymentManagement" name="performPaymentActions" time="0.006"/>
  <system-out/>
  <testcase classname="com.selenium.PaymentManagement" name="paymentPopUpClose" time="2.006"/>
  <system-out/>
  <testcase classname="com.selenium.PaymentManagement" name="deleteRecord" time="0.004"/>
  <system-out/>
  <testcase classname="com.selenium.PaymentManagement" name="selectOptionFromDropdown" time="3.006"/>
  <system-out/>
  <testcase classname="com.selenium.PaymentManagement" name="performSearch" time="3.006"/>
  <system-out/>
  <testcase classname="com.selenium.PaymentManagement" name="performSearchValidate" time="3.008"/>
  <system-out/>
</testsuite> <!-- com.selenium.PaymentManagement -->
