<?xml version="1.0" encoding="UTF-8"?>
<!-- Generated by org.testng.reporters.JUnitReportReporter -->
<testsuite hostname="iramtech-Vostro-3470" failures="0" tests="35" name="com.selenium.Dashboard" time="124.019" errors="0" timestamp="2024-04-11T16:50:12 IST" skipped="0">
  <testcase classname="com.selenium.Dashboard" name="login" time="4.466"/>
  <system-out/>
  <testcase classname="com.selenium.Dashboard" name="revenueDashboardOpen" time="5.145"/>
  <system-out/>
  <testcase classname="com.selenium.Dashboard" name="getSummaryCards" time="0.098"/>
  <system-out/>
  <testcase classname="com.selenium.Dashboard" name="revenueDatesEnabled" time="1.077"/>
  <system-out/>
  <testcase classname="com.selenium.Dashboard" name="getMonthRevenue" time="4.287"/>
  <system-out/>
  <testcase classname="com.selenium.Dashboard" name="getWeekRevenue" time="3.296"/>
  <system-out/>
  <testcase classname="com.selenium.Dashboard" name="getDayRevenue" time="4.311"/>
  <system-out/>
  <testcase classname="com.selenium.Dashboard" name="selectCountDashboard" time="8.335"/>
  <system-out/>
  <testcase classname="com.selenium.Dashboard" name="selectDashboardStartDate" time="8.807"/>
  <system-out/>
  <testcase classname="com.selenium.Dashboard" name="selectDashboardEndDate" time="10.483"/>
  <system-out/>
  <testcase classname="com.selenium.Dashboard" name="sitenamesDashboard" time="0.211"/>
  <system-out/>
  <testcase classname="com.selenium.Dashboard" name="validateRevenue" time="0.208"/>
  <system-out/>
  <testcase classname="com.selenium.Dashboard" name="searchSiteName" time="8.126"/>
  <system-out/>
  <testcase classname="com.selenium.Dashboard" name="cityRevenueViewButton" time="2.463"/>
  <system-out/>
  <testcase classname="com.selenium.Dashboard" name="count_InViewDetails" time="8.278"/>
  <system-out/>
  <testcase classname="com.selenium.Dashboard" name="searchSiteName_InVieDetails" time="8.184"/>
  <system-out/>
  <testcase classname="com.selenium.Dashboard" name="cityRevenueCSVButton" time="2.262"/>
  <system-out/>
  <testcase classname="com.selenium.Dashboard" name="cityRevenuePDFButton" time="2.362"/>
  <system-out/>
  <testcase classname="com.selenium.Dashboard" name="cityRevenuePopUpClose" time="2.244"/>
  <system-out/>
  <testcase classname="com.selenium.Dashboard" name="cityRevenueColumnFilterBtn" time="2.008"/>
  <system-out/>
  <testcase classname="com.selenium.Dashboard" name="columnFilterSelectVehicleTypes" time="2.042"/>
  <system-out/>
  <testcase classname="com.selenium.Dashboard" name="columnFilterPopUpClose" time="2.012"/>
  <system-out/>
  <testcase classname="com.selenium.Dashboard" name="occupancyTabDashboard" time="2.270"/>
  <system-out/>
  <testcase classname="com.selenium.Dashboard" name="getOccupancyPercentage" time="0.267"/>
  <system-out/>
  <testcase classname="com.selenium.Dashboard" name="getOperatingSitesPercentage" time="0.282"/>
  <system-out/>
  <testcase classname="com.selenium.Dashboard" name="operatingsSitesSelectCount" time="4.310"/>
  <system-out/>
  <testcase classname="com.selenium.Dashboard" name="searchSiteStatus_OperationalTab" time="8.132"/>
  <system-out/>
  <testcase classname="com.selenium.Dashboard" name="operatingsitesList" time="2.295"/>
  <system-out/>
  <testcase classname="com.selenium.Dashboard" name="deviceStatusTab" time="0.242"/>
  <system-out/>
  <testcase classname="com.selenium.Dashboard" name="selectCountDeviceStatus" time="4.278"/>
  <system-out/>
  <testcase classname="com.selenium.Dashboard" name="deviceStatusPercentage" time="3.021"/>
  <system-out/>
  <testcase classname="com.selenium.Dashboard" name="devicesStatusTable" time="0.387"/>
  <system-out/>
  <testcase classname="com.selenium.Dashboard" name="alertsTab" time="0.499"/>
  <system-out/>
  <testcase classname="com.selenium.Dashboard" name="alertsCount" time="5.046"/>
  <system-out/>
  <testcase classname="com.selenium.Dashboard" name="logout" time="2.285"/>
  <system-out/>
</testsuite> <!-- com.selenium.Dashboard -->
