<?xml version="1.0" encoding="UTF-8"?>
<!-- Generated by org.testng.reporters.JUnitReportReporter -->
<testsuite hostname="iramtech-Vostro-3470" failures="0" tests="30" name="com.selenium.ApplicationImages" time="75.042" errors="0" timestamp="2024-04-04T13:53:31 IST" skipped="0">
  <testcase classname="com.selenium.ApplicationImages" name="login" time="3.742"/>
  <system-out/>
  <testcase classname="com.selenium.ApplicationImages" name="revenueDashboardOpen" time="5.140"/>
  <system-out/>
  <testcase classname="com.selenium.ApplicationImages" name="siteConfigurationPage" time="4.336"/>
  <system-out/>
  <testcase classname="com.selenium.ApplicationImages" name="jstreeOrg" time="3.235"/>
  <system-out/>
  <testcase classname="com.selenium.ApplicationImages" name="applicationImages" time="5.258"/>
  <system-out/>
  <testcase classname="com.selenium.ApplicationImages" name="applicationImagesTreeOpen" time="4.228"/>
  <system-out/>
  <testcase classname="com.selenium.ApplicationImages" name="androidTreeOpen" time="4.227"/>
  <system-out/>
  <testcase classname="com.selenium.ApplicationImages" name="iOSTreeOpen" time="4.212"/>
  <system-out/>
  <testcase classname="com.selenium.ApplicationImages" name="mPOSTreeOpen" time="4.224"/>
  <system-out/>
  <testcase classname="com.selenium.ApplicationImages" name="selectAndroid" time="4.228"/>
  <system-out/>
  <testcase classname="com.selenium.ApplicationImages" name="getAndroidHeading" time="0.038"/>
  <system-out/>
  <testcase classname="com.selenium.ApplicationImages" name="androidDetails_Editable_Or_Not" time="0.040"/>
  <system-out/>
  <testcase classname="com.selenium.ApplicationImages" name="getAndroidInfo" time="0.019"/>
  <system-out/>
  <testcase classname="com.selenium.ApplicationImages" name="selectAndroidVersion" time="3.004"/>
  <system-out/>
  <testcase classname="com.selenium.ApplicationImages" name="getAndroidVersionDetails_Heading" time="0.010"/>
  <system-out/>
  <testcase classname="com.selenium.ApplicationImages" name="androidVersion_Editable_or_Not" time="0.054"/>
  <system-out/>
  <testcase classname="com.selenium.ApplicationImages" name="apkAndroidDwnld" time="3.013"/>
  <system-out/>
  <testcase classname="com.selenium.ApplicationImages" name="selectIOS" time="4.231"/>
  <system-out/>
  <testcase classname="com.selenium.ApplicationImages" name="getiOSDetails" time="0.033"/>
  <system-out/>
  <testcase classname="com.selenium.ApplicationImages" name="iOSDetails_Editable_Or_Not" time="0.043"/>
  <system-out/>
  <testcase classname="com.selenium.ApplicationImages" name="selectiOSVersion" time="3.009"/>
  <system-out/>
  <testcase classname="com.selenium.ApplicationImages" name="iOSVersion_Editable_or_Not" time="0.099"/>
  <system-out/>
  <testcase classname="com.selenium.ApplicationImages" name="getiOSVersionDetails_Heading" time="0.009"/>
  <system-out/>
  <testcase classname="com.selenium.ApplicationImages" name="apkiOSDwnld" time="3.017"/>
  <system-out/>
  <testcase classname="com.selenium.ApplicationImages" name="selectmPOS" time="4.267"/>
  <system-out/>
  <testcase classname="com.selenium.ApplicationImages" name="getmPOSDetails" time="0.014"/>
  <system-out/>
  <testcase classname="com.selenium.ApplicationImages" name="mPOSDetails_Editable_Or_Not" time="0.027"/>
  <system-out/>
  <testcase classname="com.selenium.ApplicationImages" name="selectmPOSVersion" time="3.007"/>
  <system-out/>
  <testcase classname="com.selenium.ApplicationImages" name="apkmPOSDwnld" time="3.018"/>
  <system-out/>
  <testcase classname="com.selenium.ApplicationImages" name="logout" time="5.260"/>
  <system-out/>
</testsuite> <!-- com.selenium.ApplicationImages -->
