<?xml version="1.0" encoding="UTF-8"?>
<!-- Generated by org.testng.reporters.JUnitReportReporter -->
<testsuite hostname="iramtech-Vostro-3470" failures="0" tests="27" name="com.selenium.ApkImages" time="79.646" errors="0" timestamp="2024-01-23T11:15:52 IST" skipped="0">
  <testcase classname="com.selenium.ApkImages" name="login" time="4.880"/>
  <system-out/>
  <testcase classname="com.selenium.ApkImages" name="revenueDashboardOpen" time="3.256"/>
  <system-out/>
  <testcase classname="com.selenium.ApkImages" name="siteConfigurationPage" time="4.425"/>
  <system-out/>
  <testcase classname="com.selenium.ApkImages" name="jstreeOrg" time="3.270"/>
  <system-out/>
  <testcase classname="com.selenium.ApkImages" name="applicationImages" time="5.271"/>
  <system-out/>
  <testcase classname="com.selenium.ApkImages" name="applicationImagesTreeOpen" time="4.228"/>
  <system-out/>
  <testcase classname="com.selenium.ApkImages" name="androidTreeOpen" time="4.220"/>
  <system-out/>
  <testcase classname="com.selenium.ApkImages" name="iOSTreeOpen" time="4.255"/>
  <system-out/>
  <testcase classname="com.selenium.ApkImages" name="mPOSTreeOpen" time="4.223"/>
  <system-out/>
  <testcase classname="com.selenium.ApkImages" name="selectAndroid" time="4.272"/>
  <system-out/>
  <testcase classname="com.selenium.ApkImages" name="getAndroidDetails" time="0.047"/>
  <system-out/>
  <testcase classname="com.selenium.ApkImages" name="getAndroidCityName" time="0.035"/>
  <system-out/>
  <testcase classname="com.selenium.ApkImages" name="selectAndroidVersion" time="4.310"/>
  <system-out/>
  <testcase classname="com.selenium.ApkImages" name="checkInputEditability" time="0.039"/>
  <system-out/>
  <testcase classname="com.selenium.ApkImages" name="apkAndroidDwnld" time="4.224"/>
  <system-out/>
  <testcase classname="com.selenium.ApkImages" name="selectIOS" time="4.308"/>
  <system-out/>
  <testcase classname="com.selenium.ApkImages" name="getiOSDetails" time="0.034"/>
  <system-out/>
  <testcase classname="com.selenium.ApkImages" name="selectiOSVersion" time="4.276"/>
  <system-out/>
  <testcase classname="com.selenium.ApkImages" name="getiOSCityName" time="0.058"/>
  <system-out/>
  <testcase classname="com.selenium.ApkImages" name="iOSDetails_Editable_or_Not" time="0.030"/>
  <system-out/>
  <testcase classname="com.selenium.ApkImages" name="getmPOSDetails" time="0.016"/>
  <system-out/>
  <testcase classname="com.selenium.ApkImages" name="apkiOSDwnld" time="4.268"/>
  <system-out/>
  <testcase classname="com.selenium.ApkImages" name="selectmPOSVersion" time="3.028"/>
  <system-out/>
  <testcase classname="com.selenium.ApkImages" name="mPOSDetails_Editable_or_Not" time="0.027"/>
  <system-out/>
  <testcase classname="com.selenium.ApkImages" name="selectmPOS" time="4.310"/>
  <system-out/>
  <testcase classname="com.selenium.ApkImages" name="apkmPOSDwnld" time="3.025"/>
  <system-out/>
  <testcase classname="com.selenium.ApkImages" name="logout" time="5.311"/>
  <system-out/>
</testsuite> <!-- com.selenium.ApkImages -->
