<?xml version="1.0" encoding="UTF-8"?>
<!-- Generated by org.testng.reporters.JUnitReportReporter -->
<testsuite hostname="iramtech-Vostro-3470" failures="0" tests="78" name="com.selenium.SiteReports" time="300.758" errors="0" timestamp="2024-04-11T17:52:48 IST" skipped="0">
  <testcase classname="com.selenium.SiteReports" name="login" time="4.899"/>
  <system-out/>
  <testcase classname="com.selenium.SiteReports" name="revenueDashboardOpen" time="5.128"/>
  <system-out/>
  <testcase classname="com.selenium.SiteReports" name="reportsAnalyticsPage" time="4.234"/>
  <system-out/>
  <testcase classname="com.selenium.SiteReports" name="siteReportPage" time="4.116"/>
  <system-out/>
  <testcase classname="com.selenium.SiteReports" name="siteReportsDatesEnabled" time="23.373"/>
  <system-out/>
  <testcase classname="com.selenium.SiteReports" name="getMonthRevenue" time="10.249"/>
  <system-out/>
  <testcase classname="com.selenium.SiteReports" name="getWeekSiteRevenue" time="4.269"/>
  <system-out/>
  <testcase classname="com.selenium.SiteReports" name="getDaySiteRevenue" time="4.301"/>
  <system-out/>
  <testcase classname="com.selenium.SiteReports" name="selectSiteRevenueCount" time="2.250"/>
  <system-out/>
  <testcase classname="com.selenium.SiteReports" name="siteRevenueTable" time="11.026"/>
  <system-out/>
  <testcase classname="com.selenium.SiteReports" name="validateVehicleType" time="0.028"/>
  <system-out/>
  <testcase classname="com.selenium.SiteReports" name="validateSiteReportsCashAmount" time="0.015"/>
  <system-out/>
  <testcase classname="com.selenium.SiteReports" name="validateSiteReportsCardAmount" time="0.014"/>
  <system-out/>
  <testcase classname="com.selenium.SiteReports" name="validateSiteReportsUPIAmount" time="0.014"/>
  <system-out/>
  <testcase classname="com.selenium.SiteReports" name="validateSiteReportsPassAmount" time="0.014"/>
  <system-out/>
  <testcase classname="com.selenium.SiteReports" name="validateSiteReports_ReservationAmount" time="0.013"/>
  <system-out/>
  <testcase classname="com.selenium.SiteReports" name="validateSiteReports_DueAmount" time="0.013"/>
  <system-out/>
  <testcase classname="com.selenium.SiteReports" name="validateSiteReports_ReservationCount" time="0.012"/>
  <system-out/>
  <testcase classname="com.selenium.SiteReports" name="validateSiteReports_PassCount" time="0.014"/>
  <system-out/>
  <testcase classname="com.selenium.SiteReports" name="validateSiteReports_DueCount" time="0.011"/>
  <system-out/>
  <testcase classname="com.selenium.SiteReports" name="validateSiteReports_VehicleCount" time="0.012"/>
  <system-out/>
  <testcase classname="com.selenium.SiteReports" name="siteRevenueViewDetailsDay" time="11.500"/>
  <system-out/>
  <testcase classname="com.selenium.SiteReports" name="siteRevenueDayCSV" time="4.244"/>
  <system-out/>
  <testcase classname="com.selenium.SiteReports" name="siteRevenueDayPDF" time="9.326"/>
  <system-out/>
  <testcase classname="com.selenium.SiteReports" name="siteRevenueDayPopUPClose" time="3.225"/>
  <system-out/>
  <testcase classname="com.selenium.SiteReports" name="siteRevenueViewDetailsWeek" time="11.500"/>
  <system-out/>
  <testcase classname="com.selenium.SiteReports" name="siteRevenueWeekCSV" time="4.225"/>
  <system-out/>
  <testcase classname="com.selenium.SiteReports" name="siteRevenueWeekPDF" time="4.394"/>
  <system-out/>
  <testcase classname="com.selenium.SiteReports" name="siteRevenueWeekPopUPClose" time="3.245"/>
  <system-out/>
  <testcase classname="com.selenium.SiteReports" name="siteRevenueMonthViewDetails" time="7.476"/>
  <system-out/>
  <testcase classname="com.selenium.SiteReports" name="siteRevenueMonthCSV" time="9.257"/>
  <system-out/>
  <testcase classname="com.selenium.SiteReports" name="siteRevenueMonthPDF" time="4.353"/>
  <system-out/>
  <testcase classname="com.selenium.SiteReports" name="siteRevenueMonthPopUPClose" time="3.229"/>
  <system-out/>
  <testcase classname="com.selenium.SiteReports" name="selectRevenueStartDate" time="5.740"/>
  <system-out/>
  <testcase classname="com.selenium.SiteReports" name="selectRevenueEndDate" time="5.481"/>
  <system-out/>
  <testcase classname="com.selenium.SiteReports" name="siteRevenueSelectedViewDetails" time="20.224"/>
  <system-out/>
  <testcase classname="com.selenium.SiteReports" name="siteRevenueSelectedDateCSV" time="4.221"/>
  <system-out/>
  <testcase classname="com.selenium.SiteReports" name="siteRevenueSelectedPDF" time="4.312"/>
  <system-out/>
  <testcase classname="com.selenium.SiteReports" name="siteRevenueSelectedPopUPClose" time="3.246"/>
  <system-out/>
  <testcase classname="com.selenium.SiteReports" name="searchSiteRevenueFilter" time="9.057"/>
  <system-out/>
  <testcase classname="com.selenium.SiteReports" name="viewSitesList" time="6.557"/>
  <system-out/>
  <testcase classname="com.selenium.SiteReports" name="siteDeviceStatus" time="2.229"/>
  <system-out/>
  <testcase classname="com.selenium.SiteReports" name="siteReportDeviceStatusCount" time="2.282"/>
  <system-out/>
  <testcase classname="com.selenium.SiteReports" name="siteRevenueDeviceStatusTable" time="12.309"/>
  <system-out/>
  <testcase classname="com.selenium.SiteReports" name="searchSiteReportsDeviceGateway" time="7.091"/>
  <system-out/>
  <testcase classname="com.selenium.SiteReports" name="searchSiteReportsDevicePOS" time="4.081"/>
  <system-out/>
  <testcase classname="com.selenium.SiteReports" name="searchSiteReportsDeviceSensor" time="8.089"/>
  <system-out/>
  <testcase classname="com.selenium.SiteReports" name="alertsCount" time="3.023"/>
  <system-out/>
  <testcase classname="com.selenium.SiteReports" name="siteAlerts" time="2.242"/>
  <system-out/>
  <testcase classname="com.selenium.SiteReports" name="siteReportAlertsCount" time="2.283"/>
  <system-out/>
  <testcase classname="com.selenium.SiteReports" name="devicesStatusTable" time="9.142"/>
  <system-out/>
  <testcase classname="com.selenium.SiteReports" name="validateAlertId" time="0.033"/>
  <system-out/>
  <testcase classname="com.selenium.SiteReports" name="validateDeviceSlNo" time="0.031"/>
  <system-out/>
  <testcase classname="com.selenium.SiteReports" name="validateDeviceType" time="0.029"/>
  <system-out/>
  <testcase classname="com.selenium.SiteReports" name="validateAlertType" time="0.029"/>
  <system-out/>
  <testcase classname="com.selenium.SiteReports" name="validateAction" time="0.029"/>
  <system-out/>
  <testcase classname="com.selenium.SiteReports" name="validateActionAsComplete" time="0.030"/>
  <system-out/>
  <testcase classname="com.selenium.SiteReports" name="siteUnChargedTab" time="3.957"/>
  <system-out/>
  <testcase classname="com.selenium.SiteReports" name="siteListUnCharged" time="6.593"/>
  <system-out/>
  <testcase classname="com.selenium.SiteReports" name="UnChargedVehiclesCount" time="0.005"/>
  <system-out/>
  <testcase classname="com.selenium.SiteReports" name="UnChargedVehiclesCountDatesEnabled" time="1.060"/>
  <system-out/>
  <testcase classname="com.selenium.SiteReports" name="getMonthUnChargedVehicles" time="2.013"/>
  <system-out/>
  <testcase classname="com.selenium.SiteReports" name="getWeekUnChargedVehicles" time="4.013"/>
  <system-out/>
  <testcase classname="com.selenium.SiteReports" name="getDayUnChargedVehicles" time="4.012"/>
  <system-out/>
  <testcase classname="com.selenium.SiteReports" name="selectUnChargedStartDate" time="0.009"/>
  <system-out/>
  <testcase classname="com.selenium.SiteReports" name="selectUnChargedEndDate" time="2.011"/>
  <system-out/>
  <testcase classname="com.selenium.SiteReports" name="selectUnChargedVehicleCount" time="2.009"/>
  <system-out/>
  <testcase classname="com.selenium.SiteReports" name="nextPage" time="3.008"/>
  <system-out/>
  <testcase classname="com.selenium.SiteReports" name="unChargedVehiclesTable" time="0.004"/>
  <system-out/>
  <testcase classname="com.selenium.SiteReports" name="validateVehicleNumber" time="0.003"/>
  <system-out/>
  <testcase classname="com.selenium.SiteReports" name="validateUnchargedVehicleType" time="0.004"/>
  <system-out/>
  <testcase classname="com.selenium.SiteReports" name="validateTicketNo" time="0.005"/>
  <system-out/>
  <testcase classname="com.selenium.SiteReports" name="compareEntryExitDateTime" time="0.005"/>
  <system-out/>
  <testcase classname="com.selenium.SiteReports" name="searchUnChargedVehicle" time="4.010"/>
  <system-out/>
  <testcase classname="com.selenium.SiteReports" name="verifyUnChargedTransactionTypeENTRY" time="0.010"/>
  <system-out/>
  <testcase classname="com.selenium.SiteReports" name="searchUnChargedTransNormal" time="4.004"/>
  <system-out/>
  <testcase classname="com.selenium.SiteReports" name="verifyTransactionTypeNormal" time="0.004"/>
  <system-out/>
  <testcase classname="com.selenium.SiteReports" name="logout" time="2.250"/>
  <system-out/>
</testsuite> <!-- com.selenium.SiteReports -->
