<?xml version="1.0" encoding="UTF-8"?>
<!-- Generated by org.testng.reporters.JUnitReportReporter -->
<testsuite hostname="iramtech-Vostro-3470" failures="0" tests="63" name="com.selenium.Sample" time="276.005" errors="0" timestamp="2024-02-17T11:30:28 IST" skipped="0">
  <testcase classname="com.selenium.Sample" name="login" time="4.735"/>
  <system-out/>
  <testcase classname="com.selenium.Sample" name="revenueDashboardOpen" time="5.276"/>
  <system-out/>
  <testcase classname="com.selenium.Sample" name="posRevenuepage" time="6.354"/>
  <system-out/>
  <testcase classname="com.selenium.Sample" name="posRevenueSelectSite" time="3.570"/>
  <system-out/>
  <testcase classname="com.selenium.Sample" name="posTransactions" time="2.249"/>
  <system-out/>
  <testcase classname="com.selenium.Sample" name="posTransactionsDateRange" time="8.521"/>
  <system-out/>
  <testcase classname="com.selenium.Sample" name="posTransaction_StartDate" time="7.479"/>
  <system-out/>
  <testcase classname="com.selenium.Sample" name="posTransaction_EndDate" time="4.492"/>
  <system-out/>
  <testcase classname="com.selenium.Sample" name="posTransaction_TwoWheeler" time="2.052"/>
  <system-out/>
  <testcase classname="com.selenium.Sample" name="transaction_TwoWheeler_EntryType" time="2.029"/>
  <system-out/>
  <testcase classname="com.selenium.Sample" name="transaction_TwoWheeler_PosSerial" time="3.670"/>
  <system-out/>
  <testcase classname="com.selenium.Sample" name="transaction_TwoWheeler_Entry_SubmitBtn" time="3.250"/>
  <system-out/>
  <testcase classname="com.selenium.Sample" name="twoWheeler_Entry_Transaction" time="2.044"/>
  <system-out/>
  <testcase classname="com.selenium.Sample" name="transaction_TwoWheeler_Entry_ViewDetails" time="2.224"/>
  <system-out/>
  <testcase classname="com.selenium.Sample" name="transaction_TwoWheeler_Entry_length" time="2.294"/>
  <system-out/>
  <testcase classname="com.selenium.Sample" name="transaction_TwoWheeler_Entry_CsvFile" time="2.235"/>
  <system-out/>
  <testcase classname="com.selenium.Sample" name="transaction_TwoWheeler_Entry_PdfFile" time="16.607"/>
  <system-out/>
  <testcase classname="com.selenium.Sample" name="transaction_TwoWheeler_Entry_PopUpClose" time="5.270"/>
  <system-out/>
  <testcase classname="com.selenium.Sample" name="transaction_TwoWheeler_ExitType" time="2.039"/>
  <system-out/>
  <testcase classname="com.selenium.Sample" name="transaction_TwoWheeler_Exit_SubmitBtn" time="3.227"/>
  <system-out/>
  <testcase classname="com.selenium.Sample" name="twoWheeler_Exit_Transactions" time="2.016"/>
  <system-out/>
  <testcase classname="com.selenium.Sample" name="transaction_TwoWheeler_Exit_ViewDetails" time="2.229"/>
  <system-out/>
  <testcase classname="com.selenium.Sample" name="transaction_TwoWheeler_Exit_Length" time="2.040"/>
  <system-out/>
  <testcase classname="com.selenium.Sample" name="transaction_TwoWheeler_Exit_CsvFile" time="2.228"/>
  <system-out/>
  <testcase classname="com.selenium.Sample" name="transaction_TwoWheeler_Exit_PdfFile" time="16.581"/>
  <system-out/>
  <testcase classname="com.selenium.Sample" name="transaction_TwoWheeler_Exit_PopUpClose" time="5.220"/>
  <system-out/>
  <testcase classname="com.selenium.Sample" name="posTransaction_FourWheeler" time="2.042"/>
  <system-out/>
  <testcase classname="com.selenium.Sample" name="transaction_FourWheeler_EntryType" time="2.011"/>
  <system-out/>
  <testcase classname="com.selenium.Sample" name="transaction_FourWheeler_PosSerial" time="3.610"/>
  <system-out/>
  <testcase classname="com.selenium.Sample" name="transaction_FourWheeler_Entry_SubmitBtn" time="3.246"/>
  <system-out/>
  <testcase classname="com.selenium.Sample" name="fourWheeler_Entry_Transaction" time="2.050"/>
  <system-out/>
  <testcase classname="com.selenium.Sample" name="transaction_FourWheeler_Entry_ViewDetails" time="2.215"/>
  <system-out/>
  <testcase classname="com.selenium.Sample" name="transaction_FourWheeler_Entry_Length" time="2.036"/>
  <system-out/>
  <testcase classname="com.selenium.Sample" name="transaction_FourWheeler_Entry_CsvFile" time="2.235"/>
  <system-out/>
  <testcase classname="com.selenium.Sample" name="transaction_FourWheeler_Entry_PdfFile" time="16.628"/>
  <system-out/>
  <testcase classname="com.selenium.Sample" name="transaction_FourWheeler_Entry_PopUpClose" time="5.245"/>
  <system-out/>
  <testcase classname="com.selenium.Sample" name="transaction_FourWheeler_ExitType" time="2.051"/>
  <system-out/>
  <testcase classname="com.selenium.Sample" name="transaction_FourWheeler_Exit_SubmitBtn" time="3.242"/>
  <system-out/>
  <testcase classname="com.selenium.Sample" name="fourWheeler_Exit_Transaction" time="2.046"/>
  <system-out/>
  <testcase classname="com.selenium.Sample" name="transaction_FourWheeler_Exit_ViewDetails" time="2.246"/>
  <system-out/>
  <testcase classname="com.selenium.Sample" name="transaction_FourWheeler_Exit_Length" time="2.035"/>
  <system-out/>
  <testcase classname="com.selenium.Sample" name="transaction_FourWheeler_Exit_CsvFile" time="2.253"/>
  <system-out/>
  <testcase classname="com.selenium.Sample" name="transaction_FourWheeler_Exit_PdfFile" time="16.549"/>
  <system-out/>
  <testcase classname="com.selenium.Sample" name="transaction_FourWheeler_Exit_PopUpClose" time="5.217"/>
  <system-out/>
  <testcase classname="com.selenium.Sample" name="posTransaction_AllWheeler" time="2.030"/>
  <system-out/>
  <testcase classname="com.selenium.Sample" name="transaction_allWheeler_EntryType" time="2.017"/>
  <system-out/>
  <testcase classname="com.selenium.Sample" name="transaction_allWheeler_PosSerial" time="3.624"/>
  <system-out/>
  <testcase classname="com.selenium.Sample" name="transaction_allWheeler_Entry_SubmitBtn" time="3.262"/>
  <system-out/>
  <testcase classname="com.selenium.Sample" name="all_Entry_Transaction" time="2.016"/>
  <system-out/>
  <testcase classname="com.selenium.Sample" name="transaction_allWheeler_Entry_ViewDetails" time="2.259"/>
  <system-out/>
  <testcase classname="com.selenium.Sample" name="transaction_allWheeler_Entry_Length" time="2.031"/>
  <system-out/>
  <testcase classname="com.selenium.Sample" name="transaction_allWheeler_Entry_CsvFile" time="2.252"/>
  <system-out/>
  <testcase classname="com.selenium.Sample" name="transaction_allWheeler_Entry_PdfFile" time="16.576"/>
  <system-out/>
  <testcase classname="com.selenium.Sample" name="transaction_allWheeler_Entry_PopUpClose" time="5.219"/>
  <system-out/>
  <testcase classname="com.selenium.Sample" name="transaction_allWheeler_ExitType" time="2.020"/>
  <system-out/>
  <testcase classname="com.selenium.Sample" name="transaction_allWheeler_Exit_SubmitBtn" time="3.258"/>
  <system-out/>
  <testcase classname="com.selenium.Sample" name="all_Exit_Transaction" time="2.024"/>
  <system-out/>
  <testcase classname="com.selenium.Sample" name="transaction_allWheeler_Exit_ViewDetails" time="2.214"/>
  <system-out/>
  <testcase classname="com.selenium.Sample" name="transaction_allWheeler_Exit_Length" time="2.023"/>
  <system-out/>
  <testcase classname="com.selenium.Sample" name="transaction_allWheeler_Exit_CsvFile" time="2.273"/>
  <system-out/>
  <testcase classname="com.selenium.Sample" name="transaction_allWheeler_Exit_PdfFile" time="16.548"/>
  <system-out/>
  <testcase classname="com.selenium.Sample" name="transaction_allWheeler_Exit_PopUpClose" time="5.226"/>
  <system-out/>
  <testcase classname="com.selenium.Sample" name="posAttender" time="2.245"/>
  <system-out/>
</testsuite> <!-- com.selenium.Sample -->
