<?xml version="1.0" encoding="UTF-8"?>
<!-- Generated by org.testng.reporters.JUnitReportReporter -->
<testsuite hostname="iramtech-Vostro-3470" failures="0" tests="104" name="com.selenium.VehicleNumberSearch" time="145.903" errors="0" timestamp="2024-04-04T13:53:31 IST" skipped="0">
  <testcase classname="com.selenium.VehicleNumberSearch" name="login" time="3.809"/>
  <system-out/>
  <testcase classname="com.selenium.VehicleNumberSearch" name="revenueDashboardOpen" time="5.137"/>
  <system-out/>
  <testcase classname="com.selenium.VehicleNumberSearch" name="redirectVehicleNumberSearchPage" time="5.348"/>
  <system-out/>
  <testcase classname="com.selenium.VehicleNumberSearch" name="vehicleNumberEnter" time="2.054"/>
  <system-out/>
  <testcase classname="com.selenium.VehicleNumberSearch" name="vehicleNumberSubmit" time="2.270"/>
  <system-out/>
  <testcase classname="com.selenium.VehicleNumberSearch" name="vehicleNumberTransactions" time="0.485"/>
  <system-out/>
  <testcase classname="com.selenium.VehicleNumberSearch" name="vehicleNumberTransactionsDates" time="4.731"/>
  <system-out/>
  <testcase classname="com.selenium.VehicleNumberSearch" name="selectVNStartDateTransactions" time="6.423"/>
  <system-out/>
  <testcase classname="com.selenium.VehicleNumberSearch" name="selectVNEndDateTransactions" time="7.214"/>
  <system-out/>
  <testcase classname="com.selenium.VehicleNumberSearch" name="selectVNTransactionCount" time="2.282"/>
  <system-out/>
  <testcase classname="com.selenium.VehicleNumberSearch" name="vehicleNumberTransactionsTable" time="6.026"/>
  <system-out/>
  <testcase classname="com.selenium.VehicleNumberSearch" name="validateVNTransactionSiteName" time="0.017"/>
  <system-out/>
  <testcase classname="com.selenium.VehicleNumberSearch" name="validateVTransactionVehicleNumber" time="0.012"/>
  <system-out/>
  <testcase classname="com.selenium.VehicleNumberSearch" name="validateVTransactionVehicleType" time="0.008"/>
  <system-out/>
  <testcase classname="com.selenium.VehicleNumberSearch" name="validateVTransactionType" time="0.008"/>
  <system-out/>
  <testcase classname="com.selenium.VehicleNumberSearch" name="validateVTransactionCreatedDate" time="0.008"/>
  <system-out/>
  <testcase classname="com.selenium.VehicleNumberSearch" name="validateVTransactionStartDate" time="0.009"/>
  <system-out/>
  <testcase classname="com.selenium.VehicleNumberSearch" name="validateVTransactionEndDate" time="0.008"/>
  <system-out/>
  <testcase classname="com.selenium.VehicleNumberSearch" name="validateVTransactionPayU_reference" time="0.007"/>
  <system-out/>
  <testcase classname="com.selenium.VehicleNumberSearch" name="validateVTransactionId" time="0.008"/>
  <system-out/>
  <testcase classname="com.selenium.VehicleNumberSearch" name="validateVTransactionAmount" time="0.009"/>
  <system-out/>
  <testcase classname="com.selenium.VehicleNumberSearch" name="validateVTransactionStatus" time="0.008"/>
  <system-out/>
  <testcase classname="com.selenium.VehicleNumberSearch" name="vehicleNumberPass" time="0.456"/>
  <system-out/>
  <testcase classname="com.selenium.VehicleNumberSearch" name="vehicleNumberPassDates" time="6.690"/>
  <system-out/>
  <testcase classname="com.selenium.VehicleNumberSearch" name="selectVStartDatePasses" time="2.940"/>
  <system-out/>
  <testcase classname="com.selenium.VehicleNumberSearch" name="selectVEndDatePasses" time="8.791"/>
  <system-out/>
  <testcase classname="com.selenium.VehicleNumberSearch" name="selectVPassCount" time="2.280"/>
  <system-out/>
  <testcase classname="com.selenium.VehicleNumberSearch" name="passTable" time="6.023"/>
  <system-out/>
  <testcase classname="com.selenium.VehicleNumberSearch" name="validatePassesSiteName" time="0.054"/>
  <system-out/>
  <testcase classname="com.selenium.VehicleNumberSearch" name="validatePassesVehicleNumber" time="0.019"/>
  <system-out/>
  <testcase classname="com.selenium.VehicleNumberSearch" name="validatePassesVehicleType" time="0.015"/>
  <system-out/>
  <testcase classname="com.selenium.VehicleNumberSearch" name="validatePassesType" time="0.009"/>
  <system-out/>
  <testcase classname="com.selenium.VehicleNumberSearch" name="validatePassCreatedDateTimeHeader" time="0.020"/>
  <system-out/>
  <testcase classname="com.selenium.VehicleNumberSearch" name="validatePassesCreatedDate" time="0.007"/>
  <system-out/>
  <testcase classname="com.selenium.VehicleNumberSearch" name="validatePassStartDateTimeHeader" time="0.014"/>
  <system-out/>
  <testcase classname="com.selenium.VehicleNumberSearch" name="validatePassesStartDate" time="0.009"/>
  <system-out/>
  <testcase classname="com.selenium.VehicleNumberSearch" name="validatePassEndDateTimeHeader" time="0.012"/>
  <system-out/>
  <testcase classname="com.selenium.VehicleNumberSearch" name="validatePassesEndDate" time="0.007"/>
  <system-out/>
  <testcase classname="com.selenium.VehicleNumberSearch" name="validatePassesPayU_reference" time="0.009"/>
  <system-out/>
  <testcase classname="com.selenium.VehicleNumberSearch" name="validatePassesTransactionId" time="0.008"/>
  <system-out/>
  <testcase classname="com.selenium.VehicleNumberSearch" name="validatePassesAmount" time="0.008"/>
  <system-out/>
  <testcase classname="com.selenium.VehicleNumberSearch" name="validatePassesStatus" time="0.008"/>
  <system-out/>
  <testcase classname="com.selenium.VehicleNumberSearch" name="mobileNumberReservation" time="2.221"/>
  <system-out/>
  <testcase classname="com.selenium.VehicleNumberSearch" name="vehicleNumberReservationDates" time="4.692"/>
  <system-out/>
  <testcase classname="com.selenium.VehicleNumberSearch" name="selectReservationsCount" time="4.262"/>
  <system-out/>
  <testcase classname="com.selenium.VehicleNumberSearch" name="reservationsTable" time="6.025"/>
  <system-out/>
  <testcase classname="com.selenium.VehicleNumberSearch" name="validateReservationsSiteName" time="0.050"/>
  <system-out/>
  <testcase classname="com.selenium.VehicleNumberSearch" name="validateReservationsVehicleNumber" time="0.012"/>
  <system-out/>
  <testcase classname="com.selenium.VehicleNumberSearch" name="validateReservationsVehicleType" time="0.012"/>
  <system-out/>
  <testcase classname="com.selenium.VehicleNumberSearch" name="validateReservationsType" time="0.007"/>
  <system-out/>
  <testcase classname="com.selenium.VehicleNumberSearch" name="validateReserveCreatedDateTimeHeader" time="0.012"/>
  <system-out/>
  <testcase classname="com.selenium.VehicleNumberSearch" name="validateReservationsCreatedDate" time="0.007"/>
  <system-out/>
  <testcase classname="com.selenium.VehicleNumberSearch" name="validateReserveStartDateTimeHeader" time="0.012"/>
  <system-out/>
  <testcase classname="com.selenium.VehicleNumberSearch" name="validateReservationsStartDate" time="0.006"/>
  <system-out/>
  <testcase classname="com.selenium.VehicleNumberSearch" name="validateReserveEndDateTimeHeader" time="0.013"/>
  <system-out/>
  <testcase classname="com.selenium.VehicleNumberSearch" name="validateReservationsEndDate" time="0.007"/>
  <system-out/>
  <testcase classname="com.selenium.VehicleNumberSearch" name="validateReservationsPayU_reference" time="0.008"/>
  <system-out/>
  <testcase classname="com.selenium.VehicleNumberSearch" name="validateReservationsTransactionId" time="0.007"/>
  <system-out/>
  <testcase classname="com.selenium.VehicleNumberSearch" name="validateReservationsAmount" time="0.007"/>
  <system-out/>
  <testcase classname="com.selenium.VehicleNumberSearch" name="validateReservationsStatus" time="0.007"/>
  <system-out/>
  <testcase classname="com.selenium.VehicleNumberSearch" name="vehicleNumberCheckInOut" time="3.225"/>
  <system-out/>
  <testcase classname="com.selenium.VehicleNumberSearch" name="vehicleNumberCheckInOutDates" time="4.702"/>
  <system-out/>
  <testcase classname="com.selenium.VehicleNumberSearch" name="selectVPassCheckInOut" time="2.276"/>
  <system-out/>
  <testcase classname="com.selenium.VehicleNumberSearch" name="checkInOutVTable" time="6.011"/>
  <system-out/>
  <testcase classname="com.selenium.VehicleNumberSearch" name="validateVCheckInOutSiteName" time="0.015"/>
  <system-out/>
  <testcase classname="com.selenium.VehicleNumberSearch" name="validateVCheckInOutVehicleType" time="0.008"/>
  <system-out/>
  <testcase classname="com.selenium.VehicleNumberSearch" name="validateVCheckInOutVehicleNumber" time="0.007"/>
  <system-out/>
  <testcase classname="com.selenium.VehicleNumberSearch" name="validateCheckInDateTimeHeader" time="0.013"/>
  <system-out/>
  <testcase classname="com.selenium.VehicleNumberSearch" name="validateVCheckInRow" time="0.009"/>
  <system-out/>
  <testcase classname="com.selenium.VehicleNumberSearch" name="validateCheckOutDateTimeHeader" time="0.014"/>
  <system-out/>
  <testcase classname="com.selenium.VehicleNumberSearch" name="validateVCheckOutRow" time="0.008"/>
  <system-out/>
  <testcase classname="com.selenium.VehicleNumberSearch" name="validateVCheckInOutType" time="0.007"/>
  <system-out/>
  <testcase classname="com.selenium.VehicleNumberSearch" name="validateVCheckInOutPayU_reference" time="0.006"/>
  <system-out/>
  <testcase classname="com.selenium.VehicleNumberSearch" name="validateVCheckInOutTransactionId" time="0.006"/>
  <system-out/>
  <testcase classname="com.selenium.VehicleNumberSearch" name="validateVCheckInOutAmount" time="0.006"/>
  <system-out/>
  <testcase classname="com.selenium.VehicleNumberSearch" name="validateVCheckInOutDueAmount" time="0.007"/>
  <system-out/>
  <testcase classname="com.selenium.VehicleNumberSearch" name="validateVCheckInOutStatus" time="0.008"/>
  <system-out/>
  <testcase classname="com.selenium.VehicleNumberSearch" name="vehicleNumberDueAmount" time="2.214"/>
  <system-out/>
  <testcase classname="com.selenium.VehicleNumberSearch" name="vehicleNumberDueAmountDates" time="4.667"/>
  <system-out/>
  <testcase classname="com.selenium.VehicleNumberSearch" name="selectVDueAmountCount" time="4.227"/>
  <system-out/>
  <testcase classname="com.selenium.VehicleNumberSearch" name="dueAmountVTable" time="6.022"/>
  <system-out/>
  <testcase classname="com.selenium.VehicleNumberSearch" name="validateVDueAmountSiteName" time="0.016"/>
  <system-out/>
  <testcase classname="com.selenium.VehicleNumberSearch" name="validateVDueAmountVehicleNumber" time="0.007"/>
  <system-out/>
  <testcase classname="com.selenium.VehicleNumberSearch" name="validateVDueAmountVehicleType" time="0.007"/>
  <system-out/>
  <testcase classname="com.selenium.VehicleNumberSearch" name="validateVDueAmountPayU_reference" time="0.008"/>
  <system-out/>
  <testcase classname="com.selenium.VehicleNumberSearch" name="validateDueAmountCreatedDateTimeHeader" time="0.012"/>
  <system-out/>
  <testcase classname="com.selenium.VehicleNumberSearch" name="validateVDueAmountCreatedDate" time="0.006"/>
  <system-out/>
  <testcase classname="com.selenium.VehicleNumberSearch" name="validateVDueAmountsTransactionId" time="0.006"/>
  <system-out/>
  <testcase classname="com.selenium.VehicleNumberSearch" name="validateVDueAmountAmount" time="0.006"/>
  <system-out/>
  <testcase classname="com.selenium.VehicleNumberSearch" name="validateVDueAmountStatus" time="0.005"/>
  <system-out/>
  <testcase classname="com.selenium.VehicleNumberSearch" name="vehicleNumberBlockListClick" time="2.231"/>
  <system-out/>
  <testcase classname="com.selenium.VehicleNumberSearch" name="vehicleNumberBlockListDates" time="4.683"/>
  <system-out/>
  <testcase classname="com.selenium.VehicleNumberSearch" name="selectVBlockListCount" time="2.259"/>
  <system-out/>
  <testcase classname="com.selenium.VehicleNumberSearch" name="vBlockListTable" time="6.023"/>
  <system-out/>
  <testcase classname="com.selenium.VehicleNumberSearch" name="validateVBlockListSiteName" time="0.019"/>
  <system-out/>
  <testcase classname="com.selenium.VehicleNumberSearch" name="validateVBlockListVehicleNumber" time="0.009"/>
  <system-out/>
  <testcase classname="com.selenium.VehicleNumberSearch" name="validateVBlockListVehicleType" time="0.008"/>
  <system-out/>
  <testcase classname="com.selenium.VehicleNumberSearch" name="validateBlockListCreatedDateTimeHeader" time="0.013"/>
  <system-out/>
  <testcase classname="com.selenium.VehicleNumberSearch" name="validateVBlockListnCreatedDate" time="0.008"/>
  <system-out/>
  <testcase classname="com.selenium.VehicleNumberSearch" name="validateVBlockListAmount" time="0.007"/>
  <system-out/>
  <testcase classname="com.selenium.VehicleNumberSearch" name="validateVBlockListStatus" time="0.007"/>
  <system-out/>
  <testcase classname="com.selenium.VehicleNumberSearch" name="vehicleNumberGuestPasses" time="2.216"/>
  <system-out/>
  <testcase classname="com.selenium.VehicleNumberSearch" name="vehicleNumberGuestPassesDates" time="2.011"/>
  <system-out/>
  <testcase classname="com.selenium.VehicleNumberSearch" name="logout" time="2.251"/>
  <system-out/>
</testsuite> <!-- com.selenium.VehicleNumberSearch -->
