<?xml version="1.0" encoding="UTF-8"?>
<!-- Generated by org.testng.reporters.JUnitReportReporter -->
<testsuite hostname="iramtech-Vostro-3470" failures="0" tests="22" name="com.selenium.LiveInfo" time="107.451" errors="0" timestamp="2024-04-12T10:34:23 IST" skipped="0">
  <testcase classname="com.selenium.LiveInfo" name="login" time="4.702"/>
  <system-out/>
  <testcase classname="com.selenium.LiveInfo" name="revenueDashboardOpen" time="5.151"/>
  <system-out/>
  <testcase classname="com.selenium.LiveInfo" name="liveInfoPage" time="2.262"/>
  <system-out/>
  <testcase classname="com.selenium.LiveInfo" name="siteStatusPage" time="3.166"/>
  <system-out/>
  <testcase classname="com.selenium.LiveInfo" name="siteStatusZoomOut" time="7.247"/>
  <system-out/>
  <testcase classname="com.selenium.LiveInfo" name="siteStatusZoomIn" time="5.533"/>
  <system-out/>
  <testcase classname="com.selenium.LiveInfo" name="getPopUpSiteDetails" time="0.031"/>
  <system-out/>
  <testcase classname="com.selenium.LiveInfo" name="deviceOverviewPage" time="4.086"/>
  <system-out/>
  <testcase classname="com.selenium.LiveInfo" name="deviceOverviewZoomOut" time="5.048"/>
  <system-out/>
  <testcase classname="com.selenium.LiveInfo" name="deviceOverviewZoomIn" time="5.553"/>
  <system-out/>
  <testcase classname="com.selenium.LiveInfo" name="selectDeviceLocation" time="5.037"/>
  <system-out/>
  <testcase classname="com.selenium.LiveInfo" name="getDeviceLocationDetails" time="5.065"/>
  <system-out/>
  <testcase classname="com.selenium.LiveInfo" name="deviceStatus_Page" time="4.113"/>
  <system-out/>
  <testcase classname="com.selenium.LiveInfo" name="deviceStatus_SelectSite" time="6.658"/>
  <system-out/>
  <testcase classname="com.selenium.LiveInfo" name="deviceStatus_SelectDevice" time="11.685"/>
  <system-out/>
  <testcase classname="com.selenium.LiveInfo" name="transactionsPage" time="4.133"/>
  <system-out/>
  <testcase classname="com.selenium.LiveInfo" name="transactionsCSV" time="10.339"/>
  <system-out/>
  <testcase classname="com.selenium.LiveInfo" name="transactionsPDF" time="2.581"/>
  <system-out/>
  <testcase classname="com.selenium.LiveInfo" name="nextPageTransactions" time="6.454"/>
  <system-out/>
  <testcase classname="com.selenium.LiveInfo" name="getSiteNamesTransactions" time="2.178"/>
  <system-out/>
  <testcase classname="com.selenium.LiveInfo" name="searchSiteName" time="4.141"/>
  <system-out/>
  <testcase classname="com.selenium.LiveInfo" name="logout" time="2.288"/>
  <system-out/>
</testsuite> <!-- com.selenium.LiveInfo -->
