<?xml version="1.0" encoding="UTF-8"?>
<!-- Generated by org.testng.reporters.JUnitReportReporter -->
<testsuite hostname="iramtech-Vostro-3470" failures="0" tests="118" name="com.selenium.PosManagement" time="407.268" errors="0" timestamp="2024-02-01T15:22:15 IST" skipped="0">
  <testcase classname="com.selenium.PosManagement" name="login" time="5.799"/>
  <system-out/>
  <testcase classname="com.selenium.PosManagement" name="revenueDashboardOpen" time="5.141"/>
  <system-out/>
  <testcase classname="com.selenium.PosManagement" name="posConfigurationPage" time="6.408"/>
  <system-out/>
  <testcase classname="com.selenium.PosManagement" name="selectSiteName" time="6.581"/>
  <system-out/>
  <testcase classname="com.selenium.PosManagement" name="parkingVehicleTab" time="3.232"/>
  <system-out/>
  <testcase classname="com.selenium.PosManagement" name="clickAddParkVehicle" time="3.242"/>
  <system-out/>
  <testcase classname="com.selenium.PosManagement" name="selectVehicle" time="5.554"/>
  <system-out/>
  <testcase classname="com.selenium.PosManagement" name="addVehicleBtn" time="5.235"/>
  <system-out/>
  <testcase classname="com.selenium.PosManagement" name="extractPopupTextAddVehicle" time="3.024"/>
  <system-out/>
  <testcase classname="com.selenium.PosManagement" name="statusOKAddVehicle" time="2.211"/>
  <system-out/>
  <testcase classname="com.selenium.PosManagement" name="parkingChargesTab" time="3.211"/>
  <system-out/>
  <testcase classname="com.selenium.PosManagement" name="parkingChargesView" time="3.232"/>
  <system-out/>
  <testcase classname="com.selenium.PosManagement" name="selectAllWeekButtons" time="11.633"/>
  <system-out/>
  <testcase classname="com.selenium.PosManagement" name="selectWednesdayButton" time="3.239"/>
  <system-out/>
  <testcase classname="com.selenium.PosManagement" name="updateInputValue" time="3.053"/>
  <system-out/>
  <testcase classname="com.selenium.PosManagement" name="pChargesSubmitBtn" time="2.232"/>
  <system-out/>
  <testcase classname="com.selenium.PosManagement" name="extractUpdateParckingChargesText" time="2.037"/>
  <system-out/>
  <testcase classname="com.selenium.PosManagement" name="parkingChargeStatusOK" time="1.249"/>
  <system-out/>
  <testcase classname="com.selenium.PosManagement" name="selectReserveCharges" time="0.241"/>
  <system-out/>
  <testcase classname="com.selenium.PosManagement" name="reserveChargesEditBtn" time="0.008"/>
  <system-out/>
  <testcase classname="com.selenium.PosManagement" name="updatereservationCharges" time="0.013"/>
  <system-out/>
  <testcase classname="com.selenium.PosManagement" name="updateReservationsSubmitBtn" time="2.013"/>
  <system-out/>
  <testcase classname="com.selenium.PosManagement" name="reserveChargesUpdatePopupText" time="2.010"/>
  <system-out/>
  <testcase classname="com.selenium.PosManagement" name="reserveChargeUpdateStatusOK" time="1.008"/>
  <system-out/>
  <testcase classname="com.selenium.PosManagement" name="selectParkingChargesTabTwice" time="3.021"/>
  <system-out/>
  <testcase classname="com.selenium.PosManagement" name="clickVerifyAddReserveBtn" time="3.016"/>
  <system-out/>
  <testcase classname="com.selenium.PosManagement" name="addReservationChargesVehicleType" time="3.017"/>
  <system-out/>
  <testcase classname="com.selenium.PosManagement" name="addReservationInputCharges" time="3.014"/>
  <system-out/>
  <testcase classname="com.selenium.PosManagement" name="addReservationChargesDateSelection" time="3.019"/>
  <system-out/>
  <testcase classname="com.selenium.PosManagement" name="addReservationChargesDay" time="3.015"/>
  <system-out/>
  <testcase classname="com.selenium.PosManagement" name="addReservationChargesDuration" time="3.014"/>
  <system-out/>
  <testcase classname="com.selenium.PosManagement" name="clickVerifySaveReserveBtn" time="6.014"/>
  <system-out/>
  <testcase classname="com.selenium.PosManagement" name="extractAddReservationCharges" time="2.006"/>
  <system-out/>
  <testcase classname="com.selenium.PosManagement" name="okStatusAddReservation" time="1.008"/>
  <system-out/>
  <testcase classname="com.selenium.PosManagement" name="popUpCloseAddReservation" time="2.013"/>
  <system-out/>
  <testcase classname="com.selenium.PosManagement" name="selectParkingChargesTabThrice" time="3.049"/>
  <system-out/>
  <testcase classname="com.selenium.PosManagement" name="selectSpecialCharges" time="5.248"/>
  <system-out/>
  <testcase classname="com.selenium.PosManagement" name="splChargesWeekBtn" time="11.602"/>
  <system-out/>
  <testcase classname="com.selenium.PosManagement" name="clickSCAddBtn" time="2.238"/>
  <system-out/>
  <testcase classname="com.selenium.PosManagement" name="selectWednesdayButtonTwice" time="3.223"/>
  <system-out/>
  <testcase classname="com.selenium.PosManagement" name="splChargesStartHour" time="2.222"/>
  <system-out/>
  <testcase classname="com.selenium.PosManagement" name="splChargesEndHour" time="2.408"/>
  <system-out/>
  <testcase classname="com.selenium.PosManagement" name="splChargesEnterCharges" time="2.246"/>
  <system-out/>
  <testcase classname="com.selenium.PosManagement" name="splChargesEnterDisCharges" time="2.228"/>
  <system-out/>
  <testcase classname="com.selenium.PosManagement" name="splChargeCardDisCharges" time="2.226"/>
  <system-out/>
  <testcase classname="com.selenium.PosManagement" name="splChargeUPIDisCharges" time="2.245"/>
  <system-out/>
  <testcase classname="com.selenium.PosManagement" name="addSplChargesSubmitBtn" time="2.225"/>
  <system-out/>
  <testcase classname="com.selenium.PosManagement" name="addSpecialChargesPopUptext" time="3.027"/>
  <system-out/>
  <testcase classname="com.selenium.PosManagement" name="addSpecialChargesStatusOK" time="2.230"/>
  <system-out/>
  <testcase classname="com.selenium.PosManagement" name="specialChargesView" time="5.572"/>
  <system-out/>
  <testcase classname="com.selenium.PosManagement" name="selectWednesdayButtonThrice" time="3.235"/>
  <system-out/>
  <testcase classname="com.selenium.PosManagement" name="deleteSpecialCharges" time="5.238"/>
  <system-out/>
  <testcase classname="com.selenium.PosManagement" name="deleteSpecialChargesPopUptext" time="3.007"/>
  <system-out/>
  <testcase classname="com.selenium.PosManagement" name="deleteSpecialChargesStatusOK" time="2.215"/>
  <system-out/>
  <testcase classname="com.selenium.PosManagement" name="parkingChargesViewTwice" time="3.008"/>
  <system-out/>
  <testcase classname="com.selenium.PosManagement" name="selectSpecialChargesTwice" time="5.017"/>
  <system-out/>
  <testcase classname="com.selenium.PosManagement" name="selectValetCharges" time="5.280"/>
  <system-out/>
  <testcase classname="com.selenium.PosManagement" name="clickValetChargesAddBtn" time="4.242"/>
  <system-out/>
  <testcase classname="com.selenium.PosManagement" name="editValetCharges" time="2.259"/>
  <system-out/>
  <testcase classname="com.selenium.PosManagement" name="addValetChargesDateSelection" time="7.971"/>
  <system-out/>
  <testcase classname="com.selenium.PosManagement" name="addValetChargesDay" time="3.764"/>
  <system-out/>
  <testcase classname="com.selenium.PosManagement" name="addValetChargesDuration" time="3.726"/>
  <system-out/>
  <testcase classname="com.selenium.PosManagement" name="addValetChargesSubmitBtn" time="3.257"/>
  <system-out/>
  <testcase classname="com.selenium.PosManagement" name="addValetChargesPopupText" time="3.006"/>
  <system-out/>
  <testcase classname="com.selenium.PosManagement" name="addValetChargesStatusOK" time="16.610"/>
  <system-out/>
  <testcase classname="com.selenium.PosManagement" name="clickValetChargesEditBtn" time="5.005"/>
  <system-out/>
  <testcase classname="com.selenium.PosManagement" name="updateChargeInValetCharges" time="3.007"/>
  <system-out/>
  <testcase classname="com.selenium.PosManagement" name="updateValetChargesDateSelection" time="3.014"/>
  <system-out/>
  <testcase classname="com.selenium.PosManagement" name="updateValetChargesSubmitBtn" time="3.015"/>
  <system-out/>
  <testcase classname="com.selenium.PosManagement" name="updateValetChargesPopupText" time="3.007"/>
  <system-out/>
  <testcase classname="com.selenium.PosManagement" name="updateValetChargesStatusOK" time="2.007"/>
  <system-out/>
  <testcase classname="com.selenium.PosManagement" name="parkingPassesTab" time="5.736"/>
  <system-out/>
  <testcase classname="com.selenium.PosManagement" name="clickParkingPassesEditBtn" time="3.223"/>
  <system-out/>
  <testcase classname="com.selenium.PosManagement" name="setPassPrice" time="2.057"/>
  <system-out/>
  <testcase classname="com.selenium.PosManagement" name="clickUpdatePassButton" time="2.269"/>
  <system-out/>
  <testcase classname="com.selenium.PosManagement" name="updatePassPopupText" time="2.032"/>
  <system-out/>
  <testcase classname="com.selenium.PosManagement" name="updatePassstatusOK" time="1.229"/>
  <system-out/>
  <testcase classname="com.selenium.PosManagement" name="selectOptionFromDropdown" time="3.237"/>
  <system-out/>
  <testcase classname="com.selenium.PosManagement" name="performPassesTabSearch" time="3.048"/>
  <system-out/>
  <testcase classname="com.selenium.PosManagement" name="attenderShiftsTab" time="3.235"/>
  <system-out/>
  <testcase classname="com.selenium.PosManagement" name="openModalDialog" time="3.239"/>
  <system-out/>
  <testcase classname="com.selenium.PosManagement" name="updateShifts" time="3.308"/>
  <system-out/>
  <testcase classname="com.selenium.PosManagement" name="updateShiftPopupText" time="4.024"/>
  <system-out/>
  <testcase classname="com.selenium.PosManagement" name="updateShiftstatusOK" time="3.213"/>
  <system-out/>
  <testcase classname="com.selenium.PosManagement" name="clickAddAttenderShiftButton" time="3.222"/>
  <system-out/>
  <testcase classname="com.selenium.PosManagement" name="addAttenderShift" time="12.596"/>
  <system-out/>
  <testcase classname="com.selenium.PosManagement" name="addShiftPopupText" time="2.024"/>
  <system-out/>
  <testcase classname="com.selenium.PosManagement" name="addShiftstatusOK" time="1.223"/>
  <system-out/>
  <testcase classname="com.selenium.PosManagement" name="addShiftPopUPClose" time="2.223"/>
  <system-out/>
  <testcase classname="com.selenium.PosManagement" name="hawkerTab" time="3.230"/>
  <system-out/>
  <testcase classname="com.selenium.PosManagement" name="clickAddHawkerButton" time="2.224"/>
  <system-out/>
  <testcase classname="com.selenium.PosManagement" name="clickEditHawkerButton" time="16.695"/>
  <system-out/>
  <testcase classname="com.selenium.PosManagement" name="updateHawker" time="2.235"/>
  <system-out/>
  <testcase classname="com.selenium.PosManagement" name="AddHawkerPopUp" time="4.014"/>
  <system-out/>
  <testcase classname="com.selenium.PosManagement" name="AddHawkerPopUpStatus" time="3.221"/>
  <system-out/>
  <testcase classname="com.selenium.PosManagement" name="viewHawkerDetails" time="2.238"/>
  <system-out/>
  <testcase classname="com.selenium.PosManagement" name="updateHawkerDetails" time="4.222"/>
  <system-out/>
  <testcase classname="com.selenium.PosManagement" name="hawkerUpdate" time="2.220"/>
  <system-out/>
  <testcase classname="com.selenium.PosManagement" name="hawkerUpdatePopUp" time="4.026"/>
  <system-out/>
  <testcase classname="com.selenium.PosManagement" name="hawkerUpdateStatus" time="3.225"/>
  <system-out/>
  <testcase classname="com.selenium.PosManagement" name="deleteHawker" time="1.225"/>
  <system-out/>
  <testcase classname="com.selenium.PosManagement" name="hawkerDeletePopUp" time="3.027"/>
  <system-out/>
  <testcase classname="com.selenium.PosManagement" name="hawkerDeleteStatus" time="2.229"/>
  <system-out/>
  <testcase classname="com.selenium.PosManagement" name="verifyAdvertisementTab" time="3.221"/>
  <system-out/>
  <testcase classname="com.selenium.PosManagement" name="advertisementTab" time="0.241"/>
  <system-out/>
  <testcase classname="com.selenium.PosManagement" name="clickAddAdvertisementButton" time="2.237"/>
  <system-out/>
  <testcase classname="com.selenium.PosManagement" name="sendKeysToFieldsAdvertTypeField" time="2.034"/>
  <system-out/>
  <testcase classname="com.selenium.PosManagement" name="sendKeysInAdvertSubTypeField" time="2.034"/>
  <system-out/>
  <testcase classname="com.selenium.PosManagement" name="sendKeysTophoneNumberField" time="2.022"/>
  <system-out/>
  <testcase classname="com.selenium.PosManagement" name="sendKeysToaddressField" time="2.018"/>
  <system-out/>
  <testcase classname="com.selenium.PosManagement" name="advertiseSendKeysStartDateTime" time="2.386"/>
  <system-out/>
  <testcase classname="com.selenium.PosManagement" name="advertiseSendKeysEndDateTime" time="2.400"/>
  <system-out/>
  <testcase classname="com.selenium.PosManagement" name="advertiseSendKeysCharges" time="2.027"/>
  <system-out/>
  <testcase classname="com.selenium.PosManagement" name="addAdvertiseButton" time="3.246"/>
  <system-out/>
  <testcase classname="com.selenium.PosManagement" name="advertiseAddPopUp" time="2.022"/>
  <system-out/>
  <testcase classname="com.selenium.PosManagement" name="advertiseAddStatus" time="1.220"/>
  <system-out/>
  <testcase classname="com.selenium.PosManagement" name="performAdvertiseSearch" time="3.068"/>
  <system-out/>
  <testcase classname="com.selenium.PosManagement" name="logout" time="5.281"/>
  <system-out/>
</testsuite> <!-- com.selenium.PosManagement -->
