<?xml version="1.0" encoding="UTF-8"?>
<!-- Generated by org.testng.reporters.JUnitReportReporter -->
<testsuite hostname="iramtech-Vostro-3470" failures="0" tests="51" name="com.selenium.AudiTrail_PosDevice" time="257.536" errors="0" timestamp="2024-02-01T15:22:15 IST" skipped="0">
  <testcase classname="com.selenium.AudiTrail_PosDevice" name="login" time="7.510"/>
  <system-out/>
  <testcase classname="com.selenium.AudiTrail_PosDevice" name="revenueDashboardOpen" time="5.024"/>
  <system-out/>
  <testcase classname="com.selenium.AudiTrail_PosDevice" name="redirectAudiTrailPage" time="4.426"/>
  <system-out/>
  <testcase classname="com.selenium.AudiTrail_PosDevice" name="typeReservations" time="5.285"/>
  <system-out/>
  <testcase classname="com.selenium.AudiTrail_PosDevice" name="clickPOSdevice" time="2.236"/>
  <system-out/>
  <testcase classname="com.selenium.AudiTrail_PosDevice" name="statusTypeALL" time="0.200"/>
  <system-out/>
  <testcase classname="com.selenium.AudiTrail_PosDevice" name="allPOSDatesEnabled" time="6.787"/>
  <system-out/>
  <testcase classname="com.selenium.AudiTrail_PosDevice" name="selectPosDevice_AllTrans_StartDate" time="9.627"/>
  <system-out/>
  <testcase classname="com.selenium.AudiTrail_PosDevice" name="selectPosDevice_AllTrans_EndDate" time="11.490"/>
  <system-out/>
  <testcase classname="com.selenium.AudiTrail_PosDevice" name="selectAttachment" time="10.227"/>
  <system-out/>
  <testcase classname="com.selenium.AudiTrail_PosDevice" name="selectedImage1Details" time="6.053"/>
  <system-out/>
  <testcase classname="com.selenium.AudiTrail_PosDevice" name="imagePopUpClose" time="2.230"/>
  <system-out/>
  <testcase classname="com.selenium.AudiTrail_PosDevice" name="selectCountAllDevice50" time="2.323"/>
  <system-out/>
  <testcase classname="com.selenium.AudiTrail_PosDevice" name="selectCountAllDevice10" time="2.316"/>
  <system-out/>
  <testcase classname="com.selenium.AudiTrail_PosDevice" name="selectCountAllDevice25" time="2.309"/>
  <system-out/>
  <testcase classname="com.selenium.AudiTrail_PosDevice" name="viewDetails1All" time="2.254"/>
  <system-out/>
  <testcase classname="com.selenium.AudiTrail_PosDevice" name="viewDetailPopUpClose" time="2.268"/>
  <system-out/>
  <testcase classname="com.selenium.AudiTrail_PosDevice" name="getSitesList" time="6.530"/>
  <system-out/>
  <testcase classname="com.selenium.AudiTrail_PosDevice" name="allTransactionsTable" time="3.028"/>
  <system-out/>
  <testcase classname="com.selenium.AudiTrail_PosDevice" name="compareEntryExitDateTime" time="0.463"/>
  <system-out/>
  <testcase classname="com.selenium.AudiTrail_PosDevice" name="viewDetails2All" time="2.003"/>
  <system-out/>
  <testcase classname="com.selenium.AudiTrail_PosDevice" name="allCsv" time="3.271"/>
  <system-out/>
  <testcase classname="com.selenium.AudiTrail_PosDevice" name="allPdf" time="3.378"/>
  <system-out/>
  <testcase classname="com.selenium.AudiTrail_PosDevice" name="statusTypeEntry" time="0.231"/>
  <system-out/>
  <testcase classname="com.selenium.AudiTrail_PosDevice" name="activeStatusDatesEnabled" time="6.763"/>
  <system-out/>
  <testcase classname="com.selenium.AudiTrail_PosDevice" name="selectStartDateActive" time="8.773"/>
  <system-out/>
  <testcase classname="com.selenium.AudiTrail_PosDevice" name="selectEndDateActive" time="11.519"/>
  <system-out/>
  <testcase classname="com.selenium.AudiTrail_PosDevice" name="selectCountActive50" time="2.286"/>
  <system-out/>
  <testcase classname="com.selenium.AudiTrail_PosDevice" name="selectCountActive25" time="2.270"/>
  <system-out/>
  <testcase classname="com.selenium.AudiTrail_PosDevice" name="selectCountActive10" time="2.274"/>
  <system-out/>
  <testcase classname="com.selenium.AudiTrail_PosDevice" name="activeCsv" time="3.280"/>
  <system-out/>
  <testcase classname="com.selenium.AudiTrail_PosDevice" name="activePdf" time="3.415"/>
  <system-out/>
  <testcase classname="com.selenium.AudiTrail_PosDevice" name="statusTypeExit" time="0.237"/>
  <system-out/>
  <testcase classname="com.selenium.AudiTrail_PosDevice" name="inActiveStatusDatesEnabled" time="6.737"/>
  <system-out/>
  <testcase classname="com.selenium.AudiTrail_PosDevice" name="selectStartDateInActive" time="9.589"/>
  <system-out/>
  <testcase classname="com.selenium.AudiTrail_PosDevice" name="selectEndDateInActive" time="12.410"/>
  <system-out/>
  <testcase classname="com.selenium.AudiTrail_PosDevice" name="inActiveCsv" time="3.229"/>
  <system-out/>
  <testcase classname="com.selenium.AudiTrail_PosDevice" name="inActivePdf" time="4.507"/>
  <system-out/>
  <testcase classname="com.selenium.AudiTrail_PosDevice" name="typeMaintenance" time="0.231"/>
  <system-out/>
  <testcase classname="com.selenium.AudiTrail_PosDevice" name="maintenanceDatesEnabled" time="6.717"/>
  <system-out/>
  <testcase classname="com.selenium.AudiTrail_PosDevice" name="selectStartDateMaintenance" time="8.755"/>
  <system-out/>
  <testcase classname="com.selenium.AudiTrail_PosDevice" name="selectEndDateMaintenance" time="11.525"/>
  <system-out/>
  <testcase classname="com.selenium.AudiTrail_PosDevice" name="maintenanceCsv" time="3.287"/>
  <system-out/>
  <testcase classname="com.selenium.AudiTrail_PosDevice" name="maintenancePdf" time="8.394"/>
  <system-out/>
  <testcase classname="com.selenium.AudiTrail_PosDevice" name="statusTypeForceExit" time="0.244"/>
  <system-out/>
  <testcase classname="com.selenium.AudiTrail_PosDevice" name="forceExitStatusDatesEnabled" time="6.813"/>
  <system-out/>
  <testcase classname="com.selenium.AudiTrail_PosDevice" name="selectStartDateForceExit" time="8.795"/>
  <system-out/>
  <testcase classname="com.selenium.AudiTrail_PosDevice" name="selectEndDateForceExit" time="11.527"/>
  <system-out/>
  <testcase classname="com.selenium.AudiTrail_PosDevice" name="forceExitCsv" time="3.266"/>
  <system-out/>
  <testcase classname="com.selenium.AudiTrail_PosDevice" name="forceExitPdf" time="3.901"/>
  <system-out/>
  <testcase classname="com.selenium.AudiTrail_PosDevice" name="logout" time="5.323"/>
  <system-out/>
</testsuite> <!-- com.selenium.AudiTrail_PosDevice -->
