<?xml version="1.0" encoding="UTF-8"?>
<!-- Generated by org.testng.reporters.JUnitReportReporter -->
<testsuite hostname="iramtech-Vostro-3470" failures="0" tests="20" name="com.selenium.UserZoneAssign" time="81.345" errors="0" timestamp="2024-02-01T15:22:15 IST" skipped="0">
  <testcase classname="com.selenium.UserZoneAssign" name="login" time="9.376"/>
  <system-out/>
  <testcase classname="com.selenium.UserZoneAssign" name="revenueDashboard" time="5.168"/>
  <system-out/>
  <testcase classname="com.selenium.UserZoneAssign" name="userMgmtPage" time="3.492"/>
  <system-out/>
  <testcase classname="com.selenium.UserZoneAssign" name="officerCount" time="5.260"/>
  <system-out/>
  <testcase classname="com.selenium.UserZoneAssign" name="searchOfficer" time="5.058"/>
  <system-out/>
  <testcase classname="com.selenium.UserZoneAssign" name="clickAddMoreOfficerButton" time="3.236"/>
  <system-out/>
  <testcase classname="com.selenium.UserZoneAssign" name="selectOfficerList" time="3.052"/>
  <system-out/>
  <testcase classname="com.selenium.UserZoneAssign" name="addMorePopUpClose" time="2.220"/>
  <system-out/>
  <testcase classname="com.selenium.UserZoneAssign" name="clickOperatorTab" time="5.234"/>
  <system-out/>
  <testcase classname="com.selenium.UserZoneAssign" name="operatorCount" time="5.285"/>
  <system-out/>
  <testcase classname="com.selenium.UserZoneAssign" name="searchOperator" time="3.056"/>
  <system-out/>
  <testcase classname="com.selenium.UserZoneAssign" name="selectOperatorList" time="3.011"/>
  <system-out/>
  <testcase classname="com.selenium.UserZoneAssign" name="addMoreOperatorPopUpClose" time="2.005"/>
  <system-out/>
  <testcase classname="com.selenium.UserZoneAssign" name="clickMonitorTab" time="5.232"/>
  <system-out/>
  <testcase classname="com.selenium.UserZoneAssign" name="monitorCount" time="5.251"/>
  <system-out/>
  <testcase classname="com.selenium.UserZoneAssign" name="searchMonitor" time="5.060"/>
  <system-out/>
  <testcase classname="com.selenium.UserZoneAssign" name="clickAddMoreMonitorButton" time="3.278"/>
  <system-out/>
  <testcase classname="com.selenium.UserZoneAssign" name="selectMonitor" time="3.047"/>
  <system-out/>
  <testcase classname="com.selenium.UserZoneAssign" name="addMoreMonitorPopUpClose" time="2.015"/>
  <system-out/>
  <testcase classname="com.selenium.UserZoneAssign" name="logout" time="2.009"/>
  <system-out/>
</testsuite> <!-- com.selenium.UserZoneAssign -->
