<?xml version="1.0" encoding="UTF-8"?>
<!-- Generated by org.testng.reporters.JUnitReportReporter -->
<testsuite hostname="iramtech-Vostro-3470" failures="0" tests="78" name="com.selenium.SiteReports" time="337.639" errors="0" timestamp="2024-02-01T15:22:15 IST" skipped="0">
  <testcase classname="com.selenium.SiteReports" name="login" time="6.462"/>
  <system-out/>
  <testcase classname="com.selenium.SiteReports" name="revenueDashboardOpen" time="5.194"/>
  <system-out/>
  <testcase classname="com.selenium.SiteReports" name="reportsAnalyticsPage" time="2.244"/>
  <system-out/>
  <testcase classname="com.selenium.SiteReports" name="siteReportPage" time="4.144"/>
  <system-out/>
  <testcase classname="com.selenium.SiteReports" name="siteReportsDatesEnabled" time="8.602"/>
  <system-out/>
  <testcase classname="com.selenium.SiteReports" name="getMonthRevenue" time="10.261"/>
  <system-out/>
  <testcase classname="com.selenium.SiteReports" name="getWeekSiteRevenue" time="4.007"/>
  <system-out/>
  <testcase classname="com.selenium.SiteReports" name="getDaySiteRevenue" time="4.019"/>
  <system-out/>
  <testcase classname="com.selenium.SiteReports" name="selectSiteRevenueCount" time="2.051"/>
  <system-out/>
  <testcase classname="com.selenium.SiteReports" name="siteRevenueTable" time="17.207"/>
  <system-out/>
  <testcase classname="com.selenium.SiteReports" name="validateVehicleType" time="0.027"/>
  <system-out/>
  <testcase classname="com.selenium.SiteReports" name="validateSiteReportsCashAmount" time="0.026"/>
  <system-out/>
  <testcase classname="com.selenium.SiteReports" name="validateSiteReportsCardAmount" time="0.027"/>
  <system-out/>
  <testcase classname="com.selenium.SiteReports" name="validateSiteReportsUPIAmount" time="0.042"/>
  <system-out/>
  <testcase classname="com.selenium.SiteReports" name="validateSiteReportsPassAmount" time="0.028"/>
  <system-out/>
  <testcase classname="com.selenium.SiteReports" name="validateSiteReports_ReservationAmount" time="0.023"/>
  <system-out/>
  <testcase classname="com.selenium.SiteReports" name="validateSiteReports_DueAmount" time="0.023"/>
  <system-out/>
  <testcase classname="com.selenium.SiteReports" name="validateSiteReports_ReservationCount" time="0.025"/>
  <system-out/>
  <testcase classname="com.selenium.SiteReports" name="validateSiteReports_PassCount" time="0.023"/>
  <system-out/>
  <testcase classname="com.selenium.SiteReports" name="validateSiteReports_DueCount" time="0.022"/>
  <system-out/>
  <testcase classname="com.selenium.SiteReports" name="validateSiteReports_VehicleCount" time="0.014"/>
  <system-out/>
  <testcase classname="com.selenium.SiteReports" name="siteRevenueViewDetailsDay" time="5.017"/>
  <system-out/>
  <testcase classname="com.selenium.SiteReports" name="siteRevenueDayCSV" time="4.009"/>
  <system-out/>
  <testcase classname="com.selenium.SiteReports" name="siteRevenueDayPDF" time="4.025"/>
  <system-out/>
  <testcase classname="com.selenium.SiteReports" name="siteRevenueDayPopUPClose" time="3.022"/>
  <system-out/>
  <testcase classname="com.selenium.SiteReports" name="siteRevenueViewDetailsWeek" time="5.017"/>
  <system-out/>
  <testcase classname="com.selenium.SiteReports" name="siteRevenueWeekCSV" time="4.020"/>
  <system-out/>
  <testcase classname="com.selenium.SiteReports" name="siteRevenueWeekPDF" time="4.011"/>
  <system-out/>
  <testcase classname="com.selenium.SiteReports" name="siteRevenueWeekPopUPClose" time="3.018"/>
  <system-out/>
  <testcase classname="com.selenium.SiteReports" name="siteRevenueMonthViewDetails" time="7.484"/>
  <system-out/>
  <testcase classname="com.selenium.SiteReports" name="siteRevenueMonthCSV" time="9.708"/>
  <system-out/>
  <testcase classname="com.selenium.SiteReports" name="siteRevenueMonthPDF" time="9.739"/>
  <system-out/>
  <testcase classname="com.selenium.SiteReports" name="siteRevenueMonthPopUPClose" time="3.235"/>
  <system-out/>
  <testcase classname="com.selenium.SiteReports" name="selectRevenueStartDate" time="5.705"/>
  <system-out/>
  <testcase classname="com.selenium.SiteReports" name="selectRevenueEndDate" time="5.401"/>
  <system-out/>
  <testcase classname="com.selenium.SiteReports" name="siteRevenueSelectedViewDetails" time="20.021"/>
  <system-out/>
  <testcase classname="com.selenium.SiteReports" name="siteRevenueSelectedDateCSV" time="4.018"/>
  <system-out/>
  <testcase classname="com.selenium.SiteReports" name="siteRevenueSelectedPDF" time="4.021"/>
  <system-out/>
  <testcase classname="com.selenium.SiteReports" name="siteRevenueSelectedPopUPClose" time="3.019"/>
  <system-out/>
  <testcase classname="com.selenium.SiteReports" name="searchSiteRevenueFilter" time="9.066"/>
  <system-out/>
  <testcase classname="com.selenium.SiteReports" name="viewSitesList" time="3.024"/>
  <system-out/>
  <testcase classname="com.selenium.SiteReports" name="siteDeviceStatus" time="2.019"/>
  <system-out/>
  <testcase classname="com.selenium.SiteReports" name="siteReportDeviceStatusCount" time="2.023"/>
  <system-out/>
  <testcase classname="com.selenium.SiteReports" name="siteRevenueDeviceStatusTable" time="12.076"/>
  <system-out/>
  <testcase classname="com.selenium.SiteReports" name="searchSiteReportsDeviceGateway" time="4.012"/>
  <system-out/>
  <testcase classname="com.selenium.SiteReports" name="searchSiteReportsDevicePOS" time="4.006"/>
  <system-out/>
  <testcase classname="com.selenium.SiteReports" name="searchSiteReportsDeviceSensor" time="4.008"/>
  <system-out/>
  <testcase classname="com.selenium.SiteReports" name="alertsCount" time="3.008"/>
  <system-out/>
  <testcase classname="com.selenium.SiteReports" name="siteAlerts" time="2.223"/>
  <system-out/>
  <testcase classname="com.selenium.SiteReports" name="siteReportAlertsCount" time="2.290"/>
  <system-out/>
  <testcase classname="com.selenium.SiteReports" name="devicesStatusTable" time="36.512"/>
  <system-out/>
  <testcase classname="com.selenium.SiteReports" name="validateAlertId" time="0.093"/>
  <system-out/>
  <testcase classname="com.selenium.SiteReports" name="validateDeviceSlNo" time="0.084"/>
  <system-out/>
  <testcase classname="com.selenium.SiteReports" name="validateDeviceType" time="0.084"/>
  <system-out/>
  <testcase classname="com.selenium.SiteReports" name="validateAlertType" time="0.083"/>
  <system-out/>
  <testcase classname="com.selenium.SiteReports" name="validateAction" time="0.084"/>
  <system-out/>
  <testcase classname="com.selenium.SiteReports" name="validateActionAsComplete" time="0.095"/>
  <system-out/>
  <testcase classname="com.selenium.SiteReports" name="siteUnChargedTab" time="3.222"/>
  <system-out/>
  <testcase classname="com.selenium.SiteReports" name="siteListUnCharged" time="6.528"/>
  <system-out/>
  <testcase classname="com.selenium.SiteReports" name="UnChargedVehiclesCount" time="5.022"/>
  <system-out/>
  <testcase classname="com.selenium.SiteReports" name="UnChargedVehiclesCountDatesEnabled" time="4.882"/>
  <system-out/>
  <testcase classname="com.selenium.SiteReports" name="getWeekUnChargedVehicles" time="4.237"/>
  <system-out/>
  <testcase classname="com.selenium.SiteReports" name="getMonthUnChargedVehicles" time="4.244"/>
  <system-out/>
  <testcase classname="com.selenium.SiteReports" name="getDayUnChargedVehicles" time="4.236"/>
  <system-out/>
  <testcase classname="com.selenium.SiteReports" name="selectUnChargedStartDate" time="4.292"/>
  <system-out/>
  <testcase classname="com.selenium.SiteReports" name="selectUnChargedEndDate" time="2.015"/>
  <system-out/>
  <testcase classname="com.selenium.SiteReports" name="selectUnChargedVehicleCount" time="2.043"/>
  <system-out/>
  <testcase classname="com.selenium.SiteReports" name="nextPage" time="3.273"/>
  <system-out/>
  <testcase classname="com.selenium.SiteReports" name="unChargedVehiclesTable" time="15.041"/>
  <system-out/>
  <testcase classname="com.selenium.SiteReports" name="validateVehicleNumber" time="0.072"/>
  <system-out/>
  <testcase classname="com.selenium.SiteReports" name="validateUnchargedVehicleType" time="0.069"/>
  <system-out/>
  <testcase classname="com.selenium.SiteReports" name="validateTicketNo" time="0.069"/>
  <system-out/>
  <testcase classname="com.selenium.SiteReports" name="compareEntryExitDateTime" time="0.058"/>
  <system-out/>
  <testcase classname="com.selenium.SiteReports" name="searchUnChargedVehicle" time="11.134"/>
  <system-out/>
  <testcase classname="com.selenium.SiteReports" name="verifyUnChargedTransactionTypeENTRY" time="0.024"/>
  <system-out/>
  <testcase classname="com.selenium.SiteReports" name="searchUnChargedTransNormal" time="11.130"/>
  <system-out/>
  <testcase classname="com.selenium.SiteReports" name="verifyTransactionTypeNormal" time="0.019"/>
  <system-out/>
  <testcase classname="com.selenium.SiteReports" name="logout" time="2.278"/>
  <system-out/>
</testsuite> <!-- com.selenium.SiteReports -->
