<?xml version="1.0" encoding="UTF-8"?>
<!-- Generated by org.testng.reporters.JUnitReportReporter -->
<testsuite hostname="iramtech-Vostro-3470" failures="0" tests="69" name="com.selenium.UnAccountedReports" time="161.080" errors="0" timestamp="2024-02-01T15:22:15 IST" skipped="0">
  <testcase classname="com.selenium.UnAccountedReports" name="login" time="6.248"/>
  <system-out/>
  <testcase classname="com.selenium.UnAccountedReports" name="revenueDashboardOpen" time="5.312"/>
  <system-out/>
  <testcase classname="com.selenium.UnAccountedReports" name="redirectUnAccountedReportsPage" time="4.458"/>
  <system-out/>
  <testcase classname="com.selenium.UnAccountedReports" name="viewUnAccountedSiteList" time="3.001"/>
  <system-out/>
  <testcase classname="com.selenium.UnAccountedReports" name="selectDevicemPOS" time="2.063"/>
  <system-out/>
  <testcase classname="com.selenium.UnAccountedReports" name="mPOSDatesEnabled" time="4.844"/>
  <system-out/>
  <testcase classname="com.selenium.UnAccountedReports" name="selectMPOSStartDate" time="4.053"/>
  <system-out/>
  <testcase classname="com.selenium.UnAccountedReports" name="selectMPOSEndDate" time="2.003"/>
  <system-out/>
  <testcase classname="com.selenium.UnAccountedReports" name="selectMPOSListCount" time="2.054"/>
  <system-out/>
  <testcase classname="com.selenium.UnAccountedReports" name="getUnAccountedTableDataMPOS" time="6.028"/>
  <system-out/>
  <testcase classname="com.selenium.UnAccountedReports" name="searchMPOSVehicleNumber" time="4.080"/>
  <system-out/>
  <testcase classname="com.selenium.UnAccountedReports" name="validateMPOSTicketNo" time="0.032"/>
  <system-out/>
  <testcase classname="com.selenium.UnAccountedReports" name="validateMPOSVehicleNumber" time="0.021"/>
  <system-out/>
  <testcase classname="com.selenium.UnAccountedReports" name="validateMPOSMobileNumber" time="0.017"/>
  <system-out/>
  <testcase classname="com.selenium.UnAccountedReports" name="validateMPOSVehicleType" time="0.010"/>
  <system-out/>
  <testcase classname="com.selenium.UnAccountedReports" name="validateMPOSAmount" time="0.008"/>
  <system-out/>
  <testcase classname="com.selenium.UnAccountedReports" name="validateMPOSDisCountedAmount" time="0.008"/>
  <system-out/>
  <testcase classname="com.selenium.UnAccountedReports" name="validateMPOSPaymentType" time="0.007"/>
  <system-out/>
  <testcase classname="com.selenium.UnAccountedReports" name="validateMPOSStatus" time="0.009"/>
  <system-out/>
  <testcase classname="com.selenium.UnAccountedReports" name="validateMPOSType" time="0.008"/>
  <system-out/>
  <testcase classname="com.selenium.UnAccountedReports" name="selectDeviceAndroid" time="2.049"/>
  <system-out/>
  <testcase classname="com.selenium.UnAccountedReports" name="androidDatesEnabled" time="4.879"/>
  <system-out/>
  <testcase classname="com.selenium.UnAccountedReports" name="selectANDROIDStartDate" time="8.726"/>
  <system-out/>
  <testcase classname="com.selenium.UnAccountedReports" name="selectANDROIDEndDate" time="11.485"/>
  <system-out/>
  <testcase classname="com.selenium.UnAccountedReports" name="selectANDROIDListCount" time="2.299"/>
  <system-out/>
  <testcase classname="com.selenium.UnAccountedReports" name="unAccountedTableANDROID" time="6.030"/>
  <system-out/>
  <testcase classname="com.selenium.UnAccountedReports" name="searchANDROIDVehicleNumber" time="4.100"/>
  <system-out/>
  <testcase classname="com.selenium.UnAccountedReports" name="validateANDROIDTicketNo" time="0.019"/>
  <system-out/>
  <testcase classname="com.selenium.UnAccountedReports" name="validateANDROIDVehicleNumber" time="0.013"/>
  <system-out/>
  <testcase classname="com.selenium.UnAccountedReports" name="validateANDROIDMobileNumber" time="0.012"/>
  <system-out/>
  <testcase classname="com.selenium.UnAccountedReports" name="validateANDROIDVehicleType" time="0.010"/>
  <system-out/>
  <testcase classname="com.selenium.UnAccountedReports" name="validateANDROIDAmount" time="0.010"/>
  <system-out/>
  <testcase classname="com.selenium.UnAccountedReports" name="validateANDROIDDisCountedAmount" time="0.011"/>
  <system-out/>
  <testcase classname="com.selenium.UnAccountedReports" name="validateANDROIDPaymentType" time="0.011"/>
  <system-out/>
  <testcase classname="com.selenium.UnAccountedReports" name="validateANDROIDStatus" time="0.011"/>
  <system-out/>
  <testcase classname="com.selenium.UnAccountedReports" name="validateANDROIDType" time="0.009"/>
  <system-out/>
  <testcase classname="com.selenium.UnAccountedReports" name="selectDeviceiOS" time="2.041"/>
  <system-out/>
  <testcase classname="com.selenium.UnAccountedReports" name="iOSDatesEnabled" time="1.052"/>
  <system-out/>
  <testcase classname="com.selenium.UnAccountedReports" name="selectiOSStartDate" time="8.728"/>
  <system-out/>
  <testcase classname="com.selenium.UnAccountedReports" name="selectiOSEndDate" time="11.516"/>
  <system-out/>
  <testcase classname="com.selenium.UnAccountedReports" name="selectiOSListCount" time="2.036"/>
  <system-out/>
  <testcase classname="com.selenium.UnAccountedReports" name="unAccountedTableiOS" time="6.023"/>
  <system-out/>
  <testcase classname="com.selenium.UnAccountedReports" name="searchiOSVehicleNumber" time="4.047"/>
  <system-out/>
  <testcase classname="com.selenium.UnAccountedReports" name="validateiOSTicketNo" time="0.012"/>
  <system-out/>
  <testcase classname="com.selenium.UnAccountedReports" name="validateiOSVehicleNumber" time="0.006"/>
  <system-out/>
  <testcase classname="com.selenium.UnAccountedReports" name="validateiOSMobileNumber" time="0.006"/>
  <system-out/>
  <testcase classname="com.selenium.UnAccountedReports" name="validateiOSVehicleType" time="0.008"/>
  <system-out/>
  <testcase classname="com.selenium.UnAccountedReports" name="validateiOSAmount" time="0.007"/>
  <system-out/>
  <testcase classname="com.selenium.UnAccountedReports" name="validateiOSDisCountedAmount" time="0.008"/>
  <system-out/>
  <testcase classname="com.selenium.UnAccountedReports" name="validateiOSPaymentType" time="0.007"/>
  <system-out/>
  <testcase classname="com.selenium.UnAccountedReports" name="validateiOSStatus" time="0.007"/>
  <system-out/>
  <testcase classname="com.selenium.UnAccountedReports" name="validateiOSType" time="0.007"/>
  <system-out/>
  <testcase classname="com.selenium.UnAccountedReports" name="selectDeviceMobileMPOS" time="2.019"/>
  <system-out/>
  <testcase classname="com.selenium.UnAccountedReports" name="mobileMPOSDatesEnabled" time="4.775"/>
  <system-out/>
  <testcase classname="com.selenium.UnAccountedReports" name="selectMobileMOSStartDate" time="8.731"/>
  <system-out/>
  <testcase classname="com.selenium.UnAccountedReports" name="selectMobileMPOSEndDate" time="11.551"/>
  <system-out/>
  <testcase classname="com.selenium.UnAccountedReports" name="selectMobileMPOSListCount" time="2.037"/>
  <system-out/>
  <testcase classname="com.selenium.UnAccountedReports" name="unAccountedTableMobileMPOS" time="6.021"/>
  <system-out/>
  <testcase classname="com.selenium.UnAccountedReports" name="searchVehicleNumber" time="4.051"/>
  <system-out/>
  <testcase classname="com.selenium.UnAccountedReports" name="validateMmPOSTicketNo" time="0.031"/>
  <system-out/>
  <testcase classname="com.selenium.UnAccountedReports" name="validateMmPOSVehicleNumber" time="0.019"/>
  <system-out/>
  <testcase classname="com.selenium.UnAccountedReports" name="validateMmPOSMobileNumber" time="0.020"/>
  <system-out/>
  <testcase classname="com.selenium.UnAccountedReports" name="validateMmPOSVehicleType" time="0.019"/>
  <system-out/>
  <testcase classname="com.selenium.UnAccountedReports" name="validateMmPOSAmount" time="0.019"/>
  <system-out/>
  <testcase classname="com.selenium.UnAccountedReports" name="validateMmPOSDisCountedAmount" time="0.018"/>
  <system-out/>
  <testcase classname="com.selenium.UnAccountedReports" name="validateMmPOSPaymentType" time="0.017"/>
  <system-out/>
  <testcase classname="com.selenium.UnAccountedReports" name="validateMmPOSStatus" time="0.018"/>
  <system-out/>
  <testcase classname="com.selenium.UnAccountedReports" name="validateMmPOSType" time="0.019"/>
  <system-out/>
  <testcase classname="com.selenium.UnAccountedReports" name="logout" time="2.266"/>
  <system-out/>
</testsuite> <!-- com.selenium.UnAccountedReports -->
