<?xml version="1.0" encoding="UTF-8"?>
<!-- Generated by org.testng.reporters.JUnitReportReporter -->
<testsuite hostname="iramtech-Vostro-3470" failures="0" tests="126" name="com.selenium.MobileReports" time="217.183" errors="0" timestamp="2024-02-01T15:22:15 IST" skipped="0">
  <testcase classname="com.selenium.MobileReports" name="login" time="5.538"/>
  <system-out/>
  <testcase classname="com.selenium.MobileReports" name="revenueDashboardOpen" time="5.198"/>
  <system-out/>
  <testcase classname="com.selenium.MobileReports" name="reportsAnalyticsPage" time="2.034"/>
  <system-out/>
  <testcase classname="com.selenium.MobileReports" name="mobileReportsPage" time="2.010"/>
  <system-out/>
  <testcase classname="com.selenium.MobileReports" name="mobileReportsOneDay" time="1.218"/>
  <system-out/>
  <testcase classname="com.selenium.MobileReports" name="selectAndroid" time="2.004"/>
  <system-out/>
  <testcase classname="com.selenium.MobileReports" name="selectOneDayVehicleTypeAll" time="5.077"/>
  <system-out/>
  <testcase classname="com.selenium.MobileReports" name="dayRSubmitButton" time="0.007"/>
  <system-out/>
  <testcase classname="com.selenium.MobileReports" name="mobileDayRViewDetails" time="0.008"/>
  <system-out/>
  <testcase classname="com.selenium.MobileReports" name="dayRPopUPClose" time="2.018"/>
  <system-out/>
  <testcase classname="com.selenium.MobileReports" name="getDayMobileRevenue" time="0.004"/>
  <system-out/>
  <testcase classname="com.selenium.MobileReports" name="selectVehicleTypeTwo" time="5.058"/>
  <system-out/>
  <testcase classname="com.selenium.MobileReports" name="dayRSubmitButtonTwo" time="0.003"/>
  <system-out/>
  <testcase classname="com.selenium.MobileReports" name="dayRevenueViewDetailsTWO" time="0.003"/>
  <system-out/>
  <testcase classname="com.selenium.MobileReports" name="dayRPopUPCloseTWO" time="2.016"/>
  <system-out/>
  <testcase classname="com.selenium.MobileReports" name="getDayRevenueTWO" time="0.007"/>
  <system-out/>
  <testcase classname="com.selenium.MobileReports" name="selectVehicleTypeFOUR" time="5.038"/>
  <system-out/>
  <testcase classname="com.selenium.MobileReports" name="dayRSubmitButtonFOUR" time="0.009"/>
  <system-out/>
  <testcase classname="com.selenium.MobileReports" name="dayRViewDetailsFOUR" time="0.009"/>
  <system-out/>
  <testcase classname="com.selenium.MobileReports" name="dayRevenuePopUPCloseFOUR" time="2.018"/>
  <system-out/>
  <testcase classname="com.selenium.MobileReports" name="getDayRevenueFOUR" time="0.009"/>
  <system-out/>
  <testcase classname="com.selenium.MobileReports" name="selectIOS" time="2.004"/>
  <system-out/>
  <testcase classname="com.selenium.MobileReports" name="selectIOSAll" time="5.056"/>
  <system-out/>
  <testcase classname="com.selenium.MobileReports" name="dayRSubmitButtonIOS" time="0.002"/>
  <system-out/>
  <testcase classname="com.selenium.MobileReports" name="dayRViewDetailsIOS" time="0.003"/>
  <system-out/>
  <testcase classname="com.selenium.MobileReports" name="dayRevenuePopUPCloseIOS" time="2.006"/>
  <system-out/>
  <testcase classname="com.selenium.MobileReports" name="getDayMobileRevenueIOS" time="0.003"/>
  <system-out/>
  <testcase classname="com.selenium.MobileReports" name="selectOneDayTypeTwoIOS" time="5.062"/>
  <system-out/>
  <testcase classname="com.selenium.MobileReports" name="dayRSubmitButtonTwoIOS" time="0.008"/>
  <system-out/>
  <testcase classname="com.selenium.MobileReports" name="dayRViewDetailsTWOIOS" time="0.008"/>
  <system-out/>
  <testcase classname="com.selenium.MobileReports" name="dayRPopUPCloseTWOIOS" time="2.019"/>
  <system-out/>
  <testcase classname="com.selenium.MobileReports" name="getDayRevenueTWOIOS" time="0.007"/>
  <system-out/>
  <testcase classname="com.selenium.MobileReports" name="selectOneDayTypeFOURIOS" time="5.083"/>
  <system-out/>
  <testcase classname="com.selenium.MobileReports" name="dayRSubmitButtonFOURIOS" time="0.008"/>
  <system-out/>
  <testcase classname="com.selenium.MobileReports" name="dayViewDetailsFOURIOS" time="0.007"/>
  <system-out/>
  <testcase classname="com.selenium.MobileReports" name="dayRPopUPCloseFOURIOS" time="2.007"/>
  <system-out/>
  <testcase classname="com.selenium.MobileReports" name="getDayRevenueFOURIOS" time="0.002"/>
  <system-out/>
  <testcase classname="com.selenium.MobileReports" name="mobileReportsWEEK" time="1.237"/>
  <system-out/>
  <testcase classname="com.selenium.MobileReports" name="selectAndroidWEEK" time="2.007"/>
  <system-out/>
  <testcase classname="com.selenium.MobileReports" name="selectAllWEEK" time="5.060"/>
  <system-out/>
  <testcase classname="com.selenium.MobileReports" name="weekRSubmitButton" time="0.007"/>
  <system-out/>
  <testcase classname="com.selenium.MobileReports" name="weekRViewDetails" time="0.014"/>
  <system-out/>
  <testcase classname="com.selenium.MobileReports" name="weekRPopUPClose" time="2.027"/>
  <system-out/>
  <testcase classname="com.selenium.MobileReports" name="getWEEKMobileRevenueALL" time="0.009"/>
  <system-out/>
  <testcase classname="com.selenium.MobileReports" name="weeklyAndroidTypeTwo" time="5.075"/>
  <system-out/>
  <testcase classname="com.selenium.MobileReports" name="weekAndroidSubmitButtonTwo" time="0.004"/>
  <system-out/>
  <testcase classname="com.selenium.MobileReports" name="weeklyAndroidViewDetailsTWO" time="0.003"/>
  <system-out/>
  <testcase classname="com.selenium.MobileReports" name="weekRPopUPCloseTWO" time="2.023"/>
  <system-out/>
  <testcase classname="com.selenium.MobileReports" name="getWeekRevenueTWO" time="0.009"/>
  <system-out/>
  <testcase classname="com.selenium.MobileReports" name="weeklyAndroidTypeFour" time="5.072"/>
  <system-out/>
  <testcase classname="com.selenium.MobileReports" name="weeklyAndroidSubmitButtonFOUR" time="0.004"/>
  <system-out/>
  <testcase classname="com.selenium.MobileReports" name="weeklyAndroidViewDetailsFOUR" time="0.003"/>
  <system-out/>
  <testcase classname="com.selenium.MobileReports" name="weeklyAndroidPopUPCloseFOUR" time="2.010"/>
  <system-out/>
  <testcase classname="com.selenium.MobileReports" name="getWeekRevenueFOUR" time="0.003"/>
  <system-out/>
  <testcase classname="com.selenium.MobileReports" name="selectIOSWEEK" time="2.007"/>
  <system-out/>
  <testcase classname="com.selenium.MobileReports" name="weekyIOSTypeAll" time="5.069"/>
  <system-out/>
  <testcase classname="com.selenium.MobileReports" name="weeklyIOSSubmitButtonAll" time="0.007"/>
  <system-out/>
  <testcase classname="com.selenium.MobileReports" name="weeklyIOSViewDetailsAll" time="0.007"/>
  <system-out/>
  <testcase classname="com.selenium.MobileReports" name="weeklyIOSPopUPCloseAll" time="2.007"/>
  <system-out/>
  <testcase classname="com.selenium.MobileReports" name="getWeekMobileRevenueIOS" time="0.003"/>
  <system-out/>
  <testcase classname="com.selenium.MobileReports" name="selectWEEKTypeTwoIOS" time="5.043"/>
  <system-out/>
  <testcase classname="com.selenium.MobileReports" name="weeklyIOSSubmitButtonTwo" time="0.004"/>
  <system-out/>
  <testcase classname="com.selenium.MobileReports" name="weeklyIOSViewDetailsTwo" time="0.006"/>
  <system-out/>
  <testcase classname="com.selenium.MobileReports" name="weeklyIOSPopUPCloseTwo" time="2.007"/>
  <system-out/>
  <testcase classname="com.selenium.MobileReports" name="getWeekRevenueTwoIOS" time="0.002"/>
  <system-out/>
  <testcase classname="com.selenium.MobileReports" name="selectWEEKTypeFOURIOS" time="5.050"/>
  <system-out/>
  <testcase classname="com.selenium.MobileReports" name="weeklyIOSSubmitButtonFOUR" time="0.007"/>
  <system-out/>
  <testcase classname="com.selenium.MobileReports" name="weeklyIOSViewDetailsFOUR" time="0.007"/>
  <system-out/>
  <testcase classname="com.selenium.MobileReports" name="weeklyIOSPopUPCloseFOUR" time="2.016"/>
  <system-out/>
  <testcase classname="com.selenium.MobileReports" name="getWeekRevenueFOURIOS" time="0.008"/>
  <system-out/>
  <testcase classname="com.selenium.MobileReports" name="mobileReportsMonth" time="1.231"/>
  <system-out/>
  <testcase classname="com.selenium.MobileReports" name="selectMonthAndroid" time="2.007"/>
  <system-out/>
  <testcase classname="com.selenium.MobileReports" name="monthlyAndroidTypeAll" time="5.060"/>
  <system-out/>
  <testcase classname="com.selenium.MobileReports" name="monthlyAndroidSubmitButtonAll" time="0.006"/>
  <system-out/>
  <testcase classname="com.selenium.MobileReports" name="monthlyAndroidViewDetailsAll" time="0.006"/>
  <system-out/>
  <testcase classname="com.selenium.MobileReports" name="monthlyAndroidPopUPCloseAll" time="2.016"/>
  <system-out/>
  <testcase classname="com.selenium.MobileReports" name="getMonthMobileRevenue" time="0.008"/>
  <system-out/>
  <testcase classname="com.selenium.MobileReports" name="monthlyAndroidTypeTwo" time="5.064"/>
  <system-out/>
  <testcase classname="com.selenium.MobileReports" name="monthlyAndroidSubmitButtonTwo" time="0.007"/>
  <system-out/>
  <testcase classname="com.selenium.MobileReports" name="monthlyAndroidViewDetailsTwo" time="0.012"/>
  <system-out/>
  <testcase classname="com.selenium.MobileReports" name="monthlyAndroidPopUPCloseTwo" time="2.016"/>
  <system-out/>
  <testcase classname="com.selenium.MobileReports" name="getMonthRevenueTWO" time="0.004"/>
  <system-out/>
  <testcase classname="com.selenium.MobileReports" name="selectMonthTypeFOUR" time="5.061"/>
  <system-out/>
  <testcase classname="com.selenium.MobileReports" name="monthlyAndroidSubmitButtonFOUR" time="0.009"/>
  <system-out/>
  <testcase classname="com.selenium.MobileReports" name="monthlyAndroidViewDetailsFOUR" time="0.006"/>
  <system-out/>
  <testcase classname="com.selenium.MobileReports" name="monthlyAndroidPopUPCloseFOUR" time="2.017"/>
  <system-out/>
  <testcase classname="com.selenium.MobileReports" name="getMonthRevenueFOUR" time="0.007"/>
  <system-out/>
  <testcase classname="com.selenium.MobileReports" name="selectMonthIOS" time="2.005"/>
  <system-out/>
  <testcase classname="com.selenium.MobileReports" name="monthlyIOSTypeAll" time="5.070"/>
  <system-out/>
  <testcase classname="com.selenium.MobileReports" name="monthlyIOSSubmitButtonAll" time="0.007"/>
  <system-out/>
  <testcase classname="com.selenium.MobileReports" name="monthlyIOSViewDetailsAll" time="0.007"/>
  <system-out/>
  <testcase classname="com.selenium.MobileReports" name="monthlyIOSPopUPCloseAll" time="2.023"/>
  <system-out/>
  <testcase classname="com.selenium.MobileReports" name="getMonthMobileRevenueIOS" time="0.010"/>
  <system-out/>
  <testcase classname="com.selenium.MobileReports" name="selectMonthTypeTwoIOS" time="5.067"/>
  <system-out/>
  <testcase classname="com.selenium.MobileReports" name="monthlyIOSSubmitButtonTwo" time="0.007"/>
  <system-out/>
  <testcase classname="com.selenium.MobileReports" name="monthlyIOSViewDetailsTwo" time="0.007"/>
  <system-out/>
  <testcase classname="com.selenium.MobileReports" name="monthlyIOSPopUPCloseTwo" time="2.018"/>
  <system-out/>
  <testcase classname="com.selenium.MobileReports" name="getMonthRevenueTWOIOS" time="0.005"/>
  <system-out/>
  <testcase classname="com.selenium.MobileReports" name="selectMonthTypeFOURIOS" time="5.056"/>
  <system-out/>
  <testcase classname="com.selenium.MobileReports" name="monthlyIOSSubmitButtonFOUR" time="0.003"/>
  <system-out/>
  <testcase classname="com.selenium.MobileReports" name="monthlyIOSViewDetailsFOUR" time="0.004"/>
  <system-out/>
  <testcase classname="com.selenium.MobileReports" name="monthlyIOSPopUPCloseFOUR" time="2.025"/>
  <system-out/>
  <testcase classname="com.selenium.MobileReports" name="getMonthRevenueFOURIOS" time="0.007"/>
  <system-out/>
  <testcase classname="com.selenium.MobileReports" name="selectMobileRevenueStartDate" time="8.715"/>
  <system-out/>
  <testcase classname="com.selenium.MobileReports" name="selectMobileRevenueEndDate" time="11.493"/>
  <system-out/>
  <testcase classname="com.selenium.MobileReports" name="mobileTransactions" time="2.007"/>
  <system-out/>
  <testcase classname="com.selenium.MobileReports" name="mobileTransactionDates" time="2.009"/>
  <system-out/>
  <testcase classname="com.selenium.MobileReports" name="selectTransactionsAndroid" time="2.006"/>
  <system-out/>
  <testcase classname="com.selenium.MobileReports" name="selectTransactionsVehicleTypeTwo" time="5.073"/>
  <system-out/>
  <testcase classname="com.selenium.MobileReports" name="transSubmitBtnTwo" time="0.009"/>
  <system-out/>
  <testcase classname="com.selenium.MobileReports" name="transViewDetailsTWO" time="0.011"/>
  <system-out/>
  <testcase classname="com.selenium.MobileReports" name="dayTransPopUPCloseTWO" time="2.005"/>
  <system-out/>
  <testcase classname="com.selenium.MobileReports" name="selectTransactionsTypeFOUR" time="5.065"/>
  <system-out/>
  <testcase classname="com.selenium.MobileReports" name="dayTransSubmitBtnFOUR" time="0.007"/>
  <system-out/>
  <testcase classname="com.selenium.MobileReports" name="dayTransViewDetailsFOUR" time="0.009"/>
  <system-out/>
  <testcase classname="com.selenium.MobileReports" name="dayTransPopUPCloseFOUR" time="2.008"/>
  <system-out/>
  <testcase classname="com.selenium.MobileReports" name="selectTransIOS" time="2.007"/>
  <system-out/>
  <testcase classname="com.selenium.MobileReports" name="selectTransactionsTypeTwoIOS" time="5.073"/>
  <system-out/>
  <testcase classname="com.selenium.MobileReports" name="transSubmitBtnTwoIOS" time="0.006"/>
  <system-out/>
  <testcase classname="com.selenium.MobileReports" name="transViewDetailsTWOIOS" time="0.009"/>
  <system-out/>
  <testcase classname="com.selenium.MobileReports" name="transPopUPCloseTWOIOS" time="2.009"/>
  <system-out/>
  <testcase classname="com.selenium.MobileReports" name="selectTransactionsTypeFourIOS" time="5.066"/>
  <system-out/>
  <testcase classname="com.selenium.MobileReports" name="transSubmitBtnFourIOS" time="0.007"/>
  <system-out/>
  <testcase classname="com.selenium.MobileReports" name="transViewDetailsFourIOS" time="0.007"/>
  <system-out/>
  <testcase classname="com.selenium.MobileReports" name="transPopUPCloseFourIOS" time="2.007"/>
  <system-out/>
  <testcase classname="com.selenium.MobileReports" name="logout" time="2.329"/>
  <system-out/>
</testsuite> <!-- com.selenium.MobileReports -->
