<?xml version="1.0" encoding="UTF-8"?>
<!-- Generated by org.testng.reporters.JUnitReportReporter -->
<testsuite hostname="iramtech-Vostro-3470" failures="0" tests="25" name="com.selenium.Slot_Analysis" time="58.072" errors="0" timestamp="2024-02-01T15:22:15 IST" skipped="0">
  <testcase classname="com.selenium.Slot_Analysis" name="login" time="7.773"/>
  <system-out/>
  <testcase classname="com.selenium.Slot_Analysis" name="revenueDashboardOpen" time="5.193"/>
  <system-out/>
  <testcase classname="com.selenium.Slot_Analysis" name="reportsAnalyticsPage" time="2.300"/>
  <system-out/>
  <testcase classname="com.selenium.Slot_Analysis" name="redirectSlotAnalysis" time="2.011"/>
  <system-out/>
  <testcase classname="com.selenium.Slot_Analysis" name="SlotAnalysis_selectSite" time="3.008"/>
  <system-out/>
  <testcase classname="com.selenium.Slot_Analysis" name="getSlot_AnalysisTab" time="0.014"/>
  <system-out/>
  <testcase classname="com.selenium.Slot_Analysis" name="dayHour_Occupancy_Dates" time="0.008"/>
  <system-out/>
  <testcase classname="com.selenium.Slot_Analysis" name="dayHour_Occupancy_Menu_ToClickSgv" time="2.006"/>
  <system-out/>
  <testcase classname="com.selenium.Slot_Analysis" name="dayHour_Occupancy_Sgv" time="2.008"/>
  <system-out/>
  <testcase classname="com.selenium.Slot_Analysis" name="dayHour_Occupancy_Menu_ToClickPng" time="2.008"/>
  <system-out/>
  <testcase classname="com.selenium.Slot_Analysis" name="dayHour_Occupancy_Png" time="3.007"/>
  <system-out/>
  <testcase classname="com.selenium.Slot_Analysis" name="peakHoursTab" time="2.087"/>
  <system-out/>
  <testcase classname="com.selenium.Slot_Analysis" name="select_PeakHours_TwoWheeler" time="2.003"/>
  <system-out/>
  <testcase classname="com.selenium.Slot_Analysis" name="peakHour_Dates_2W" time="1.008"/>
  <system-out/>
  <testcase classname="com.selenium.Slot_Analysis" name="select_PeakHours_FourWheeler" time="2.009"/>
  <system-out/>
  <testcase classname="com.selenium.Slot_Analysis" name="peakHour_Dates_4W" time="1.008"/>
  <system-out/>
  <testcase classname="com.selenium.Slot_Analysis" name="slotAvgDuration_Tab" time="2.206"/>
  <system-out/>
  <testcase classname="com.selenium.Slot_Analysis" name="slotAvgDuration_Dates" time="1.007"/>
  <system-out/>
  <testcase classname="com.selenium.Slot_Analysis" name="slotRotation_Tab" time="2.083"/>
  <system-out/>
  <testcase classname="com.selenium.Slot_Analysis" name="slotRotation_Dates" time="1.004"/>
  <system-out/>
  <testcase classname="com.selenium.Slot_Analysis" name="slotRotation_Menu_ToClickSgv" time="2.007"/>
  <system-out/>
  <testcase classname="com.selenium.Slot_Analysis" name="slotRotation_Sgv" time="2.007"/>
  <system-out/>
  <testcase classname="com.selenium.Slot_Analysis" name="slotRotation_Menu_ToClickPng" time="2.006"/>
  <system-out/>
  <testcase classname="com.selenium.Slot_Analysis" name="slotRotation_Png" time="3.004"/>
  <system-out/>
  <testcase classname="com.selenium.Slot_Analysis" name="logout" time="5.297"/>
  <system-out/>
</testsuite> <!-- com.selenium.Slot_Analysis -->
