<?xml version="1.0" encoding="UTF-8"?>
<!-- Generated by org.testng.reporters.JUnitReportReporter -->
<testsuite hostname="iramtech-Vostro-3470" failures="0" tests="13" name="com.selenium.Feedback" time="72.354" errors="0" timestamp="2024-02-01T15:22:15 IST" skipped="0">
  <testcase classname="com.selenium.Feedback" name="login" time="7.489"/>
  <system-out/>
  <testcase classname="com.selenium.Feedback" name="revenueDashboard" time="5.193"/>
  <system-out/>
  <testcase classname="com.selenium.Feedback" name="redirectFeedBackPage" time="3.229"/>
  <system-out/>
  <testcase classname="com.selenium.Feedback" name="selectFeedbackSitesList" time="8.601"/>
  <system-out/>
  <testcase classname="com.selenium.Feedback" name="feedbackDatesEnabled" time="3.710"/>
  <system-out/>
  <testcase classname="com.selenium.Feedback" name="selectFeedbackStartDate" time="7.712"/>
  <system-out/>
  <testcase classname="com.selenium.Feedback" name="selectFeedbackEndDate" time="8.468"/>
  <system-out/>
  <testcase classname="com.selenium.Feedback" name="clickComplaintsTab" time="5.213"/>
  <system-out/>
  <testcase classname="com.selenium.Feedback" name="selectComplaintSitesList" time="8.509"/>
  <system-out/>
  <testcase classname="com.selenium.Feedback" name="complaintsDatesEnabled" time="3.710"/>
  <system-out/>
  <testcase classname="com.selenium.Feedback" name="selectComplaintStartDate" time="3.243"/>
  <system-out/>
  <testcase classname="com.selenium.Feedback" name="selectComplaintEndDate" time="2.005"/>
  <system-out/>
  <testcase classname="com.selenium.Feedback" name="logout" time="5.272"/>
  <system-out/>
</testsuite> <!-- com.selenium.Feedback -->
