<?xml version="1.0" encoding="UTF-8"?>
<!-- Generated by org.testng.reporters.JUnitReportReporter -->
<testsuite hostname="iramtech-Vostro-3470" failures="0" tests="20" name="com.selenium.ReservationReports" time="74.982" errors="0" timestamp="2024-02-01T15:22:15 IST" skipped="0">
  <testcase classname="com.selenium.ReservationReports" name="login" time="6.486"/>
  <system-out/>
  <testcase classname="com.selenium.ReservationReports" name="revenueDashboardOpen" time="5.211"/>
  <system-out/>
  <testcase classname="com.selenium.ReservationReports" name="redirectReservationReportsPage" time="4.353"/>
  <system-out/>
  <testcase classname="com.selenium.ReservationReports" name="selectReservationSitesList" time="0.018"/>
  <system-out/>
  <testcase classname="com.selenium.ReservationReports" name="reservationReportDateEnabled" time="4.853"/>
  <system-out/>
  <testcase classname="com.selenium.ReservationReports" name="selectReservationStartDate" time="8.796"/>
  <system-out/>
  <testcase classname="com.selenium.ReservationReports" name="selectReservationEndDate" time="11.495"/>
  <system-out/>
  <testcase classname="com.selenium.ReservationReports" name="selectCountReservations" time="2.266"/>
  <system-out/>
  <testcase classname="com.selenium.ReservationReports" name="selectReservations" time="2.029"/>
  <system-out/>
  <testcase classname="com.selenium.ReservationReports" name="getreservationsList" time="0.141"/>
  <system-out/>
  <testcase classname="com.selenium.ReservationReports" name="compareRerservationsReserveExpiryTime" time="0.067"/>
  <system-out/>
  <testcase classname="com.selenium.ReservationReports" name="selectPasses" time="4.073"/>
  <system-out/>
  <testcase classname="com.selenium.ReservationReports" name="getPassesList" time="1.336"/>
  <system-out/>
  <testcase classname="com.selenium.ReservationReports" name="comparePassesReserveExpiryTime" time="0.441"/>
  <system-out/>
  <testcase classname="com.selenium.ReservationReports" name="selectGuestpasses" time="4.043"/>
  <system-out/>
  <testcase classname="com.selenium.ReservationReports" name="getGuestPassesList" time="5.025"/>
  <system-out/>
  <testcase classname="com.selenium.ReservationReports" name="compareEntryExitDateTime" time="5.025"/>
  <system-out/>
  <testcase classname="com.selenium.ReservationReports" name="guestPassesViewButton" time="2.011"/>
  <system-out/>
  <testcase classname="com.selenium.ReservationReports" name="guestPassPopUpClose" time="2.011"/>
  <system-out/>
  <testcase classname="com.selenium.ReservationReports" name="logout" time="5.302"/>
  <system-out/>
</testsuite> <!-- com.selenium.ReservationReports -->
