<?xml version="1.0" encoding="UTF-8"?>
<!-- Generated by org.testng.reporters.JUnitReportReporter -->
<testsuite hostname="iramtech-Vostro-3470" failures="0" tests="15" name="com.selenium.PayUReports" time="156.675" errors="0" timestamp="2024-02-01T15:22:15 IST" skipped="0">
  <testcase classname="com.selenium.PayUReports" name="login" time="5.525"/>
  <system-out/>
  <testcase classname="com.selenium.PayUReports" name="redirectRevenueDashboard" time="5.205"/>
  <system-out/>
  <testcase classname="com.selenium.PayUReports" name="redirectPayUReportsPage" time="6.441"/>
  <system-out/>
  <testcase classname="com.selenium.PayUReports" name="payUDatesEnabled" time="1.061"/>
  <system-out/>
  <testcase classname="com.selenium.PayUReports" name="payUReportCount" time="5.277"/>
  <system-out/>
  <testcase classname="com.selenium.PayUReports" name="selectPayUStartDate" time="8.753"/>
  <system-out/>
  <testcase classname="com.selenium.PayUReports" name="selectPayUEndDate" time="16.862"/>
  <system-out/>
  <testcase classname="com.selenium.PayUReports" name="downloadPayUReportCSVfile" time="2.272"/>
  <system-out/>
  <testcase classname="com.selenium.PayUReports" name="downloadPayUReportPDFfile" time="7.037"/>
  <system-out/>
  <testcase classname="com.selenium.PayUReports" name="nextPage" time="5.046"/>
  <system-out/>
  <testcase classname="com.selenium.PayUReports" name="payUReportsTable" time="82.883"/>
  <system-out/>
  <testcase classname="com.selenium.PayUReports" name="validatePayUAmount" time="0.180"/>
  <system-out/>
  <testcase classname="com.selenium.PayUReports" name="validatePayUStatus" time="0.142"/>
  <system-out/>
  <testcase classname="com.selenium.PayUReports" name="againDownloadCsv" time="2.242"/>
  <system-out/>
  <testcase classname="com.selenium.PayUReports" name="againDownloadPdf" time="7.749"/>
  <system-out/>
</testsuite> <!-- com.selenium.PayUReports -->
