<?xml version="1.0" encoding="UTF-8"?>
<!-- Generated by org.testng.reporters.JUnitReportReporter -->
<testsuite hostname="iramtech-Vostro-3470" failures="0" tests="13" name="com.selenium.AttenderLiveSessions" time="55.289" errors="0" timestamp="2024-02-01T15:22:15 IST" skipped="0">
  <testcase classname="com.selenium.AttenderLiveSessions" name="login" time="6.158"/>
  <system-out/>
  <testcase classname="com.selenium.AttenderLiveSessions" name="revenueDashboard" time="5.229"/>
  <system-out/>
  <testcase classname="com.selenium.AttenderLiveSessions" name="attenderLiveSessionsPage" time="3.705"/>
  <system-out/>
  <testcase classname="com.selenium.AttenderLiveSessions" name="selectSitesList" time="8.597"/>
  <system-out/>
  <testcase classname="com.selenium.AttenderLiveSessions" name="attenderSessionCount" time="5.299"/>
  <system-out/>
  <testcase classname="com.selenium.AttenderLiveSessions" name="clickLogoutButton" time="0.342"/>
  <system-out/>
  <testcase classname="com.selenium.AttenderLiveSessions" name="confirmAttenderLogoutAction" time="0.300"/>
  <system-out/>
  <testcase classname="com.selenium.AttenderLiveSessions" name="selectReason" time="3.294"/>
  <system-out/>
  <testcase classname="com.selenium.AttenderLiveSessions" name="clickSubmitButtonWithExplicitWait" time="0.259"/>
  <system-out/>
  <testcase classname="com.selenium.AttenderLiveSessions" name="extractPopupText" time="3.027"/>
  <system-out/>
  <testcase classname="com.selenium.AttenderLiveSessions" name="statusOK" time="5.231"/>
  <system-out/>
  <testcase classname="com.selenium.AttenderLiveSessions" name="selectSitesListTwice" time="8.549"/>
  <system-out/>
  <testcase classname="com.selenium.AttenderLiveSessions" name="logout" time="5.299"/>
  <system-out/>
</testsuite> <!-- com.selenium.AttenderLiveSessions -->
