<?xml version="1.0" encoding="UTF-8"?>
<!-- Generated by org.testng.reporters.JUnitReportReporter -->
<testsuite hostname="iramtech-Vostro-3470" failures="0" tests="12" name="com.selenium.Coupons" time="39.174" errors="0" timestamp="2024-02-01T15:22:15 IST" skipped="0">
  <testcase classname="com.selenium.Coupons" name="login" time="6.222"/>
  <system-out/>
  <testcase classname="com.selenium.Coupons" name="revenueDashboard" time="5.219"/>
  <system-out/>
  <testcase classname="com.selenium.Coupons" name="attenderLiveSessionsPage" time="3.317"/>
  <system-out/>
  <testcase classname="com.selenium.Coupons" name="selectSitesList" time="8.564"/>
  <system-out/>
  <testcase classname="com.selenium.Coupons" name="enterVehicleNumber" time="0.060"/>
  <system-out/>
  <testcase classname="com.selenium.Coupons" name="enterMobileNumber" time="0.012"/>
  <system-out/>
  <testcase classname="com.selenium.Coupons" name="entercouponAmount" time="0.007"/>
  <system-out/>
  <testcase classname="com.selenium.Coupons" name="enterCouponCode" time="0.008"/>
  <system-out/>
  <testcase classname="com.selenium.Coupons" name="generateButton" time="6.233"/>
  <system-out/>
  <testcase classname="com.selenium.Coupons" name="extractPopupText" time="2.025"/>
  <system-out/>
  <testcase classname="com.selenium.Coupons" name="statusOK" time="2.225"/>
  <system-out/>
  <testcase classname="com.selenium.Coupons" name="logout" time="5.282"/>
  <system-out/>
</testsuite> <!-- com.selenium.Coupons -->
