<?xml version="1.0" encoding="UTF-8"?>
<!-- Generated by org.testng.reporters.JUnitReportReporter -->
<testsuite hostname="iramtech-Vostro-3470" failures="0" tests="28" name="com.selenium.Users" time="100.279" errors="0" timestamp="2024-02-01T15:22:15 IST" skipped="0">
  <testcase classname="com.selenium.Users" name="login" time="6.019"/>
  <system-out/>
  <testcase classname="com.selenium.Users" name="revenueDashboard" time="5.214"/>
  <system-out/>
  <testcase classname="com.selenium.Users" name="userMgmtPage" time="3.393"/>
  <system-out/>
  <testcase classname="com.selenium.Users" name="clickAddUserButton" time="3.417"/>
  <system-out/>
  <testcase classname="com.selenium.Users" name="fillAndSubmitUserForm" time="0.413"/>
  <system-out/>
  <testcase classname="com.selenium.Users" name="clickSaveButton" time="3.280"/>
  <system-out/>
  <testcase classname="com.selenium.Users" name="extractPopupText" time="3.009"/>
  <system-out/>
  <testcase classname="com.selenium.Users" name="statusOK" time="5.005"/>
  <system-out/>
  <testcase classname="com.selenium.Users" name="addUsersPopUpClose" time="2.012"/>
  <system-out/>
  <testcase classname="com.selenium.Users" name="clickAddUserButtonTwice" time="8.017"/>
  <system-out/>
  <testcase classname="com.selenium.Users" name="verifyAdminUserDetailsInTable" time="5.004"/>
  <system-out/>
  <testcase classname="com.selenium.Users" name="fillAttederUserForm" time="0.022"/>
  <system-out/>
  <testcase classname="com.selenium.Users" name="clickAttenderSaveButton" time="3.014"/>
  <system-out/>
  <testcase classname="com.selenium.Users" name="extractPopupTextAttender" time="3.002"/>
  <system-out/>
  <testcase classname="com.selenium.Users" name="statusOKAttender" time="5.002"/>
  <system-out/>
  <testcase classname="com.selenium.Users" name="verifyAttenderUserDetailsInTable" time="5.003"/>
  <system-out/>
  <testcase classname="com.selenium.Users" name="verifyAdminActions" time="0.002"/>
  <system-out/>
  <testcase classname="com.selenium.Users" name="verifyAttenderUserEdit" time="0.010"/>
  <system-out/>
  <testcase classname="com.selenium.Users" name="verifyAttenderUserDelete" time="3.059"/>
  <system-out/>
  <testcase classname="com.selenium.Users" name="confirmAttenderDeleteAction" time="0.007"/>
  <system-out/>
  <testcase classname="com.selenium.Users" name="extractPopupTextDeleteAttender" time="8.009"/>
  <system-out/>
  <testcase classname="com.selenium.Users" name="statusOKDeleteAttender" time="5.005"/>
  <system-out/>
  <testcase classname="com.selenium.Users" name="verifyAttenderRoleDeletion" time="3.165"/>
  <system-out/>
  <testcase classname="com.selenium.Users" name="tableNextPage" time="3.027"/>
  <system-out/>
  <testcase classname="com.selenium.Users" name="searchAndVerifyAdminCount" time="7.081"/>
  <system-out/>
  <testcase classname="com.selenium.Users" name="downloadCSV" time="5.031"/>
  <system-out/>
  <testcase classname="com.selenium.Users" name="downloadPDF" time="3.040"/>
  <system-out/>
  <testcase classname="com.selenium.Users" name="logout" time="2.017"/>
  <system-out/>
</testsuite> <!-- com.selenium.Users -->
