<?xml version="1.0" encoding="UTF-8"?>
<!-- Generated by org.testng.reporters.JUnitReportReporter -->
<testsuite hostname="iramtech-Vostro-3470" failures="0" tests="49" name="com.selenium.AlertMessages" time="163.914" errors="0" timestamp="2024-02-01T15:22:15 IST" skipped="0">
  <testcase classname="com.selenium.AlertMessages" name="login" time="6.748"/>
  <system-out/>
  <testcase classname="com.selenium.AlertMessages" name="revenueDashboardOpen" time="5.091"/>
  <system-out/>
  <testcase classname="com.selenium.AlertMessages" name="siteConfigurationPage" time="2.495"/>
  <system-out/>
  <testcase classname="com.selenium.AlertMessages" name="jstreeOrg" time="3.258"/>
  <system-out/>
  <testcase classname="com.selenium.AlertMessages" name="applicationMsgs" time="2.228"/>
  <system-out/>
  <testcase classname="com.selenium.AlertMessages" name="applicationMsgsAnchor" time="5.259"/>
  <system-out/>
  <testcase classname="com.selenium.AlertMessages" name="selectEng" time="3.342"/>
  <system-out/>
  <testcase classname="com.selenium.AlertMessages" name="createMessage_English" time="0.046"/>
  <system-out/>
  <testcase classname="com.selenium.AlertMessages" name="msgSubmit" time="3.214"/>
  <system-out/>
  <testcase classname="com.selenium.AlertMessages" name="alertStatus" time="3.029"/>
  <system-out/>
  <testcase classname="com.selenium.AlertMessages" name="engStatusOk" time="3.237"/>
  <system-out/>
  <testcase classname="com.selenium.AlertMessages" name="messagesToView" time="5.283"/>
  <system-out/>
  <testcase classname="com.selenium.AlertMessages" name="getAlertMessagesTableDetails" time="0.209"/>
  <system-out/>
  <testcase classname="com.selenium.AlertMessages" name="engMsgDeleteRow" time="5.065"/>
  <system-out/>
  <testcase classname="com.selenium.AlertMessages" name="engMsgDeleteBtn" time="2.248"/>
  <system-out/>
  <testcase classname="com.selenium.AlertMessages" name="alertDelStatus" time="3.009"/>
  <system-out/>
  <testcase classname="com.selenium.AlertMessages" name="engDeleteOK" time="3.236"/>
  <system-out/>
  <testcase classname="com.selenium.AlertMessages" name="applicationMsgs_ToCreate_Hindi" time="5.288"/>
  <system-out/>
  <testcase classname="com.selenium.AlertMessages" name="selectHindi" time="3.312"/>
  <system-out/>
  <testcase classname="com.selenium.AlertMessages" name="createMessageHindi" time="0.098"/>
  <system-out/>
  <testcase classname="com.selenium.AlertMessages" name="hindiSubmit" time="3.221"/>
  <system-out/>
  <testcase classname="com.selenium.AlertMessages" name="alertHindiStatus" time="6.032"/>
  <system-out/>
  <testcase classname="com.selenium.AlertMessages" name="hindiOK" time="3.300"/>
  <system-out/>
  <testcase classname="com.selenium.AlertMessages" name="messagesToView_AfterCreate_Hindi" time="5.289"/>
  <system-out/>
  <testcase classname="com.selenium.AlertMessages" name="messsgesAnchorHindi" time="0.143"/>
  <system-out/>
  <testcase classname="com.selenium.AlertMessages" name="hindiMsgDeleteRow" time="0.007"/>
  <system-out/>
  <testcase classname="com.selenium.AlertMessages" name="deleteAlertMsgHindi" time="2.227"/>
  <system-out/>
  <testcase classname="com.selenium.AlertMessages" name="alertHindiDelStatus" time="6.010"/>
  <system-out/>
  <testcase classname="com.selenium.AlertMessages" name="hindiDeleteOK" time="3.213"/>
  <system-out/>
  <testcase classname="com.selenium.AlertMessages" name="applicationMsgs_ToCreate_TwiceEnglish" time="5.252"/>
  <system-out/>
  <testcase classname="com.selenium.AlertMessages" name="secondSelectEng" time="3.335"/>
  <system-out/>
  <testcase classname="com.selenium.AlertMessages" name="secondCreateEng" time="0.059"/>
  <system-out/>
  <testcase classname="com.selenium.AlertMessages" name="secondMsgSubmit" time="3.237"/>
  <system-out/>
  <testcase classname="com.selenium.AlertMessages" name="secondStatus" time="6.018"/>
  <system-out/>
  <testcase classname="com.selenium.AlertMessages" name="secondStatusOk" time="3.219"/>
  <system-out/>
  <testcase classname="com.selenium.AlertMessages" name="messagesToView_AfterCreate_TwiceEnglish" time="5.286"/>
  <system-out/>
  <testcase classname="com.selenium.AlertMessages" name="applicationMsgs_ToCreate_Marathi" time="5.285"/>
  <system-out/>
  <testcase classname="com.selenium.AlertMessages" name="selectMarathi" time="3.344"/>
  <system-out/>
  <testcase classname="com.selenium.AlertMessages" name="createMessageMarathi" time="2.020"/>
  <system-out/>
  <testcase classname="com.selenium.AlertMessages" name="MarathiSubmit" time="3.234"/>
  <system-out/>
  <testcase classname="com.selenium.AlertMessages" name="alertMarathiStatus" time="6.022"/>
  <system-out/>
  <testcase classname="com.selenium.AlertMessages" name="marathiOK" time="3.280"/>
  <system-out/>
  <testcase classname="com.selenium.AlertMessages" name="messagesToView_AfterCreate_Marathi" time="5.256"/>
  <system-out/>
  <testcase classname="com.selenium.AlertMessages" name="messsgesAnchorMarathi" time="0.174"/>
  <system-out/>
  <testcase classname="com.selenium.AlertMessages" name="marathiMsgDeleteRow" time="0.006"/>
  <system-out/>
  <testcase classname="com.selenium.AlertMessages" name="deleteAlertMsgMarathi" time="2.278"/>
  <system-out/>
  <testcase classname="com.selenium.AlertMessages" name="alertMarathiDelStatus" time="6.009"/>
  <system-out/>
  <testcase classname="com.selenium.AlertMessages" name="marathiDeleteOK" time="0.213"/>
  <system-out/>
  <testcase classname="com.selenium.AlertMessages" name="logout" time="5.250"/>
  <system-out/>
</testsuite> <!-- com.selenium.AlertMessages -->
