<?xml version="1.0" encoding="UTF-8"?>
<!-- Generated by org.testng.reporters.JUnitReportReporter -->
<testsuite hostname="iramtech-Vostro-3470" failures="0" tests="18" name="com.selenium.LiveInfo" time="89.477" errors="0" timestamp="2024-02-01T15:22:15 IST" skipped="0">
  <testcase classname="com.selenium.LiveInfo" name="login" time="5.906"/>
  <system-out/>
  <testcase classname="com.selenium.LiveInfo" name="revenueDashboardOpen" time="5.155"/>
  <system-out/>
  <testcase classname="com.selenium.LiveInfo" name="liveInfoPage" time="2.212"/>
  <system-out/>
  <testcase classname="com.selenium.LiveInfo" name="siteStatusPage" time="4.199"/>
  <system-out/>
  <testcase classname="com.selenium.LiveInfo" name="siteStatusZoomOut" time="7.222"/>
  <system-out/>
  <testcase classname="com.selenium.LiveInfo" name="siteStatusZoomIn" time="5.538"/>
  <system-out/>
  <testcase classname="com.selenium.LiveInfo" name="hoverParkingLocationAndRightClick" time="9.139"/>
  <system-out/>
  <testcase classname="com.selenium.LiveInfo" name="deviceStatusPage" time="4.117"/>
  <system-out/>
  <testcase classname="com.selenium.LiveInfo" name="deviceStatusZoomOut" time="7.227"/>
  <system-out/>
  <testcase classname="com.selenium.LiveInfo" name="deviceStatusZoomIn" time="5.715"/>
  <system-out/>
  <testcase classname="com.selenium.LiveInfo" name="selectDeviceLocation" time="5.168"/>
  <system-out/>
  <testcase classname="com.selenium.LiveInfo" name="transactionsPage" time="4.096"/>
  <system-out/>
  <testcase classname="com.selenium.LiveInfo" name="transactionsCSV" time="10.063"/>
  <system-out/>
  <testcase classname="com.selenium.LiveInfo" name="transactionsPDF" time="2.250"/>
  <system-out/>
  <testcase classname="com.selenium.LiveInfo" name="nextPageTransactions" time="3.010"/>
  <system-out/>
  <testcase classname="com.selenium.LiveInfo" name="getSiteNamesTransactions" time="2.024"/>
  <system-out/>
  <testcase classname="com.selenium.LiveInfo" name="searchSiteName" time="4.148"/>
  <system-out/>
  <testcase classname="com.selenium.LiveInfo" name="logout" time="2.288"/>
  <system-out/>
</testsuite> <!-- com.selenium.LiveInfo -->
