<?xml version="1.0" encoding="UTF-8"?>
<!-- Generated by org.testng.reporters.JUnitReportReporter -->
<testsuite hostname="iramtech-Vostro-3470" failures="0" tests="22" name="com.selenium.TicketNumberSearch" time="49.453" errors="0" timestamp="2024-02-01T15:22:15 IST" skipped="0">
  <testcase classname="com.selenium.TicketNumberSearch" name="login" time="6.127"/>
  <system-out/>
  <testcase classname="com.selenium.TicketNumberSearch" name="revenueDashboardOpen" time="5.181"/>
  <system-out/>
  <testcase classname="com.selenium.TicketNumberSearch" name="clickReportsAnalyticsPage" time="2.221"/>
  <system-out/>
  <testcase classname="com.selenium.TicketNumberSearch" name="ticketNumberSearchPage" time="4.094"/>
  <system-out/>
  <testcase classname="com.selenium.TicketNumberSearch" name="ticketNumberEnterInvalid" time="2.034"/>
  <system-out/>
  <testcase classname="com.selenium.TicketNumberSearch" name="ticketNumberSubmit" time="2.274"/>
  <system-out/>
  <testcase classname="com.selenium.TicketNumberSearch" name="selectTicketNumberSearchCount" time="2.257"/>
  <system-out/>
  <testcase classname="com.selenium.TicketNumberSearch" name="ticketNumberTransactionsTable" time="6.050"/>
  <system-out/>
  <testcase classname="com.selenium.TicketNumberSearch" name="ticketNumberSearchPageAgain" time="4.213"/>
  <system-out/>
  <testcase classname="com.selenium.TicketNumberSearch" name="ticketNumberEnterValid" time="2.042"/>
  <system-out/>
  <testcase classname="com.selenium.TicketNumberSearch" name="ticketNumberSubmitAgain" time="2.231"/>
  <system-out/>
  <testcase classname="com.selenium.TicketNumberSearch" name="selectTicketNumberSearchCountAgain" time="2.264"/>
  <system-out/>
  <testcase classname="com.selenium.TicketNumberSearch" name="ticketNumberTableValid" time="6.081"/>
  <system-out/>
  <testcase classname="com.selenium.TicketNumberSearch" name="validateTicketTransactionId" time="0.022"/>
  <system-out/>
  <testcase classname="com.selenium.TicketNumberSearch" name="validateTicketTransactionType" time="0.018"/>
  <system-out/>
  <testcase classname="com.selenium.TicketNumberSearch" name="validateTicketVehicleNumber" time="0.015"/>
  <system-out/>
  <testcase classname="com.selenium.TicketNumberSearch" name="validateTicketDateTime" time="0.013"/>
  <system-out/>
  <testcase classname="com.selenium.TicketNumberSearch" name="validateTicketStartDate" time="0.017"/>
  <system-out/>
  <testcase classname="com.selenium.TicketNumberSearch" name="validateTicketEndDate" time="0.013"/>
  <system-out/>
  <testcase classname="com.selenium.TicketNumberSearch" name="validateTicketAmount" time="0.010"/>
  <system-out/>
  <testcase classname="com.selenium.TicketNumberSearch" name="validateTicketStatus" time="0.018"/>
  <system-out/>
  <testcase classname="com.selenium.TicketNumberSearch" name="logout" time="2.258"/>
  <system-out/>
</testsuite> <!-- com.selenium.TicketNumberSearch -->
