<?xml version="1.0" encoding="UTF-8"?>
<!-- Generated by org.testng.reporters.JUnitReportReporter -->
<testsuite hostname="iramtech-Vostro-3470" failures="0" tests="13" name="com.selenium.Main" time="68.754" errors="0" timestamp="2024-01-30T17:04:25 IST" skipped="0">
  <testcase classname="com.selenium.Main" name="login" time="4.771"/>
  <system-out/>
  <testcase classname="com.selenium.Main" name="revenueDashboardOpen" time="5.248"/>
  <system-out/>
  <testcase classname="com.selenium.Main" name="redirectAudiTrailPage" time="4.378"/>
  <system-out/>
  <testcase classname="com.selenium.Main" name="typeReservations" time="5.356"/>
  <system-out/>
  <testcase classname="com.selenium.Main" name="reserveDatesEnabled" time="4.905"/>
  <system-out/>
  <testcase classname="com.selenium.Main" name="selectReserveStartDate" time="8.764"/>
  <system-out/>
  <testcase classname="com.selenium.Main" name="selectReserveEndDate" time="11.468"/>
  <system-out/>
  <testcase classname="com.selenium.Main" name="reserveTypePass" time="4.837"/>
  <system-out/>
  <testcase classname="com.selenium.Main" name="clickPOSdevice" time="2.246"/>
  <system-out/>
  <testcase classname="com.selenium.Main" name="statusTypeALL" time="0.113"/>
  <system-out/>
  <testcase classname="com.selenium.Main" name="allPOSDatesEnabled" time="6.723"/>
  <system-out/>
  <testcase classname="com.selenium.Main" name="selectStartDateAll" time="9.181"/>
  <system-out/>
  <testcase classname="com.selenium.Main" name="selectEndDateAll" time="0.764"/>
  <system-out/>
</testsuite> <!-- com.selenium.Main -->
