<?xml version="1.0" encoding="UTF-8"?>
<!-- Generated by org.testng.reporters.JUnitReportReporter -->
<testsuite hostname="iramtech-Vostro-3470" failures="0" tests="70" name="com.selenium.AudiTrail" time="388.935" errors="0" timestamp="2024-01-30T16:59:33 IST" skipped="0">
  <testcase classname="com.selenium.AudiTrail" name="login" time="4.468"/>
  <system-out/>
  <testcase classname="com.selenium.AudiTrail" name="revenueDashboardOpen" time="5.258"/>
  <system-out/>
  <testcase classname="com.selenium.AudiTrail" name="redirectAudiTrailPage" time="4.482"/>
  <system-out/>
  <testcase classname="com.selenium.AudiTrail" name="typeReservations" time="5.342"/>
  <system-out/>
  <testcase classname="com.selenium.AudiTrail" name="reserveDatesEnabled" time="4.891"/>
  <system-out/>
  <testcase classname="com.selenium.AudiTrail" name="selectReserveStartDate" time="8.737"/>
  <system-out/>
  <testcase classname="com.selenium.AudiTrail" name="selectReserveEndDate" time="11.494"/>
  <system-out/>
  <testcase classname="com.selenium.AudiTrail" name="selectCountReservations25" time="2.298"/>
  <system-out/>
  <testcase classname="com.selenium.AudiTrail" name="selectCountReservations10" time="2.262"/>
  <system-out/>
  <testcase classname="com.selenium.AudiTrail" name="reservationTable" time="24.513"/>
  <system-out/>
  <testcase classname="com.selenium.AudiTrail" name="compareReserveExpiryTime" time="0.135"/>
  <system-out/>
  <testcase classname="com.selenium.AudiTrail" name="reservationsCsv" time="2.277"/>
  <system-out/>
  <testcase classname="com.selenium.AudiTrail" name="reservationsPdf" time="3.437"/>
  <system-out/>
  <testcase classname="com.selenium.AudiTrail" name="reserveTypePass" time="6.869"/>
  <system-out/>
  <testcase classname="com.selenium.AudiTrail" name="passesDatesEnabled" time="9.885"/>
  <system-out/>
  <testcase classname="com.selenium.AudiTrail" name="selectStartDatePasses" time="8.773"/>
  <system-out/>
  <testcase classname="com.selenium.AudiTrail" name="selectEndDatePasses" time="11.469"/>
  <system-out/>
  <testcase classname="com.selenium.AudiTrail" name="selectCountPasses25" time="2.251"/>
  <system-out/>
  <testcase classname="com.selenium.AudiTrail" name="selectCountPasses10" time="2.256"/>
  <system-out/>
  <testcase classname="com.selenium.AudiTrail" name="passesCsv" time="2.237"/>
  <system-out/>
  <testcase classname="com.selenium.AudiTrail" name="passesPdf" time="3.399"/>
  <system-out/>
  <testcase classname="com.selenium.AudiTrail" name="passesTable" time="33.784"/>
  <system-out/>
  <testcase classname="com.selenium.AudiTrail" name="comparePassReserveExpiryDate" time="0.212"/>
  <system-out/>
  <testcase classname="com.selenium.AudiTrail" name="clickPOSdevice" time="2.228"/>
  <system-out/>
  <testcase classname="com.selenium.AudiTrail" name="statusTypeALL" time="0.093"/>
  <system-out/>
  <testcase classname="com.selenium.AudiTrail" name="allPOSDatesEnabled" time="6.683"/>
  <system-out/>
  <testcase classname="com.selenium.AudiTrail" name="selectStartDateAll" time="3.265"/>
  <system-out/>
  <testcase classname="com.selenium.AudiTrail" name="selectEndDateAll" time="0.012"/>
  <system-out/>
  <testcase classname="com.selenium.AudiTrail" name="selectAttachment" time="10.250"/>
  <system-out/>
  <testcase classname="com.selenium.AudiTrail" name="selectedImage1Details" time="6.040"/>
  <system-out/>
  <testcase classname="com.selenium.AudiTrail" name="imagePopUpClose" time="2.232"/>
  <system-out/>
  <testcase classname="com.selenium.AudiTrail" name="selectCountAllDevice50" time="2.338"/>
  <system-out/>
  <testcase classname="com.selenium.AudiTrail" name="selectCountAllDevice10" time="2.292"/>
  <system-out/>
  <testcase classname="com.selenium.AudiTrail" name="selectCountAllDevice25" time="2.277"/>
  <system-out/>
  <testcase classname="com.selenium.AudiTrail" name="viewDetails1All" time="2.248"/>
  <system-out/>
  <testcase classname="com.selenium.AudiTrail" name="viewDetailPopUpClose" time="2.232"/>
  <system-out/>
  <testcase classname="com.selenium.AudiTrail" name="getSitesList" time="6.526"/>
  <system-out/>
  <testcase classname="com.selenium.AudiTrail" name="allDeviceTable" time="79.312"/>
  <system-out/>
  <testcase classname="com.selenium.AudiTrail" name="compareEntryExitDateTime" time="0.403"/>
  <system-out/>
  <testcase classname="com.selenium.AudiTrail" name="viewDetails2All" time="2.003"/>
  <system-out/>
  <testcase classname="com.selenium.AudiTrail" name="allCsv" time="3.272"/>
  <system-out/>
  <testcase classname="com.selenium.AudiTrail" name="allPdf" time="3.394"/>
  <system-out/>
  <testcase classname="com.selenium.AudiTrail" name="statusTypeEntry" time="0.234"/>
  <system-out/>
  <testcase classname="com.selenium.AudiTrail" name="activeStatusDatesEnabled" time="6.738"/>
  <system-out/>
  <testcase classname="com.selenium.AudiTrail" name="selectStartDateActive" time="3.283"/>
  <system-out/>
  <testcase classname="com.selenium.AudiTrail" name="selectEndDateActive" time="0.030"/>
  <system-out/>
  <testcase classname="com.selenium.AudiTrail" name="selectCountActive50" time="2.290"/>
  <system-out/>
  <testcase classname="com.selenium.AudiTrail" name="selectCountActive25" time="2.270"/>
  <system-out/>
  <testcase classname="com.selenium.AudiTrail" name="selectCountActive10" time="2.270"/>
  <system-out/>
  <testcase classname="com.selenium.AudiTrail" name="activeCsv" time="3.227"/>
  <system-out/>
  <testcase classname="com.selenium.AudiTrail" name="activePdf" time="8.344"/>
  <system-out/>
  <testcase classname="com.selenium.AudiTrail" name="statusTypeExit" time="0.227"/>
  <system-out/>
  <testcase classname="com.selenium.AudiTrail" name="inActiveStatusDatesEnabled" time="6.702"/>
  <system-out/>
  <testcase classname="com.selenium.AudiTrail" name="selectStartDateInActive" time="3.257"/>
  <system-out/>
  <testcase classname="com.selenium.AudiTrail" name="selectEndDateInActive" time="0.027"/>
  <system-out/>
  <testcase classname="com.selenium.AudiTrail" name="inActiveCsv" time="3.290"/>
  <system-out/>
  <testcase classname="com.selenium.AudiTrail" name="inActivePdf" time="3.407"/>
  <system-out/>
  <testcase classname="com.selenium.AudiTrail" name="typeMaintenance" time="0.246"/>
  <system-out/>
  <testcase classname="com.selenium.AudiTrail" name="maintenanceDatesEnabled" time="6.679"/>
  <system-out/>
  <testcase classname="com.selenium.AudiTrail" name="selectStartDateMaintenance" time="3.273"/>
  <system-out/>
  <testcase classname="com.selenium.AudiTrail" name="selectEndDateMaintenance" time="0.013"/>
  <system-out/>
  <testcase classname="com.selenium.AudiTrail" name="maintenanceCsv" time="3.242"/>
  <system-out/>
  <testcase classname="com.selenium.AudiTrail" name="maintenancePdf" time="8.328"/>
  <system-out/>
  <testcase classname="com.selenium.AudiTrail" name="statusTypeForceExit" time="0.227"/>
  <system-out/>
  <testcase classname="com.selenium.AudiTrail" name="forceExitStatusDatesEnabled" time="6.697"/>
  <system-out/>
  <testcase classname="com.selenium.AudiTrail" name="selectStartDateForceExit" time="3.270"/>
  <system-out/>
  <testcase classname="com.selenium.AudiTrail" name="selectEndDateForceExit" time="0.024"/>
  <system-out/>
  <testcase classname="com.selenium.AudiTrail" name="forceExitCsv" time="3.241"/>
  <system-out/>
  <testcase classname="com.selenium.AudiTrail" name="forceExitPdf" time="4.970"/>
  <system-out/>
  <testcase classname="com.selenium.AudiTrail" name="logout" time="5.300"/>
  <system-out/>
</testsuite> <!-- com.selenium.AudiTrail -->
