<?xml version="1.0" encoding="UTF-8"?>
<!-- Generated by org.testng.reporters.JUnitReportReporter -->
<testsuite hostname="iramtech-Vostro-3470" failures="0" tests="33" name="com.selenium.UserSiteAssign" time="105.697" errors="0" timestamp="2024-02-01T15:22:15 IST" skipped="0">
  <testcase classname="com.selenium.UserSiteAssign" name="login" time="5.975"/>
  <system-out/>
  <testcase classname="com.selenium.UserSiteAssign" name="revenueDashboard" time="5.190"/>
  <system-out/>
  <testcase classname="com.selenium.UserSiteAssign" name="userMgmtPage" time="3.391"/>
  <system-out/>
  <testcase classname="com.selenium.UserSiteAssign" name="selectManagerFromDropdown" time="3.258"/>
  <system-out/>
  <testcase classname="com.selenium.UserSiteAssign" name="selectjncManager" time="3.483"/>
  <system-out/>
  <testcase classname="com.selenium.UserSiteAssign" name="managerCount" time="5.272"/>
  <system-out/>
  <testcase classname="com.selenium.UserSiteAssign" name="clickUnAssignButton" time="5.275"/>
  <system-out/>
  <testcase classname="com.selenium.UserSiteAssign" name="confirmManagerUnassignAction" time="0.264"/>
  <system-out/>
  <testcase classname="com.selenium.UserSiteAssign" name="extractPopupTextManager" time="3.027"/>
  <system-out/>
  <testcase classname="com.selenium.UserSiteAssign" name="statusOKManager" time="5.211"/>
  <system-out/>
  <testcase classname="com.selenium.UserSiteAssign" name="verifyTableAfterUnAssign" time="0.007"/>
  <system-out/>
  <testcase classname="com.selenium.UserSiteAssign" name="clickAssignSiteButton" time="0.234"/>
  <system-out/>
  <testcase classname="com.selenium.UserSiteAssign" name="selectSiteFromDropdown" time="3.236"/>
  <system-out/>
  <testcase classname="com.selenium.UserSiteAssign" name="selectSite" time="0.720"/>
  <system-out/>
  <testcase classname="com.selenium.UserSiteAssign" name="clickAddSitesButton" time="3.218"/>
  <system-out/>
  <testcase classname="com.selenium.UserSiteAssign" name="extractPopupTextAssign" time="3.025"/>
  <system-out/>
  <testcase classname="com.selenium.UserSiteAssign" name="statusOKAssign" time="5.252"/>
  <system-out/>
  <testcase classname="com.selenium.UserSiteAssign" name="verifyTableAfterAssign" time="0.000"/>
  <system-out/>
  <testcase classname="com.selenium.UserSiteAssign" name="clickAttendersTab" time="5.221"/>
  <system-out/>
  <testcase classname="com.selenium.UserSiteAssign" name="unassignAttender" time="0.006"/>
  <system-out/>
  <testcase classname="com.selenium.UserSiteAssign" name="extractPopupWarningTextAttender" time="5.007"/>
  <system-out/>
  <testcase classname="com.selenium.UserSiteAssign" name="statusOKAttender" time="3.007"/>
  <system-out/>
  <testcase classname="com.selenium.UserSiteAssign" name="extractPopupTextAttender" time="3.009"/>
  <system-out/>
  <testcase classname="com.selenium.UserSiteAssign" name="statusOKUnAssignAttender" time="5.006"/>
  <system-out/>
  <testcase classname="com.selenium.UserSiteAssign" name="attendreCount" time="5.320"/>
  <system-out/>
  <testcase classname="com.selenium.UserSiteAssign" name="searchAttender" time="5.053"/>
  <system-out/>
  <testcase classname="com.selenium.UserSiteAssign" name="clickAddMoreButton" time="3.267"/>
  <system-out/>
  <testcase classname="com.selenium.UserSiteAssign" name="clickDropdownButton" time="3.233"/>
  <system-out/>
  <testcase classname="com.selenium.UserSiteAssign" name="selectAttenderListItem" time="0.746"/>
  <system-out/>
  <testcase classname="com.selenium.UserSiteAssign" name="clickAssignAttenderButton" time="0.236"/>
  <system-out/>
  <testcase classname="com.selenium.UserSiteAssign" name="extractPopupTextAddAttender" time="3.027"/>
  <system-out/>
  <testcase classname="com.selenium.UserSiteAssign" name="statusOKAddAttender" time="5.240"/>
  <system-out/>
  <testcase classname="com.selenium.UserSiteAssign" name="logout" time="2.281"/>
  <system-out/>
</testsuite> <!-- com.selenium.UserSiteAssign -->
