<?xml version="1.0" encoding="UTF-8"?>
<!-- Generated by org.testng.reporters.JUnitReportReporter -->
<testsuite hostname="iramtech-Vostro-3470" failures="0" tests="17" name="com.selenium.AppMessages" time="51.904" errors="0" timestamp="2024-01-22T16:03:10 IST" skipped="0">
  <testcase classname="com.selenium.AppMessages" name="login" time="5.023"/>
  <system-out/>
  <testcase classname="com.selenium.AppMessages" name="revenueDashboardOpen" time="3.249"/>
  <system-out/>
  <testcase classname="com.selenium.AppMessages" name="siteConfigurationPage" time="2.396"/>
  <system-out/>
  <testcase classname="com.selenium.AppMessages" name="jstreeOrg" time="2.010"/>
  <system-out/>
  <testcase classname="com.selenium.AppMessages" name="applicationMsgs" time="5.010"/>
  <system-out/>
  <testcase classname="com.selenium.AppMessages" name="applMsgsAnchor" time="5.011"/>
  <system-out/>
  <testcase classname="com.selenium.AppMessages" name="selectByPartialText" time="3.126"/>
  <system-out/>
  <testcase classname="com.selenium.AppMessages" name="createMessageMarathi" time="5.015"/>
  <system-out/>
  <testcase classname="com.selenium.AppMessages" name="MarathiSubmit" time="3.007"/>
  <system-out/>
  <testcase classname="com.selenium.AppMessages" name="marathiOK" time="0.002"/>
  <system-out/>
  <testcase classname="com.selenium.AppMessages" name="appMarathiMsgsAnchorforth" time="5.003"/>
  <system-out/>
  <testcase classname="com.selenium.AppMessages" name="messsgesAnchorMarathi" time="5.008"/>
  <system-out/>
  <testcase classname="com.selenium.AppMessages" name="marathiMsgDeleteRow" time="0.016"/>
  <system-out/>
  <testcase classname="com.selenium.AppMessages" name="deleteAlertMsgMarathi" time="2.017"/>
  <system-out/>
  <testcase classname="com.selenium.AppMessages" name="alertMarathiDelStatus" time="3.002"/>
  <system-out/>
  <testcase classname="com.selenium.AppMessages" name="marathiDeleteOK" time="0.002"/>
  <system-out/>
  <testcase classname="com.selenium.AppMessages" name="alertMarathiStatus" time="3.007"/>
  <system-out/>
</testsuite> <!-- com.selenium.AppMessages -->
