<?xml version="1.0" encoding="UTF-8"?>
<!-- Generated by org.testng.reporters.JUnitReportReporter -->
<testsuite hostname="iramtech-Vostro-3470" failures="0" tests="44" name="com.selenium.UserLogs" time="169.768" errors="0" timestamp="2024-02-01T15:22:15 IST" skipped="0">
  <testcase classname="com.selenium.UserLogs" name="login" time="5.674"/>
  <system-out/>
  <testcase classname="com.selenium.UserLogs" name="revenueDashboard" time="5.204"/>
  <system-out/>
  <testcase classname="com.selenium.UserLogs" name="userLogsActivityPage" time="3.480"/>
  <system-out/>
  <testcase classname="com.selenium.UserLogs" name="selectAdminUserRole" time="5.348"/>
  <system-out/>
  <testcase classname="com.selenium.UserLogs" name="selectUserRoleList" time="3.144"/>
  <system-out/>
  <testcase classname="com.selenium.UserLogs" name="selectAdminUser" time="3.285"/>
  <system-out/>
  <testcase classname="com.selenium.UserLogs" name="selectUserList" time="3.077"/>
  <system-out/>
  <testcase classname="com.selenium.UserLogs" name="activityDatesEnabled" time="1.008"/>
  <system-out/>
  <testcase classname="com.selenium.UserLogs" name="tableNextPage" time="6.483"/>
  <system-out/>
  <testcase classname="com.selenium.UserLogs" name="downloadAdminCSV" time="3.271"/>
  <system-out/>
  <testcase classname="com.selenium.UserLogs" name="downlaodAdminPDFButton" time="3.342"/>
  <system-out/>
  <testcase classname="com.selenium.UserLogs" name="selectAccountUserRole" time="5.234"/>
  <system-out/>
  <testcase classname="com.selenium.UserLogs" name="selectAccountUser" time="3.055"/>
  <system-out/>
  <testcase classname="com.selenium.UserLogs" name="downloadAccountCSV" time="3.254"/>
  <system-out/>
  <testcase classname="com.selenium.UserLogs" name="downlaodAccountPDFButton" time="3.437"/>
  <system-out/>
  <testcase classname="com.selenium.UserLogs" name="selectAttenderUserRole" time="5.307"/>
  <system-out/>
  <testcase classname="com.selenium.UserLogs" name="selectAttenderUser" time="3.266"/>
  <system-out/>
  <testcase classname="com.selenium.UserLogs" name="downloadAttenderCSV" time="3.224"/>
  <system-out/>
  <testcase classname="com.selenium.UserLogs" name="downlaodAttenderPDFButton" time="3.404"/>
  <system-out/>
  <testcase classname="com.selenium.UserLogs" name="selectHelpDeskUserRole" time="5.277"/>
  <system-out/>
  <testcase classname="com.selenium.UserLogs" name="selectHelpDeskUser" time="3.074"/>
  <system-out/>
  <testcase classname="com.selenium.UserLogs" name="downloadHelpDeskCSV" time="3.271"/>
  <system-out/>
  <testcase classname="com.selenium.UserLogs" name="downlaodAHelpDeskPDFButton" time="3.383"/>
  <system-out/>
  <testcase classname="com.selenium.UserLogs" name="selectManagerUserRole" time="5.284"/>
  <system-out/>
  <testcase classname="com.selenium.UserLogs" name="selectManagerUser" time="3.307"/>
  <system-out/>
  <testcase classname="com.selenium.UserLogs" name="downloadManagerCSV" time="3.275"/>
  <system-out/>
  <testcase classname="com.selenium.UserLogs" name="downlaodManagerPDFButton" time="3.324"/>
  <system-out/>
  <testcase classname="com.selenium.UserLogs" name="selectMonitorUserRole" time="5.301"/>
  <system-out/>
  <testcase classname="com.selenium.UserLogs" name="selectMonitorUser" time="3.334"/>
  <system-out/>
  <testcase classname="com.selenium.UserLogs" name="downloadMonitorCSV" time="3.251"/>
  <system-out/>
  <testcase classname="com.selenium.UserLogs" name="downlaodMonitorPDFButton" time="3.296"/>
  <system-out/>
  <testcase classname="com.selenium.UserLogs" name="selectOperatorUserRole" time="5.313"/>
  <system-out/>
  <testcase classname="com.selenium.UserLogs" name="selectOperatorUser" time="3.332"/>
  <system-out/>
  <testcase classname="com.selenium.UserLogs" name="downloadOperatorCSV" time="3.231"/>
  <system-out/>
  <testcase classname="com.selenium.UserLogs" name="downlaodOperatorPDFButton" time="3.329"/>
  <system-out/>
  <testcase classname="com.selenium.UserLogs" name="selectServiceUserRole" time="5.309"/>
  <system-out/>
  <testcase classname="com.selenium.UserLogs" name="selectServiceUser" time="3.258"/>
  <system-out/>
  <testcase classname="com.selenium.UserLogs" name="downloadServiceCSV" time="3.271"/>
  <system-out/>
  <testcase classname="com.selenium.UserLogs" name="downlaodServicePDFButton" time="3.357"/>
  <system-out/>
  <testcase classname="com.selenium.UserLogs" name="selectSupportUserRole" time="5.285"/>
  <system-out/>
  <testcase classname="com.selenium.UserLogs" name="selectSupportUser" time="3.304"/>
  <system-out/>
  <testcase classname="com.selenium.UserLogs" name="downloadSupportCSV" time="3.270"/>
  <system-out/>
  <testcase classname="com.selenium.UserLogs" name="downlaodSupportPDFButton" time="3.358"/>
  <system-out/>
  <testcase classname="com.selenium.UserLogs" name="logout" time="5.277"/>
  <system-out/>
</testsuite> <!-- com.selenium.UserLogs -->
