<?xml version="1.0" encoding="UTF-8"?>
<!-- Generated by org.testng.reporters.JUnitReportReporter -->
<testsuite hostname="iramtech-Vostro-3470" failures="0" tests="35" name="com.selenium.Dashboard" time="162.948" errors="0" timestamp="2024-02-01T15:22:15 IST" skipped="0">
  <testcase classname="com.selenium.Dashboard" name="login" time="7.979"/>
  <system-out/>
  <testcase classname="com.selenium.Dashboard" name="revenueDashboardOpen" time="5.229"/>
  <system-out/>
  <testcase classname="com.selenium.Dashboard" name="getSummaryCards" time="0.051"/>
  <system-out/>
  <testcase classname="com.selenium.Dashboard" name="revenueDatesEnabled" time="1.037"/>
  <system-out/>
  <testcase classname="com.selenium.Dashboard" name="getMonthRevenue" time="4.269"/>
  <system-out/>
  <testcase classname="com.selenium.Dashboard" name="getWeekRevenue" time="3.317"/>
  <system-out/>
  <testcase classname="com.selenium.Dashboard" name="getDayRevenue" time="4.271"/>
  <system-out/>
  <testcase classname="com.selenium.Dashboard" name="selectCountDashboard" time="8.351"/>
  <system-out/>
  <testcase classname="com.selenium.Dashboard" name="selectDashboardStartDate" time="8.892"/>
  <system-out/>
  <testcase classname="com.selenium.Dashboard" name="selectDashboardEndDate" time="11.627"/>
  <system-out/>
  <testcase classname="com.selenium.Dashboard" name="sitenamesDashboard" time="0.709"/>
  <system-out/>
  <testcase classname="com.selenium.Dashboard" name="validateRevenue" time="0.458"/>
  <system-out/>
  <testcase classname="com.selenium.Dashboard" name="searchSiteName" time="8.182"/>
  <system-out/>
  <testcase classname="com.selenium.Dashboard" name="cityRevenueViewButton" time="2.546"/>
  <system-out/>
  <testcase classname="com.selenium.Dashboard" name="count_InViewDetails" time="8.238"/>
  <system-out/>
  <testcase classname="com.selenium.Dashboard" name="searchSiteName_InVieDetails" time="8.135"/>
  <system-out/>
  <testcase classname="com.selenium.Dashboard" name="cityRevenueCSVButton" time="2.269"/>
  <system-out/>
  <testcase classname="com.selenium.Dashboard" name="cityRevenuePDFButton" time="2.455"/>
  <system-out/>
  <testcase classname="com.selenium.Dashboard" name="cityRevenuePopUpClose" time="2.245"/>
  <system-out/>
  <testcase classname="com.selenium.Dashboard" name="cityRevenueColumnFilterBtn" time="2.244"/>
  <system-out/>
  <testcase classname="com.selenium.Dashboard" name="columnFilterSelectVehicleTypes" time="35.450"/>
  <system-out/>
  <testcase classname="com.selenium.Dashboard" name="columnFilterPopUpClose" time="2.241"/>
  <system-out/>
  <testcase classname="com.selenium.Dashboard" name="occupancyTabDashboard" time="2.133"/>
  <system-out/>
  <testcase classname="com.selenium.Dashboard" name="getOccupancyPercentage" time="0.008"/>
  <system-out/>
  <testcase classname="com.selenium.Dashboard" name="getOperatingSitesPercentage" time="0.237"/>
  <system-out/>
  <testcase classname="com.selenium.Dashboard" name="operatingsSitesSelectCount" time="4.276"/>
  <system-out/>
  <testcase classname="com.selenium.Dashboard" name="searchSiteStatus_OperationalTab" time="8.153"/>
  <system-out/>
  <testcase classname="com.selenium.Dashboard" name="operatingsitesList" time="2.278"/>
  <system-out/>
  <testcase classname="com.selenium.Dashboard" name="deviceStatusTab" time="0.244"/>
  <system-out/>
  <testcase classname="com.selenium.Dashboard" name="selectCountDeviceStatus" time="4.286"/>
  <system-out/>
  <testcase classname="com.selenium.Dashboard" name="deviceStatusPercentage" time="3.047"/>
  <system-out/>
  <testcase classname="com.selenium.Dashboard" name="devicesStatusTable" time="0.286"/>
  <system-out/>
  <testcase classname="com.selenium.Dashboard" name="alertsTab" time="0.487"/>
  <system-out/>
  <testcase classname="com.selenium.Dashboard" name="alertsCount" time="5.025"/>
  <system-out/>
  <testcase classname="com.selenium.Dashboard" name="logout" time="2.293"/>
  <system-out/>
</testsuite> <!-- com.selenium.Dashboard -->
