<?xml version="1.0" encoding="UTF-8"?>
<!-- Generated by org.testng.reporters.JUnitReportReporter -->
<testsuite hostname="iramtech-Vostro-3470" failures="0" tests="104" name="com.selenium.VehicleNumberSearch" time="136.639" errors="0" timestamp="2024-02-01T15:22:15 IST" skipped="0">
  <testcase classname="com.selenium.VehicleNumberSearch" name="login" time="6.563"/>
  <system-out/>
  <testcase classname="com.selenium.VehicleNumberSearch" name="revenueDashboardOpen" time="5.203"/>
  <system-out/>
  <testcase classname="com.selenium.VehicleNumberSearch" name="redirectVehicleNumberSearchPage" time="2.443"/>
  <system-out/>
  <testcase classname="com.selenium.VehicleNumberSearch" name="vehicleNumberEnter" time="2.081"/>
  <system-out/>
  <testcase classname="com.selenium.VehicleNumberSearch" name="vehicleNumberSubmit" time="2.219"/>
  <system-out/>
  <testcase classname="com.selenium.VehicleNumberSearch" name="vehicleNumberTransactions" time="1.026"/>
  <system-out/>
  <testcase classname="com.selenium.VehicleNumberSearch" name="vehicleNumberTransactionsDates" time="4.678"/>
  <system-out/>
  <testcase classname="com.selenium.VehicleNumberSearch" name="selectVNStartDateTransactions" time="6.500"/>
  <system-out/>
  <testcase classname="com.selenium.VehicleNumberSearch" name="selectVNEndDateTransactions" time="7.190"/>
  <system-out/>
  <testcase classname="com.selenium.VehicleNumberSearch" name="selectVNTransactionCount" time="2.253"/>
  <system-out/>
  <testcase classname="com.selenium.VehicleNumberSearch" name="vehicleNumberTransactionsTable" time="6.013"/>
  <system-out/>
  <testcase classname="com.selenium.VehicleNumberSearch" name="validateVNTransactionSiteName" time="0.035"/>
  <system-out/>
  <testcase classname="com.selenium.VehicleNumberSearch" name="validateVTransactionVehicleNumber" time="0.021"/>
  <system-out/>
  <testcase classname="com.selenium.VehicleNumberSearch" name="validateVTransactionVehicleType" time="0.014"/>
  <system-out/>
  <testcase classname="com.selenium.VehicleNumberSearch" name="validateVTransactionType" time="0.010"/>
  <system-out/>
  <testcase classname="com.selenium.VehicleNumberSearch" name="validateVTransactionCreatedDate" time="0.009"/>
  <system-out/>
  <testcase classname="com.selenium.VehicleNumberSearch" name="validateVTransactionStartDate" time="0.010"/>
  <system-out/>
  <testcase classname="com.selenium.VehicleNumberSearch" name="validateVTransactionEndDate" time="0.008"/>
  <system-out/>
  <testcase classname="com.selenium.VehicleNumberSearch" name="validateVTransactionPayU_reference" time="0.009"/>
  <system-out/>
  <testcase classname="com.selenium.VehicleNumberSearch" name="validateVTransactionId" time="0.009"/>
  <system-out/>
  <testcase classname="com.selenium.VehicleNumberSearch" name="validateVTransactionAmount" time="0.009"/>
  <system-out/>
  <testcase classname="com.selenium.VehicleNumberSearch" name="validateVTransactionStatus" time="0.009"/>
  <system-out/>
  <testcase classname="com.selenium.VehicleNumberSearch" name="vehicleNumberPass" time="0.449"/>
  <system-out/>
  <testcase classname="com.selenium.VehicleNumberSearch" name="vehicleNumberPassDates" time="6.660"/>
  <system-out/>
  <testcase classname="com.selenium.VehicleNumberSearch" name="selectVStartDatePasses" time="2.258"/>
  <system-out/>
  <testcase classname="com.selenium.VehicleNumberSearch" name="selectVEndDatePasses" time="2.006"/>
  <system-out/>
  <testcase classname="com.selenium.VehicleNumberSearch" name="selectVPassCount" time="0.051"/>
  <system-out/>
  <testcase classname="com.selenium.VehicleNumberSearch" name="passTable" time="6.029"/>
  <system-out/>
  <testcase classname="com.selenium.VehicleNumberSearch" name="validatePassesSiteName" time="0.032"/>
  <system-out/>
  <testcase classname="com.selenium.VehicleNumberSearch" name="validatePassesVehicleNumber" time="0.021"/>
  <system-out/>
  <testcase classname="com.selenium.VehicleNumberSearch" name="validatePassesVehicleType" time="0.019"/>
  <system-out/>
  <testcase classname="com.selenium.VehicleNumberSearch" name="validatePassesType" time="0.011"/>
  <system-out/>
  <testcase classname="com.selenium.VehicleNumberSearch" name="validatePassCreatedDateTimeHeader" time="0.010"/>
  <system-out/>
  <testcase classname="com.selenium.VehicleNumberSearch" name="validatePassesCreatedDate" time="0.007"/>
  <system-out/>
  <testcase classname="com.selenium.VehicleNumberSearch" name="validatePassStartDateTimeHeader" time="0.010"/>
  <system-out/>
  <testcase classname="com.selenium.VehicleNumberSearch" name="validatePassesStartDate" time="0.008"/>
  <system-out/>
  <testcase classname="com.selenium.VehicleNumberSearch" name="validatePassEndDateTimeHeader" time="0.009"/>
  <system-out/>
  <testcase classname="com.selenium.VehicleNumberSearch" name="validatePassesEndDate" time="0.007"/>
  <system-out/>
  <testcase classname="com.selenium.VehicleNumberSearch" name="validatePassesPayU_reference" time="0.008"/>
  <system-out/>
  <testcase classname="com.selenium.VehicleNumberSearch" name="validatePassesTransactionId" time="0.008"/>
  <system-out/>
  <testcase classname="com.selenium.VehicleNumberSearch" name="validatePassesAmount" time="0.007"/>
  <system-out/>
  <testcase classname="com.selenium.VehicleNumberSearch" name="validatePassesStatus" time="0.007"/>
  <system-out/>
  <testcase classname="com.selenium.VehicleNumberSearch" name="mobileNumberReservation" time="2.212"/>
  <system-out/>
  <testcase classname="com.selenium.VehicleNumberSearch" name="vehicleNumberReservationDates" time="4.703"/>
  <system-out/>
  <testcase classname="com.selenium.VehicleNumberSearch" name="selectReservationsCount" time="4.268"/>
  <system-out/>
  <testcase classname="com.selenium.VehicleNumberSearch" name="reservationsTable" time="6.041"/>
  <system-out/>
  <testcase classname="com.selenium.VehicleNumberSearch" name="validateReservationsSiteName" time="0.035"/>
  <system-out/>
  <testcase classname="com.selenium.VehicleNumberSearch" name="validateReservationsVehicleNumber" time="0.011"/>
  <system-out/>
  <testcase classname="com.selenium.VehicleNumberSearch" name="validateReservationsVehicleType" time="0.012"/>
  <system-out/>
  <testcase classname="com.selenium.VehicleNumberSearch" name="validateReservationsType" time="0.010"/>
  <system-out/>
  <testcase classname="com.selenium.VehicleNumberSearch" name="validateReserveCreatedDateTimeHeader" time="0.012"/>
  <system-out/>
  <testcase classname="com.selenium.VehicleNumberSearch" name="validateReservationsCreatedDate" time="0.009"/>
  <system-out/>
  <testcase classname="com.selenium.VehicleNumberSearch" name="validateReserveStartDateTimeHeader" time="0.011"/>
  <system-out/>
  <testcase classname="com.selenium.VehicleNumberSearch" name="validateReservationsStartDate" time="0.010"/>
  <system-out/>
  <testcase classname="com.selenium.VehicleNumberSearch" name="validateReserveEndDateTimeHeader" time="0.011"/>
  <system-out/>
  <testcase classname="com.selenium.VehicleNumberSearch" name="validateReservationsEndDate" time="0.009"/>
  <system-out/>
  <testcase classname="com.selenium.VehicleNumberSearch" name="validateReservationsPayU_reference" time="0.010"/>
  <system-out/>
  <testcase classname="com.selenium.VehicleNumberSearch" name="validateReservationsTransactionId" time="0.009"/>
  <system-out/>
  <testcase classname="com.selenium.VehicleNumberSearch" name="validateReservationsAmount" time="0.010"/>
  <system-out/>
  <testcase classname="com.selenium.VehicleNumberSearch" name="validateReservationsStatus" time="0.015"/>
  <system-out/>
  <testcase classname="com.selenium.VehicleNumberSearch" name="vehicleNumberCheckInOut" time="3.231"/>
  <system-out/>
  <testcase classname="com.selenium.VehicleNumberSearch" name="vehicleNumberCheckInOutDates" time="4.702"/>
  <system-out/>
  <testcase classname="com.selenium.VehicleNumberSearch" name="selectVPassCheckInOut" time="2.271"/>
  <system-out/>
  <testcase classname="com.selenium.VehicleNumberSearch" name="checkInOutVTable" time="6.024"/>
  <system-out/>
  <testcase classname="com.selenium.VehicleNumberSearch" name="validateVCheckInOutSiteName" time="0.012"/>
  <system-out/>
  <testcase classname="com.selenium.VehicleNumberSearch" name="validateVCheckInOutVehicleType" time="0.007"/>
  <system-out/>
  <testcase classname="com.selenium.VehicleNumberSearch" name="validateVCheckInOutVehicleNumber" time="0.009"/>
  <system-out/>
  <testcase classname="com.selenium.VehicleNumberSearch" name="validateCheckInDateTimeHeader" time="0.010"/>
  <system-out/>
  <testcase classname="com.selenium.VehicleNumberSearch" name="validateVCheckInRow" time="0.008"/>
  <system-out/>
  <testcase classname="com.selenium.VehicleNumberSearch" name="validateCheckOutDateTimeHeader" time="0.009"/>
  <system-out/>
  <testcase classname="com.selenium.VehicleNumberSearch" name="validateVCheckOutRow" time="0.007"/>
  <system-out/>
  <testcase classname="com.selenium.VehicleNumberSearch" name="validateVCheckInOutType" time="0.008"/>
  <system-out/>
  <testcase classname="com.selenium.VehicleNumberSearch" name="validateVCheckInOutPayU_reference" time="0.008"/>
  <system-out/>
  <testcase classname="com.selenium.VehicleNumberSearch" name="validateVCheckInOutTransactionId" time="0.008"/>
  <system-out/>
  <testcase classname="com.selenium.VehicleNumberSearch" name="validateVCheckInOutAmount" time="0.007"/>
  <system-out/>
  <testcase classname="com.selenium.VehicleNumberSearch" name="validateVCheckInOutDueAmount" time="0.008"/>
  <system-out/>
  <testcase classname="com.selenium.VehicleNumberSearch" name="validateVCheckInOutStatus" time="0.006"/>
  <system-out/>
  <testcase classname="com.selenium.VehicleNumberSearch" name="vehicleNumberDueAmount" time="2.213"/>
  <system-out/>
  <testcase classname="com.selenium.VehicleNumberSearch" name="vehicleNumberDueAmountDates" time="4.672"/>
  <system-out/>
  <testcase classname="com.selenium.VehicleNumberSearch" name="selectVDueAmountCount" time="4.264"/>
  <system-out/>
  <testcase classname="com.selenium.VehicleNumberSearch" name="dueAmountVTable" time="6.009"/>
  <system-out/>
  <testcase classname="com.selenium.VehicleNumberSearch" name="validateVDueAmountSiteName" time="0.011"/>
  <system-out/>
  <testcase classname="com.selenium.VehicleNumberSearch" name="validateVDueAmountVehicleNumber" time="0.008"/>
  <system-out/>
  <testcase classname="com.selenium.VehicleNumberSearch" name="validateVDueAmountVehicleType" time="0.008"/>
  <system-out/>
  <testcase classname="com.selenium.VehicleNumberSearch" name="validateVDueAmountPayU_reference" time="0.015"/>
  <system-out/>
  <testcase classname="com.selenium.VehicleNumberSearch" name="validateDueAmountCreatedDateTimeHeader" time="0.009"/>
  <system-out/>
  <testcase classname="com.selenium.VehicleNumberSearch" name="validateVDueAmountCreatedDate" time="0.008"/>
  <system-out/>
  <testcase classname="com.selenium.VehicleNumberSearch" name="validateVDueAmountsTransactionId" time="0.007"/>
  <system-out/>
  <testcase classname="com.selenium.VehicleNumberSearch" name="validateVDueAmountAmount" time="0.008"/>
  <system-out/>
  <testcase classname="com.selenium.VehicleNumberSearch" name="validateVDueAmountStatus" time="0.008"/>
  <system-out/>
  <testcase classname="com.selenium.VehicleNumberSearch" name="vehicleNumberBlockListClick" time="2.215"/>
  <system-out/>
  <testcase classname="com.selenium.VehicleNumberSearch" name="vehicleNumberBlockListDates" time="4.722"/>
  <system-out/>
  <testcase classname="com.selenium.VehicleNumberSearch" name="selectVBlockListCount" time="2.224"/>
  <system-out/>
  <testcase classname="com.selenium.VehicleNumberSearch" name="vBlockListTable" time="6.020"/>
  <system-out/>
  <testcase classname="com.selenium.VehicleNumberSearch" name="validateVBlockListSiteName" time="0.013"/>
  <system-out/>
  <testcase classname="com.selenium.VehicleNumberSearch" name="validateVBlockListVehicleNumber" time="0.006"/>
  <system-out/>
  <testcase classname="com.selenium.VehicleNumberSearch" name="validateVBlockListVehicleType" time="0.007"/>
  <system-out/>
  <testcase classname="com.selenium.VehicleNumberSearch" name="validateBlockListCreatedDateTimeHeader" time="0.008"/>
  <system-out/>
  <testcase classname="com.selenium.VehicleNumberSearch" name="validateVBlockListnCreatedDate" time="0.007"/>
  <system-out/>
  <testcase classname="com.selenium.VehicleNumberSearch" name="validateVBlockListAmount" time="0.006"/>
  <system-out/>
  <testcase classname="com.selenium.VehicleNumberSearch" name="validateVBlockListStatus" time="0.007"/>
  <system-out/>
  <testcase classname="com.selenium.VehicleNumberSearch" name="vehicleNumberGuestPasses" time="2.208"/>
  <system-out/>
  <testcase classname="com.selenium.VehicleNumberSearch" name="vehicleNumberGuestPassesDates" time="2.007"/>
  <system-out/>
  <testcase classname="com.selenium.VehicleNumberSearch" name="logout" time="2.287"/>
  <system-out/>
</testsuite> <!-- com.selenium.VehicleNumberSearch -->
