<?xml version="1.0" encoding="UTF-8"?>
<!-- Generated by org.testng.reporters.JUnitReportReporter -->
<testsuite hostname="iramtech-Vostro-3470" failures="0" tests="26" name="com.selenium.Audit_Reservations" time="172.589" errors="0" timestamp="2024-02-01T15:22:15 IST" skipped="0">
  <testcase classname="com.selenium.Audit_Reservations" name="login" time="9.372"/>
  <system-out/>
  <testcase classname="com.selenium.Audit_Reservations" name="revenueDashboardOpen" time="5.027"/>
  <system-out/>
  <testcase classname="com.selenium.Audit_Reservations" name="redirectAudiTrailPage" time="4.468"/>
  <system-out/>
  <testcase classname="com.selenium.Audit_Reservations" name="typeReservations" time="5.240"/>
  <system-out/>
  <testcase classname="com.selenium.Audit_Reservations" name="getSitesList" time="6.595"/>
  <system-out/>
  <testcase classname="com.selenium.Audit_Reservations" name="reserveDatesEnabled" time="4.894"/>
  <system-out/>
  <testcase classname="com.selenium.Audit_Reservations" name="selectReserveStartDate" time="8.709"/>
  <system-out/>
  <testcase classname="com.selenium.Audit_Reservations" name="selectReserveEndDate" time="11.473"/>
  <system-out/>
  <testcase classname="com.selenium.Audit_Reservations" name="selectCountReservations25" time="2.268"/>
  <system-out/>
  <testcase classname="com.selenium.Audit_Reservations" name="selectCountReservations10" time="2.237"/>
  <system-out/>
  <testcase classname="com.selenium.Audit_Reservations" name="reservationTable" time="18.391"/>
  <system-out/>
  <testcase classname="com.selenium.Audit_Reservations" name="compareReserveExpiryTime" time="0.182"/>
  <system-out/>
  <testcase classname="com.selenium.Audit_Reservations" name="reservationsCsv" time="2.274"/>
  <system-out/>
  <testcase classname="com.selenium.Audit_Reservations" name="reservationsPdf" time="3.379"/>
  <system-out/>
  <testcase classname="com.selenium.Audit_Reservations" name="reserveTypePass" time="5.929"/>
  <system-out/>
  <testcase classname="com.selenium.Audit_Reservations" name="passesDatesEnabled" time="9.818"/>
  <system-out/>
  <testcase classname="com.selenium.Audit_Reservations" name="selectStartDatePasses" time="8.673"/>
  <system-out/>
  <testcase classname="com.selenium.Audit_Reservations" name="selectEndDatePasses" time="11.580"/>
  <system-out/>
  <testcase classname="com.selenium.Audit_Reservations" name="selectCountPasses25" time="2.284"/>
  <system-out/>
  <testcase classname="com.selenium.Audit_Reservations" name="selectCountPasses10" time="2.279"/>
  <system-out/>
  <testcase classname="com.selenium.Audit_Reservations" name="passesCsv" time="2.241"/>
  <system-out/>
  <testcase classname="com.selenium.Audit_Reservations" name="passesPdf" time="3.519"/>
  <system-out/>
  <testcase classname="com.selenium.Audit_Reservations" name="passesTable" time="33.953"/>
  <system-out/>
  <testcase classname="com.selenium.Audit_Reservations" name="comparePassReserveExpiryDate" time="0.301"/>
  <system-out/>
  <testcase classname="com.selenium.Audit_Reservations" name="clickPOSdevice" time="2.226"/>
  <system-out/>
  <testcase classname="com.selenium.Audit_Reservations" name="logout" time="5.277"/>
  <system-out/>
</testsuite> <!-- com.selenium.Audit_Reservations -->
